<?xml version="1.0" encoding="UTF-8"?>
<testsuite xmlns:xsi="http://www.w3.org/2001/XMLSchema-instance" xsi:noNamespaceSchemaLocation="https://maven.apache.org/surefire/maven-surefire-plugin/xsd/surefire-test-report-3.0.xsd" version="3.0" name="com.wholesaled.AuthentificationApplicationTests" time="33.955" tests="1" errors="0" skipped="0" failures="0">
  <properties>
    <property name="java.specification.version" value="22"/>
    <property name="sun.cpu.isalist" value="amd64"/>
    <property name="sun.jnu.encoding" value="Cp1252"/>
    <property name="java.class.path" value="C:\Users\HP\OneDrive\Bureau\Projects\Client-Auth&amp;Side\target\test-classes;C:\Users\HP\OneDrive\Bureau\Projects\Client-Auth&amp;Side\target\classes;C:\Users\HP\.m2\repository\org\springframework\boot\spring-boot-starter-test\3.3.2-SNAPSHOT\spring-boot-starter-test-3.3.2-SNAPSHOT.jar;C:\Users\HP\.m2\repository\org\springframework\boot\spring-boot-starter\3.3.2-SNAPSHOT\spring-boot-starter-3.3.2-SNAPSHOT.jar;C:\Users\HP\.m2\repository\org\springframework\boot\spring-boot-autoconfigure\3.3.2-SNAPSHOT\spring-boot-autoconfigure-3.3.2-SNAPSHOT.jar;C:\Users\HP\.m2\repository\org\springframework\boot\spring-boot-starter-logging\3.3.2-SNAPSHOT\spring-boot-starter-logging-3.3.2-SNAPSHOT.jar;C:\Users\HP\.m2\repository\ch\qos\logback\logback-classic\1.5.6\logback-classic-1.5.6.jar;C:\Users\HP\.m2\repository\ch\qos\logback\logback-core\1.5.6\logback-core-1.5.6.jar;C:\Users\HP\.m2\repository\org\apache\logging\log4j\log4j-to-slf4j\2.23.1\log4j-to-slf4j-2.23.1.jar;C:\Users\HP\.m2\repository\org\apache\logging\log4j\log4j-api\2.23.1\log4j-api-2.23.1.jar;C:\Users\HP\.m2\repository\org\slf4j\jul-to-slf4j\2.0.13\jul-to-slf4j-2.0.13.jar;C:\Users\HP\.m2\repository\jakarta\annotation\jakarta.annotation-api\2.1.1\jakarta.annotation-api-2.1.1.jar;C:\Users\HP\.m2\repository\org\yaml\snakeyaml\2.2\snakeyaml-2.2.jar;C:\Users\HP\.m2\repository\org\springframework\boot\spring-boot-test\3.3.2-SNAPSHOT\spring-boot-test-3.3.2-SNAPSHOT.jar;C:\Users\HP\.m2\repository\org\springframework\boot\spring-boot-test-autoconfigure\3.3.2-SNAPSHOT\spring-boot-test-autoconfigure-3.3.2-SNAPSHOT.jar;C:\Users\HP\.m2\repository\com\jayway\jsonpath\json-path\2.9.0\json-path-2.9.0.jar;C:\Users\HP\.m2\repository\org\slf4j\slf4j-api\2.0.13\slf4j-api-2.0.13.jar;C:\Users\HP\.m2\repository\jakarta\xml\bind\jakarta.xml.bind-api\4.0.2\jakarta.xml.bind-api-4.0.2.jar;C:\Users\HP\.m2\repository\jakarta\activation\jakarta.activation-api\2.1.3\jakarta.activation-api-2.1.3.jar;C:\Users\HP\.m2\repository\net\minidev\json-smart\2.5.1\json-smart-2.5.1.jar;C:\Users\HP\.m2\repository\net\minidev\accessors-smart\2.5.1\accessors-smart-2.5.1.jar;C:\Users\HP\.m2\repository\org\ow2\asm\asm\9.6\asm-9.6.jar;C:\Users\HP\.m2\repository\org\assertj\assertj-core\3.25.3\assertj-core-3.25.3.jar;C:\Users\HP\.m2\repository\net\bytebuddy\byte-buddy\1.14.18\byte-buddy-1.14.18.jar;C:\Users\HP\.m2\repository\org\awaitility\awaitility\4.2.1\awaitility-4.2.1.jar;C:\Users\HP\.m2\repository\org\hamcrest\hamcrest\2.2\hamcrest-2.2.jar;C:\Users\HP\.m2\repository\org\junit\jupiter\junit-jupiter\5.10.3\junit-jupiter-5.10.3.jar;C:\Users\HP\.m2\repository\org\junit\jupiter\junit-jupiter-api\5.10.3\junit-jupiter-api-5.10.3.jar;C:\Users\HP\.m2\repository\org\opentest4j\opentest4j\1.3.0\opentest4j-1.3.0.jar;C:\Users\HP\.m2\repository\org\junit\platform\junit-platform-commons\1.10.3\junit-platform-commons-1.10.3.jar;C:\Users\HP\.m2\repository\org\apiguardian\apiguardian-api\1.1.2\apiguardian-api-1.1.2.jar;C:\Users\HP\.m2\repository\org\junit\jupiter\junit-jupiter-params\5.10.3\junit-jupiter-params-5.10.3.jar;C:\Users\HP\.m2\repository\org\junit\jupiter\junit-jupiter-engine\5.10.3\junit-jupiter-engine-5.10.3.jar;C:\Users\HP\.m2\repository\org\junit\platform\junit-platform-engine\1.10.3\junit-platform-engine-1.10.3.jar;C:\Users\HP\.m2\repository\org\mockito\mockito-core\5.11.0\mockito-core-5.11.0.jar;C:\Users\HP\.m2\repository\net\bytebuddy\byte-buddy-agent\1.14.18\byte-buddy-agent-1.14.18.jar;C:\Users\HP\.m2\repository\org\objenesis\objenesis\3.3\objenesis-3.3.jar;C:\Users\HP\.m2\repository\org\mockito\mockito-junit-jupiter\5.11.0\mockito-junit-jupiter-5.11.0.jar;C:\Users\HP\.m2\repository\org\skyscreamer\jsonassert\1.5.3\jsonassert-1.5.3.jar;C:\Users\HP\.m2\repository\com\vaadin\external\google\android-json\0.0.20131108.vaadin1\android-json-0.0.20131108.vaadin1.jar;C:\Users\HP\.m2\repository\org\springframework\spring-core\6.1.11\spring-core-6.1.11.jar;C:\Users\HP\.m2\repository\org\springframework\spring-test\6.1.11\spring-test-6.1.11.jar;C:\Users\HP\.m2\repository\org\xmlunit\xmlunit-core\2.9.1\xmlunit-core-2.9.1.jar;C:\Users\HP\.m2\repository\org\springframework\cloud\spring-cloud-starter-openfeign\4.1.2\spring-cloud-starter-openfeign-4.1.2.jar;C:\Users\HP\.m2\repository\org\springframework\cloud\spring-cloud-starter\4.1.3\spring-cloud-starter-4.1.3.jar;C:\Users\HP\.m2\repository\org\springframework\cloud\spring-cloud-context\4.1.3\spring-cloud-context-4.1.3.jar;C:\Users\HP\.m2\repository\org\springframework\security\spring-security-rsa\1.1.3\spring-security-rsa-1.1.3.jar;C:\Users\HP\.m2\repository\org\bouncycastle\bcprov-jdk18on\1.78\bcprov-jdk18on-1.78.jar;C:\Users\HP\.m2\repository\org\springframework\cloud\spring-cloud-openfeign-core\4.1.2\spring-cloud-openfeign-core-4.1.2.jar;C:\Users\HP\.m2\repository\io\github\openfeign\form\feign-form-spring\3.8.0\feign-form-spring-3.8.0.jar;C:\Users\HP\.m2\repository\io\github\openfeign\form\feign-form\3.8.0\feign-form-3.8.0.jar;C:\Users\HP\.m2\repository\commons-fileupload\commons-fileupload\1.5\commons-fileupload-1.5.jar;C:\Users\HP\.m2\repository\commons-io\commons-io\2.11.0\commons-io-2.11.0.jar;C:\Users\HP\.m2\repository\org\springframework\spring-web\6.1.11\spring-web-6.1.11.jar;C:\Users\HP\.m2\repository\org\springframework\spring-beans\6.1.11\spring-beans-6.1.11.jar;C:\Users\HP\.m2\repository\io\micrometer\micrometer-observation\1.13.2\micrometer-observation-1.13.2.jar;C:\Users\HP\.m2\repository\io\micrometer\micrometer-commons\1.13.2\micrometer-commons-1.13.2.jar;C:\Users\HP\.m2\repository\org\springframework\cloud\spring-cloud-commons\4.1.3\spring-cloud-commons-4.1.3.jar;C:\Users\HP\.m2\repository\org\springframework\security\spring-security-crypto\6.3.1\spring-security-crypto-6.3.1.jar;C:\Users\HP\.m2\repository\io\github\openfeign\feign-core\13.2.1\feign-core-13.2.1.jar;C:\Users\HP\.m2\repository\io\github\openfeign\feign-slf4j\13.2.1\feign-slf4j-13.2.1.jar;C:\Users\HP\.m2\repository\com\auth0\java-jwt\4.4.0\java-jwt-4.4.0.jar;C:\Users\HP\.m2\repository\org\springframework\boot\spring-boot-starter-data-jpa\3.3.2-SNAPSHOT\spring-boot-starter-data-jpa-3.3.2-SNAPSHOT.jar;C:\Users\HP\.m2\repository\org\springframework\boot\spring-boot-starter-aop\3.3.2-SNAPSHOT\spring-boot-starter-aop-3.3.2-SNAPSHOT.jar;C:\Users\HP\.m2\repository\org\aspectj\aspectjweaver\1.9.22.1\aspectjweaver-1.9.22.1.jar;C:\Users\HP\.m2\repository\org\springframework\boot\spring-boot-starter-jdbc\3.3.2-SNAPSHOT\spring-boot-starter-jdbc-3.3.2-SNAPSHOT.jar;C:\Users\HP\.m2\repository\com\zaxxer\HikariCP\5.1.0\HikariCP-5.1.0.jar;C:\Users\HP\.m2\repository\org\springframework\spring-jdbc\6.1.11\spring-jdbc-6.1.11.jar;C:\Users\HP\.m2\repository\org\hibernate\orm\hibernate-core\6.5.2.Final\hibernate-core-6.5.2.Final.jar;C:\Users\HP\.m2\repository\jakarta\persistence\jakarta.persistence-api\3.1.0\jakarta.persistence-api-3.1.0.jar;C:\Users\HP\.m2\repository\jakarta\transaction\jakarta.transaction-api\2.0.1\jakarta.transaction-api-2.0.1.jar;C:\Users\HP\.m2\repository\org\jboss\logging\jboss-logging\3.5.3.Final\jboss-logging-3.5.3.Final.jar;C:\Users\HP\.m2\repository\org\hibernate\common\hibernate-commons-annotations\6.0.6.Final\hibernate-commons-annotations-6.0.6.Final.jar;C:\Users\HP\.m2\repository\io\smallrye\jandex\3.1.2\jandex-3.1.2.jar;C:\Users\HP\.m2\repository\com\fasterxml\classmate\1.7.0\classmate-1.7.0.jar;C:\Users\HP\.m2\repository\org\glassfish\jaxb\jaxb-runtime\4.0.5\jaxb-runtime-4.0.5.jar;C:\Users\HP\.m2\repository\org\glassfish\jaxb\jaxb-core\4.0.5\jaxb-core-4.0.5.jar;C:\Users\HP\.m2\repository\org\glassfish\jaxb\txw2\4.0.5\txw2-4.0.5.jar;C:\Users\HP\.m2\repository\com\sun\istack\istack-commons-runtime\4.1.2\istack-commons-runtime-4.1.2.jar;C:\Users\HP\.m2\repository\jakarta\inject\jakarta.inject-api\2.0.1\jakarta.inject-api-2.0.1.jar;C:\Users\HP\.m2\repository\org\antlr\antlr4-runtime\4.13.0\antlr4-runtime-4.13.0.jar;C:\Users\HP\.m2\repository\org\springframework\data\spring-data-jpa\3.3.2\spring-data-jpa-3.3.2.jar;C:\Users\HP\.m2\repository\org\springframework\data\spring-data-commons\3.3.2\spring-data-commons-3.3.2.jar;C:\Users\HP\.m2\repository\org\springframework\spring-orm\6.1.11\spring-orm-6.1.11.jar;C:\Users\HP\.m2\repository\org\springframework\spring-context\6.1.11\spring-context-6.1.11.jar;C:\Users\HP\.m2\repository\org\springframework\spring-tx\6.1.11\spring-tx-6.1.11.jar;C:\Users\HP\.m2\repository\org\springframework\spring-aspects\6.1.11\spring-aspects-6.1.11.jar;C:\Users\HP\.m2\repository\org\springframework\cloud\spring-cloud-starter-netflix-eureka-client\3.1.2\spring-cloud-starter-netflix-eureka-client-3.1.2.jar;C:\Users\HP\.m2\repository\org\springframework\cloud\spring-cloud-netflix-eureka-client\4.1.2\spring-cloud-netflix-eureka-client-4.1.2.jar;C:\Users\HP\.m2\repository\org\apache\httpcomponents\client5\httpclient5\5.3.1\httpclient5-5.3.1.jar;C:\Users\HP\.m2\repository\org\apache\httpcomponents\core5\httpcore5\5.2.5\httpcore5-5.2.5.jar;C:\Users\HP\.m2\repository\org\apache\httpcomponents\core5\httpcore5-h2\5.2.5\httpcore5-h2-5.2.5.jar;C:\Users\HP\.m2\repository\com\netflix\eureka\eureka-client\2.0.2\eureka-client-2.0.2.jar;C:\Users\HP\.m2\repository\com\netflix\netflix-commons\netflix-eventbus\0.3.0\netflix-eventbus-0.3.0.jar;C:\Users\HP\.m2\repository\com\netflix\netflix-commons\netflix-infix\0.3.0\netflix-infix-0.3.0.jar;C:\Users\HP\.m2\repository\commons-jxpath\commons-jxpath\1.3\commons-jxpath-1.3.jar;C:\Users\HP\.m2\repository\joda-time\joda-time\2.3\joda-time-2.3.jar;C:\Users\HP\.m2\repository\org\antlr\antlr-runtime\3.4\antlr-runtime-3.4.jar;C:\Users\HP\.m2\repository\org\antlr\stringtemplate\3.2.1\stringtemplate-3.2.1.jar;C:\Users\HP\.m2\repository\antlr\antlr\2.7.7\antlr-2.7.7.jar;C:\Users\HP\.m2\repository\com\google\code\gson\gson\2.10.1\gson-2.10.1.jar;C:\Users\HP\.m2\repository\org\apache\commons\commons-math\2.2\commons-math-2.2.jar;C:\Users\HP\.m2\repository\com\thoughtworks\xstream\xstream\1.4.19\xstream-1.4.19.jar;C:\Users\HP\.m2\repository\io\github\x-stream\mxparser\1.2.2\mxparser-1.2.2.jar;C:\Users\HP\.m2\repository\xmlpull\xmlpull\1.1.3.1\xmlpull-1.1.3.1.jar;C:\Users\HP\.m2\repository\jakarta\ws\rs\jakarta.ws.rs-api\3.1.0\jakarta.ws.rs-api-3.1.0.jar;C:\Users\HP\.m2\repository\com\netflix\servo\servo-core\0.12.21\servo-core-0.12.21.jar;C:\Users\HP\.m2\repository\com\google\guava\guava\19.0\guava-19.0.jar;C:\Users\HP\.m2\repository\org\apache\httpcomponents\httpclient\4.5.3\httpclient-4.5.3.jar;C:\Users\HP\.m2\repository\org\apache\httpcomponents\httpcore\4.4.16\httpcore-4.4.16.jar;C:\Users\HP\.m2\repository\commons-codec\commons-codec\1.16.1\commons-codec-1.16.1.jar;C:\Users\HP\.m2\repository\commons-configuration\commons-configuration\1.10\commons-configuration-1.10.jar;C:\Users\HP\.m2\repository\commons-lang\commons-lang\2.6\commons-lang-2.6.jar;C:\Users\HP\.m2\repository\org\codehaus\jettison\jettison\1.5.4\jettison-1.5.4.jar;C:\Users\HP\.m2\repository\com\netflix\eureka\eureka-core\2.0.2\eureka-core-2.0.2.jar;C:\Users\HP\.m2\repository\com\fasterxml\woodstox\woodstox-core\6.2.1\woodstox-core-6.2.1.jar;C:\Users\HP\.m2\repository\org\codehaus\woodstox\stax2-api\4.2.1\stax2-api-4.2.1.jar;C:\Users\HP\.m2\repository\org\springframework\cloud\spring-cloud-starter-loadbalancer\4.1.3\spring-cloud-starter-loadbalancer-4.1.3.jar;C:\Users\HP\.m2\repository\org\springframework\cloud\spring-cloud-loadbalancer\4.1.3\spring-cloud-loadbalancer-4.1.3.jar;C:\Users\HP\.m2\repository\io\projectreactor\reactor-core\3.6.8\reactor-core-3.6.8.jar;C:\Users\HP\.m2\repository\org\reactivestreams\reactive-streams\1.0.4\reactive-streams-1.0.4.jar;C:\Users\HP\.m2\repository\io\projectreactor\addons\reactor-extra\3.5.1\reactor-extra-3.5.1.jar;C:\Users\HP\.m2\repository\org\springframework\boot\spring-boot-starter-cache\3.3.2-SNAPSHOT\spring-boot-starter-cache-3.3.2-SNAPSHOT.jar;C:\Users\HP\.m2\repository\com\stoyanr\evictor\1.0.0\evictor-1.0.0.jar;C:\Users\HP\.m2\repository\com\fasterxml\jackson\core\jackson-databind\2.17.2\jackson-databind-2.17.2.jar;C:\Users\HP\.m2\repository\com\fasterxml\jackson\core\jackson-annotations\2.17.2\jackson-annotations-2.17.2.jar;C:\Users\HP\.m2\repository\com\fasterxml\jackson\core\jackson-core\2.17.2\jackson-core-2.17.2.jar;C:\Users\HP\.m2\repository\org\springframework\boot\spring-boot-starter-security\3.3.2-SNAPSHOT\spring-boot-starter-security-3.3.2-SNAPSHOT.jar;C:\Users\HP\.m2\repository\org\springframework\spring-aop\6.1.11\spring-aop-6.1.11.jar;C:\Users\HP\.m2\repository\org\springframework\security\spring-security-config\6.3.1\spring-security-config-6.3.1.jar;C:\Users\HP\.m2\repository\org\springframework\security\spring-security-web\6.3.1\spring-security-web-6.3.1.jar;C:\Users\HP\.m2\repository\org\springframework\spring-expression\6.1.11\spring-expression-6.1.11.jar;C:\Users\HP\.m2\repository\org\springframework\boot\spring-boot-starter-validation\3.3.2-SNAPSHOT\spring-boot-starter-validation-3.3.2-SNAPSHOT.jar;C:\Users\HP\.m2\repository\org\apache\tomcat\embed\tomcat-embed-el\10.1.26\tomcat-embed-el-10.1.26.jar;C:\Users\HP\.m2\repository\org\hibernate\validator\hibernate-validator\8.0.1.Final\hibernate-validator-8.0.1.Final.jar;C:\Users\HP\.m2\repository\jakarta\validation\jakarta.validation-api\3.0.2\jakarta.validation-api-3.0.2.jar;C:\Users\HP\.m2\repository\org\springframework\boot\spring-boot-starter-web\3.3.2-SNAPSHOT\spring-boot-starter-web-3.3.2-SNAPSHOT.jar;C:\Users\HP\.m2\repository\org\springframework\boot\spring-boot-starter-json\3.3.2-SNAPSHOT\spring-boot-starter-json-3.3.2-SNAPSHOT.jar;C:\Users\HP\.m2\repository\com\fasterxml\jackson\datatype\jackson-datatype-jdk8\2.17.2\jackson-datatype-jdk8-2.17.2.jar;C:\Users\HP\.m2\repository\com\fasterxml\jackson\datatype\jackson-datatype-jsr310\2.17.2\jackson-datatype-jsr310-2.17.2.jar;C:\Users\HP\.m2\repository\org\springframework\boot\spring-boot-starter-tomcat\3.3.2-SNAPSHOT\spring-boot-starter-tomcat-3.3.2-SNAPSHOT.jar;C:\Users\HP\.m2\repository\org\apache\tomcat\embed\tomcat-embed-core\10.1.26\tomcat-embed-core-10.1.26.jar;C:\Users\HP\.m2\repository\org\apache\tomcat\embed\tomcat-embed-websocket\10.1.26\tomcat-embed-websocket-10.1.26.jar;C:\Users\HP\.m2\repository\org\springframework\spring-webmvc\6.1.11\spring-webmvc-6.1.11.jar;C:\Users\HP\.m2\repository\org\springframework\boot\spring-boot-starter-websocket\3.3.2-SNAPSHOT\spring-boot-starter-websocket-3.3.2-SNAPSHOT.jar;C:\Users\HP\.m2\repository\org\springframework\spring-messaging\6.1.11\spring-messaging-6.1.11.jar;C:\Users\HP\.m2\repository\org\springframework\spring-websocket\6.1.11\spring-websocket-6.1.11.jar;C:\Users\HP\.m2\repository\org\springframework\session\spring-session-core\3.3.1\spring-session-core-3.3.1.jar;C:\Users\HP\.m2\repository\org\springframework\spring-jcl\6.1.11\spring-jcl-6.1.11.jar;C:\Users\HP\.m2\repository\org\springframework\boot\spring-boot-starter-mail\3.3.2-SNAPSHOT\spring-boot-starter-mail-3.3.2-SNAPSHOT.jar;C:\Users\HP\.m2\repository\org\springframework\spring-context-support\6.1.11\spring-context-support-6.1.11.jar;C:\Users\HP\.m2\repository\org\eclipse\angus\jakarta.mail\2.0.3\jakarta.mail-2.0.3.jar;C:\Users\HP\.m2\repository\org\eclipse\angus\angus-activation\2.0.2\angus-activation-2.0.2.jar;C:\Users\HP\.m2\repository\org\modelmapper\modelmapper\2.3.9\modelmapper-2.3.9.jar;C:\Users\HP\.m2\repository\org\springframework\boot\spring-boot-docker-compose\3.3.2-SNAPSHOT\spring-boot-docker-compose-3.3.2-SNAPSHOT.jar;C:\Users\HP\.m2\repository\org\springframework\boot\spring-boot\3.3.2-SNAPSHOT\spring-boot-3.3.2-SNAPSHOT.jar;C:\Users\HP\.m2\repository\com\fasterxml\jackson\module\jackson-module-parameter-names\2.17.2\jackson-module-parameter-names-2.17.2.jar;C:\Users\HP\.m2\repository\org\postgresql\postgresql\42.7.3\postgresql-42.7.3.jar;C:\Users\HP\.m2\repository\org\checkerframework\checker-qual\3.42.0\checker-qual-3.42.0.jar;C:\Users\HP\.m2\repository\org\projectlombok\lombok\1.18.34\lombok-1.18.34.jar;C:\Users\HP\.m2\repository\org\springframework\security\spring-security-test\6.3.1\spring-security-test-6.3.1.jar;C:\Users\HP\.m2\repository\org\springframework\security\spring-security-core\6.3.1\spring-security-core-6.3.1.jar;"/>
    <property name="java.vm.vendor" value="Oracle Corporation"/>
    <property name="sun.arch.data.model" value="64"/>
    <property name="user.variant" value=""/>
    <property name="java.vendor.url" value="https://java.oracle.com/"/>
    <property name="user.timezone" value="Africa/Casablanca"/>
    <property name="org.jboss.logging.provider" value="slf4j"/>
    <property name="os.name" value="Windows 11"/>
    <property name="java.vm.specification.version" value="22"/>
    <property name="sun.java.launcher" value="SUN_STANDARD"/>
    <property name="user.country" value="FR"/>
    <property name="sun.boot.library.path" value="C:\Users\HP\.jdks\openjdk-22.0.1\bin"/>
    <property name="sun.java.command" value="C:\Users\HP\AppData\Local\Temp\surefire7254953083756197606\surefirebooter-20240814154615583_3.jar C:\Users\HP\AppData\Local\Temp\surefire7254953083756197606 2024-08-14T15-46-15_433-jvmRun1 surefire-20240814154615583_1tmp surefire_0-20240814154615583_2tmp"/>
    <property name="jdk.debug" value="release"/>
    <property name="surefire.test.class.path" value="C:\Users\HP\OneDrive\Bureau\Projects\Client-Auth&amp;Side\target\test-classes;C:\Users\HP\OneDrive\Bureau\Projects\Client-Auth&amp;Side\target\classes;C:\Users\HP\.m2\repository\org\springframework\boot\spring-boot-starter-test\3.3.2-SNAPSHOT\spring-boot-starter-test-3.3.2-SNAPSHOT.jar;C:\Users\HP\.m2\repository\org\springframework\boot\spring-boot-starter\3.3.2-SNAPSHOT\spring-boot-starter-3.3.2-SNAPSHOT.jar;C:\Users\HP\.m2\repository\org\springframework\boot\spring-boot-autoconfigure\3.3.2-SNAPSHOT\spring-boot-autoconfigure-3.3.2-SNAPSHOT.jar;C:\Users\HP\.m2\repository\org\springframework\boot\spring-boot-starter-logging\3.3.2-SNAPSHOT\spring-boot-starter-logging-3.3.2-SNAPSHOT.jar;C:\Users\HP\.m2\repository\ch\qos\logback\logback-classic\1.5.6\logback-classic-1.5.6.jar;C:\Users\HP\.m2\repository\ch\qos\logback\logback-core\1.5.6\logback-core-1.5.6.jar;C:\Users\HP\.m2\repository\org\apache\logging\log4j\log4j-to-slf4j\2.23.1\log4j-to-slf4j-2.23.1.jar;C:\Users\HP\.m2\repository\org\apache\logging\log4j\log4j-api\2.23.1\log4j-api-2.23.1.jar;C:\Users\HP\.m2\repository\org\slf4j\jul-to-slf4j\2.0.13\jul-to-slf4j-2.0.13.jar;C:\Users\HP\.m2\repository\jakarta\annotation\jakarta.annotation-api\2.1.1\jakarta.annotation-api-2.1.1.jar;C:\Users\HP\.m2\repository\org\yaml\snakeyaml\2.2\snakeyaml-2.2.jar;C:\Users\HP\.m2\repository\org\springframework\boot\spring-boot-test\3.3.2-SNAPSHOT\spring-boot-test-3.3.2-SNAPSHOT.jar;C:\Users\HP\.m2\repository\org\springframework\boot\spring-boot-test-autoconfigure\3.3.2-SNAPSHOT\spring-boot-test-autoconfigure-3.3.2-SNAPSHOT.jar;C:\Users\HP\.m2\repository\com\jayway\jsonpath\json-path\2.9.0\json-path-2.9.0.jar;C:\Users\HP\.m2\repository\org\slf4j\slf4j-api\2.0.13\slf4j-api-2.0.13.jar;C:\Users\HP\.m2\repository\jakarta\xml\bind\jakarta.xml.bind-api\4.0.2\jakarta.xml.bind-api-4.0.2.jar;C:\Users\HP\.m2\repository\jakarta\activation\jakarta.activation-api\2.1.3\jakarta.activation-api-2.1.3.jar;C:\Users\HP\.m2\repository\net\minidev\json-smart\2.5.1\json-smart-2.5.1.jar;C:\Users\HP\.m2\repository\net\minidev\accessors-smart\2.5.1\accessors-smart-2.5.1.jar;C:\Users\HP\.m2\repository\org\ow2\asm\asm\9.6\asm-9.6.jar;C:\Users\HP\.m2\repository\org\assertj\assertj-core\3.25.3\assertj-core-3.25.3.jar;C:\Users\HP\.m2\repository\net\bytebuddy\byte-buddy\1.14.18\byte-buddy-1.14.18.jar;C:\Users\HP\.m2\repository\org\awaitility\awaitility\4.2.1\awaitility-4.2.1.jar;C:\Users\HP\.m2\repository\org\hamcrest\hamcrest\2.2\hamcrest-2.2.jar;C:\Users\HP\.m2\repository\org\junit\jupiter\junit-jupiter\5.10.3\junit-jupiter-5.10.3.jar;C:\Users\HP\.m2\repository\org\junit\jupiter\junit-jupiter-api\5.10.3\junit-jupiter-api-5.10.3.jar;C:\Users\HP\.m2\repository\org\opentest4j\opentest4j\1.3.0\opentest4j-1.3.0.jar;C:\Users\HP\.m2\repository\org\junit\platform\junit-platform-commons\1.10.3\junit-platform-commons-1.10.3.jar;C:\Users\HP\.m2\repository\org\apiguardian\apiguardian-api\1.1.2\apiguardian-api-1.1.2.jar;C:\Users\HP\.m2\repository\org\junit\jupiter\junit-jupiter-params\5.10.3\junit-jupiter-params-5.10.3.jar;C:\Users\HP\.m2\repository\org\junit\jupiter\junit-jupiter-engine\5.10.3\junit-jupiter-engine-5.10.3.jar;C:\Users\HP\.m2\repository\org\junit\platform\junit-platform-engine\1.10.3\junit-platform-engine-1.10.3.jar;C:\Users\HP\.m2\repository\org\mockito\mockito-core\5.11.0\mockito-core-5.11.0.jar;C:\Users\HP\.m2\repository\net\bytebuddy\byte-buddy-agent\1.14.18\byte-buddy-agent-1.14.18.jar;C:\Users\HP\.m2\repository\org\objenesis\objenesis\3.3\objenesis-3.3.jar;C:\Users\HP\.m2\repository\org\mockito\mockito-junit-jupiter\5.11.0\mockito-junit-jupiter-5.11.0.jar;C:\Users\HP\.m2\repository\org\skyscreamer\jsonassert\1.5.3\jsonassert-1.5.3.jar;C:\Users\HP\.m2\repository\com\vaadin\external\google\android-json\0.0.20131108.vaadin1\android-json-0.0.20131108.vaadin1.jar;C:\Users\HP\.m2\repository\org\springframework\spring-core\6.1.11\spring-core-6.1.11.jar;C:\Users\HP\.m2\repository\org\springframework\spring-test\6.1.11\spring-test-6.1.11.jar;C:\Users\HP\.m2\repository\org\xmlunit\xmlunit-core\2.9.1\xmlunit-core-2.9.1.jar;C:\Users\HP\.m2\repository\org\springframework\cloud\spring-cloud-starter-openfeign\4.1.2\spring-cloud-starter-openfeign-4.1.2.jar;C:\Users\HP\.m2\repository\org\springframework\cloud\spring-cloud-starter\4.1.3\spring-cloud-starter-4.1.3.jar;C:\Users\HP\.m2\repository\org\springframework\cloud\spring-cloud-context\4.1.3\spring-cloud-context-4.1.3.jar;C:\Users\HP\.m2\repository\org\springframework\security\spring-security-rsa\1.1.3\spring-security-rsa-1.1.3.jar;C:\Users\HP\.m2\repository\org\bouncycastle\bcprov-jdk18on\1.78\bcprov-jdk18on-1.78.jar;C:\Users\HP\.m2\repository\org\springframework\cloud\spring-cloud-openfeign-core\4.1.2\spring-cloud-openfeign-core-4.1.2.jar;C:\Users\HP\.m2\repository\io\github\openfeign\form\feign-form-spring\3.8.0\feign-form-spring-3.8.0.jar;C:\Users\HP\.m2\repository\io\github\openfeign\form\feign-form\3.8.0\feign-form-3.8.0.jar;C:\Users\HP\.m2\repository\commons-fileupload\commons-fileupload\1.5\commons-fileupload-1.5.jar;C:\Users\HP\.m2\repository\commons-io\commons-io\2.11.0\commons-io-2.11.0.jar;C:\Users\HP\.m2\repository\org\springframework\spring-web\6.1.11\spring-web-6.1.11.jar;C:\Users\HP\.m2\repository\org\springframework\spring-beans\6.1.11\spring-beans-6.1.11.jar;C:\Users\HP\.m2\repository\io\micrometer\micrometer-observation\1.13.2\micrometer-observation-1.13.2.jar;C:\Users\HP\.m2\repository\io\micrometer\micrometer-commons\1.13.2\micrometer-commons-1.13.2.jar;C:\Users\HP\.m2\repository\org\springframework\cloud\spring-cloud-commons\4.1.3\spring-cloud-commons-4.1.3.jar;C:\Users\HP\.m2\repository\org\springframework\security\spring-security-crypto\6.3.1\spring-security-crypto-6.3.1.jar;C:\Users\HP\.m2\repository\io\github\openfeign\feign-core\13.2.1\feign-core-13.2.1.jar;C:\Users\HP\.m2\repository\io\github\openfeign\feign-slf4j\13.2.1\feign-slf4j-13.2.1.jar;C:\Users\HP\.m2\repository\com\auth0\java-jwt\4.4.0\java-jwt-4.4.0.jar;C:\Users\HP\.m2\repository\org\springframework\boot\spring-boot-starter-data-jpa\3.3.2-SNAPSHOT\spring-boot-starter-data-jpa-3.3.2-SNAPSHOT.jar;C:\Users\HP\.m2\repository\org\springframework\boot\spring-boot-starter-aop\3.3.2-SNAPSHOT\spring-boot-starter-aop-3.3.2-SNAPSHOT.jar;C:\Users\HP\.m2\repository\org\aspectj\aspectjweaver\1.9.22.1\aspectjweaver-1.9.22.1.jar;C:\Users\HP\.m2\repository\org\springframework\boot\spring-boot-starter-jdbc\3.3.2-SNAPSHOT\spring-boot-starter-jdbc-3.3.2-SNAPSHOT.jar;C:\Users\HP\.m2\repository\com\zaxxer\HikariCP\5.1.0\HikariCP-5.1.0.jar;C:\Users\HP\.m2\repository\org\springframework\spring-jdbc\6.1.11\spring-jdbc-6.1.11.jar;C:\Users\HP\.m2\repository\org\hibernate\orm\hibernate-core\6.5.2.Final\hibernate-core-6.5.2.Final.jar;C:\Users\HP\.m2\repository\jakarta\persistence\jakarta.persistence-api\3.1.0\jakarta.persistence-api-3.1.0.jar;C:\Users\HP\.m2\repository\jakarta\transaction\jakarta.transaction-api\2.0.1\jakarta.transaction-api-2.0.1.jar;C:\Users\HP\.m2\repository\org\jboss\logging\jboss-logging\3.5.3.Final\jboss-logging-3.5.3.Final.jar;C:\Users\HP\.m2\repository\org\hibernate\common\hibernate-commons-annotations\6.0.6.Final\hibernate-commons-annotations-6.0.6.Final.jar;C:\Users\HP\.m2\repository\io\smallrye\jandex\3.1.2\jandex-3.1.2.jar;C:\Users\HP\.m2\repository\com\fasterxml\classmate\1.7.0\classmate-1.7.0.jar;C:\Users\HP\.m2\repository\org\glassfish\jaxb\jaxb-runtime\4.0.5\jaxb-runtime-4.0.5.jar;C:\Users\HP\.m2\repository\org\glassfish\jaxb\jaxb-core\4.0.5\jaxb-core-4.0.5.jar;C:\Users\HP\.m2\repository\org\glassfish\jaxb\txw2\4.0.5\txw2-4.0.5.jar;C:\Users\HP\.m2\repository\com\sun\istack\istack-commons-runtime\4.1.2\istack-commons-runtime-4.1.2.jar;C:\Users\HP\.m2\repository\jakarta\inject\jakarta.inject-api\2.0.1\jakarta.inject-api-2.0.1.jar;C:\Users\HP\.m2\repository\org\antlr\antlr4-runtime\4.13.0\antlr4-runtime-4.13.0.jar;C:\Users\HP\.m2\repository\org\springframework\data\spring-data-jpa\3.3.2\spring-data-jpa-3.3.2.jar;C:\Users\HP\.m2\repository\org\springframework\data\spring-data-commons\3.3.2\spring-data-commons-3.3.2.jar;C:\Users\HP\.m2\repository\org\springframework\spring-orm\6.1.11\spring-orm-6.1.11.jar;C:\Users\HP\.m2\repository\org\springframework\spring-context\6.1.11\spring-context-6.1.11.jar;C:\Users\HP\.m2\repository\org\springframework\spring-tx\6.1.11\spring-tx-6.1.11.jar;C:\Users\HP\.m2\repository\org\springframework\spring-aspects\6.1.11\spring-aspects-6.1.11.jar;C:\Users\HP\.m2\repository\org\springframework\cloud\spring-cloud-starter-netflix-eureka-client\3.1.2\spring-cloud-starter-netflix-eureka-client-3.1.2.jar;C:\Users\HP\.m2\repository\org\springframework\cloud\spring-cloud-netflix-eureka-client\4.1.2\spring-cloud-netflix-eureka-client-4.1.2.jar;C:\Users\HP\.m2\repository\org\apache\httpcomponents\client5\httpclient5\5.3.1\httpclient5-5.3.1.jar;C:\Users\HP\.m2\repository\org\apache\httpcomponents\core5\httpcore5\5.2.5\httpcore5-5.2.5.jar;C:\Users\HP\.m2\repository\org\apache\httpcomponents\core5\httpcore5-h2\5.2.5\httpcore5-h2-5.2.5.jar;C:\Users\HP\.m2\repository\com\netflix\eureka\eureka-client\2.0.2\eureka-client-2.0.2.jar;C:\Users\HP\.m2\repository\com\netflix\netflix-commons\netflix-eventbus\0.3.0\netflix-eventbus-0.3.0.jar;C:\Users\HP\.m2\repository\com\netflix\netflix-commons\netflix-infix\0.3.0\netflix-infix-0.3.0.jar;C:\Users\HP\.m2\repository\commons-jxpath\commons-jxpath\1.3\commons-jxpath-1.3.jar;C:\Users\HP\.m2\repository\joda-time\joda-time\2.3\joda-time-2.3.jar;C:\Users\HP\.m2\repository\org\antlr\antlr-runtime\3.4\antlr-runtime-3.4.jar;C:\Users\HP\.m2\repository\org\antlr\stringtemplate\3.2.1\stringtemplate-3.2.1.jar;C:\Users\HP\.m2\repository\antlr\antlr\2.7.7\antlr-2.7.7.jar;C:\Users\HP\.m2\repository\com\google\code\gson\gson\2.10.1\gson-2.10.1.jar;C:\Users\HP\.m2\repository\org\apache\commons\commons-math\2.2\commons-math-2.2.jar;C:\Users\HP\.m2\repository\com\thoughtworks\xstream\xstream\1.4.19\xstream-1.4.19.jar;C:\Users\HP\.m2\repository\io\github\x-stream\mxparser\1.2.2\mxparser-1.2.2.jar;C:\Users\HP\.m2\repository\xmlpull\xmlpull\1.1.3.1\xmlpull-1.1.3.1.jar;C:\Users\HP\.m2\repository\jakarta\ws\rs\jakarta.ws.rs-api\3.1.0\jakarta.ws.rs-api-3.1.0.jar;C:\Users\HP\.m2\repository\com\netflix\servo\servo-core\0.12.21\servo-core-0.12.21.jar;C:\Users\HP\.m2\repository\com\google\guava\guava\19.0\guava-19.0.jar;C:\Users\HP\.m2\repository\org\apache\httpcomponents\httpclient\4.5.3\httpclient-4.5.3.jar;C:\Users\HP\.m2\repository\org\apache\httpcomponents\httpcore\4.4.16\httpcore-4.4.16.jar;C:\Users\HP\.m2\repository\commons-codec\commons-codec\1.16.1\commons-codec-1.16.1.jar;C:\Users\HP\.m2\repository\commons-configuration\commons-configuration\1.10\commons-configuration-1.10.jar;C:\Users\HP\.m2\repository\commons-lang\commons-lang\2.6\commons-lang-2.6.jar;C:\Users\HP\.m2\repository\org\codehaus\jettison\jettison\1.5.4\jettison-1.5.4.jar;C:\Users\HP\.m2\repository\com\netflix\eureka\eureka-core\2.0.2\eureka-core-2.0.2.jar;C:\Users\HP\.m2\repository\com\fasterxml\woodstox\woodstox-core\6.2.1\woodstox-core-6.2.1.jar;C:\Users\HP\.m2\repository\org\codehaus\woodstox\stax2-api\4.2.1\stax2-api-4.2.1.jar;C:\Users\HP\.m2\repository\org\springframework\cloud\spring-cloud-starter-loadbalancer\4.1.3\spring-cloud-starter-loadbalancer-4.1.3.jar;C:\Users\HP\.m2\repository\org\springframework\cloud\spring-cloud-loadbalancer\4.1.3\spring-cloud-loadbalancer-4.1.3.jar;C:\Users\HP\.m2\repository\io\projectreactor\reactor-core\3.6.8\reactor-core-3.6.8.jar;C:\Users\HP\.m2\repository\org\reactivestreams\reactive-streams\1.0.4\reactive-streams-1.0.4.jar;C:\Users\HP\.m2\repository\io\projectreactor\addons\reactor-extra\3.5.1\reactor-extra-3.5.1.jar;C:\Users\HP\.m2\repository\org\springframework\boot\spring-boot-starter-cache\3.3.2-SNAPSHOT\spring-boot-starter-cache-3.3.2-SNAPSHOT.jar;C:\Users\HP\.m2\repository\com\stoyanr\evictor\1.0.0\evictor-1.0.0.jar;C:\Users\HP\.m2\repository\com\fasterxml\jackson\core\jackson-databind\2.17.2\jackson-databind-2.17.2.jar;C:\Users\HP\.m2\repository\com\fasterxml\jackson\core\jackson-annotations\2.17.2\jackson-annotations-2.17.2.jar;C:\Users\HP\.m2\repository\com\fasterxml\jackson\core\jackson-core\2.17.2\jackson-core-2.17.2.jar;C:\Users\HP\.m2\repository\org\springframework\boot\spring-boot-starter-security\3.3.2-SNAPSHOT\spring-boot-starter-security-3.3.2-SNAPSHOT.jar;C:\Users\HP\.m2\repository\org\springframework\spring-aop\6.1.11\spring-aop-6.1.11.jar;C:\Users\HP\.m2\repository\org\springframework\security\spring-security-config\6.3.1\spring-security-config-6.3.1.jar;C:\Users\HP\.m2\repository\org\springframework\security\spring-security-web\6.3.1\spring-security-web-6.3.1.jar;C:\Users\HP\.m2\repository\org\springframework\spring-expression\6.1.11\spring-expression-6.1.11.jar;C:\Users\HP\.m2\repository\org\springframework\boot\spring-boot-starter-validation\3.3.2-SNAPSHOT\spring-boot-starter-validation-3.3.2-SNAPSHOT.jar;C:\Users\HP\.m2\repository\org\apache\tomcat\embed\tomcat-embed-el\10.1.26\tomcat-embed-el-10.1.26.jar;C:\Users\HP\.m2\repository\org\hibernate\validator\hibernate-validator\8.0.1.Final\hibernate-validator-8.0.1.Final.jar;C:\Users\HP\.m2\repository\jakarta\validation\jakarta.validation-api\3.0.2\jakarta.validation-api-3.0.2.jar;C:\Users\HP\.m2\repository\org\springframework\boot\spring-boot-starter-web\3.3.2-SNAPSHOT\spring-boot-starter-web-3.3.2-SNAPSHOT.jar;C:\Users\HP\.m2\repository\org\springframework\boot\spring-boot-starter-json\3.3.2-SNAPSHOT\spring-boot-starter-json-3.3.2-SNAPSHOT.jar;C:\Users\HP\.m2\repository\com\fasterxml\jackson\datatype\jackson-datatype-jdk8\2.17.2\jackson-datatype-jdk8-2.17.2.jar;C:\Users\HP\.m2\repository\com\fasterxml\jackson\datatype\jackson-datatype-jsr310\2.17.2\jackson-datatype-jsr310-2.17.2.jar;C:\Users\HP\.m2\repository\org\springframework\boot\spring-boot-starter-tomcat\3.3.2-SNAPSHOT\spring-boot-starter-tomcat-3.3.2-SNAPSHOT.jar;C:\Users\HP\.m2\repository\org\apache\tomcat\embed\tomcat-embed-core\10.1.26\tomcat-embed-core-10.1.26.jar;C:\Users\HP\.m2\repository\org\apache\tomcat\embed\tomcat-embed-websocket\10.1.26\tomcat-embed-websocket-10.1.26.jar;C:\Users\HP\.m2\repository\org\springframework\spring-webmvc\6.1.11\spring-webmvc-6.1.11.jar;C:\Users\HP\.m2\repository\org\springframework\boot\spring-boot-starter-websocket\3.3.2-SNAPSHOT\spring-boot-starter-websocket-3.3.2-SNAPSHOT.jar;C:\Users\HP\.m2\repository\org\springframework\spring-messaging\6.1.11\spring-messaging-6.1.11.jar;C:\Users\HP\.m2\repository\org\springframework\spring-websocket\6.1.11\spring-websocket-6.1.11.jar;C:\Users\HP\.m2\repository\org\springframework\session\spring-session-core\3.3.1\spring-session-core-3.3.1.jar;C:\Users\HP\.m2\repository\org\springframework\spring-jcl\6.1.11\spring-jcl-6.1.11.jar;C:\Users\HP\.m2\repository\org\springframework\boot\spring-boot-starter-mail\3.3.2-SNAPSHOT\spring-boot-starter-mail-3.3.2-SNAPSHOT.jar;C:\Users\HP\.m2\repository\org\springframework\spring-context-support\6.1.11\spring-context-support-6.1.11.jar;C:\Users\HP\.m2\repository\org\eclipse\angus\jakarta.mail\2.0.3\jakarta.mail-2.0.3.jar;C:\Users\HP\.m2\repository\org\eclipse\angus\angus-activation\2.0.2\angus-activation-2.0.2.jar;C:\Users\HP\.m2\repository\org\modelmapper\modelmapper\2.3.9\modelmapper-2.3.9.jar;C:\Users\HP\.m2\repository\org\springframework\boot\spring-boot-docker-compose\3.3.2-SNAPSHOT\spring-boot-docker-compose-3.3.2-SNAPSHOT.jar;C:\Users\HP\.m2\repository\org\springframework\boot\spring-boot\3.3.2-SNAPSHOT\spring-boot-3.3.2-SNAPSHOT.jar;C:\Users\HP\.m2\repository\com\fasterxml\jackson\module\jackson-module-parameter-names\2.17.2\jackson-module-parameter-names-2.17.2.jar;C:\Users\HP\.m2\repository\org\postgresql\postgresql\42.7.3\postgresql-42.7.3.jar;C:\Users\HP\.m2\repository\org\checkerframework\checker-qual\3.42.0\checker-qual-3.42.0.jar;C:\Users\HP\.m2\repository\org\projectlombok\lombok\1.18.34\lombok-1.18.34.jar;C:\Users\HP\.m2\repository\org\springframework\security\spring-security-test\6.3.1\spring-security-test-6.3.1.jar;C:\Users\HP\.m2\repository\org\springframework\security\spring-security-core\6.3.1\spring-security-core-6.3.1.jar;"/>
    <property name="sun.cpu.endian" value="little"/>
    <property name="user.home" value="C:\Users\HP"/>
    <property name="user.language" value="fr"/>
    <property name="java.specification.vendor" value="Oracle Corporation"/>
    <property name="java.version.date" value="2024-04-16"/>
    <property name="java.home" value="C:\Users\HP\.jdks\openjdk-22.0.1"/>
    <property name="file.separator" value="\"/>
    <property name="basedir" value="C:\Users\HP\OneDrive\Bureau\Projects\Client-Auth&amp;Side"/>
    <property name="java.vm.compressedOopsMode" value="Zero based"/>
    <property name="line.separator" value="&#10;"/>
    <property name="java.vm.specification.vendor" value="Oracle Corporation"/>
    <property name="java.specification.name" value="Java Platform API Specification"/>
    <property name="FILE_LOG_CHARSET" value="UTF-8"/>
    <property name="java.awt.headless" value="true"/>
    <property name="surefire.real.class.path" value="C:\Users\HP\AppData\Local\Temp\surefire7254953083756197606\surefirebooter-20240814154615583_3.jar"/>
    <property name="user.script" value=""/>
    <property name="sun.management.compiler" value="HotSpot 64-Bit Tiered Compilers"/>
    <property name="java.runtime.version" value="22.0.1+8-16"/>
    <property name="user.name" value="HP"/>
    <property name="stdout.encoding" value="Cp1252"/>
    <property name="path.separator" value=";"/>
    <property name="os.version" value="10.0"/>
    <property name="java.runtime.name" value="OpenJDK Runtime Environment"/>
    <property name="file.encoding" value="UTF-8"/>
    <property name="java.vm.name" value="OpenJDK 64-Bit Server VM"/>
    <property name="localRepository" value="C:\Users\HP\.m2\repository"/>
    <property name="java.vendor.url.bug" value="https://bugreport.java.com/bugreport/"/>
    <property name="java.io.tmpdir" value="C:\Users\HP\AppData\Local\Temp\"/>
    <property name="com.zaxxer.hikari.pool_number" value="1"/>
    <property name="java.version" value="22.0.1"/>
    <property name="user.dir" value="C:\Users\HP\OneDrive\Bureau\Projects\Client-Auth&amp;Side"/>
    <property name="os.arch" value="amd64"/>
    <property name="java.vm.specification.name" value="Java Virtual Machine Specification"/>
    <property name="PID" value="12624"/>
    <property name="sun.os.patch.level" value=""/>
    <property name="CONSOLE_LOG_CHARSET" value="UTF-8"/>
    <property name="native.encoding" value="Cp1252"/>
    <property name="java.library.path" value="C:\Users\HP\.jdks\openjdk-22.0.1\bin;C:\WINDOWS\Sun\Java\bin;C:\WINDOWS\system32;C:\WINDOWS;C:\Program Files\Eclipse Adoptium\jdk-17.0.11.9-hotspot\bin;C:\Python312\Scripts\;C:\Python312\;C:\Program Files (x86)\Common Files\Oracle\Java\java8path;C:\Program Files (x86)\Common Files\Oracle\Java\javapath;C:\WINDOWS\system32;C:\WINDOWS;C:\WINDOWS\System32\Wbem;C:\WINDOWS\System32\WindowsPowerShell\v1.0\;C:\WINDOWS\System32\OpenSSH\;C:\Program Files\Git\cmd;C:\Program Files\dotnet\;C:\Program Files\nodejs\;C:\ProgramData\chocolatey\bin;;C:\Program Files\Docker\Docker\resources\bin;C:\Users\HP\AppData\Local\Microsoft\WindowsApps;C:\Program Files\JetBrains\IntelliJ IDEA Community Edition 2024.1.2\bin;C:\Program Files\JetBrains\IntelliJ IDEA 2024.1.2\bin;C:\Users\HP\.dotnet\tools;C:\Users\HP\AppData\Local\Microsoft\WinGet\Packages\Schniz.fnm_Microsoft.Winget.Source_8wekyb3d8bbwe;C:\Users\HP\AppData\Roaming\npm;C:\Users\HP\AppData\Local\Programs\Microsoft VS Code\bin;C:\Program Files (x86)\Java\jre-1.8\bin;."/>
    <property name="java.vm.info" value="mixed mode, sharing"/>
    <property name="stderr.encoding" value="Cp1252"/>
    <property name="java.vendor" value="Oracle Corporation"/>
    <property name="java.vm.version" value="22.0.1+8-16"/>
    <property name="sun.io.unicode.encoding" value="UnicodeLittle"/>
    <property name="java.class.version" value="66.0"/>
    <property name="LOGGED_APPLICATION_NAME" value="[Auth-ClientSide-service] "/>
  </properties>
  <testcase name="contextLoads" classname="com.wholesaled.AuthentificationApplicationTests" time="0.568">
    <system-out><![CDATA[15:46:16.854 [main] INFO org.springframework.test.context.support.AnnotationConfigContextLoaderUtils -- Could not detect default configuration classes for test class [com.wholesaled.AuthentificationApplicationTests]: AuthentificationApplicationTests does not declare any static, non-private, non-final, nested classes annotated with @Configuration.
15:46:17.069 [main] INFO org.springframework.boot.test.context.SpringBootTestContextBootstrapper -- Found @SpringBootConfiguration com.wholesaled.AuthenticationApplication for test class com.wholesaled.AuthentificationApplicationTests

  .   ____          _            __ _ _
 /\\ / ___'_ __ _ _(_)_ __  __ _ \ \ \ \
( ( )\___ | '_ | '_| | '_ \/ _` | \ \ \ \
 \\/  ___)| |_)| | | | | || (_| |  ) ) ) )
  '  |____| .__|_| |_|_| |_\__, | / / / /
 =========|_|==============|___/=/_/_/_/

 :: Spring Boot ::       (v3.3.2-SNAPSHOT)

2024-08-14T15:46:18.087+01:00  INFO 12624 --- [Auth-ClientSide-service] [           main] c.w.AuthentificationApplicationTests     : Starting AuthentificationApplicationTests using Java 22.0.1 with PID 12624 (started by HP in C:\Users\HP\OneDrive\Bureau\Projects\Client-Auth&Side)
2024-08-14T15:46:18.090+01:00 DEBUG 12624 --- [Auth-ClientSide-service] [           main] c.w.AuthentificationApplicationTests     : Running with Spring Boot v3.3.2-SNAPSHOT, Spring v6.1.11
2024-08-14T15:46:18.091+01:00  INFO 12624 --- [Auth-ClientSide-service] [           main] c.w.AuthentificationApplicationTests     : No active profile set, falling back to 1 default profile: "default"
2024-08-14T15:46:18.093+01:00 DEBUG 12624 --- [Auth-ClientSide-service] [           main] o.s.boot.SpringApplication               : Loading source class com.wholesaled.AuthenticationApplication
2024-08-14T15:46:18.195+01:00 DEBUG 12624 --- [Auth-ClientSide-service] [           main] o.s.w.c.s.GenericWebApplicationContext   : Refreshing org.springframework.web.context.support.GenericWebApplicationContext@57bd802b
2024-08-14T15:46:18.245+01:00 DEBUG 12624 --- [Auth-ClientSide-service] [           main] o.s.b.f.s.DefaultListableBeanFactory     : Creating shared instance of singleton bean 'org.springframework.context.annotation.internalConfigurationAnnotationProcessor'
2024-08-14T15:46:18.273+01:00 DEBUG 12624 --- [Auth-ClientSide-service] [           main] o.s.b.f.s.DefaultListableBeanFactory     : Creating shared instance of singleton bean 'org.springframework.boot.autoconfigure.internalCachingMetadataReaderFactory'
2024-08-14T15:46:18.368+01:00 DEBUG 12624 --- [Auth-ClientSide-service] [           main] o.s.c.a.ClassPathBeanDefinitionScanner   : Identified candidate component class: file [C:\Users\HP\OneDrive\Bureau\Projects\Client-Auth&Side\target\classes\com\wholesaled\authentification\controller\AuthController.class]
2024-08-14T15:46:18.379+01:00 DEBUG 12624 --- [Auth-ClientSide-service] [           main] o.s.c.a.ClassPathBeanDefinitionScanner   : Identified candidate component class: file [C:\Users\HP\OneDrive\Bureau\Projects\Client-Auth&Side\target\classes\com\wholesaled\authentification\exception\GlobalExceptionHandler.class]
2024-08-14T15:46:18.404+01:00 DEBUG 12624 --- [Auth-ClientSide-service] [           main] o.s.c.a.ClassPathBeanDefinitionScanner   : Identified candidate component class: file [C:\Users\HP\OneDrive\Bureau\Projects\Client-Auth&Side\target\classes\com\wholesaled\authentification\otp\controller\OtpController.class]
2024-08-14T15:46:18.419+01:00 DEBUG 12624 --- [Auth-ClientSide-service] [           main] o.s.c.a.ClassPathBeanDefinitionScanner   : Ignored because not a concrete top-level class: file [C:\Users\HP\OneDrive\Bureau\Projects\Client-Auth&Side\target\classes\com\wholesaled\authentification\otp\repository\OtpRepository.class]
2024-08-14T15:46:18.422+01:00 DEBUG 12624 --- [Auth-ClientSide-service] [           main] o.s.c.a.ClassPathBeanDefinitionScanner   : Identified candidate component class: file [C:\Users\HP\OneDrive\Bureau\Projects\Client-Auth&Side\target\classes\com\wholesaled\authentification\otp\service\Impl\EmailServiceImpl.class]
2024-08-14T15:46:18.424+01:00 DEBUG 12624 --- [Auth-ClientSide-service] [           main] o.s.c.a.ClassPathBeanDefinitionScanner   : Identified candidate component class: file [C:\Users\HP\OneDrive\Bureau\Projects\Client-Auth&Side\target\classes\com\wholesaled\authentification\otp\service\Impl\OtpServiceImpl.class]
2024-08-14T15:46:18.436+01:00 DEBUG 12624 --- [Auth-ClientSide-service] [           main] o.s.c.a.ClassPathBeanDefinitionScanner   : Ignored because not a concrete top-level class: file [C:\Users\HP\OneDrive\Bureau\Projects\Client-Auth&Side\target\classes\com\wholesaled\authentification\repository\UserRepository.class]
2024-08-14T15:46:18.444+01:00 DEBUG 12624 --- [Auth-ClientSide-service] [           main] o.s.c.a.ClassPathBeanDefinitionScanner   : Identified candidate component class: file [C:\Users\HP\OneDrive\Bureau\Projects\Client-Auth&Side\target\classes\com\wholesaled\authentification\Service\Impl\UserServiceImpl.class]
2024-08-14T15:46:18.452+01:00 DEBUG 12624 --- [Auth-ClientSide-service] [           main] o.s.c.a.ClassPathBeanDefinitionScanner   : Identified candidate component class: file [C:\Users\HP\OneDrive\Bureau\Projects\Client-Auth&Side\target\classes\com\wholesaled\clientsideservice\adminOrder\AdminOrderController.class]
2024-08-14T15:46:18.454+01:00 DEBUG 12624 --- [Auth-ClientSide-service] [           main] o.s.c.a.ClassPathBeanDefinitionScanner   : Identified candidate component class: file [C:\Users\HP\OneDrive\Bureau\Projects\Client-Auth&Side\target\classes\com\wholesaled\clientsideservice\adminOrder\AdminOrderService.class]
2024-08-14T15:46:18.462+01:00 DEBUG 12624 --- [Auth-ClientSide-service] [           main] o.s.c.a.ClassPathBeanDefinitionScanner   : Identified candidate component class: file [C:\Users\HP\OneDrive\Bureau\Projects\Client-Auth&Side\target\classes\com\wholesaled\clientsideservice\Config\AppProperties.class]
2024-08-14T15:46:18.470+01:00 DEBUG 12624 --- [Auth-ClientSide-service] [           main] o.s.c.a.ClassPathBeanDefinitionScanner   : Identified candidate component class: file [C:\Users\HP\OneDrive\Bureau\Projects\Client-Auth&Side\target\classes\com\wholesaled\clientsideservice\Config\CorsConfig.class]
2024-08-14T15:46:18.471+01:00 DEBUG 12624 --- [Auth-ClientSide-service] [           main] o.s.c.a.ClassPathBeanDefinitionScanner   : Identified candidate component class: file [C:\Users\HP\OneDrive\Bureau\Projects\Client-Auth&Side\target\classes\com\wholesaled\clientsideservice\Config\ModelMapperConfig.class]
2024-08-14T15:46:18.474+01:00 DEBUG 12624 --- [Auth-ClientSide-service] [           main] o.s.c.a.ClassPathBeanDefinitionScanner   : Identified candidate component class: file [C:\Users\HP\OneDrive\Bureau\Projects\Client-Auth&Side\target\classes\com\wholesaled\clientsideservice\Config\MvcConfig.class]
2024-08-14T15:46:18.476+01:00 DEBUG 12624 --- [Auth-ClientSide-service] [           main] o.s.c.a.ClassPathBeanDefinitionScanner   : Identified candidate component class: file [C:\Users\HP\OneDrive\Bureau\Projects\Client-Auth&Side\target\classes\com\wholesaled\clientsideservice\Config\ObjectMapperConfig.class]
2024-08-14T15:46:18.480+01:00 DEBUG 12624 --- [Auth-ClientSide-service] [           main] o.s.c.a.ClassPathBeanDefinitionScanner   : Identified candidate component class: file [C:\Users\HP\OneDrive\Bureau\Projects\Client-Auth&Side\target\classes\com\wholesaled\clientsideservice\Controller\CartController.class]
2024-08-14T15:46:18.482+01:00 DEBUG 12624 --- [Auth-ClientSide-service] [           main] o.s.c.a.ClassPathBeanDefinitionScanner   : Identified candidate component class: file [C:\Users\HP\OneDrive\Bureau\Projects\Client-Auth&Side\target\classes\com\wholesaled\clientsideservice\Controller\CartElementController.class]
2024-08-14T15:46:18.487+01:00 DEBUG 12624 --- [Auth-ClientSide-service] [           main] o.s.c.a.ClassPathBeanDefinitionScanner   : Identified candidate component class: file [C:\Users\HP\OneDrive\Bureau\Projects\Client-Auth&Side\target\classes\com\wholesaled\clientsideservice\Controller\ClientController.class]
2024-08-14T15:46:18.489+01:00 DEBUG 12624 --- [Auth-ClientSide-service] [           main] o.s.c.a.ClassPathBeanDefinitionScanner   : Identified candidate component class: file [C:\Users\HP\OneDrive\Bureau\Projects\Client-Auth&Side\target\classes\com\wholesaled\clientsideservice\Controller\CommentController.class]
2024-08-14T15:46:18.491+01:00 DEBUG 12624 --- [Auth-ClientSide-service] [           main] o.s.c.a.ClassPathBeanDefinitionScanner   : Identified candidate component class: file [C:\Users\HP\OneDrive\Bureau\Projects\Client-Auth&Side\target\classes\com\wholesaled\clientsideservice\Controller\OrderController.class]
2024-08-14T15:46:18.493+01:00 DEBUG 12624 --- [Auth-ClientSide-service] [           main] o.s.c.a.ClassPathBeanDefinitionScanner   : Identified candidate component class: file [C:\Users\HP\OneDrive\Bureau\Projects\Client-Auth&Side\target\classes\com\wholesaled\clientsideservice\Controller\ProductController.class]
2024-08-14T15:46:18.494+01:00 DEBUG 12624 --- [Auth-ClientSide-service] [           main] o.s.c.a.ClassPathBeanDefinitionScanner   : Identified candidate component class: file [C:\Users\HP\OneDrive\Bureau\Projects\Client-Auth&Side\target\classes\com\wholesaled\clientsideservice\Controller\SseController.class]
2024-08-14T15:46:18.512+01:00 DEBUG 12624 --- [Auth-ClientSide-service] [           main] o.s.c.a.ClassPathBeanDefinitionScanner   : Identified candidate component class: file [C:\Users\HP\OneDrive\Bureau\Projects\Client-Auth&Side\target\classes\com\wholesaled\clientsideservice\Dto\ProductMapper.class]
2024-08-14T15:46:18.533+01:00 DEBUG 12624 --- [Auth-ClientSide-service] [           main] o.s.c.a.ClassPathBeanDefinitionScanner   : Identified candidate component class: file [C:\Users\HP\OneDrive\Bureau\Projects\Client-Auth&Side\target\classes\com\wholesaled\clientsideservice\Fiegn\FeignClientConfiguration.class]
2024-08-14T15:46:18.559+01:00 DEBUG 12624 --- [Auth-ClientSide-service] [           main] o.s.c.a.ClassPathBeanDefinitionScanner   : Ignored because not a concrete top-level class: file [C:\Users\HP\OneDrive\Bureau\Projects\Client-Auth&Side\target\classes\com\wholesaled\clientsideservice\Repository\CartElementRepository.class]
2024-08-14T15:46:18.560+01:00 DEBUG 12624 --- [Auth-ClientSide-service] [           main] o.s.c.a.ClassPathBeanDefinitionScanner   : Ignored because not a concrete top-level class: file [C:\Users\HP\OneDrive\Bureau\Projects\Client-Auth&Side\target\classes\com\wholesaled\clientsideservice\Repository\CartRepository.class]
2024-08-14T15:46:18.563+01:00 DEBUG 12624 --- [Auth-ClientSide-service] [           main] o.s.c.a.ClassPathBeanDefinitionScanner   : Ignored because not a concrete top-level class: file [C:\Users\HP\OneDrive\Bureau\Projects\Client-Auth&Side\target\classes\com\wholesaled\clientsideservice\Repository\CategoryRepository.class]
2024-08-14T15:46:18.567+01:00 DEBUG 12624 --- [Auth-ClientSide-service] [           main] o.s.c.a.ClassPathBeanDefinitionScanner   : Ignored because not a concrete top-level class: file [C:\Users\HP\OneDrive\Bureau\Projects\Client-Auth&Side\target\classes\com\wholesaled\clientsideservice\Repository\CommentRepository.class]
2024-08-14T15:46:18.568+01:00 DEBUG 12624 --- [Auth-ClientSide-service] [           main] o.s.c.a.ClassPathBeanDefinitionScanner   : Ignored because not a concrete top-level class: file [C:\Users\HP\OneDrive\Bureau\Projects\Client-Auth&Side\target\classes\com\wholesaled\clientsideservice\Repository\ImagesRepository.class]
2024-08-14T15:46:18.569+01:00 DEBUG 12624 --- [Auth-ClientSide-service] [           main] o.s.c.a.ClassPathBeanDefinitionScanner   : Ignored because not a concrete top-level class: file [C:\Users\HP\OneDrive\Bureau\Projects\Client-Auth&Side\target\classes\com\wholesaled\clientsideservice\Repository\OrderElementRepository.class]
2024-08-14T15:46:18.571+01:00 DEBUG 12624 --- [Auth-ClientSide-service] [           main] o.s.c.a.ClassPathBeanDefinitionScanner   : Ignored because not a concrete top-level class: file [C:\Users\HP\OneDrive\Bureau\Projects\Client-Auth&Side\target\classes\com\wholesaled\clientsideservice\Repository\OrderRepository.class]
2024-08-14T15:46:18.574+01:00 DEBUG 12624 --- [Auth-ClientSide-service] [           main] o.s.c.a.ClassPathBeanDefinitionScanner   : Ignored because not a concrete top-level class: file [C:\Users\HP\OneDrive\Bureau\Projects\Client-Auth&Side\target\classes\com\wholesaled\clientsideservice\Repository\ProductRepository.class]
2024-08-14T15:46:18.576+01:00 DEBUG 12624 --- [Auth-ClientSide-service] [           main] o.s.c.a.ClassPathBeanDefinitionScanner   : Identified candidate component class: file [C:\Users\HP\OneDrive\Bureau\Projects\Client-Auth&Side\target\classes\com\wholesaled\clientsideservice\Service\CartElementService.class]
2024-08-14T15:46:18.577+01:00 DEBUG 12624 --- [Auth-ClientSide-service] [           main] o.s.c.a.ClassPathBeanDefinitionScanner   : Identified candidate component class: file [C:\Users\HP\OneDrive\Bureau\Projects\Client-Auth&Side\target\classes\com\wholesaled\clientsideservice\Service\CartService.class]
2024-08-14T15:46:18.579+01:00 DEBUG 12624 --- [Auth-ClientSide-service] [           main] o.s.c.a.ClassPathBeanDefinitionScanner   : Identified candidate component class: file [C:\Users\HP\OneDrive\Bureau\Projects\Client-Auth&Side\target\classes\com\wholesaled\clientsideservice\Service\CommentService.class]
2024-08-14T15:46:18.582+01:00 DEBUG 12624 --- [Auth-ClientSide-service] [           main] o.s.c.a.ClassPathBeanDefinitionScanner   : Identified candidate component class: file [C:\Users\HP\OneDrive\Bureau\Projects\Client-Auth&Side\target\classes\com\wholesaled\clientsideservice\Service\OrderService.class]
2024-08-14T15:46:18.583+01:00 DEBUG 12624 --- [Auth-ClientSide-service] [           main] o.s.c.a.ClassPathBeanDefinitionScanner   : Identified candidate component class: file [C:\Users\HP\OneDrive\Bureau\Projects\Client-Auth&Side\target\classes\com\wholesaled\clientsideservice\Service\ProductService.class]
2024-08-14T15:46:18.586+01:00 DEBUG 12624 --- [Auth-ClientSide-service] [           main] o.s.c.a.ClassPathBeanDefinitionScanner   : Identified candidate component class: file [C:\Users\HP\OneDrive\Bureau\Projects\Client-Auth&Side\target\classes\com\wholesaled\clientsideservice\Service\ProductUpdateService.class]
2024-08-14T15:46:18.587+01:00 DEBUG 12624 --- [Auth-ClientSide-service] [           main] o.s.c.a.ClassPathBeanDefinitionScanner   : Identified candidate component class: file [C:\Users\HP\OneDrive\Bureau\Projects\Client-Auth&Side\target\classes\com\wholesaled\clientsideservice\Service\SseEmitterService.class]
2024-08-14T15:46:18.588+01:00 DEBUG 12624 --- [Auth-ClientSide-service] [           main] o.s.c.a.ClassPathBeanDefinitionScanner   : Identified candidate component class: file [C:\Users\HP\OneDrive\Bureau\Projects\Client-Auth&Side\target\classes\com\wholesaled\clientsideservice\Service\WebSocketService.class]
2024-08-14T15:46:18.593+01:00 DEBUG 12624 --- [Auth-ClientSide-service] [           main] o.s.c.a.ClassPathBeanDefinitionScanner   : Identified candidate component class: file [C:\Users\HP\OneDrive\Bureau\Projects\Client-Auth&Side\target\classes\com\wholesaled\Notification\config\WebSocketConfig.class]
2024-08-14T15:46:18.595+01:00 DEBUG 12624 --- [Auth-ClientSide-service] [           main] o.s.c.a.ClassPathBeanDefinitionScanner   : Identified candidate component class: file [C:\Users\HP\OneDrive\Bureau\Projects\Client-Auth&Side\target\classes\com\wholesaled\Notification\NotificationController.class]
2024-08-14T15:46:18.600+01:00 DEBUG 12624 --- [Auth-ClientSide-service] [           main] o.s.c.a.ClassPathBeanDefinitionScanner   : Identified candidate component class: file [C:\Users\HP\OneDrive\Bureau\Projects\Client-Auth&Side\target\classes\com\wholesaled\Notification\NotificationService.class]
2024-08-14T15:46:18.602+01:00 DEBUG 12624 --- [Auth-ClientSide-service] [           main] o.s.c.a.ClassPathBeanDefinitionScanner   : Ignored because not a concrete top-level class: file [C:\Users\HP\OneDrive\Bureau\Projects\Client-Auth&Side\target\classes\com\wholesaled\Notification\NotificationUserRepository.class]
2024-08-14T15:46:18.604+01:00 DEBUG 12624 --- [Auth-ClientSide-service] [           main] o.s.c.a.ClassPathBeanDefinitionScanner   : Identified candidate component class: file [C:\Users\HP\OneDrive\Bureau\Projects\Client-Auth&Side\target\classes\com\wholesaled\security\CustomUserDetailService.class]
2024-08-14T15:46:18.605+01:00 DEBUG 12624 --- [Auth-ClientSide-service] [           main] o.s.c.a.ClassPathBeanDefinitionScanner   : Identified candidate component class: file [C:\Users\HP\OneDrive\Bureau\Projects\Client-Auth&Side\target\classes\com\wholesaled\security\JwtAuthenticationFilter.class]
2024-08-14T15:46:18.606+01:00 DEBUG 12624 --- [Auth-ClientSide-service] [           main] o.s.c.a.ClassPathBeanDefinitionScanner   : Identified candidate component class: file [C:\Users\HP\OneDrive\Bureau\Projects\Client-Auth&Side\target\classes\com\wholesaled\security\JwtDecoder.class]
2024-08-14T15:46:18.610+01:00 DEBUG 12624 --- [Auth-ClientSide-service] [           main] o.s.c.a.ClassPathBeanDefinitionScanner   : Identified candidate component class: file [C:\Users\HP\OneDrive\Bureau\Projects\Client-Auth&Side\target\classes\com\wholesaled\security\JwtIssuer.class]
2024-08-14T15:46:18.611+01:00 DEBUG 12624 --- [Auth-ClientSide-service] [           main] o.s.c.a.ClassPathBeanDefinitionScanner   : Identified candidate component class: file [C:\Users\HP\OneDrive\Bureau\Projects\Client-Auth&Side\target\classes\com\wholesaled\security\JwtProperties.class]
2024-08-14T15:46:18.612+01:00 DEBUG 12624 --- [Auth-ClientSide-service] [           main] o.s.c.a.ClassPathBeanDefinitionScanner   : Identified candidate component class: file [C:\Users\HP\OneDrive\Bureau\Projects\Client-Auth&Side\target\classes\com\wholesaled\security\JwtToPrincipalConverter.class]
2024-08-14T15:46:18.621+01:00 DEBUG 12624 --- [Auth-ClientSide-service] [           main] o.s.c.a.ClassPathBeanDefinitionScanner   : Identified candidate component class: file [C:\Users\HP\OneDrive\Bureau\Projects\Client-Auth&Side\target\classes\com\wholesaled\security\SecurityConfig.class]
2024-08-14T15:46:18.623+01:00 DEBUG 12624 --- [Auth-ClientSide-service] [           main] o.s.c.a.ClassPathBeanDefinitionScanner   : Identified candidate component class: file [C:\Users\HP\OneDrive\Bureau\Projects\Client-Auth&Side\target\classes\com\wholesaled\security\UnauthorizedHandler.class]
2024-08-14T15:46:19.721+01:00 DEBUG 12624 --- [Auth-ClientSide-service] [           main] o.s.c.openfeign.FeignClientsRegistrar$1  : Identified candidate component class: file [C:\Users\HP\OneDrive\Bureau\Projects\Client-Auth&Side\target\classes\com\wholesaled\clientsideservice\Fiegn\TradeCustomerClient.class]
2024-08-14T15:46:20.074+01:00  INFO 12624 --- [Auth-ClientSide-service] [           main] .s.d.r.c.RepositoryConfigurationDelegate : Bootstrapping Spring Data JPA repositories in DEFAULT mode.
2024-08-14T15:46:20.092+01:00 DEBUG 12624 --- [Auth-ClientSide-service] [           main] o.s.b.f.s.DefaultListableBeanFactory     : Creating shared instance of singleton bean 'org.springframework.boot.autoconfigure.AutoConfigurationPackages'
2024-08-14T15:46:20.106+01:00 DEBUG 12624 --- [Auth-ClientSide-service] [           main] o.s.b.a.AutoConfigurationPackages        : @EnableAutoConfiguration was declared on a class in the package 'com.wholesaled'. Automatic @Repository and @Entity scanning is enabled.
2024-08-14T15:46:20.107+01:00 DEBUG 12624 --- [Auth-ClientSide-service] [           main] .s.d.r.c.RepositoryConfigurationDelegate : Scanning for JPA repositories in packages com.wholesaled.
2024-08-14T15:46:20.125+01:00 DEBUG 12624 --- [Auth-ClientSide-service] [           main] o.s.d.r.c.RepositoryComponentProvider    : Identified candidate component class: file [C:\Users\HP\OneDrive\Bureau\Projects\Client-Auth&Side\target\classes\com\wholesaled\authentification\otp\repository\OtpRepository.class]
2024-08-14T15:46:20.127+01:00 DEBUG 12624 --- [Auth-ClientSide-service] [           main] o.s.d.r.c.RepositoryComponentProvider    : Identified candidate component class: file [C:\Users\HP\OneDrive\Bureau\Projects\Client-Auth&Side\target\classes\com\wholesaled\authentification\repository\UserRepository.class]
2024-08-14T15:46:20.129+01:00 DEBUG 12624 --- [Auth-ClientSide-service] [           main] o.s.d.r.c.RepositoryComponentProvider    : Identified candidate component class: file [C:\Users\HP\OneDrive\Bureau\Projects\Client-Auth&Side\target\classes\com\wholesaled\clientsideservice\Repository\CartElementRepository.class]
2024-08-14T15:46:20.129+01:00 DEBUG 12624 --- [Auth-ClientSide-service] [           main] o.s.d.r.c.RepositoryComponentProvider    : Identified candidate component class: file [C:\Users\HP\OneDrive\Bureau\Projects\Client-Auth&Side\target\classes\com\wholesaled\clientsideservice\Repository\CartRepository.class]
2024-08-14T15:46:20.130+01:00 DEBUG 12624 --- [Auth-ClientSide-service] [           main] o.s.d.r.c.RepositoryComponentProvider    : Identified candidate component class: file [C:\Users\HP\OneDrive\Bureau\Projects\Client-Auth&Side\target\classes\com\wholesaled\clientsideservice\Repository\CategoryRepository.class]
2024-08-14T15:46:20.130+01:00 DEBUG 12624 --- [Auth-ClientSide-service] [           main] o.s.d.r.c.RepositoryComponentProvider    : Identified candidate component class: file [C:\Users\HP\OneDrive\Bureau\Projects\Client-Auth&Side\target\classes\com\wholesaled\clientsideservice\Repository\CommentRepository.class]
2024-08-14T15:46:20.130+01:00 DEBUG 12624 --- [Auth-ClientSide-service] [           main] o.s.d.r.c.RepositoryComponentProvider    : Identified candidate component class: file [C:\Users\HP\OneDrive\Bureau\Projects\Client-Auth&Side\target\classes\com\wholesaled\clientsideservice\Repository\ImagesRepository.class]
2024-08-14T15:46:20.130+01:00 DEBUG 12624 --- [Auth-ClientSide-service] [           main] o.s.d.r.c.RepositoryComponentProvider    : Identified candidate component class: file [C:\Users\HP\OneDrive\Bureau\Projects\Client-Auth&Side\target\classes\com\wholesaled\clientsideservice\Repository\OrderElementRepository.class]
2024-08-14T15:46:20.130+01:00 DEBUG 12624 --- [Auth-ClientSide-service] [           main] o.s.d.r.c.RepositoryComponentProvider    : Identified candidate component class: file [C:\Users\HP\OneDrive\Bureau\Projects\Client-Auth&Side\target\classes\com\wholesaled\clientsideservice\Repository\OrderRepository.class]
2024-08-14T15:46:20.130+01:00 DEBUG 12624 --- [Auth-ClientSide-service] [           main] o.s.d.r.c.RepositoryComponentProvider    : Identified candidate component class: file [C:\Users\HP\OneDrive\Bureau\Projects\Client-Auth&Side\target\classes\com\wholesaled\clientsideservice\Repository\ProductRepository.class]
2024-08-14T15:46:20.131+01:00 DEBUG 12624 --- [Auth-ClientSide-service] [           main] o.s.d.r.c.RepositoryComponentProvider    : Identified candidate component class: file [C:\Users\HP\OneDrive\Bureau\Projects\Client-Auth&Side\target\classes\com\wholesaled\Notification\NotificationUserRepository.class]
2024-08-14T15:46:20.291+01:00 DEBUG 12624 --- [Auth-ClientSide-service] [           main] ssPathScanningCandidateComponentProvider : Identified candidate component class: file [C:\Users\HP\OneDrive\Bureau\Projects\Client-Auth&Side\target\classes\com\wholesaled\authentification\otp\service\Impl\EmailServiceImpl.class]
2024-08-14T15:46:20.291+01:00 DEBUG 12624 --- [Auth-ClientSide-service] [           main] ssPathScanningCandidateComponentProvider : Identified candidate component class: file [C:\Users\HP\OneDrive\Bureau\Projects\Client-Auth&Side\target\classes\com\wholesaled\authentification\otp\service\Impl\OtpServiceImpl.class]
2024-08-14T15:46:20.291+01:00 DEBUG 12624 --- [Auth-ClientSide-service] [           main] ssPathScanningCandidateComponentProvider : Identified candidate component class: file [C:\Users\HP\OneDrive\Bureau\Projects\Client-Auth&Side\target\classes\com\wholesaled\authentification\Service\Impl\UserServiceImpl.class]
2024-08-14T15:46:20.329+01:00  INFO 12624 --- [Auth-ClientSide-service] [           main] .s.d.r.c.RepositoryConfigurationDelegate : Finished Spring Data repository scanning in 220 ms. Found 11 JPA repository interfaces.
2024-08-14T15:46:20.740+01:00 DEBUG 12624 --- [Auth-ClientSide-service] [           main] o.s.b.f.s.DefaultListableBeanFactory     : Creating shared instance of singleton bean 'refreshScope'
2024-08-14T15:46:20.743+01:00 DEBUG 12624 --- [Auth-ClientSide-service] [           main] o.s.b.f.s.DefaultListableBeanFactory     : Creating shared instance of singleton bean 'springSecurityHandlerMappingIntrospectorBeanDefinitionRegistryPostProcessor'
2024-08-14T15:46:20.745+01:00 DEBUG 12624 --- [Auth-ClientSide-service] [           main] o.s.b.f.s.DefaultListableBeanFactory     : Creating shared instance of singleton bean 'org.springframework.cloud.autoconfigure.RefreshAutoConfiguration$RefreshScopeBeanDefinitionEnhancer'
2024-08-14T15:46:20.930+01:00 DEBUG 12624 --- [Auth-ClientSide-service] [           main] o.s.cloud.context.scope.GenericScope     : Generating bean factory id from names: [AUTH-ADMIN-SERVICE.FeignClientSpecification, CartElementRepository, CartRepository, CategoryRepository, CommentRepository, ProductService, adminOrderController, adminOrderService, appProperties, applicationAvailability, applicationSecurity, authController, authenticationApplication, authenticationEventPublisher, authenticationManager, authenticationManagerBuilder, basicErrorController, beanNameHandlerMapping, beanNameViewResolver, blockingLoadBalancerClient, brokerChannel, brokerChannelExecutor, brokerMessageConverter, brokerMessagingTemplate, caffeineWarnLogger, cartController, cartElementController, cartElementService, cartService, characterEncodingFilter, clientController, clientInboundChannel, clientInboundChannelExecutor, clientOutboundChannel, clientOutboundChannelExecutor, com.wholesaled.clientsideservice.Fiegn.TradeCustomerClient, commentController, commentService, compositeCompatibilityVerifier, compositeDiscoveryClient, configDataContextRefresher, configurationPropertiesBeans, configurationPropertiesRebinder, conventionErrorViewResolver, conversionServicePostProcessor, cookieSerializer, corsConfig, corsFilter, customUserDetailService, data-jpa.repository-aot-processor#0, dataSource, dataSourceScriptDatabaseInitializer, default.com.wholesaled.AuthenticationApplication.FeignClientSpecification, default.org.springframework.cloud.loadbalancer.config.BlockingLoadBalancerClientAutoConfiguration.LoadBalancerClientSpecification, default.org.springframework.cloud.loadbalancer.config.LoadBalancerAutoConfiguration.LoadBalancerClientSpecification, default.org.springframework.cloud.netflix.eureka.loadbalancer.LoadBalancerEurekaAutoConfiguration.LoadBalancerClientSpecification, defaultEurekaClientHttpRequestFactorySupplier, defaultLoadBalancerCacheManager, defaultServletHandlerMapping, defaultValidator, defaultViewResolver, defaultsBindHandlerAdvisor, deferringLoadBalancerInterceptor, delegatingApplicationListener, discoveryClient, dispatcherServlet, dispatcherServletRegistration, eagerStompWebSocketHandlerMapping, emBeanDefinitionRegistrarPostProcessor, emailServiceImpl, enableGlobalAuthenticationAutowiredConfigurer, entityManagerFactory, entityManagerFactoryBuilder, environmentManager, error, errorAttributes, errorPageCustomizer, errorPageRegistrarBeanPostProcessor, eureka.client.rest-template-timeout-org.springframework.cloud.netflix.eureka.RestTemplateTimeoutProperties, eurekaApplicationInfoManager, eurekaAutoServiceRegistration, eurekaClient, eurekaClientConfigBean, eurekaFeature, eurekaInstanceConfigBean, eurekaLoadBalancerProperties, eurekaRegistration, eurekaServiceRegistry, feignChildContextInitializer, feignClient, feignClientBeanFactoryInitializationCodeGenerator, feignClientConfiguration, feignContext, feignFeature, feignTargeter, fileWatcher, flashMapManager, formContentFilter, getObjectMapper, globalExceptionHandler, gson, gsonBuilder, handlerExceptionResolver, handlerFunctionAdapter, hikariPoolDataSourceMetadataProvider, httpMessageConvertersRestClientCustomizer, httpRequestHandlerAdapter, imagesRepository, inetUtils, inetUtilsProperties, initializeAuthenticationProviderBeanManagerConfigurer, initializeUserDetailsBeanManagerConfigurer, jacksonGeoModule, jacksonObjectMapperBuilder, jdbcClient, jdbcConnectionDetails, jdbcConnectionDetailsHikariBeanPostProcessor, jdbcTemplate, jpa.CartElementRepository.fragments#0, jpa.CartRepository.fragments#0, jpa.CategoryRepository.fragments#0, jpa.CommentRepository.fragments#0, jpa.ImagesRepository.fragments#0, jpa.NotificationUserRepository.fragments#0, jpa.OrderElementRepository.fragments#0, jpa.OrderRepository.fragments#0, jpa.OtpRepository.fragments#0, jpa.ProductRepository.fragments#0, jpa.UserRepository.fragments#0, jpa.named-queries#0, jpa.named-queries#1, jpa.named-queries#10, jpa.named-queries#2, jpa.named-queries#3, jpa.named-queries#4, jpa.named-queries#5, jpa.named-queries#6, jpa.named-queries#7, jpa.named-queries#8, jpa.named-queries#9, jpaContext, jpaMappingContext, jpaSharedEM_entityManagerFactory, jpaVendorAdapter, jsonComponentModule, jsonMixinModule, jsonMixinModuleEntries, jwtAuthenticationFilter, jwtDecoder, jwtIssuer, jwtProperties, jwtToPrincipalConverter, lbRestClientPostProcessor, lifecycleProcessor, loadBalancedRestTemplateInitializerDeprecated, loadBalancerChildContextInitializer, loadBalancerClientFactory, loadBalancerClientsDefaultsMappingsProvider, loadBalancerEagerContextInitializer, loadBalancerInterceptor, loadBalancerRequestFactory, loadBalancerServiceInstanceCookieTransformer, localeCharsetMappingsCustomizer, localeResolver, loggingRebinder, mailSender, mappingJackson2HttpMessageConverter, messageBrokerTaskScheduler, messageConverters, methodValidationPostProcessor, modelMapper, modelMapperConfig, multipartConfigElement, multipartResolver, mvcConfig, mvcContentNegotiationManager, mvcConversionService, mvcHandlerMappingIntrospector, mvcHandlerMappingIntrospectorRequestTransformer, mvcPathMatcher, mvcPatternParser, mvcResourceUrlProvider, mvcUriComponentsContributor, mvcUrlPathHelper, mvcValidator, mvcViewResolver, namedParameterJdbcTemplate, notificationController, notificationService, notificationUserRepository, objectMapperConfig, objectPostProcessor, offsetResolver, openEntityManagerInViewInterceptor, openEntityManagerInViewInterceptorConfigurer, orderController, orderElementRepository, orderRepository, orderService, org.springframework.aop.config.internalAutoProxyCreator, org.springframework.boot.autoconfigure.AutoConfigurationPackages, org.springframework.boot.autoconfigure.aop.AopAutoConfiguration, org.springframework.boot.autoconfigure.aop.AopAutoConfiguration$AspectJAutoProxyingConfiguration, org.springframework.boot.autoconfigure.aop.AopAutoConfiguration$AspectJAutoProxyingConfiguration$CglibAutoProxyConfiguration, org.springframework.boot.autoconfigure.availability.ApplicationAvailabilityAutoConfiguration, org.springframework.boot.autoconfigure.context.ConfigurationPropertiesAutoConfiguration, org.springframework.boot.autoconfigure.context.LifecycleAutoConfiguration, org.springframework.boot.autoconfigure.context.PropertyPlaceholderAutoConfiguration, org.springframework.boot.autoconfigure.dao.PersistenceExceptionTranslationAutoConfiguration, org.springframework.boot.autoconfigure.data.jpa.JpaRepositoriesAutoConfiguration, org.springframework.boot.autoconfigure.data.web.SpringDataWebAutoConfiguration, org.springframework.boot.autoconfigure.gson.GsonAutoConfiguration, org.springframework.boot.autoconfigure.http.GsonHttpMessageConvertersConfiguration, org.springframework.boot.autoconfigure.http.HttpMessageConvertersAutoConfiguration, org.springframework.boot.autoconfigure.http.HttpMessageConvertersAutoConfiguration$StringHttpMessageConverterConfiguration, org.springframework.boot.autoconfigure.http.JacksonHttpMessageConvertersConfiguration, org.springframework.boot.autoconfigure.http.JacksonHttpMessageConvertersConfiguration$MappingJackson2HttpMessageConverterConfiguration, org.springframework.boot.autoconfigure.info.ProjectInfoAutoConfiguration, org.springframework.boot.autoconfigure.internalCachingMetadataReaderFactory, org.springframework.boot.autoconfigure.jackson.JacksonAutoConfiguration, org.springframework.boot.autoconfigure.jackson.JacksonAutoConfiguration$Jackson2ObjectMapperBuilderCustomizerConfiguration, org.springframework.boot.autoconfigure.jackson.JacksonAutoConfiguration$JacksonMixinConfiguration, org.springframework.boot.autoconfigure.jackson.JacksonAutoConfiguration$JacksonObjectMapperBuilderConfiguration, org.springframework.boot.autoconfigure.jackson.JacksonAutoConfiguration$JacksonObjectMapperConfiguration, org.springframework.boot.autoconfigure.jackson.JacksonAutoConfiguration$ParameterNamesModuleConfiguration, org.springframework.boot.autoconfigure.jdbc.DataSourceAutoConfiguration, org.springframework.boot.autoconfigure.jdbc.DataSourceAutoConfiguration$PooledDataSourceConfiguration, org.springframework.boot.autoconfigure.jdbc.DataSourceConfiguration$Hikari, org.springframework.boot.autoconfigure.jdbc.DataSourceTransactionManagerAutoConfiguration, org.springframework.boot.autoconfigure.jdbc.DataSourceTransactionManagerAutoConfiguration$JdbcTransactionManagerConfiguration, org.springframework.boot.autoconfigure.jdbc.JdbcClientAutoConfiguration, org.springframework.boot.autoconfigure.jdbc.JdbcTemplateAutoConfiguration, org.springframework.boot.autoconfigure.jdbc.JdbcTemplateConfiguration, org.springframework.boot.autoconfigure.jdbc.NamedParameterJdbcTemplateConfiguration, org.springframework.boot.autoconfigure.jdbc.metadata.DataSourcePoolMetadataProvidersConfiguration, org.springframework.boot.autoconfigure.jdbc.metadata.DataSourcePoolMetadataProvidersConfiguration$HikariPoolDataSourceMetadataProviderConfiguration, org.springframework.boot.autoconfigure.mail.MailSenderAutoConfiguration, org.springframework.boot.autoconfigure.mail.MailSenderPropertiesConfiguration, org.springframework.boot.autoconfigure.orm.jpa.HibernateJpaAutoConfiguration, org.springframework.boot.autoconfigure.orm.jpa.HibernateJpaConfiguration, org.springframework.boot.autoconfigure.orm.jpa.JpaBaseConfiguration$JpaWebConfiguration, org.springframework.boot.autoconfigure.orm.jpa.JpaBaseConfiguration$PersistenceManagedTypesConfiguration, org.springframework.boot.autoconfigure.reactor.ReactorAutoConfiguration, org.springframework.boot.autoconfigure.security.servlet.SecurityAutoConfiguration, org.springframework.boot.autoconfigure.security.servlet.SecurityFilterAutoConfiguration, org.springframework.boot.autoconfigure.security.servlet.SpringBootWebSecurityConfiguration, org.springframework.boot.autoconfigure.session.SessionAutoConfiguration, org.springframework.boot.autoconfigure.session.SessionAutoConfiguration$ServletSessionConfiguration, org.springframework.boot.autoconfigure.session.SessionAutoConfiguration$ServletSessionConfiguration$RememberMeServicesConfiguration, org.springframework.boot.autoconfigure.session.SessionAutoConfiguration$ServletSessionConfiguration$ServletSessionRepositoryConfiguration, org.springframework.boot.autoconfigure.sql.init.DataSourceInitializationConfiguration, org.springframework.boot.autoconfigure.sql.init.SqlInitializationAutoConfiguration, org.springframework.boot.autoconfigure.ssl.SslAutoConfiguration, org.springframework.boot.autoconfigure.task.TaskExecutionAutoConfiguration, org.springframework.boot.autoconfigure.task.TaskExecutorConfigurations$SimpleAsyncTaskExecutorBuilderConfiguration, org.springframework.boot.autoconfigure.task.TaskExecutorConfigurations$TaskExecutorBuilderConfiguration, org.springframework.boot.autoconfigure.task.TaskExecutorConfigurations$ThreadPoolTaskExecutorBuilderConfiguration, org.springframework.boot.autoconfigure.task.TaskSchedulingAutoConfiguration, org.springframework.boot.autoconfigure.task.TaskSchedulingConfigurations$SimpleAsyncTaskSchedulerBuilderConfiguration, org.springframework.boot.autoconfigure.task.TaskSchedulingConfigurations$TaskSchedulerBuilderConfiguration, org.springframework.boot.autoconfigure.task.TaskSchedulingConfigurations$ThreadPoolTaskSchedulerBuilderConfiguration, org.springframework.boot.autoconfigure.transaction.TransactionAutoConfiguration, org.springframework.boot.autoconfigure.transaction.TransactionAutoConfiguration$EnableTransactionManagementConfiguration, org.springframework.boot.autoconfigure.transaction.TransactionAutoConfiguration$EnableTransactionManagementConfiguration$CglibAutoProxyConfiguration, org.springframework.boot.autoconfigure.transaction.TransactionAutoConfiguration$TransactionTemplateConfiguration, org.springframework.boot.autoconfigure.transaction.TransactionManagerCustomizationAutoConfiguration, org.springframework.boot.autoconfigure.transaction.jta.JtaAutoConfiguration, org.springframework.boot.autoconfigure.validation.ValidationAutoConfiguration, org.springframework.boot.autoconfigure.web.client.RestClientAutoConfiguration, org.springframework.boot.autoconfigure.web.client.RestTemplateAutoConfiguration, org.springframework.boot.autoconfigure.web.servlet.DispatcherServletAutoConfiguration, org.springframework.boot.autoconfigure.web.servlet.DispatcherServletAutoConfiguration$DispatcherServletConfiguration, org.springframework.boot.autoconfigure.web.servlet.DispatcherServletAutoConfiguration$DispatcherServletRegistrationConfiguration, org.springframework.boot.autoconfigure.web.servlet.HttpEncodingAutoConfiguration, org.springframework.boot.autoconfigure.web.servlet.MultipartAutoConfiguration, org.springframework.boot.autoconfigure.web.servlet.ServletWebServerFactoryAutoConfiguration, org.springframework.boot.autoconfigure.web.servlet.ServletWebServerFactoryConfiguration$EmbeddedTomcat, org.springframework.boot.autoconfigure.web.servlet.WebMvcAutoConfiguration, org.springframework.boot.autoconfigure.web.servlet.WebMvcAutoConfiguration$EnableWebMvcConfiguration, org.springframework.boot.autoconfigure.web.servlet.WebMvcAutoConfiguration$WebMvcAutoConfigurationAdapter, org.springframework.boot.autoconfigure.web.servlet.error.ErrorMvcAutoConfiguration, org.springframework.boot.autoconfigure.web.servlet.error.ErrorMvcAutoConfiguration$DefaultErrorViewResolverConfiguration, org.springframework.boot.autoconfigure.web.servlet.error.ErrorMvcAutoConfiguration$WhitelabelErrorViewConfiguration, org.springframework.boot.autoconfigure.websocket.servlet.WebSocketMessagingAutoConfiguration, org.springframework.boot.autoconfigure.websocket.servlet.WebSocketMessagingAutoConfiguration$WebSocketMessageConverterConfiguration, org.springframework.boot.autoconfigure.websocket.servlet.WebSocketServletAutoConfiguration, org.springframework.boot.autoconfigure.websocket.servlet.WebSocketServletAutoConfiguration$TomcatWebSocketConfiguration, org.springframework.boot.context.internalConfigurationPropertiesBinder, org.springframework.boot.context.properties.BoundConfigurationProperties, org.springframework.boot.context.properties.ConfigurationPropertiesBindingPostProcessor, org.springframework.boot.context.properties.EnableConfigurationPropertiesRegistrar.methodValidationExcludeFilter, org.springframework.boot.sql.init.dependency.DatabaseInitializationDependencyConfigurer$DependsOnDatabaseInitializationPostProcessor, org.springframework.boot.test.mock.mockito.MockitoPostProcessor, org.springframework.boot.test.mock.mockito.MockitoPostProcessor$SpyPostProcessor, org.springframework.cloud.autoconfigure.ConfigurationPropertiesRebinderAutoConfiguration, org.springframework.cloud.autoconfigure.LifecycleMvcEndpointAutoConfiguration, org.springframework.cloud.autoconfigure.RefreshAutoConfiguration, org.springframework.cloud.autoconfigure.RefreshAutoConfiguration$RefreshScopeBeanDefinitionEnhancer, org.springframework.cloud.client.CommonsClientAutoConfiguration, org.springframework.cloud.client.ReactiveCommonsClientAutoConfiguration, org.springframework.cloud.client.discovery.composite.CompositeDiscoveryClientAutoConfiguration, org.springframework.cloud.client.discovery.simple.SimpleDiscoveryClientAutoConfiguration, org.springframework.cloud.client.loadbalancer.LoadBalancerAutoConfiguration, org.springframework.cloud.client.loadbalancer.LoadBalancerAutoConfiguration$DeferringLoadBalancerInterceptorConfig, org.springframework.cloud.client.loadbalancer.LoadBalancerAutoConfiguration$LoadBalancerInterceptorConfig, org.springframework.cloud.client.loadbalancer.LoadBalancerDefaultMappingsProviderAutoConfiguration, org.springframework.cloud.client.serviceregistry.AutoServiceRegistrationAutoConfiguration, org.springframework.cloud.client.serviceregistry.AutoServiceRegistrationConfiguration, org.springframework.cloud.client.serviceregistry.ServiceRegistryAutoConfiguration, org.springframework.cloud.commons.config.CommonsConfigAutoConfiguration, org.springframework.cloud.commons.security.ResourceServerTokenRelayAutoConfiguration, org.springframework.cloud.commons.security.ResourceServerTokenRelayAutoConfiguration$ResourceServerTokenRelayRegistrationAutoConfiguration, org.springframework.cloud.commons.util.UtilAutoConfiguration, org.springframework.cloud.configuration.CompatibilityVerifierAutoConfiguration, org.springframework.cloud.loadbalancer.config.BlockingLoadBalancerClientAutoConfiguration, org.springframework.cloud.loadbalancer.config.LoadBalancerAutoConfiguration, org.springframework.cloud.loadbalancer.config.LoadBalancerCacheAutoConfiguration, org.springframework.cloud.loadbalancer.config.LoadBalancerCacheAutoConfiguration$DefaultLoadBalancerCacheManagerConfiguration, org.springframework.cloud.loadbalancer.config.LoadBalancerCacheAutoConfiguration$LoadBalancerCacheManagerWarnConfiguration, org.springframework.cloud.netflix.eureka.EurekaClientAutoConfiguration, org.springframework.cloud.netflix.eureka.EurekaClientAutoConfiguration$RefreshableEurekaClientConfiguration, org.springframework.cloud.netflix.eureka.EurekaDiscoveryClientConfiguration, org.springframework.cloud.netflix.eureka.EurekaDiscoveryClientConfiguration$EurekaClientConfigurationRefresher, org.springframework.cloud.netflix.eureka.config.DiscoveryClientOptionalArgsConfiguration, org.springframework.cloud.netflix.eureka.loadbalancer.LoadBalancerEurekaAutoConfiguration, org.springframework.cloud.openfeign.FeignAutoConfiguration, org.springframework.cloud.openfeign.FeignAutoConfiguration$DefaultFeignTargeterConfiguration, org.springframework.cloud.openfeign.FeignAutoConfiguration$FeignJacksonConfiguration, org.springframework.cloud.openfeign.loadbalancer.DefaultFeignLoadBalancerConfiguration, org.springframework.cloud.openfeign.loadbalancer.FeignLoadBalancerAutoConfiguration, org.springframework.context.annotation.internalAutowiredAnnotationProcessor, org.springframework.context.annotation.internalCommonAnnotationProcessor, org.springframework.context.annotation.internalConfigurationAnnotationProcessor, org.springframework.context.annotation.internalPersistenceAnnotationProcessor, org.springframework.context.event.internalEventListenerFactory, org.springframework.context.event.internalEventListenerProcessor, org.springframework.data.jpa.repository.support.JpaEvaluationContextExtension, org.springframework.data.jpa.util.JpaMetamodelCacheCleanup, org.springframework.data.web.config.ProjectingArgumentResolverRegistrar, org.springframework.data.web.config.SpringDataJacksonConfiguration, org.springframework.data.web.config.SpringDataWebConfiguration, org.springframework.data.web.config.SpringDataWebSettings, org.springframework.security.config.annotation.authentication.configuration.AuthenticationConfiguration, org.springframework.security.config.annotation.configuration.ObjectPostProcessorConfiguration, org.springframework.security.config.annotation.web.configuration.HttpSecurityConfiguration, org.springframework.security.config.annotation.web.configuration.HttpSecurityConfiguration.httpSecurity, org.springframework.security.config.annotation.web.configuration.WebMvcSecurityConfiguration, org.springframework.security.config.annotation.web.configuration.WebSecurityConfiguration, org.springframework.transaction.annotation.ProxyTransactionManagementConfiguration, org.springframework.transaction.config.internalTransactionAdvisor, org.springframework.transaction.config.internalTransactionalEventListenerFactory, org.springframework.web.socket.config.annotation.DelegatingWebSocketMessageBrokerConfiguration, otpController, otpRepository, otpServiceImpl, pageJacksonModule, pageModule, pageableCustomizer, pageableResolver, parameterNamesModule, passwordEncoder, persistenceExceptionTranslationPostProcessor, persistenceManagedTypes, platformTransactionManagerCustomizers, preserveErrorControllerTargetClassPostProcessor, privilegeEvaluator, productController, productMapper, productRepository, productUpdateHandler, productUpdateService, projectingArgumentResolverBeanPostProcessor, propertySourcesPlaceholderConfigurer, refreshEventListener, refreshScope, refreshScopeLifecycle, rememberMeServicesCookieSerializerCustomizer, requestContextFilter, requestDataValueProcessor, requestInterceptor, requestMappingHandlerAdapter, requestMappingHandlerMapping, resourceHandlerMapping, restClientBuilder, restClientBuilderConfigurer, restClientSsl, restTemplateBuilder, restTemplateBuilderConfigurer, restTemplateCustomizer, restTemplateDiscoveryClientOptionalArgs, restTemplateTransportClientFactories, routerFunctionMapping, scopedTarget.eurekaApplicationInfoManager, scopedTarget.eurekaClient, scopedTarget.eurekaRegistration, securityConfig, securityFilterChainRegistration, server-org.springframework.boot.autoconfigure.web.ServerProperties, serviceManagementMetadataProvider, servletWebServerFactoryCustomizer, simpAnnotationMethodMessageHandler, simpleAsyncTaskExecutorBuilder, simpleAsyncTaskSchedulerBuilder, simpleBrokerMessageHandler, simpleControllerHandlerAdapter, simpleDiscoveryClient, simpleDiscoveryProperties, sleuthPresentVerifier, sortCustomizer, sortModule, sortResolver, spring.cloud.compatibility-verifier-org.springframework.cloud.configuration.CompatibilityVerifierProperties, spring.cloud.loadbalancer-org.springframework.cloud.client.loadbalancer.LoadBalancerClientsProperties, spring.cloud.loadbalancer.cache-org.springframework.cloud.loadbalancer.cache.LoadBalancerCacheProperties, spring.cloud.loadbalancer.eager-load-org.springframework.cloud.client.loadbalancer.LoadBalancerEagerLoadProperties, spring.cloud.openfeign.client-org.springframework.cloud.openfeign.FeignClientProperties, spring.cloud.openfeign.encoder-org.springframework.cloud.openfeign.support.FeignEncoderProperties, spring.cloud.openfeign.httpclient-org.springframework.cloud.openfeign.support.FeignHttpClientProperties, spring.cloud.refresh-org.springframework.cloud.autoconfigure.RefreshAutoConfiguration$RefreshProperties, spring.cloud.service-registry.auto-registration-org.springframework.cloud.client.serviceregistry.AutoServiceRegistrationProperties, spring.data.web-org.springframework.boot.autoconfigure.data.web.SpringDataWebProperties, spring.datasource-org.springframework.boot.autoconfigure.jdbc.DataSourceProperties, spring.gson-org.springframework.boot.autoconfigure.gson.GsonProperties, spring.info-org.springframework.boot.autoconfigure.info.ProjectInfoProperties, spring.jackson-org.springframework.boot.autoconfigure.jackson.JacksonProperties, spring.jdbc-org.springframework.boot.autoconfigure.jdbc.JdbcProperties, spring.jpa-org.springframework.boot.autoconfigure.orm.jpa.JpaProperties, spring.jpa.hibernate-org.springframework.boot.autoconfigure.orm.jpa.HibernateProperties, spring.lifecycle-org.springframework.boot.autoconfigure.context.LifecycleProperties, spring.mail-org.springframework.boot.autoconfigure.mail.MailProperties, spring.mvc-org.springframework.boot.autoconfigure.web.servlet.WebMvcProperties, spring.reactor-org.springframework.boot.autoconfigure.reactor.ReactorProperties, spring.security-org.springframework.boot.autoconfigure.security.SecurityProperties, spring.servlet.multipart-org.springframework.boot.autoconfigure.web.servlet.MultipartProperties, spring.session-org.springframework.boot.autoconfigure.session.SessionProperties, spring.sql.init-org.springframework.boot.autoconfigure.sql.init.SqlInitializationProperties, spring.ssl-org.springframework.boot.autoconfigure.ssl.SslProperties, spring.task.execution-org.springframework.boot.autoconfigure.task.TaskExecutionProperties, spring.task.scheduling-org.springframework.boot.autoconfigure.task.TaskSchedulingProperties, spring.transaction-org.springframework.boot.autoconfigure.transaction.TransactionProperties, spring.web-org.springframework.boot.autoconfigure.web.WebProperties, spring.webflux-org.springframework.boot.autoconfigure.web.reactive.WebFluxProperties, springBootVersionVerifier, springSecurityFilterChain, springSecurityHandlerMappingIntrospectorBeanDefinitionRegistryPostProcessor, sseController, sseEmitterService, sslBundleRegistry, sslPropertiesSslBundleRegistrar, standardGsonBuilderCustomizer, standardJacksonObjectMapperBuilderCustomizer, stompBrokerRelayMessageHandler, stompWebSocketHandlerMapping, stringHttpMessageConverter, subProtocolWebSocketHandler, taskExecutorBuilder, taskSchedulerBuilder, themeResolver, threadPoolTaskExecutorBuilder, threadPoolTaskSchedulerBuilder, tlsProperties, tomcatServletWebServerFactory, tomcatServletWebServerFactoryCustomizer, transactionAttributeSource, transactionExecutionListeners, transactionInterceptor, transactionManager, transactionTemplate, unauthorizedHandler, userDestinationMessageHandler, userDestinationResolver, userRegistry, userRegistryMessageHandler, userRepository, userServiceImpl, viewControllerHandlerMapping, viewNameTranslator, viewResolver, webSecurityExpressionHandler, webServerFactoryCustomizerBeanPostProcessor, webSocketConfig, webSocketMessageBrokerStats, webSocketScopeConfigurer, webSocketService, websocketServletWebServerCustomizer, welcomePageHandlerMapping, welcomePageNotAcceptableHandlerMapping, xForwarderHeadersFeignTransformer, xForwarderHeadersTransformer, zoneConfig]
2024-08-14T15:46:20.940+01:00  INFO 12624 --- [Auth-ClientSide-service] [           main] o.s.cloud.context.scope.GenericScope     : BeanFactory id=7e1c8f5f-4103-3d95-a0d3-3ce0291eb2c8
2024-08-14T15:46:20.942+01:00 DEBUG 12624 --- [Auth-ClientSide-service] [           main] o.s.b.f.s.DefaultListableBeanFactory     : Creating shared instance of singleton bean 'propertySourcesPlaceholderConfigurer'
2024-08-14T15:46:20.948+01:00 DEBUG 12624 --- [Auth-ClientSide-service] [           main] o.s.b.f.s.DefaultListableBeanFactory     : Creating shared instance of singleton bean 'org.springframework.boot.test.mock.mockito.MockitoPostProcessor'
2024-08-14T15:46:20.950+01:00 DEBUG 12624 --- [Auth-ClientSide-service] [           main] o.s.b.f.s.DefaultListableBeanFactory     : Creating shared instance of singleton bean 'webSocketScopeConfigurer'
2024-08-14T15:46:20.951+01:00 DEBUG 12624 --- [Auth-ClientSide-service] [           main] o.s.b.f.s.DefaultListableBeanFactory     : Creating shared instance of singleton bean 'emBeanDefinitionRegistrarPostProcessor'
2024-08-14T15:46:20.952+01:00 DEBUG 12624 --- [Auth-ClientSide-service] [           main] o.s.b.f.s.DefaultListableBeanFactory     : Creating shared instance of singleton bean 'org.springframework.boot.sql.init.dependency.DatabaseInitializationDependencyConfigurer$DependsOnDatabaseInitializationPostProcessor'
2024-08-14T15:46:21.130+01:00 DEBUG 12624 --- [Auth-ClientSide-service] [           main] o.s.b.f.s.DefaultListableBeanFactory     : Creating shared instance of singleton bean 'org.springframework.context.event.internalEventListenerProcessor'
2024-08-14T15:46:21.136+01:00 DEBUG 12624 --- [Auth-ClientSide-service] [           main] o.s.b.f.s.DefaultListableBeanFactory     : Creating shared instance of singleton bean 'conversionServicePostProcessor'
2024-08-14T15:46:21.149+01:00 DEBUG 12624 --- [Auth-ClientSide-service] [           main] o.s.b.f.s.DefaultListableBeanFactory     : Creating shared instance of singleton bean 'preserveErrorControllerTargetClassPostProcessor'
2024-08-14T15:46:21.153+01:00 DEBUG 12624 --- [Auth-ClientSide-service] [           main] o.s.b.f.s.DefaultListableBeanFactory     : Creating shared instance of singleton bean 'org.springframework.context.event.internalEventListenerFactory'
2024-08-14T15:46:21.154+01:00 DEBUG 12624 --- [Auth-ClientSide-service] [           main] o.s.b.f.s.DefaultListableBeanFactory     : Creating shared instance of singleton bean 'org.springframework.transaction.config.internalTransactionalEventListenerFactory'
2024-08-14T15:46:21.162+01:00 DEBUG 12624 --- [Auth-ClientSide-service] [           main] o.s.b.f.s.DefaultListableBeanFactory     : Creating shared instance of singleton bean 'org.springframework.boot.test.mock.mockito.MockitoPostProcessor$SpyPostProcessor'
2024-08-14T15:46:21.166+01:00 DEBUG 12624 --- [Auth-ClientSide-service] [           main] o.s.b.f.s.DefaultListableBeanFactory     : Creating shared instance of singleton bean 'org.springframework.context.annotation.internalAutowiredAnnotationProcessor'
2024-08-14T15:46:21.169+01:00 DEBUG 12624 --- [Auth-ClientSide-service] [           main] o.s.b.f.s.DefaultListableBeanFactory     : Creating shared instance of singleton bean 'org.springframework.context.annotation.internalCommonAnnotationProcessor'
2024-08-14T15:46:21.176+01:00 DEBUG 12624 --- [Auth-ClientSide-service] [           main] o.s.b.f.s.DefaultListableBeanFactory     : Creating shared instance of singleton bean 'org.springframework.context.annotation.internalPersistenceAnnotationProcessor'
2024-08-14T15:46:21.177+01:00 DEBUG 12624 --- [Auth-ClientSide-service] [           main] o.s.b.f.s.DefaultListableBeanFactory     : Creating shared instance of singleton bean 'org.springframework.boot.context.properties.ConfigurationPropertiesBindingPostProcessor'
2024-08-14T15:46:21.178+01:00 DEBUG 12624 --- [Auth-ClientSide-service] [           main] o.s.b.f.s.DefaultListableBeanFactory     : Creating shared instance of singleton bean 'org.springframework.boot.context.internalConfigurationPropertiesBinder'
2024-08-14T15:46:21.183+01:00 DEBUG 12624 --- [Auth-ClientSide-service] [           main] o.s.b.f.s.DefaultListableBeanFactory     : Creating shared instance of singleton bean 'jdbcConnectionDetailsHikariBeanPostProcessor'
2024-08-14T15:46:21.189+01:00 DEBUG 12624 --- [Auth-ClientSide-service] [           main] o.s.b.f.s.DefaultListableBeanFactory     : Creating shared instance of singleton bean 'methodValidationPostProcessor'
2024-08-14T15:46:21.218+01:00 DEBUG 12624 --- [Auth-ClientSide-service] [           main] o.s.b.f.s.DefaultListableBeanFactory     : Autowiring by type from bean name 'methodValidationPostProcessor' via factory method to bean named 'environment'
2024-08-14T15:46:21.223+01:00 DEBUG 12624 --- [Auth-ClientSide-service] [           main] o.s.b.f.s.DefaultListableBeanFactory     : Creating shared instance of singleton bean 'org.springframework.boot.context.properties.EnableConfigurationPropertiesRegistrar.methodValidationExcludeFilter'
2024-08-14T15:46:21.270+01:00 DEBUG 12624 --- [Auth-ClientSide-service] [           main] o.s.b.f.s.DefaultListableBeanFactory     : Creating shared instance of singleton bean 'org.springframework.aop.config.internalAutoProxyCreator'
2024-08-14T15:46:21.301+01:00 DEBUG 12624 --- [Auth-ClientSide-service] [           main] o.s.b.f.s.DefaultListableBeanFactory     : Creating shared instance of singleton bean 'persistenceExceptionTranslationPostProcessor'
2024-08-14T15:46:21.303+01:00 DEBUG 12624 --- [Auth-ClientSide-service] [           main] o.s.b.f.s.DefaultListableBeanFactory     : Autowiring by type from bean name 'persistenceExceptionTranslationPostProcessor' via factory method to bean named 'environment'
2024-08-14T15:46:21.306+01:00 DEBUG 12624 --- [Auth-ClientSide-service] [           main] o.s.b.f.s.DefaultListableBeanFactory     : Creating shared instance of singleton bean 'webServerFactoryCustomizerBeanPostProcessor'
2024-08-14T15:46:21.307+01:00 DEBUG 12624 --- [Auth-ClientSide-service] [           main] o.s.b.f.s.DefaultListableBeanFactory     : Creating shared instance of singleton bean 'errorPageRegistrarBeanPostProcessor'
2024-08-14T15:46:21.308+01:00 DEBUG 12624 --- [Auth-ClientSide-service] [           main] o.s.b.f.s.DefaultListableBeanFactory     : Creating shared instance of singleton bean 'projectingArgumentResolverBeanPostProcessor'
2024-08-14T15:46:21.311+01:00 DEBUG 12624 --- [Auth-ClientSide-service] [           main] o.s.b.f.s.DefaultListableBeanFactory     : Creating shared instance of singleton bean 'org.springframework.transaction.config.internalTransactionAdvisor'
2024-08-14T15:46:21.311+01:00 DEBUG 12624 --- [Auth-ClientSide-service] [           main] o.s.b.f.s.DefaultListableBeanFactory     : Creating shared instance of singleton bean 'org.springframework.transaction.annotation.ProxyTransactionManagementConfiguration'
2024-08-14T15:46:21.331+01:00 DEBUG 12624 --- [Auth-ClientSide-service] [           main] o.s.b.f.s.DefaultListableBeanFactory     : Creating shared instance of singleton bean 'transactionAttributeSource'
2024-08-14T15:46:21.334+01:00 DEBUG 12624 --- [Auth-ClientSide-service] [           main] o.s.b.f.s.DefaultListableBeanFactory     : Creating shared instance of singleton bean 'transactionInterceptor'
2024-08-14T15:46:21.336+01:00 DEBUG 12624 --- [Auth-ClientSide-service] [           main] o.s.b.f.s.DefaultListableBeanFactory     : Autowiring by type from bean name 'transactionInterceptor' via factory method to bean named 'transactionAttributeSource'
2024-08-14T15:46:21.344+01:00 DEBUG 12624 --- [Auth-ClientSide-service] [           main] o.s.b.f.s.DefaultListableBeanFactory     : Autowiring by type from bean name 'org.springframework.transaction.config.internalTransactionAdvisor' via factory method to bean named 'transactionAttributeSource'
2024-08-14T15:46:21.345+01:00 DEBUG 12624 --- [Auth-ClientSide-service] [           main] o.s.b.f.s.DefaultListableBeanFactory     : Autowiring by type from bean name 'org.springframework.transaction.config.internalTransactionAdvisor' via factory method to bean named 'transactionInterceptor'
2024-08-14T15:46:21.393+01:00 DEBUG 12624 --- [Auth-ClientSide-service] [           main] o.s.b.f.s.DefaultListableBeanFactory     : Creating shared instance of singleton bean 'configurationPropertiesBeans'
2024-08-14T15:46:21.396+01:00 DEBUG 12624 --- [Auth-ClientSide-service] [           main] o.s.b.f.s.DefaultListableBeanFactory     : Creating shared instance of singleton bean 'lbRestClientPostProcessor'
2024-08-14T15:46:21.396+01:00 DEBUG 12624 --- [Auth-ClientSide-service] [           main] o.s.b.f.s.DefaultListableBeanFactory     : Creating shared instance of singleton bean 'org.springframework.cloud.client.loadbalancer.LoadBalancerAutoConfiguration$DeferringLoadBalancerInterceptorConfig'
2024-08-14T15:46:21.397+01:00  WARN 12624 --- [Auth-ClientSide-service] [           main] trationDelegate$BeanPostProcessorChecker : Bean 'org.springframework.cloud.client.loadbalancer.LoadBalancerAutoConfiguration$DeferringLoadBalancerInterceptorConfig' of type [org.springframework.cloud.client.loadbalancer.LoadBalancerAutoConfiguration$DeferringLoadBalancerInterceptorConfig] is not eligible for getting processed by all BeanPostProcessors (for example: not eligible for auto-proxying). The currently created BeanPostProcessor [lbRestClientPostProcessor] is declared through a non-static factory method on that class; consider declaring it as static instead.
2024-08-14T15:46:21.399+01:00 DEBUG 12624 --- [Auth-ClientSide-service] [           main] o.s.b.f.s.DefaultListableBeanFactory     : Creating shared instance of singleton bean 'deferringLoadBalancerInterceptor'
2024-08-14T15:46:21.401+01:00  WARN 12624 --- [Auth-ClientSide-service] [           main] trationDelegate$BeanPostProcessorChecker : Bean 'deferringLoadBalancerInterceptor' of type [org.springframework.cloud.client.loadbalancer.DeferringLoadBalancerInterceptor] is not eligible for getting processed by all BeanPostProcessors (for example: not eligible for auto-proxying). Is this bean getting eagerly injected into a currently created BeanPostProcessor [lbRestClientPostProcessor]? Check the corresponding BeanPostProcessor declaration and its dependencies.
2024-08-14T15:46:21.404+01:00 DEBUG 12624 --- [Auth-ClientSide-service] [           main] o.s.b.f.s.DefaultListableBeanFactory     : Autowiring by type from bean name 'lbRestClientPostProcessor' via factory method to bean named 'deferringLoadBalancerInterceptor'
2024-08-14T15:46:21.404+01:00 DEBUG 12624 --- [Auth-ClientSide-service] [           main] o.s.b.f.s.DefaultListableBeanFactory     : Autowiring by type from bean name 'lbRestClientPostProcessor' via factory method to bean named 'org.springframework.web.context.support.GenericWebApplicationContext@57bd802b'
2024-08-14T15:46:21.412+01:00 DEBUG 12624 --- [Auth-ClientSide-service] [           main] o.s.u.c.s.UiApplicationContextUtils      : Unable to locate ThemeSource with name 'themeSource': using default [org.springframework.ui.context.support.ResourceBundleThemeSource@27bcb4ad]
2024-08-14T15:46:21.415+01:00 DEBUG 12624 --- [Auth-ClientSide-service] [           main] o.s.b.f.s.DefaultListableBeanFactory     : Creating shared instance of singleton bean 'dataSourceScriptDatabaseInitializer'
2024-08-14T15:46:21.415+01:00 DEBUG 12624 --- [Auth-ClientSide-service] [           main] o.s.b.f.s.DefaultListableBeanFactory     : Creating shared instance of singleton bean 'org.springframework.boot.autoconfigure.sql.init.DataSourceInitializationConfiguration'
2024-08-14T15:46:21.420+01:00 DEBUG 12624 --- [Auth-ClientSide-service] [           main] o.s.b.f.s.DefaultListableBeanFactory     : Creating shared instance of singleton bean 'dataSource'
2024-08-14T15:46:21.420+01:00 DEBUG 12624 --- [Auth-ClientSide-service] [           main] o.s.b.f.s.DefaultListableBeanFactory     : Creating shared instance of singleton bean 'org.springframework.boot.autoconfigure.jdbc.DataSourceConfiguration$Hikari'
2024-08-14T15:46:21.422+01:00 DEBUG 12624 --- [Auth-ClientSide-service] [           main] o.s.b.f.s.DefaultListableBeanFactory     : Creating shared instance of singleton bean 'spring.datasource-org.springframework.boot.autoconfigure.jdbc.DataSourceProperties'
2024-08-14T15:46:21.425+01:00 DEBUG 12624 --- [Auth-ClientSide-service] [           main] o.s.b.f.s.DefaultListableBeanFactory     : Creating shared instance of singleton bean 'org.springframework.boot.context.properties.BoundConfigurationProperties'
2024-08-14T15:46:21.434+01:00 DEBUG 12624 --- [Auth-ClientSide-service] [           main] o.s.b.f.s.DefaultListableBeanFactory     : Creating shared instance of singleton bean 'defaultsBindHandlerAdvisor'
2024-08-14T15:46:21.435+01:00 DEBUG 12624 --- [Auth-ClientSide-service] [           main] o.s.b.f.s.DefaultListableBeanFactory     : Creating shared instance of singleton bean 'org.springframework.cloud.commons.config.CommonsConfigAutoConfiguration'
2024-08-14T15:46:21.438+01:00 DEBUG 12624 --- [Auth-ClientSide-service] [           main] o.s.b.f.s.DefaultListableBeanFactory     : Creating shared instance of singleton bean 'loadBalancerClientsDefaultsMappingsProvider'
2024-08-14T15:46:21.440+01:00 DEBUG 12624 --- [Auth-ClientSide-service] [           main] o.s.b.f.s.DefaultListableBeanFactory     : Creating shared instance of singleton bean 'org.springframework.cloud.client.loadbalancer.LoadBalancerDefaultMappingsProviderAutoConfiguration'
2024-08-14T15:46:21.443+01:00 DEBUG 12624 --- [Auth-ClientSide-service] [           main] o.s.b.f.s.DefaultListableBeanFactory     : Autowiring by type from bean name 'defaultsBindHandlerAdvisor' via factory method to bean named 'loadBalancerClientsDefaultsMappingsProvider'
2024-08-14T15:46:21.481+01:00 DEBUG 12624 --- [Auth-ClientSide-service] [           main] o.s.b.f.s.DefaultListableBeanFactory     : Creating shared instance of singleton bean 'jdbcConnectionDetails'
2024-08-14T15:46:21.482+01:00 DEBUG 12624 --- [Auth-ClientSide-service] [           main] o.s.b.f.s.DefaultListableBeanFactory     : Creating shared instance of singleton bean 'org.springframework.boot.autoconfigure.jdbc.DataSourceAutoConfiguration$PooledDataSourceConfiguration'
2024-08-14T15:46:21.484+01:00 DEBUG 12624 --- [Auth-ClientSide-service] [           main] o.s.b.f.s.DefaultListableBeanFactory     : Autowiring by type from bean name 'jdbcConnectionDetails' via factory method to bean named 'spring.datasource-org.springframework.boot.autoconfigure.jdbc.DataSourceProperties'
2024-08-14T15:46:21.487+01:00 DEBUG 12624 --- [Auth-ClientSide-service] [           main] o.s.b.f.s.DefaultListableBeanFactory     : Autowiring by type from bean name 'dataSource' via factory method to bean named 'spring.datasource-org.springframework.boot.autoconfigure.jdbc.DataSourceProperties'
2024-08-14T15:46:21.487+01:00 DEBUG 12624 --- [Auth-ClientSide-service] [           main] o.s.b.f.s.DefaultListableBeanFactory     : Autowiring by type from bean name 'dataSource' via factory method to bean named 'jdbcConnectionDetails'
2024-08-14T15:46:21.564+01:00 DEBUG 12624 --- [Auth-ClientSide-service] [           main] o.s.b.f.s.DefaultListableBeanFactory     : Creating shared instance of singleton bean 'spring.sql.init-org.springframework.boot.autoconfigure.sql.init.SqlInitializationProperties'
2024-08-14T15:46:21.572+01:00 DEBUG 12624 --- [Auth-ClientSide-service] [           main] o.s.b.f.s.DefaultListableBeanFactory     : Autowiring by type from bean name 'dataSourceScriptDatabaseInitializer' via factory method to bean named 'dataSource'
2024-08-14T15:46:21.573+01:00 DEBUG 12624 --- [Auth-ClientSide-service] [           main] o.s.b.f.s.DefaultListableBeanFactory     : Autowiring by type from bean name 'dataSourceScriptDatabaseInitializer' via factory method to bean named 'spring.sql.init-org.springframework.boot.autoconfigure.sql.init.SqlInitializationProperties'
2024-08-14T15:46:21.583+01:00 DEBUG 12624 --- [Auth-ClientSide-service] [           main] o.s.b.f.s.DefaultListableBeanFactory     : Creating shared instance of singleton bean 'entityManagerFactory'
2024-08-14T15:46:21.583+01:00 DEBUG 12624 --- [Auth-ClientSide-service] [           main] o.s.b.f.s.DefaultListableBeanFactory     : Creating shared instance of singleton bean 'org.springframework.boot.autoconfigure.orm.jpa.HibernateJpaConfiguration'
2024-08-14T15:46:21.588+01:00 DEBUG 12624 --- [Auth-ClientSide-service] [           main] o.s.b.f.s.DefaultListableBeanFactory     : Creating shared instance of singleton bean 'spring.jpa-org.springframework.boot.autoconfigure.orm.jpa.JpaProperties'
2024-08-14T15:46:21.601+01:00 DEBUG 12624 --- [Auth-ClientSide-service] [           main] o.s.b.f.s.DefaultListableBeanFactory     : Creating shared instance of singleton bean 'spring.jpa.hibernate-org.springframework.boot.autoconfigure.orm.jpa.HibernateProperties'
2024-08-14T15:46:21.607+01:00 DEBUG 12624 --- [Auth-ClientSide-service] [           main] o.s.b.f.s.DefaultListableBeanFactory     : Autowiring by type from bean name 'org.springframework.boot.autoconfigure.orm.jpa.HibernateJpaConfiguration' via constructor to bean named 'dataSource'
2024-08-14T15:46:21.607+01:00 DEBUG 12624 --- [Auth-ClientSide-service] [           main] o.s.b.f.s.DefaultListableBeanFactory     : Autowiring by type from bean name 'org.springframework.boot.autoconfigure.orm.jpa.HibernateJpaConfiguration' via constructor to bean named 'spring.jpa-org.springframework.boot.autoconfigure.orm.jpa.JpaProperties'
2024-08-14T15:46:21.607+01:00 DEBUG 12624 --- [Auth-ClientSide-service] [           main] o.s.b.f.s.DefaultListableBeanFactory     : Autowiring by type from bean name 'org.springframework.boot.autoconfigure.orm.jpa.HibernateJpaConfiguration' via constructor to bean named 'org.springframework.beans.factory.support.DefaultListableBeanFactory@57ce634f'
2024-08-14T15:46:21.607+01:00 DEBUG 12624 --- [Auth-ClientSide-service] [           main] o.s.b.f.s.DefaultListableBeanFactory     : Autowiring by type from bean name 'org.springframework.boot.autoconfigure.orm.jpa.HibernateJpaConfiguration' via constructor to bean named 'spring.jpa.hibernate-org.springframework.boot.autoconfigure.orm.jpa.HibernateProperties'
2024-08-14T15:46:21.617+01:00 DEBUG 12624 --- [Auth-ClientSide-service] [           main] o.s.b.f.s.DefaultListableBeanFactory     : Creating shared instance of singleton bean 'hikariPoolDataSourceMetadataProvider'
2024-08-14T15:46:21.617+01:00 DEBUG 12624 --- [Auth-ClientSide-service] [           main] o.s.b.f.s.DefaultListableBeanFactory     : Creating shared instance of singleton bean 'org.springframework.boot.autoconfigure.jdbc.metadata.DataSourcePoolMetadataProvidersConfiguration$HikariPoolDataSourceMetadataProviderConfiguration'
2024-08-14T15:46:21.628+01:00 DEBUG 12624 --- [Auth-ClientSide-service] [           main] o.s.b.f.s.DefaultListableBeanFactory     : Creating shared instance of singleton bean 'entityManagerFactoryBuilder'
2024-08-14T15:46:21.631+01:00 DEBUG 12624 --- [Auth-ClientSide-service] [           main] o.s.b.f.s.DefaultListableBeanFactory     : Creating shared instance of singleton bean 'jpaVendorAdapter'
2024-08-14T15:46:21.668+01:00 DEBUG 12624 --- [Auth-ClientSide-service] [           main] o.s.b.f.s.DefaultListableBeanFactory     : Autowiring by type from bean name 'entityManagerFactoryBuilder' via factory method to bean named 'jpaVendorAdapter'
2024-08-14T15:46:21.680+01:00 DEBUG 12624 --- [Auth-ClientSide-service] [           main] o.s.b.f.s.DefaultListableBeanFactory     : Creating shared instance of singleton bean 'persistenceManagedTypes'
2024-08-14T15:46:21.683+01:00 DEBUG 12624 --- [Auth-ClientSide-service] [           main] o.s.b.f.s.DefaultListableBeanFactory     : Autowiring by type from bean name 'persistenceManagedTypes' via factory method to bean named 'org.springframework.beans.factory.support.DefaultListableBeanFactory@57ce634f'
2024-08-14T15:46:21.683+01:00 DEBUG 12624 --- [Auth-ClientSide-service] [           main] o.s.b.f.s.DefaultListableBeanFactory     : Autowiring by type from bean name 'persistenceManagedTypes' via factory method to bean named 'org.springframework.web.context.support.GenericWebApplicationContext@57bd802b'
2024-08-14T15:46:21.708+01:00 DEBUG 12624 --- [Auth-ClientSide-service] [           main] o.s.b.f.s.DefaultListableBeanFactory     : Autowiring by type from bean name 'entityManagerFactory' via factory method to bean named 'entityManagerFactoryBuilder'
2024-08-14T15:46:21.708+01:00 DEBUG 12624 --- [Auth-ClientSide-service] [           main] o.s.b.f.s.DefaultListableBeanFactory     : Autowiring by type from bean name 'entityManagerFactory' via factory method to bean named 'persistenceManagedTypes'
2024-08-14T15:46:21.775+01:00 DEBUG 12624 --- [Auth-ClientSide-service] [           main] j.LocalContainerEntityManagerFactoryBean : Building JPA container EntityManagerFactory for persistence unit 'default'
2024-08-14T15:46:21.894+01:00  INFO 12624 --- [Auth-ClientSide-service] [           main] o.hibernate.jpa.internal.util.LogHelper  : HHH000204: Processing PersistenceUnitInfo [name: default]
2024-08-14T15:46:22.038+01:00  INFO 12624 --- [Auth-ClientSide-service] [           main] org.hibernate.Version                    : HHH000412: Hibernate ORM core version 6.5.2.Final
2024-08-14T15:46:22.139+01:00  INFO 12624 --- [Auth-ClientSide-service] [           main] o.h.c.internal.RegionFactoryInitiator    : HHH000026: Second-level cache disabled
2024-08-14T15:46:22.733+01:00  INFO 12624 --- [Auth-ClientSide-service] [           main] o.s.o.j.p.SpringPersistenceUnitInfo      : No LoadTimeWeaver setup: ignoring JPA class transformer
2024-08-14T15:46:22.770+01:00  INFO 12624 --- [Auth-ClientSide-service] [           main] com.zaxxer.hikari.HikariDataSource       : HikariPool-1 - Starting...
2024-08-14T15:46:25.181+01:00  INFO 12624 --- [Auth-ClientSide-service] [           main] com.zaxxer.hikari.pool.HikariPool        : HikariPool-1 - Added connection org.postgresql.jdbc.PgConnection@701c482e
2024-08-14T15:46:25.184+01:00  INFO 12624 --- [Auth-ClientSide-service] [           main] com.zaxxer.hikari.HikariDataSource       : HikariPool-1 - Start completed.
2024-08-14T15:46:25.421+01:00  WARN 12624 --- [Auth-ClientSide-service] [           main] org.hibernate.orm.deprecation            : HHH90000025: PostgreSQLDialect does not need to be specified explicitly using 'hibernate.dialect' (remove the property setting and it will be selected by default)
2024-08-14T15:46:27.322+01:00  INFO 12624 --- [Auth-ClientSide-service] [           main] o.h.e.t.j.p.i.JtaPlatformInitiator       : HHH000489: No JTA platform available (set 'hibernate.transaction.jta.platform' to enable JTA platform integration)
2024-08-14T15:46:43.948+01:00  INFO 12624 --- [Auth-ClientSide-service] [           main] j.LocalContainerEntityManagerFactoryBean : Initialized JPA EntityManagerFactory for persistence unit 'default'
2024-08-14T15:46:43.952+01:00 DEBUG 12624 --- [Auth-ClientSide-service] [           main] o.s.b.f.s.DefaultListableBeanFactory     : Creating shared instance of singleton bean 'authenticationApplication'
2024-08-14T15:46:43.954+01:00 DEBUG 12624 --- [Auth-ClientSide-service] [           main] o.s.b.f.s.DefaultListableBeanFactory     : Creating shared instance of singleton bean 'authController'
2024-08-14T15:46:43.970+01:00 DEBUG 12624 --- [Auth-ClientSide-service] [           main] o.s.b.f.s.DefaultListableBeanFactory     : Creating shared instance of singleton bean 'userServiceImpl'
2024-08-14T15:46:43.975+01:00 DEBUG 12624 --- [Auth-ClientSide-service] [           main] o.s.b.f.s.DefaultListableBeanFactory     : Creating shared instance of singleton bean 'modelMapper'
2024-08-14T15:46:43.976+01:00 DEBUG 12624 --- [Auth-ClientSide-service] [           main] o.s.b.f.s.DefaultListableBeanFactory     : Creating shared instance of singleton bean 'modelMapperConfig'
2024-08-14T15:46:44.009+01:00 DEBUG 12624 --- [Auth-ClientSide-service] [           main] o.s.b.f.s.DefaultListableBeanFactory     : Creating shared instance of singleton bean 'brokerMessagingTemplate'
2024-08-14T15:46:44.009+01:00 DEBUG 12624 --- [Auth-ClientSide-service] [           main] o.s.b.f.s.DefaultListableBeanFactory     : Creating shared instance of singleton bean 'org.springframework.web.socket.config.annotation.DelegatingWebSocketMessageBrokerConfiguration'
2024-08-14T15:46:44.012+01:00 DEBUG 12624 --- [Auth-ClientSide-service] [           main] o.s.b.f.s.DefaultListableBeanFactory     : Creating shared instance of singleton bean 'webSocketConfig'
2024-08-14T15:46:44.013+01:00 DEBUG 12624 --- [Auth-ClientSide-service] [           main] o.s.b.f.s.DefaultListableBeanFactory     : Creating shared instance of singleton bean 'org.springframework.boot.autoconfigure.websocket.servlet.WebSocketMessagingAutoConfiguration$WebSocketMessageConverterConfiguration'
2024-08-14T15:46:44.014+01:00 DEBUG 12624 --- [Auth-ClientSide-service] [           main] o.s.b.f.s.DefaultListableBeanFactory     : Creating shared instance of singleton bean 'getObjectMapper'
2024-08-14T15:46:44.014+01:00 DEBUG 12624 --- [Auth-ClientSide-service] [           main] o.s.b.f.s.DefaultListableBeanFactory     : Creating shared instance of singleton bean 'objectMapperConfig'
2024-08-14T15:46:44.037+01:00 DEBUG 12624 --- [Auth-ClientSide-service] [           main] o.s.b.f.s.DefaultListableBeanFactory     : Autowiring by type from bean name 'org.springframework.boot.autoconfigure.websocket.servlet.WebSocketMessagingAutoConfiguration$WebSocketMessageConverterConfiguration' via constructor to bean named 'getObjectMapper'
2024-08-14T15:46:44.041+01:00 DEBUG 12624 --- [Auth-ClientSide-service] [           main] o.s.b.f.s.DefaultListableBeanFactory     : Creating shared instance of singleton bean 'brokerChannel'
2024-08-14T15:46:44.041+01:00 DEBUG 12624 --- [Auth-ClientSide-service] [           main] o.s.b.f.s.DefaultListableBeanFactory     : Creating shared instance of singleton bean 'clientInboundChannel'
2024-08-14T15:46:44.044+01:00 DEBUG 12624 --- [Auth-ClientSide-service] [           main] o.s.b.f.s.DefaultListableBeanFactory     : Creating shared instance of singleton bean 'clientInboundChannelExecutor'
2024-08-14T15:46:44.051+01:00 DEBUG 12624 --- [Auth-ClientSide-service] [           main] o.s.s.concurrent.ThreadPoolTaskExecutor  : Initializing ExecutorService 'clientInboundChannelExecutor'
2024-08-14T15:46:44.053+01:00 DEBUG 12624 --- [Auth-ClientSide-service] [           main] o.s.b.f.s.DefaultListableBeanFactory     : Autowiring by type from bean name 'clientInboundChannel' via factory method to bean named 'clientInboundChannelExecutor'
2024-08-14T15:46:44.061+01:00 DEBUG 12624 --- [Auth-ClientSide-service] [           main] o.s.b.f.s.DefaultListableBeanFactory     : Creating shared instance of singleton bean 'clientOutboundChannel'
2024-08-14T15:46:44.062+01:00 DEBUG 12624 --- [Auth-ClientSide-service] [           main] o.s.b.f.s.DefaultListableBeanFactory     : Creating shared instance of singleton bean 'clientOutboundChannelExecutor'
2024-08-14T15:46:44.063+01:00 DEBUG 12624 --- [Auth-ClientSide-service] [           main] o.s.s.concurrent.ThreadPoolTaskExecutor  : Initializing ExecutorService 'clientOutboundChannelExecutor'
2024-08-14T15:46:44.063+01:00 DEBUG 12624 --- [Auth-ClientSide-service] [           main] o.s.b.f.s.DefaultListableBeanFactory     : Autowiring by type from bean name 'clientOutboundChannel' via factory method to bean named 'clientOutboundChannelExecutor'
2024-08-14T15:46:44.064+01:00 DEBUG 12624 --- [Auth-ClientSide-service] [           main] o.s.b.f.s.DefaultListableBeanFactory     : Creating shared instance of singleton bean 'brokerChannelExecutor'
2024-08-14T15:46:44.065+01:00 DEBUG 12624 --- [Auth-ClientSide-service] [           main] o.s.b.f.s.DefaultListableBeanFactory     : Autowiring by type from bean name 'brokerChannelExecutor' via factory method to bean named 'clientInboundChannel'
2024-08-14T15:46:44.065+01:00 DEBUG 12624 --- [Auth-ClientSide-service] [           main] o.s.b.f.s.DefaultListableBeanFactory     : Autowiring by type from bean name 'brokerChannelExecutor' via factory method to bean named 'clientOutboundChannel'
2024-08-14T15:46:44.071+01:00 DEBUG 12624 --- [Auth-ClientSide-service] [           main] o.s.s.concurrent.ThreadPoolTaskExecutor  : Initializing ExecutorService 'brokerChannelExecutor'
2024-08-14T15:46:44.072+01:00 DEBUG 12624 --- [Auth-ClientSide-service] [           main] o.s.b.f.s.DefaultListableBeanFactory     : Autowiring by type from bean name 'brokerChannel' via factory method to bean named 'clientInboundChannel'
2024-08-14T15:46:44.072+01:00 DEBUG 12624 --- [Auth-ClientSide-service] [           main] o.s.b.f.s.DefaultListableBeanFactory     : Autowiring by type from bean name 'brokerChannel' via factory method to bean named 'clientOutboundChannel'
2024-08-14T15:46:44.072+01:00 DEBUG 12624 --- [Auth-ClientSide-service] [           main] o.s.b.f.s.DefaultListableBeanFactory     : Autowiring by type from bean name 'brokerChannel' via factory method to bean named 'brokerChannelExecutor'
2024-08-14T15:46:44.074+01:00 DEBUG 12624 --- [Auth-ClientSide-service] [           main] o.s.b.f.s.DefaultListableBeanFactory     : Creating shared instance of singleton bean 'brokerMessageConverter'
2024-08-14T15:46:44.085+01:00 DEBUG 12624 --- [Auth-ClientSide-service] [           main] o.s.b.f.s.DefaultListableBeanFactory     : Autowiring by type from bean name 'brokerMessagingTemplate' via factory method to bean named 'brokerChannel'
2024-08-14T15:46:44.085+01:00 DEBUG 12624 --- [Auth-ClientSide-service] [           main] o.s.b.f.s.DefaultListableBeanFactory     : Autowiring by type from bean name 'brokerMessagingTemplate' via factory method to bean named 'clientInboundChannel'
2024-08-14T15:46:44.085+01:00 DEBUG 12624 --- [Auth-ClientSide-service] [           main] o.s.b.f.s.DefaultListableBeanFactory     : Autowiring by type from bean name 'brokerMessagingTemplate' via factory method to bean named 'clientOutboundChannel'
2024-08-14T15:46:44.085+01:00 DEBUG 12624 --- [Auth-ClientSide-service] [           main] o.s.b.f.s.DefaultListableBeanFactory     : Autowiring by type from bean name 'brokerMessagingTemplate' via factory method to bean named 'brokerMessageConverter'
2024-08-14T15:46:44.098+01:00 DEBUG 12624 --- [Auth-ClientSide-service] [           main] o.s.b.f.s.DefaultListableBeanFactory     : Creating shared instance of singleton bean 'orderElementRepository'
2024-08-14T15:46:44.114+01:00 DEBUG 12624 --- [Auth-ClientSide-service] [           main] o.s.b.f.s.DefaultListableBeanFactory     : Creating shared instance of singleton bean 'jpa.named-queries#8'
2024-08-14T15:46:44.119+01:00 DEBUG 12624 --- [Auth-ClientSide-service] [           main] o.s.b.f.s.DefaultListableBeanFactory     : Creating shared instance of singleton bean 'jpa.OrderElementRepository.fragments#0'
2024-08-14T15:46:44.128+01:00 DEBUG 12624 --- [Auth-ClientSide-service] [           main] o.s.b.f.s.DefaultListableBeanFactory     : Creating shared instance of singleton bean 'jpaSharedEM_entityManagerFactory'
2024-08-14T15:46:44.171+01:00 DEBUG 12624 --- [Auth-ClientSide-service] [           main] o.s.b.f.s.DefaultListableBeanFactory     : Creating shared instance of singleton bean 'jpaMappingContext'
2024-08-14T15:46:44.173+01:00 DEBUG 12624 --- [Auth-ClientSide-service] [           main] .c.JpaMetamodelMappingContextFactoryBean : Initializing JpaMetamodelMappingContext…
2024-08-14T15:46:44.227+01:00 DEBUG 12624 --- [Auth-ClientSide-service] [           main] .c.JpaMetamodelMappingContextFactoryBean : Finished initializing JpaMetamodelMappingContext
2024-08-14T15:46:44.295+01:00 DEBUG 12624 --- [Auth-ClientSide-service] [           main] tor$SharedEntityManagerInvocationHandler : Creating new EntityManager for shared EntityManager invocation
2024-08-14T15:46:44.360+01:00 DEBUG 12624 --- [Auth-ClientSide-service] [           main] tor$SharedEntityManagerInvocationHandler : Creating new EntityManager for shared EntityManager invocation
2024-08-14T15:46:44.513+01:00 DEBUG 12624 --- [Auth-ClientSide-service] [           main] o.s.d.r.c.s.RepositoryFactorySupport     : Initializing repository instance for com.wholesaled.clientsideservice.Repository.OrderElementRepository…
2024-08-14T15:46:44.553+01:00 DEBUG 12624 --- [Auth-ClientSide-service] [           main] tor$SharedEntityManagerInvocationHandler : Creating new EntityManager for shared EntityManager invocation
2024-08-14T15:46:44.660+01:00 DEBUG 12624 --- [Auth-ClientSide-service] [           main] o.s.d.jpa.repository.query.NamedQuery    : Looking up named query OrderElement.countOrderElementsByProductId
2024-08-14T15:46:44.664+01:00 DEBUG 12624 --- [Auth-ClientSide-service] [           main] o.s.d.jpa.repository.query.NamedQuery    : Did not find named query OrderElement.countOrderElementsByProductId
2024-08-14T15:46:44.672+01:00 DEBUG 12624 --- [Auth-ClientSide-service] [           main] tor$SharedEntityManagerInvocationHandler : Creating new EntityManager for shared EntityManager invocation
2024-08-14T15:46:44.784+01:00 DEBUG 12624 --- [Auth-ClientSide-service] [           main] o.s.d.jpa.repository.query.NamedQuery    : Looking up named query OrderElement.deleteOrderElementsByOrderId
2024-08-14T15:46:44.785+01:00 DEBUG 12624 --- [Auth-ClientSide-service] [           main] o.s.d.jpa.repository.query.NamedQuery    : Did not find named query OrderElement.deleteOrderElementsByOrderId
2024-08-14T15:46:44.785+01:00 DEBUG 12624 --- [Auth-ClientSide-service] [           main] tor$SharedEntityManagerInvocationHandler : Creating new EntityManager for shared EntityManager invocation
2024-08-14T15:46:44.788+01:00 DEBUG 12624 --- [Auth-ClientSide-service] [           main] o.s.d.jpa.repository.query.NamedQuery    : Looking up named query OrderElement.deleteOrderElementsByProductId
2024-08-14T15:46:44.789+01:00 DEBUG 12624 --- [Auth-ClientSide-service] [           main] o.s.d.jpa.repository.query.NamedQuery    : Did not find named query OrderElement.deleteOrderElementsByProductId
2024-08-14T15:46:44.789+01:00 DEBUG 12624 --- [Auth-ClientSide-service] [           main] tor$SharedEntityManagerInvocationHandler : Creating new EntityManager for shared EntityManager invocation
2024-08-14T15:46:44.795+01:00 DEBUG 12624 --- [Auth-ClientSide-service] [           main] o.s.d.r.c.s.RepositoryFactorySupport     : Finished creation of repository instance for com.wholesaled.clientsideservice.Repository.OrderElementRepository.
2024-08-14T15:46:44.804+01:00 DEBUG 12624 --- [Auth-ClientSide-service] [           main] o.s.b.f.s.DefaultListableBeanFactory     : Creating shared instance of singleton bean 'userRepository'
2024-08-14T15:46:44.806+01:00 DEBUG 12624 --- [Auth-ClientSide-service] [           main] o.s.b.f.s.DefaultListableBeanFactory     : Creating shared instance of singleton bean 'jpa.named-queries#4'
2024-08-14T15:46:44.807+01:00 DEBUG 12624 --- [Auth-ClientSide-service] [           main] o.s.b.f.s.DefaultListableBeanFactory     : Creating shared instance of singleton bean 'jpa.UserRepository.fragments#0'
2024-08-14T15:46:44.809+01:00 DEBUG 12624 --- [Auth-ClientSide-service] [           main] tor$SharedEntityManagerInvocationHandler : Creating new EntityManager for shared EntityManager invocation
2024-08-14T15:46:44.809+01:00 DEBUG 12624 --- [Auth-ClientSide-service] [           main] o.s.d.r.c.s.RepositoryFactorySupport     : Initializing repository instance for com.wholesaled.authentification.repository.UserRepository…
2024-08-14T15:46:44.810+01:00 DEBUG 12624 --- [Auth-ClientSide-service] [           main] tor$SharedEntityManagerInvocationHandler : Creating new EntityManager for shared EntityManager invocation
2024-08-14T15:46:44.817+01:00 DEBUG 12624 --- [Auth-ClientSide-service] [           main] o.s.d.jpa.repository.query.NamedQuery    : Looking up named query User.findUsersByFavoriteProductsContains
2024-08-14T15:46:44.818+01:00 DEBUG 12624 --- [Auth-ClientSide-service] [           main] o.s.d.jpa.repository.query.NamedQuery    : Did not find named query User.findUsersByFavoriteProductsContains
2024-08-14T15:46:44.819+01:00 DEBUG 12624 --- [Auth-ClientSide-service] [           main] tor$SharedEntityManagerInvocationHandler : Creating new EntityManager for shared EntityManager invocation
2024-08-14T15:46:44.826+01:00 DEBUG 12624 --- [Auth-ClientSide-service] [           main] o.s.d.jpa.repository.query.NamedQuery    : Looking up named query User.existsByEmail
2024-08-14T15:46:44.827+01:00 DEBUG 12624 --- [Auth-ClientSide-service] [           main] o.s.d.jpa.repository.query.NamedQuery    : Did not find named query User.existsByEmail
2024-08-14T15:46:44.827+01:00 DEBUG 12624 --- [Auth-ClientSide-service] [           main] tor$SharedEntityManagerInvocationHandler : Creating new EntityManager for shared EntityManager invocation
2024-08-14T15:46:44.880+01:00  INFO 12624 --- [Auth-ClientSide-service] [           main] o.s.d.j.r.query.QueryEnhancerFactory     : Hibernate is in classpath; If applicable, HQL parser will be used.
2024-08-14T15:46:45.217+01:00 DEBUG 12624 --- [Auth-ClientSide-service] [           main] o.s.d.jpa.repository.query.NamedQuery    : Did not find named query User.findByEmail.count
2024-08-14T15:46:45.218+01:00 DEBUG 12624 --- [Auth-ClientSide-service] [           main] tor$SharedEntityManagerInvocationHandler : Creating new EntityManager for shared EntityManager invocation
2024-08-14T15:46:45.630+01:00 DEBUG 12624 --- [Auth-ClientSide-service] [           main] o.s.d.jpa.repository.query.NamedQuery    : Did not find named query User.findByEmailAndPassword.count
2024-08-14T15:46:45.630+01:00 DEBUG 12624 --- [Auth-ClientSide-service] [           main] tor$SharedEntityManagerInvocationHandler : Creating new EntityManager for shared EntityManager invocation
2024-08-14T15:46:45.657+01:00 DEBUG 12624 --- [Auth-ClientSide-service] [           main] o.s.d.r.c.s.RepositoryFactorySupport     : Finished creation of repository instance for com.wholesaled.authentification.repository.UserRepository.
2024-08-14T15:46:45.659+01:00 DEBUG 12624 --- [Auth-ClientSide-service] [           main] o.s.b.f.s.DefaultListableBeanFactory     : Creating shared instance of singleton bean 'orderRepository'
2024-08-14T15:46:45.661+01:00 DEBUG 12624 --- [Auth-ClientSide-service] [           main] o.s.b.f.s.DefaultListableBeanFactory     : Creating shared instance of singleton bean 'jpa.named-queries#6'
2024-08-14T15:46:45.662+01:00 DEBUG 12624 --- [Auth-ClientSide-service] [           main] o.s.b.f.s.DefaultListableBeanFactory     : Creating shared instance of singleton bean 'jpa.OrderRepository.fragments#0'
2024-08-14T15:46:45.664+01:00 DEBUG 12624 --- [Auth-ClientSide-service] [           main] tor$SharedEntityManagerInvocationHandler : Creating new EntityManager for shared EntityManager invocation
2024-08-14T15:46:45.665+01:00 DEBUG 12624 --- [Auth-ClientSide-service] [           main] o.s.d.r.c.s.RepositoryFactorySupport     : Initializing repository instance for com.wholesaled.clientsideservice.Repository.OrderRepository…
2024-08-14T15:46:45.666+01:00 DEBUG 12624 --- [Auth-ClientSide-service] [           main] tor$SharedEntityManagerInvocationHandler : Creating new EntityManager for shared EntityManager invocation
2024-08-14T15:46:45.671+01:00 DEBUG 12624 --- [Auth-ClientSide-service] [           main] o.s.d.jpa.repository.query.NamedQuery    : Looking up named query Order1.findOrder1sByUser_Id
2024-08-14T15:46:45.673+01:00 DEBUG 12624 --- [Auth-ClientSide-service] [           main] o.s.d.jpa.repository.query.NamedQuery    : Did not find named query Order1.findOrder1sByUser_Id
2024-08-14T15:46:45.673+01:00 DEBUG 12624 --- [Auth-ClientSide-service] [           main] tor$SharedEntityManagerInvocationHandler : Creating new EntityManager for shared EntityManager invocation
2024-08-14T15:46:45.689+01:00 DEBUG 12624 --- [Auth-ClientSide-service] [           main] o.s.d.jpa.repository.query.NamedQuery    : Did not find named query Order1.deleteByUserId.count
2024-08-14T15:46:45.689+01:00 DEBUG 12624 --- [Auth-ClientSide-service] [           main] tor$SharedEntityManagerInvocationHandler : Creating new EntityManager for shared EntityManager invocation
2024-08-14T15:46:45.720+01:00 DEBUG 12624 --- [Auth-ClientSide-service] [           main] o.s.d.jpa.repository.query.NamedQuery    : Looking up named query Order1.findByStatus
2024-08-14T15:46:45.721+01:00 DEBUG 12624 --- [Auth-ClientSide-service] [           main] o.s.d.jpa.repository.query.NamedQuery    : Did not find named query Order1.findByStatus
2024-08-14T15:46:45.722+01:00 DEBUG 12624 --- [Auth-ClientSide-service] [           main] tor$SharedEntityManagerInvocationHandler : Creating new EntityManager for shared EntityManager invocation
2024-08-14T15:46:45.724+01:00 DEBUG 12624 --- [Auth-ClientSide-service] [           main] o.s.d.jpa.repository.query.NamedQuery    : Looking up named query Order1.deleteOrder1sByUser_Id
2024-08-14T15:46:45.725+01:00 DEBUG 12624 --- [Auth-ClientSide-service] [           main] o.s.d.jpa.repository.query.NamedQuery    : Did not find named query Order1.deleteOrder1sByUser_Id
2024-08-14T15:46:45.725+01:00 DEBUG 12624 --- [Auth-ClientSide-service] [           main] tor$SharedEntityManagerInvocationHandler : Creating new EntityManager for shared EntityManager invocation
2024-08-14T15:46:45.731+01:00 DEBUG 12624 --- [Auth-ClientSide-service] [           main] o.s.d.r.c.s.RepositoryFactorySupport     : Finished creation of repository instance for com.wholesaled.clientsideservice.Repository.OrderRepository.
2024-08-14T15:46:45.735+01:00 DEBUG 12624 --- [Auth-ClientSide-service] [           main] o.s.b.f.s.DefaultListableBeanFactory     : Creating shared instance of singleton bean 'CommentRepository'
2024-08-14T15:46:45.738+01:00 DEBUG 12624 --- [Auth-ClientSide-service] [           main] o.s.b.f.s.DefaultListableBeanFactory     : Creating shared instance of singleton bean 'jpa.named-queries#7'
2024-08-14T15:46:45.740+01:00 DEBUG 12624 --- [Auth-ClientSide-service] [           main] o.s.b.f.s.DefaultListableBeanFactory     : Creating shared instance of singleton bean 'jpa.CommentRepository.fragments#0'
2024-08-14T15:46:45.742+01:00 DEBUG 12624 --- [Auth-ClientSide-service] [           main] tor$SharedEntityManagerInvocationHandler : Creating new EntityManager for shared EntityManager invocation
2024-08-14T15:46:45.743+01:00 DEBUG 12624 --- [Auth-ClientSide-service] [           main] o.s.d.r.c.s.RepositoryFactorySupport     : Initializing repository instance for com.wholesaled.clientsideservice.Repository.CommentRepository…
2024-08-14T15:46:45.744+01:00 DEBUG 12624 --- [Auth-ClientSide-service] [           main] tor$SharedEntityManagerInvocationHandler : Creating new EntityManager for shared EntityManager invocation
2024-08-14T15:46:45.749+01:00 DEBUG 12624 --- [Auth-ClientSide-service] [           main] o.s.d.jpa.repository.query.NamedQuery    : Looking up named query Comment.deleteCommentsByUser_Id
2024-08-14T15:46:45.750+01:00 DEBUG 12624 --- [Auth-ClientSide-service] [           main] o.s.d.jpa.repository.query.NamedQuery    : Did not find named query Comment.deleteCommentsByUser_Id
2024-08-14T15:46:45.751+01:00 DEBUG 12624 --- [Auth-ClientSide-service] [           main] tor$SharedEntityManagerInvocationHandler : Creating new EntityManager for shared EntityManager invocation
2024-08-14T15:46:45.754+01:00 DEBUG 12624 --- [Auth-ClientSide-service] [           main] o.s.d.jpa.repository.query.NamedQuery    : Looking up named query Comment.deleteCommentsByProductId
2024-08-14T15:46:45.755+01:00 DEBUG 12624 --- [Auth-ClientSide-service] [           main] o.s.d.jpa.repository.query.NamedQuery    : Did not find named query Comment.deleteCommentsByProductId
2024-08-14T15:46:45.755+01:00 DEBUG 12624 --- [Auth-ClientSide-service] [           main] tor$SharedEntityManagerInvocationHandler : Creating new EntityManager for shared EntityManager invocation
2024-08-14T15:46:45.757+01:00 DEBUG 12624 --- [Auth-ClientSide-service] [           main] o.s.d.jpa.repository.query.NamedQuery    : Looking up named query Comment.findCommentsByProduct_Id
2024-08-14T15:46:45.758+01:00 DEBUG 12624 --- [Auth-ClientSide-service] [           main] o.s.d.jpa.repository.query.NamedQuery    : Did not find named query Comment.findCommentsByProduct_Id
2024-08-14T15:46:45.760+01:00 DEBUG 12624 --- [Auth-ClientSide-service] [           main] tor$SharedEntityManagerInvocationHandler : Creating new EntityManager for shared EntityManager invocation
2024-08-14T15:46:45.762+01:00 DEBUG 12624 --- [Auth-ClientSide-service] [           main] o.s.d.jpa.repository.query.NamedQuery    : Looking up named query Comment.deleteCommentByUser_IdAndProductId
2024-08-14T15:46:45.764+01:00 DEBUG 12624 --- [Auth-ClientSide-service] [           main] o.s.d.jpa.repository.query.NamedQuery    : Did not find named query Comment.deleteCommentByUser_IdAndProductId
2024-08-14T15:46:45.764+01:00 DEBUG 12624 --- [Auth-ClientSide-service] [           main] tor$SharedEntityManagerInvocationHandler : Creating new EntityManager for shared EntityManager invocation
2024-08-14T15:46:45.767+01:00 DEBUG 12624 --- [Auth-ClientSide-service] [           main] o.s.d.jpa.repository.query.NamedQuery    : Looking up named query Comment.findCommentsByUserId
2024-08-14T15:46:45.768+01:00 DEBUG 12624 --- [Auth-ClientSide-service] [           main] o.s.d.jpa.repository.query.NamedQuery    : Did not find named query Comment.findCommentsByUserId
2024-08-14T15:46:45.768+01:00 DEBUG 12624 --- [Auth-ClientSide-service] [           main] tor$SharedEntityManagerInvocationHandler : Creating new EntityManager for shared EntityManager invocation
2024-08-14T15:46:45.772+01:00 DEBUG 12624 --- [Auth-ClientSide-service] [           main] o.s.d.jpa.repository.query.NamedQuery    : Did not find named query Comment.deleteByUserId.count
2024-08-14T15:46:45.772+01:00 DEBUG 12624 --- [Auth-ClientSide-service] [           main] tor$SharedEntityManagerInvocationHandler : Creating new EntityManager for shared EntityManager invocation
2024-08-14T15:46:45.775+01:00 DEBUG 12624 --- [Auth-ClientSide-service] [           main] o.s.d.jpa.repository.query.NamedQuery    : Looking up named query Comment.findCommentByIdIs
2024-08-14T15:46:45.776+01:00 DEBUG 12624 --- [Auth-ClientSide-service] [           main] o.s.d.jpa.repository.query.NamedQuery    : Did not find named query Comment.findCommentByIdIs
2024-08-14T15:46:45.777+01:00 DEBUG 12624 --- [Auth-ClientSide-service] [           main] tor$SharedEntityManagerInvocationHandler : Creating new EntityManager for shared EntityManager invocation
2024-08-14T15:46:45.785+01:00 DEBUG 12624 --- [Auth-ClientSide-service] [           main] o.s.d.r.c.s.RepositoryFactorySupport     : Finished creation of repository instance for com.wholesaled.clientsideservice.Repository.CommentRepository.
2024-08-14T15:46:45.787+01:00 DEBUG 12624 --- [Auth-ClientSide-service] [           main] o.s.b.f.s.DefaultListableBeanFactory     : Creating shared instance of singleton bean 'notificationUserRepository'
2024-08-14T15:46:45.789+01:00 DEBUG 12624 --- [Auth-ClientSide-service] [           main] o.s.b.f.s.DefaultListableBeanFactory     : Creating shared instance of singleton bean 'jpa.named-queries#2'
2024-08-14T15:46:45.790+01:00 DEBUG 12624 --- [Auth-ClientSide-service] [           main] o.s.b.f.s.DefaultListableBeanFactory     : Creating shared instance of singleton bean 'jpa.NotificationUserRepository.fragments#0'
2024-08-14T15:46:45.792+01:00 DEBUG 12624 --- [Auth-ClientSide-service] [           main] tor$SharedEntityManagerInvocationHandler : Creating new EntityManager for shared EntityManager invocation
2024-08-14T15:46:45.797+01:00 DEBUG 12624 --- [Auth-ClientSide-service] [           main] o.s.d.r.c.s.RepositoryFactorySupport     : Initializing repository instance for com.wholesaled.Notification.NotificationUserRepository…
2024-08-14T15:46:45.798+01:00 DEBUG 12624 --- [Auth-ClientSide-service] [           main] tor$SharedEntityManagerInvocationHandler : Creating new EntityManager for shared EntityManager invocation
2024-08-14T15:46:45.801+01:00 DEBUG 12624 --- [Auth-ClientSide-service] [           main] o.s.d.jpa.repository.query.NamedQuery    : Looking up named query NotificationUser.findNotificationUserByUser_Id
2024-08-14T15:46:45.801+01:00 DEBUG 12624 --- [Auth-ClientSide-service] [           main] o.s.d.jpa.repository.query.NamedQuery    : Did not find named query NotificationUser.findNotificationUserByUser_Id
2024-08-14T15:46:45.803+01:00 DEBUG 12624 --- [Auth-ClientSide-service] [           main] tor$SharedEntityManagerInvocationHandler : Creating new EntityManager for shared EntityManager invocation
2024-08-14T15:46:45.805+01:00 DEBUG 12624 --- [Auth-ClientSide-service] [           main] o.s.d.jpa.repository.query.NamedQuery    : Looking up named query NotificationUser.findByUserIdOrderByPostedDateDesc
2024-08-14T15:46:45.806+01:00 DEBUG 12624 --- [Auth-ClientSide-service] [           main] o.s.d.jpa.repository.query.NamedQuery    : Did not find named query NotificationUser.findByUserIdOrderByPostedDateDesc
2024-08-14T15:46:45.807+01:00 DEBUG 12624 --- [Auth-ClientSide-service] [           main] tor$SharedEntityManagerInvocationHandler : Creating new EntityManager for shared EntityManager invocation
2024-08-14T15:46:45.826+01:00 DEBUG 12624 --- [Auth-ClientSide-service] [           main] o.s.d.jpa.repository.query.NamedQuery    : Looking up named query NotificationUser.findByIsPublic
2024-08-14T15:46:45.828+01:00 DEBUG 12624 --- [Auth-ClientSide-service] [           main] o.s.d.jpa.repository.query.NamedQuery    : Did not find named query NotificationUser.findByIsPublic
2024-08-14T15:46:45.828+01:00 DEBUG 12624 --- [Auth-ClientSide-service] [           main] tor$SharedEntityManagerInvocationHandler : Creating new EntityManager for shared EntityManager invocation
2024-08-14T15:46:45.836+01:00 DEBUG 12624 --- [Auth-ClientSide-service] [           main] o.s.d.r.c.s.RepositoryFactorySupport     : Finished creation of repository instance for com.wholesaled.Notification.NotificationUserRepository.
2024-08-14T15:46:45.839+01:00 DEBUG 12624 --- [Auth-ClientSide-service] [           main] o.s.b.f.s.DefaultListableBeanFactory     : Creating shared instance of singleton bean 'CartRepository'
2024-08-14T15:46:45.841+01:00 DEBUG 12624 --- [Auth-ClientSide-service] [           main] o.s.b.f.s.DefaultListableBeanFactory     : Creating shared instance of singleton bean 'jpa.named-queries#10'
2024-08-14T15:46:45.842+01:00 DEBUG 12624 --- [Auth-ClientSide-service] [           main] o.s.b.f.s.DefaultListableBeanFactory     : Creating shared instance of singleton bean 'jpa.CartRepository.fragments#0'
2024-08-14T15:46:45.844+01:00 DEBUG 12624 --- [Auth-ClientSide-service] [           main] tor$SharedEntityManagerInvocationHandler : Creating new EntityManager for shared EntityManager invocation
2024-08-14T15:46:45.846+01:00 DEBUG 12624 --- [Auth-ClientSide-service] [           main] o.s.d.r.c.s.RepositoryFactorySupport     : Initializing repository instance for com.wholesaled.clientsideservice.Repository.CartRepository…
2024-08-14T15:46:45.847+01:00 DEBUG 12624 --- [Auth-ClientSide-service] [           main] tor$SharedEntityManagerInvocationHandler : Creating new EntityManager for shared EntityManager invocation
2024-08-14T15:46:45.850+01:00 DEBUG 12624 --- [Auth-ClientSide-service] [           main] o.s.d.jpa.repository.query.NamedQuery    : Looking up named query Cart.deleteCartsByClient_Id
2024-08-14T15:46:45.850+01:00 DEBUG 12624 --- [Auth-ClientSide-service] [           main] o.s.d.jpa.repository.query.NamedQuery    : Did not find named query Cart.deleteCartsByClient_Id
2024-08-14T15:46:45.850+01:00 DEBUG 12624 --- [Auth-ClientSide-service] [           main] tor$SharedEntityManagerInvocationHandler : Creating new EntityManager for shared EntityManager invocation
2024-08-14T15:46:45.853+01:00 DEBUG 12624 --- [Auth-ClientSide-service] [           main] o.s.d.jpa.repository.query.NamedQuery    : Looking up named query Cart.findCartById
2024-08-14T15:46:45.854+01:00 DEBUG 12624 --- [Auth-ClientSide-service] [           main] o.s.d.jpa.repository.query.NamedQuery    : Did not find named query Cart.findCartById
2024-08-14T15:46:45.854+01:00 DEBUG 12624 --- [Auth-ClientSide-service] [           main] tor$SharedEntityManagerInvocationHandler : Creating new EntityManager for shared EntityManager invocation
2024-08-14T15:46:45.857+01:00 DEBUG 12624 --- [Auth-ClientSide-service] [           main] o.s.d.jpa.repository.query.NamedQuery    : Looking up named query Cart.findCartByClientId
2024-08-14T15:46:45.858+01:00 DEBUG 12624 --- [Auth-ClientSide-service] [           main] o.s.d.jpa.repository.query.NamedQuery    : Did not find named query Cart.findCartByClientId
2024-08-14T15:46:45.858+01:00 DEBUG 12624 --- [Auth-ClientSide-service] [           main] tor$SharedEntityManagerInvocationHandler : Creating new EntityManager for shared EntityManager invocation
2024-08-14T15:46:45.860+01:00 DEBUG 12624 --- [Auth-ClientSide-service] [           main] o.s.d.jpa.repository.query.NamedQuery    : Looking up named query Cart.deleteCartById
2024-08-14T15:46:45.861+01:00 DEBUG 12624 --- [Auth-ClientSide-service] [           main] o.s.d.jpa.repository.query.NamedQuery    : Did not find named query Cart.deleteCartById
2024-08-14T15:46:45.861+01:00 DEBUG 12624 --- [Auth-ClientSide-service] [           main] tor$SharedEntityManagerInvocationHandler : Creating new EntityManager for shared EntityManager invocation
2024-08-14T15:46:45.862+01:00 DEBUG 12624 --- [Auth-ClientSide-service] [           main] o.s.d.jpa.repository.query.NamedQuery    : Looking up named query Cart.findCartsByClient_Id
2024-08-14T15:46:45.864+01:00 DEBUG 12624 --- [Auth-ClientSide-service] [           main] o.s.d.jpa.repository.query.NamedQuery    : Did not find named query Cart.findCartsByClient_Id
2024-08-14T15:46:45.864+01:00 DEBUG 12624 --- [Auth-ClientSide-service] [           main] tor$SharedEntityManagerInvocationHandler : Creating new EntityManager for shared EntityManager invocation
2024-08-14T15:46:45.867+01:00 DEBUG 12624 --- [Auth-ClientSide-service] [           main] o.s.d.jpa.repository.query.NamedQuery    : Looking up named query Cart.deleteCartByClient_Id
2024-08-14T15:46:45.868+01:00 DEBUG 12624 --- [Auth-ClientSide-service] [           main] o.s.d.jpa.repository.query.NamedQuery    : Did not find named query Cart.deleteCartByClient_Id
2024-08-14T15:46:45.868+01:00 DEBUG 12624 --- [Auth-ClientSide-service] [           main] tor$SharedEntityManagerInvocationHandler : Creating new EntityManager for shared EntityManager invocation
2024-08-14T15:46:45.875+01:00 DEBUG 12624 --- [Auth-ClientSide-service] [           main] o.s.d.r.c.s.RepositoryFactorySupport     : Finished creation of repository instance for com.wholesaled.clientsideservice.Repository.CartRepository.
2024-08-14T15:46:45.876+01:00 DEBUG 12624 --- [Auth-ClientSide-service] [           main] o.s.b.f.s.DefaultListableBeanFactory     : Creating shared instance of singleton bean 'passwordEncoder'
2024-08-14T15:46:45.877+01:00 DEBUG 12624 --- [Auth-ClientSide-service] [           main] o.s.b.f.s.DefaultListableBeanFactory     : Creating shared instance of singleton bean 'securityConfig'
2024-08-14T15:46:45.877+01:00 DEBUG 12624 --- [Auth-ClientSide-service] [           main] o.s.b.f.s.DefaultListableBeanFactory     : Creating shared instance of singleton bean 'jwtAuthenticationFilter'
2024-08-14T15:46:45.883+01:00 DEBUG 12624 --- [Auth-ClientSide-service] [           main] o.s.b.f.s.DefaultListableBeanFactory     : Creating shared instance of singleton bean 'jwtDecoder'
2024-08-14T15:46:45.886+01:00 DEBUG 12624 --- [Auth-ClientSide-service] [           main] o.s.b.f.s.DefaultListableBeanFactory     : Creating shared instance of singleton bean 'jwtProperties'
2024-08-14T15:46:45.892+01:00 DEBUG 12624 --- [Auth-ClientSide-service] [           main] o.s.b.f.s.DefaultListableBeanFactory     : Autowiring by type from bean name 'jwtDecoder' via constructor to bean named 'jwtProperties'
2024-08-14T15:46:45.893+01:00 DEBUG 12624 --- [Auth-ClientSide-service] [           main] o.s.b.f.s.DefaultListableBeanFactory     : Creating shared instance of singleton bean 'jwtToPrincipalConverter'
2024-08-14T15:46:45.895+01:00 DEBUG 12624 --- [Auth-ClientSide-service] [           main] o.s.b.f.s.DefaultListableBeanFactory     : Autowiring by type from bean name 'jwtAuthenticationFilter' via constructor to bean named 'jwtDecoder'
2024-08-14T15:46:45.895+01:00 DEBUG 12624 --- [Auth-ClientSide-service] [           main] o.s.b.f.s.DefaultListableBeanFactory     : Autowiring by type from bean name 'jwtAuthenticationFilter' via constructor to bean named 'jwtToPrincipalConverter'
2024-08-14T15:46:45.898+01:00 DEBUG 12624 --- [Auth-ClientSide-service] [           main] o.s.b.f.s.DefaultListableBeanFactory     : Creating shared instance of singleton bean 'customUserDetailService'
2024-08-14T15:46:45.901+01:00 DEBUG 12624 --- [Auth-ClientSide-service] [           main] o.s.b.f.s.DefaultListableBeanFactory     : Autowiring by type from bean name 'customUserDetailService' via constructor to bean named 'userRepository'
2024-08-14T15:46:45.902+01:00 DEBUG 12624 --- [Auth-ClientSide-service] [           main] o.s.b.f.s.DefaultListableBeanFactory     : Creating shared instance of singleton bean 'unauthorizedHandler'
2024-08-14T15:46:45.903+01:00 DEBUG 12624 --- [Auth-ClientSide-service] [           main] o.s.b.f.s.DefaultListableBeanFactory     : Autowiring by type from bean name 'securityConfig' via constructor to bean named 'jwtAuthenticationFilter'
2024-08-14T15:46:45.903+01:00 DEBUG 12624 --- [Auth-ClientSide-service] [           main] o.s.b.f.s.DefaultListableBeanFactory     : Autowiring by type from bean name 'securityConfig' via constructor to bean named 'customUserDetailService'
2024-08-14T15:46:45.904+01:00 DEBUG 12624 --- [Auth-ClientSide-service] [           main] o.s.b.f.s.DefaultListableBeanFactory     : Autowiring by type from bean name 'securityConfig' via constructor to bean named 'unauthorizedHandler'
2024-08-14T15:46:45.914+01:00 DEBUG 12624 --- [Auth-ClientSide-service] [           main] o.s.b.f.s.DefaultListableBeanFactory     : Creating shared instance of singleton bean 'jwtIssuer'
2024-08-14T15:46:45.915+01:00 DEBUG 12624 --- [Auth-ClientSide-service] [           main] o.s.b.f.s.DefaultListableBeanFactory     : Autowiring by type from bean name 'jwtIssuer' via constructor to bean named 'jwtProperties'
2024-08-14T15:46:45.919+01:00 DEBUG 12624 --- [Auth-ClientSide-service] [           main] o.s.b.f.s.DefaultListableBeanFactory     : Creating shared instance of singleton bean 'authenticationManager'
2024-08-14T15:46:45.920+01:00 DEBUG 12624 --- [Auth-ClientSide-service] [           main] o.s.b.f.s.DefaultListableBeanFactory     : Creating shared instance of singleton bean 'org.springframework.security.config.annotation.web.configuration.HttpSecurityConfiguration'
2024-08-14T15:46:45.928+01:00 DEBUG 12624 --- [Auth-ClientSide-service] [           main] o.s.b.f.s.DefaultListableBeanFactory     : Creating shared instance of singleton bean 'objectPostProcessor'
2024-08-14T15:46:45.929+01:00 DEBUG 12624 --- [Auth-ClientSide-service] [           main] o.s.b.f.s.DefaultListableBeanFactory     : Creating shared instance of singleton bean 'org.springframework.security.config.annotation.configuration.ObjectPostProcessorConfiguration'
2024-08-14T15:46:45.930+01:00 DEBUG 12624 --- [Auth-ClientSide-service] [           main] o.s.b.f.s.DefaultListableBeanFactory     : Autowiring by type from bean name 'objectPostProcessor' via factory method to bean named 'org.springframework.beans.factory.support.DefaultListableBeanFactory@57ce634f'
2024-08-14T15:46:45.933+01:00 DEBUG 12624 --- [Auth-ClientSide-service] [           main] o.s.b.f.s.DefaultListableBeanFactory     : Creating shared instance of singleton bean 'org.springframework.security.config.annotation.authentication.configuration.AuthenticationConfiguration'
2024-08-14T15:46:45.938+01:00 DEBUG 12624 --- [Auth-ClientSide-service] [           main] o.s.b.f.s.DefaultListableBeanFactory     : Creating shared instance of singleton bean 'enableGlobalAuthenticationAutowiredConfigurer'
2024-08-14T15:46:45.939+01:00 DEBUG 12624 --- [Auth-ClientSide-service] [           main] o.s.b.f.s.DefaultListableBeanFactory     : Autowiring by type from bean name 'enableGlobalAuthenticationAutowiredConfigurer' via factory method to bean named 'org.springframework.web.context.support.GenericWebApplicationContext@57bd802b'
2024-08-14T15:46:45.941+01:00 DEBUG 12624 --- [Auth-ClientSide-service] [           main] o.s.b.f.s.DefaultListableBeanFactory     : Creating shared instance of singleton bean 'initializeUserDetailsBeanManagerConfigurer'
2024-08-14T15:46:45.941+01:00 DEBUG 12624 --- [Auth-ClientSide-service] [           main] o.s.b.f.s.DefaultListableBeanFactory     : Autowiring by type from bean name 'initializeUserDetailsBeanManagerConfigurer' via factory method to bean named 'org.springframework.web.context.support.GenericWebApplicationContext@57bd802b'
2024-08-14T15:46:45.944+01:00 DEBUG 12624 --- [Auth-ClientSide-service] [           main] o.s.b.f.s.DefaultListableBeanFactory     : Creating shared instance of singleton bean 'initializeAuthenticationProviderBeanManagerConfigurer'
2024-08-14T15:46:45.944+01:00 DEBUG 12624 --- [Auth-ClientSide-service] [           main] o.s.b.f.s.DefaultListableBeanFactory     : Autowiring by type from bean name 'initializeAuthenticationProviderBeanManagerConfigurer' via factory method to bean named 'org.springframework.web.context.support.GenericWebApplicationContext@57bd802b'
2024-08-14T15:46:45.948+01:00 DEBUG 12624 --- [Auth-ClientSide-service] [           main] o.s.b.f.s.DefaultListableBeanFactory     : Creating shared instance of singleton bean 'mvcContentNegotiationManager'
2024-08-14T15:46:45.948+01:00 DEBUG 12624 --- [Auth-ClientSide-service] [           main] o.s.b.f.s.DefaultListableBeanFactory     : Creating shared instance of singleton bean 'org.springframework.boot.autoconfigure.web.servlet.WebMvcAutoConfiguration$EnableWebMvcConfiguration'
2024-08-14T15:46:45.949+01:00 DEBUG 12624 --- [Auth-ClientSide-service] [           main] o.s.b.f.s.DefaultListableBeanFactory     : Creating shared instance of singleton bean 'spring.mvc-org.springframework.boot.autoconfigure.web.servlet.WebMvcProperties'
2024-08-14T15:46:45.955+01:00 DEBUG 12624 --- [Auth-ClientSide-service] [           main] o.s.b.f.s.DefaultListableBeanFactory     : Creating shared instance of singleton bean 'spring.web-org.springframework.boot.autoconfigure.web.WebProperties'
2024-08-14T15:46:45.970+01:00 DEBUG 12624 --- [Auth-ClientSide-service] [           main] o.s.b.f.s.DefaultListableBeanFactory     : Autowiring by type from bean name 'org.springframework.boot.autoconfigure.web.servlet.WebMvcAutoConfiguration$EnableWebMvcConfiguration' via constructor to bean named 'spring.mvc-org.springframework.boot.autoconfigure.web.servlet.WebMvcProperties'
2024-08-14T15:46:45.970+01:00 DEBUG 12624 --- [Auth-ClientSide-service] [           main] o.s.b.f.s.DefaultListableBeanFactory     : Autowiring by type from bean name 'org.springframework.boot.autoconfigure.web.servlet.WebMvcAutoConfiguration$EnableWebMvcConfiguration' via constructor to bean named 'spring.web-org.springframework.boot.autoconfigure.web.WebProperties'
2024-08-14T15:46:45.970+01:00 DEBUG 12624 --- [Auth-ClientSide-service] [           main] o.s.b.f.s.DefaultListableBeanFactory     : Autowiring by type from bean name 'org.springframework.boot.autoconfigure.web.servlet.WebMvcAutoConfiguration$EnableWebMvcConfiguration' via constructor to bean named 'org.springframework.beans.factory.support.DefaultListableBeanFactory@57ce634f'
2024-08-14T15:46:45.976+01:00 DEBUG 12624 --- [Auth-ClientSide-service] [           main] o.s.b.f.s.DefaultListableBeanFactory     : Creating shared instance of singleton bean 'mvcConfig'
2024-08-14T15:46:45.978+01:00 DEBUG 12624 --- [Auth-ClientSide-service] [           main] o.s.b.f.s.DefaultListableBeanFactory     : Creating shared instance of singleton bean 'org.springframework.security.config.annotation.web.configuration.WebMvcSecurityConfiguration'
2024-08-14T15:46:45.979+01:00 DEBUG 12624 --- [Auth-ClientSide-service] [           main] o.s.b.f.s.DefaultListableBeanFactory     : Creating shared instance of singleton bean 'org.springframework.boot.autoconfigure.web.servlet.WebMvcAutoConfiguration$WebMvcAutoConfigurationAdapter'
2024-08-14T15:46:45.980+01:00 DEBUG 12624 --- [Auth-ClientSide-service] [           main] o.s.b.f.s.DefaultListableBeanFactory     : Autowiring by type from bean name 'org.springframework.boot.autoconfigure.web.servlet.WebMvcAutoConfiguration$WebMvcAutoConfigurationAdapter' via constructor to bean named 'spring.web-org.springframework.boot.autoconfigure.web.WebProperties'
2024-08-14T15:46:45.980+01:00 DEBUG 12624 --- [Auth-ClientSide-service] [           main] o.s.b.f.s.DefaultListableBeanFactory     : Autowiring by type from bean name 'org.springframework.boot.autoconfigure.web.servlet.WebMvcAutoConfiguration$WebMvcAutoConfigurationAdapter' via constructor to bean named 'spring.mvc-org.springframework.boot.autoconfigure.web.servlet.WebMvcProperties'
2024-08-14T15:46:45.980+01:00 DEBUG 12624 --- [Auth-ClientSide-service] [           main] o.s.b.f.s.DefaultListableBeanFactory     : Autowiring by type from bean name 'org.springframework.boot.autoconfigure.web.servlet.WebMvcAutoConfiguration$WebMvcAutoConfigurationAdapter' via constructor to bean named 'org.springframework.beans.factory.support.DefaultListableBeanFactory@57ce634f'
2024-08-14T15:46:45.985+01:00 DEBUG 12624 --- [Auth-ClientSide-service] [           main] o.s.b.f.s.DefaultListableBeanFactory     : Creating shared instance of singleton bean 'openEntityManagerInViewInterceptorConfigurer'
2024-08-14T15:46:45.985+01:00 DEBUG 12624 --- [Auth-ClientSide-service] [           main] o.s.b.f.s.DefaultListableBeanFactory     : Creating shared instance of singleton bean 'org.springframework.boot.autoconfigure.orm.jpa.JpaBaseConfiguration$JpaWebConfiguration'
2024-08-14T15:46:45.986+01:00 DEBUG 12624 --- [Auth-ClientSide-service] [           main] o.s.b.f.s.DefaultListableBeanFactory     : Autowiring by type from bean name 'org.springframework.boot.autoconfigure.orm.jpa.JpaBaseConfiguration$JpaWebConfiguration' via constructor to bean named 'spring.jpa-org.springframework.boot.autoconfigure.orm.jpa.JpaProperties'
2024-08-14T15:46:45.988+01:00 DEBUG 12624 --- [Auth-ClientSide-service] [           main] o.s.b.f.s.DefaultListableBeanFactory     : Creating shared instance of singleton bean 'openEntityManagerInViewInterceptor'
2024-08-14T15:46:45.989+01:00  WARN 12624 --- [Auth-ClientSide-service] [           main] JpaBaseConfiguration$JpaWebConfiguration : spring.jpa.open-in-view is enabled by default. Therefore, database queries may be performed during view rendering. Explicitly configure spring.jpa.open-in-view to disable this warning
2024-08-14T15:46:45.998+01:00 DEBUG 12624 --- [Auth-ClientSide-service] [           main] o.s.b.f.s.DefaultListableBeanFactory     : Autowiring by type from bean name 'openEntityManagerInViewInterceptorConfigurer' via factory method to bean named 'openEntityManagerInViewInterceptor'
2024-08-14T15:46:46.001+01:00 DEBUG 12624 --- [Auth-ClientSide-service] [           main] o.s.b.f.s.DefaultListableBeanFactory     : Creating shared instance of singleton bean 'org.springframework.data.web.config.SpringDataWebConfiguration'
2024-08-14T15:46:46.002+01:00 DEBUG 12624 --- [Auth-ClientSide-service] [           main] o.s.b.f.s.DefaultListableBeanFactory     : Autowiring by type from bean name 'org.springframework.data.web.config.SpringDataWebConfiguration' via constructor to bean named 'org.springframework.web.context.support.GenericWebApplicationContext@57bd802b'
2024-08-14T15:46:46.008+01:00 DEBUG 12624 --- [Auth-ClientSide-service] [           main] o.s.b.f.s.DefaultListableBeanFactory     : Creating shared instance of singleton bean 'org.springframework.cloud.commons.security.ResourceServerTokenRelayAutoConfiguration$ResourceServerTokenRelayRegistrationAutoConfiguration'
2024-08-14T15:46:46.032+01:00 DEBUG 12624 --- [Auth-ClientSide-service] [           main] o.s.b.f.s.DefaultListableBeanFactory     : Creating shared instance of singleton bean 'authenticationManagerBuilder'
2024-08-14T15:46:46.033+01:00 DEBUG 12624 --- [Auth-ClientSide-service] [           main] o.s.b.f.s.DefaultListableBeanFactory     : Autowiring by type from bean name 'authenticationManagerBuilder' via factory method to bean named 'objectPostProcessor'
2024-08-14T15:46:46.033+01:00 DEBUG 12624 --- [Auth-ClientSide-service] [           main] o.s.b.f.s.DefaultListableBeanFactory     : Autowiring by type from bean name 'authenticationManagerBuilder' via factory method to bean named 'org.springframework.web.context.support.GenericWebApplicationContext@57bd802b'
2024-08-14T15:46:46.039+01:00 DEBUG 12624 --- [Auth-ClientSide-service] [           main] o.s.b.f.s.DefaultListableBeanFactory     : Creating shared instance of singleton bean 'authenticationEventPublisher'
2024-08-14T15:46:46.040+01:00 DEBUG 12624 --- [Auth-ClientSide-service] [           main] o.s.b.f.s.DefaultListableBeanFactory     : Creating shared instance of singleton bean 'org.springframework.boot.autoconfigure.security.servlet.SecurityAutoConfiguration'
2024-08-14T15:46:46.041+01:00 DEBUG 12624 --- [Auth-ClientSide-service] [           main] o.s.b.f.s.DefaultListableBeanFactory     : Autowiring by type from bean name 'authenticationEventPublisher' via factory method to bean named 'org.springframework.web.context.support.GenericWebApplicationContext@57bd802b'
2024-08-14T15:46:46.066+01:00 DEBUG 12624 --- [Auth-ClientSide-service] [           main] o.s.b.f.s.DefaultListableBeanFactory     : Creating shared instance of singleton bean 'eurekaClient'
2024-08-14T15:46:46.086+01:00 DEBUG 12624 --- [Auth-ClientSide-service] [           main] o.s.b.f.s.DefaultListableBeanFactory     : Creating shared instance of singleton bean 'eurekaApplicationInfoManager'
2024-08-14T15:46:46.132+01:00 DEBUG 12624 --- [Auth-ClientSide-service] [           main] o.s.b.f.s.DefaultListableBeanFactory     : Creating shared instance of singleton bean 'eurekaRegistration'
2024-08-14T15:46:46.161+01:00  INFO 12624 --- [Auth-ClientSide-service] [           main] r$InitializeUserDetailsManagerConfigurer : Global AuthenticationManager configured with UserDetailsService bean with name customUserDetailService
2024-08-14T15:46:46.241+01:00 DEBUG 12624 --- [Auth-ClientSide-service] [           main] o.s.b.f.s.DefaultListableBeanFactory     : Autowiring by type from bean name 'authenticationManager' via factory method to bean named 'org.springframework.security.config.annotation.web.configuration.HttpSecurityConfiguration.httpSecurity'
2024-08-14T15:46:46.254+01:00 DEBUG 12624 --- [Auth-ClientSide-service] [           main] o.s.b.f.s.DefaultListableBeanFactory     : Autowiring by type from bean name 'userServiceImpl' via constructor to bean named 'modelMapper'
2024-08-14T15:46:46.254+01:00 DEBUG 12624 --- [Auth-ClientSide-service] [           main] o.s.b.f.s.DefaultListableBeanFactory     : Autowiring by type from bean name 'userServiceImpl' via constructor to bean named 'brokerMessagingTemplate'
2024-08-14T15:46:46.254+01:00 DEBUG 12624 --- [Auth-ClientSide-service] [           main] o.s.b.f.s.DefaultListableBeanFactory     : Autowiring by type from bean name 'userServiceImpl' via constructor to bean named 'orderElementRepository'
2024-08-14T15:46:46.254+01:00 DEBUG 12624 --- [Auth-ClientSide-service] [           main] o.s.b.f.s.DefaultListableBeanFactory     : Autowiring by type from bean name 'userServiceImpl' via constructor to bean named 'userRepository'
2024-08-14T15:46:46.254+01:00 DEBUG 12624 --- [Auth-ClientSide-service] [           main] o.s.b.f.s.DefaultListableBeanFactory     : Autowiring by type from bean name 'userServiceImpl' via constructor to bean named 'orderRepository'
2024-08-14T15:46:46.254+01:00 DEBUG 12624 --- [Auth-ClientSide-service] [           main] o.s.b.f.s.DefaultListableBeanFactory     : Autowiring by type from bean name 'userServiceImpl' via constructor to bean named 'CommentRepository'
2024-08-14T15:46:46.254+01:00 DEBUG 12624 --- [Auth-ClientSide-service] [           main] o.s.b.f.s.DefaultListableBeanFactory     : Autowiring by type from bean name 'userServiceImpl' via constructor to bean named 'notificationUserRepository'
2024-08-14T15:46:46.254+01:00 DEBUG 12624 --- [Auth-ClientSide-service] [           main] o.s.b.f.s.DefaultListableBeanFactory     : Autowiring by type from bean name 'userServiceImpl' via constructor to bean named 'CartRepository'
2024-08-14T15:46:46.254+01:00 DEBUG 12624 --- [Auth-ClientSide-service] [           main] o.s.b.f.s.DefaultListableBeanFactory     : Autowiring by type from bean name 'userServiceImpl' via constructor to bean named 'passwordEncoder'
2024-08-14T15:46:46.254+01:00 DEBUG 12624 --- [Auth-ClientSide-service] [           main] o.s.b.f.s.DefaultListableBeanFactory     : Autowiring by type from bean name 'userServiceImpl' via constructor to bean named 'jwtIssuer'
2024-08-14T15:46:46.254+01:00 DEBUG 12624 --- [Auth-ClientSide-service] [           main] o.s.b.f.s.DefaultListableBeanFactory     : Autowiring by type from bean name 'userServiceImpl' via constructor to bean named 'authenticationManager'
2024-08-14T15:46:46.284+01:00 DEBUG 12624 --- [Auth-ClientSide-service] [           main] o.s.b.f.s.DefaultListableBeanFactory     : Autowiring by type from bean name 'authController' via constructor to bean named 'userServiceImpl'
2024-08-14T15:46:46.286+01:00 DEBUG 12624 --- [Auth-ClientSide-service] [           main] o.s.b.f.s.DefaultListableBeanFactory     : Creating shared instance of singleton bean 'globalExceptionHandler'
2024-08-14T15:46:46.288+01:00 DEBUG 12624 --- [Auth-ClientSide-service] [           main] o.s.b.f.s.DefaultListableBeanFactory     : Creating shared instance of singleton bean 'otpController'
2024-08-14T15:46:46.293+01:00 DEBUG 12624 --- [Auth-ClientSide-service] [           main] o.s.b.f.s.DefaultListableBeanFactory     : Creating shared instance of singleton bean 'otpServiceImpl'
2024-08-14T15:46:46.296+01:00 DEBUG 12624 --- [Auth-ClientSide-service] [           main] o.s.b.f.s.DefaultListableBeanFactory     : Creating shared instance of singleton bean 'otpRepository'
2024-08-14T15:46:46.298+01:00 DEBUG 12624 --- [Auth-ClientSide-service] [           main] o.s.b.f.s.DefaultListableBeanFactory     : Creating shared instance of singleton bean 'jpa.named-queries#3'
2024-08-14T15:46:46.299+01:00 DEBUG 12624 --- [Auth-ClientSide-service] [           main] o.s.b.f.s.DefaultListableBeanFactory     : Creating shared instance of singleton bean 'jpa.OtpRepository.fragments#0'
2024-08-14T15:46:46.301+01:00 DEBUG 12624 --- [Auth-ClientSide-service] [           main] tor$SharedEntityManagerInvocationHandler : Creating new EntityManager for shared EntityManager invocation
2024-08-14T15:46:46.307+01:00 DEBUG 12624 --- [Auth-ClientSide-service] [           main] o.s.d.r.c.s.RepositoryFactorySupport     : Initializing repository instance for com.wholesaled.authentification.otp.repository.OtpRepository…
2024-08-14T15:46:46.307+01:00 DEBUG 12624 --- [Auth-ClientSide-service] [           main] tor$SharedEntityManagerInvocationHandler : Creating new EntityManager for shared EntityManager invocation
2024-08-14T15:46:46.313+01:00 DEBUG 12624 --- [Auth-ClientSide-service] [           main] o.s.d.jpa.repository.query.NamedQuery    : Looking up named query Otp.findByEmail
2024-08-14T15:46:46.315+01:00 DEBUG 12624 --- [Auth-ClientSide-service] [           main] o.s.d.jpa.repository.query.NamedQuery    : Did not find named query Otp.findByEmail
2024-08-14T15:46:46.315+01:00 DEBUG 12624 --- [Auth-ClientSide-service] [           main] tor$SharedEntityManagerInvocationHandler : Creating new EntityManager for shared EntityManager invocation
2024-08-14T15:46:46.318+01:00 DEBUG 12624 --- [Auth-ClientSide-service] [           main] o.s.d.jpa.repository.query.NamedQuery    : Looking up named query Otp.findByEmailAndOtp
2024-08-14T15:46:46.319+01:00 DEBUG 12624 --- [Auth-ClientSide-service] [           main] o.s.d.jpa.repository.query.NamedQuery    : Did not find named query Otp.findByEmailAndOtp
2024-08-14T15:46:46.319+01:00 DEBUG 12624 --- [Auth-ClientSide-service] [           main] tor$SharedEntityManagerInvocationHandler : Creating new EntityManager for shared EntityManager invocation
2024-08-14T15:46:46.327+01:00 DEBUG 12624 --- [Auth-ClientSide-service] [           main] o.s.d.r.c.s.RepositoryFactorySupport     : Finished creation of repository instance for com.wholesaled.authentification.otp.repository.OtpRepository.
2024-08-14T15:46:46.330+01:00 DEBUG 12624 --- [Auth-ClientSide-service] [           main] o.s.b.f.s.DefaultListableBeanFactory     : Creating shared instance of singleton bean 'emailServiceImpl'
2024-08-14T15:46:46.332+01:00 DEBUG 12624 --- [Auth-ClientSide-service] [           main] o.s.b.f.s.DefaultListableBeanFactory     : Creating shared instance of singleton bean 'mailSender'
2024-08-14T15:46:46.333+01:00 DEBUG 12624 --- [Auth-ClientSide-service] [           main] o.s.b.f.s.DefaultListableBeanFactory     : Creating shared instance of singleton bean 'org.springframework.boot.autoconfigure.mail.MailSenderPropertiesConfiguration'
2024-08-14T15:46:46.337+01:00 DEBUG 12624 --- [Auth-ClientSide-service] [           main] o.s.b.f.s.DefaultListableBeanFactory     : Creating shared instance of singleton bean 'spring.mail-org.springframework.boot.autoconfigure.mail.MailProperties'
2024-08-14T15:46:46.347+01:00 DEBUG 12624 --- [Auth-ClientSide-service] [           main] o.s.b.f.s.DefaultListableBeanFactory     : Autowiring by type from bean name 'mailSender' via factory method to bean named 'spring.mail-org.springframework.boot.autoconfigure.mail.MailProperties'
2024-08-14T15:46:46.400+01:00 DEBUG 12624 --- [Auth-ClientSide-service] [           main] o.s.b.f.s.DefaultListableBeanFactory     : Autowiring by type from bean name 'emailServiceImpl' via constructor to bean named 'mailSender'
2024-08-14T15:46:46.402+01:00 DEBUG 12624 --- [Auth-ClientSide-service] [           main] o.s.b.f.s.DefaultListableBeanFactory     : Creating shared instance of singleton bean 'adminOrderController'
2024-08-14T15:46:46.406+01:00 DEBUG 12624 --- [Auth-ClientSide-service] [           main] o.s.b.f.s.DefaultListableBeanFactory     : Creating shared instance of singleton bean 'adminOrderService'
2024-08-14T15:46:46.408+01:00 DEBUG 12624 --- [Auth-ClientSide-service] [           main] o.s.b.f.s.DefaultListableBeanFactory     : Creating shared instance of singleton bean 'notificationService'
2024-08-14T15:46:46.409+01:00 DEBUG 12624 --- [Auth-ClientSide-service] [           main] o.s.b.f.s.DefaultListableBeanFactory     : Autowiring by type from bean name 'notificationService' via constructor to bean named 'notificationUserRepository'
2024-08-14T15:46:46.409+01:00 DEBUG 12624 --- [Auth-ClientSide-service] [           main] o.s.b.f.s.DefaultListableBeanFactory     : Autowiring by type from bean name 'notificationService' via constructor to bean named 'userRepository'
2024-08-14T15:46:46.409+01:00 DEBUG 12624 --- [Auth-ClientSide-service] [           main] o.s.b.f.s.DefaultListableBeanFactory     : Autowiring by type from bean name 'notificationService' via constructor to bean named 'brokerMessagingTemplate'
2024-08-14T15:46:46.410+01:00 DEBUG 12624 --- [Auth-ClientSide-service] [           main] o.s.b.f.s.DefaultListableBeanFactory     : Autowiring by type from bean name 'adminOrderService' via constructor to bean named 'orderRepository'
2024-08-14T15:46:46.410+01:00 DEBUG 12624 --- [Auth-ClientSide-service] [           main] o.s.b.f.s.DefaultListableBeanFactory     : Autowiring by type from bean name 'adminOrderService' via constructor to bean named 'notificationService'
2024-08-14T15:46:46.410+01:00 DEBUG 12624 --- [Auth-ClientSide-service] [           main] o.s.b.f.s.DefaultListableBeanFactory     : Autowiring by type from bean name 'adminOrderService' via constructor to bean named 'brokerMessagingTemplate'
2024-08-14T15:46:46.411+01:00 DEBUG 12624 --- [Auth-ClientSide-service] [           main] o.s.b.f.s.DefaultListableBeanFactory     : Autowiring by type from bean name 'adminOrderController' via constructor to bean named 'adminOrderService'
2024-08-14T15:46:46.412+01:00 DEBUG 12624 --- [Auth-ClientSide-service] [           main] o.s.b.f.s.DefaultListableBeanFactory     : Creating shared instance of singleton bean 'appProperties'
2024-08-14T15:46:46.414+01:00 DEBUG 12624 --- [Auth-ClientSide-service] [           main] o.s.b.f.s.DefaultListableBeanFactory     : Creating shared instance of singleton bean 'corsConfig'
2024-08-14T15:46:46.415+01:00 DEBUG 12624 --- [Auth-ClientSide-service] [           main] o.s.b.f.s.DefaultListableBeanFactory     : Autowiring by type from bean name 'corsConfig' via constructor to bean named 'appProperties'
2024-08-14T15:46:46.417+01:00 DEBUG 12624 --- [Auth-ClientSide-service] [           main] o.s.c.e.PropertySourcesPropertyResolver  : Found key 'client.url' in PropertySource 'environmentProperties' with value of type String
2024-08-14T15:46:46.418+01:00 DEBUG 12624 --- [Auth-ClientSide-service] [           main] o.s.b.f.s.DefaultListableBeanFactory     : Creating shared instance of singleton bean 'cartController'
2024-08-14T15:46:46.422+01:00 DEBUG 12624 --- [Auth-ClientSide-service] [           main] o.s.b.f.s.DefaultListableBeanFactory     : Creating shared instance of singleton bean 'cartService'
2024-08-14T15:46:46.423+01:00 DEBUG 12624 --- [Auth-ClientSide-service] [           main] o.s.b.f.s.DefaultListableBeanFactory     : Creating shared instance of singleton bean 'cartElementService'
2024-08-14T15:46:46.425+01:00 DEBUG 12624 --- [Auth-ClientSide-service] [           main] o.s.b.f.s.DefaultListableBeanFactory     : Creating shared instance of singleton bean 'CartElementRepository'
2024-08-14T15:46:46.427+01:00 DEBUG 12624 --- [Auth-ClientSide-service] [           main] o.s.b.f.s.DefaultListableBeanFactory     : Creating shared instance of singleton bean 'jpa.named-queries#9'
2024-08-14T15:46:46.429+01:00 DEBUG 12624 --- [Auth-ClientSide-service] [           main] o.s.b.f.s.DefaultListableBeanFactory     : Creating shared instance of singleton bean 'jpa.CartElementRepository.fragments#0'
2024-08-14T15:46:46.431+01:00 DEBUG 12624 --- [Auth-ClientSide-service] [           main] tor$SharedEntityManagerInvocationHandler : Creating new EntityManager for shared EntityManager invocation
2024-08-14T15:46:46.431+01:00 DEBUG 12624 --- [Auth-ClientSide-service] [           main] o.s.d.r.c.s.RepositoryFactorySupport     : Initializing repository instance for com.wholesaled.clientsideservice.Repository.CartElementRepository…
2024-08-14T15:46:46.432+01:00 DEBUG 12624 --- [Auth-ClientSide-service] [           main] tor$SharedEntityManagerInvocationHandler : Creating new EntityManager for shared EntityManager invocation
2024-08-14T15:46:46.436+01:00 DEBUG 12624 --- [Auth-ClientSide-service] [           main] o.s.d.jpa.repository.query.NamedQuery    : Looking up named query CartElement.deleteCartElementsByProductId
2024-08-14T15:46:46.436+01:00 DEBUG 12624 --- [Auth-ClientSide-service] [           main] o.s.d.jpa.repository.query.NamedQuery    : Did not find named query CartElement.deleteCartElementsByProductId
2024-08-14T15:46:46.436+01:00 DEBUG 12624 --- [Auth-ClientSide-service] [           main] tor$SharedEntityManagerInvocationHandler : Creating new EntityManager for shared EntityManager invocation
2024-08-14T15:46:46.442+01:00 DEBUG 12624 --- [Auth-ClientSide-service] [           main] o.s.d.r.c.s.RepositoryFactorySupport     : Finished creation of repository instance for com.wholesaled.clientsideservice.Repository.CartElementRepository.
2024-08-14T15:46:46.442+01:00 DEBUG 12624 --- [Auth-ClientSide-service] [           main] o.s.b.f.s.DefaultListableBeanFactory     : Autowiring by type from bean name 'cartElementService' via constructor to bean named 'CartElementRepository'
2024-08-14T15:46:46.442+01:00 DEBUG 12624 --- [Auth-ClientSide-service] [           main] o.s.b.f.s.DefaultListableBeanFactory     : Autowiring by type from bean name 'cartElementService' via constructor to bean named 'CartRepository'
2024-08-14T15:46:46.445+01:00 DEBUG 12624 --- [Auth-ClientSide-service] [           main] o.s.b.f.s.DefaultListableBeanFactory     : Creating shared instance of singleton bean 'productRepository'
2024-08-14T15:46:46.446+01:00 DEBUG 12624 --- [Auth-ClientSide-service] [           main] o.s.b.f.s.DefaultListableBeanFactory     : Creating shared instance of singleton bean 'jpa.named-queries#1'
2024-08-14T15:46:46.447+01:00 DEBUG 12624 --- [Auth-ClientSide-service] [           main] o.s.b.f.s.DefaultListableBeanFactory     : Creating shared instance of singleton bean 'jpa.ProductRepository.fragments#0'
2024-08-14T15:46:46.448+01:00 DEBUG 12624 --- [Auth-ClientSide-service] [           main] tor$SharedEntityManagerInvocationHandler : Creating new EntityManager for shared EntityManager invocation
2024-08-14T15:46:46.449+01:00 DEBUG 12624 --- [Auth-ClientSide-service] [           main] o.s.d.r.c.s.RepositoryFactorySupport     : Initializing repository instance for com.wholesaled.clientsideservice.Repository.ProductRepository…
2024-08-14T15:46:46.450+01:00 DEBUG 12624 --- [Auth-ClientSide-service] [           main] tor$SharedEntityManagerInvocationHandler : Creating new EntityManager for shared EntityManager invocation
2024-08-14T15:46:46.482+01:00 DEBUG 12624 --- [Auth-ClientSide-service] [           main] o.s.d.jpa.repository.query.NamedQuery    : Did not find named query Product.selectExistsName.count
2024-08-14T15:46:46.482+01:00 DEBUG 12624 --- [Auth-ClientSide-service] [           main] tor$SharedEntityManagerInvocationHandler : Creating new EntityManager for shared EntityManager invocation
2024-08-14T15:46:46.608+01:00 DEBUG 12624 --- [Auth-ClientSide-service] [           main] o.s.d.jpa.repository.query.NamedQuery    : Looking up named query Product.findProductByIdIs
2024-08-14T15:46:46.609+01:00 DEBUG 12624 --- [Auth-ClientSide-service] [           main] o.s.d.jpa.repository.query.NamedQuery    : Did not find named query Product.findProductByIdIs
2024-08-14T15:46:46.610+01:00 DEBUG 12624 --- [Auth-ClientSide-service] [           main] tor$SharedEntityManagerInvocationHandler : Creating new EntityManager for shared EntityManager invocation
2024-08-14T15:46:46.614+01:00 DEBUG 12624 --- [Auth-ClientSide-service] [           main] o.s.d.jpa.repository.query.NamedQuery    : Looking up named query Product.getAllByIdIsNotNull
2024-08-14T15:46:46.615+01:00 DEBUG 12624 --- [Auth-ClientSide-service] [           main] o.s.d.jpa.repository.query.NamedQuery    : Did not find named query Product.getAllByIdIsNotNull
2024-08-14T15:46:46.616+01:00 DEBUG 12624 --- [Auth-ClientSide-service] [           main] tor$SharedEntityManagerInvocationHandler : Creating new EntityManager for shared EntityManager invocation
2024-08-14T15:46:46.622+01:00 DEBUG 12624 --- [Auth-ClientSide-service] [           main] o.s.d.jpa.repository.query.NamedQuery    : Looking up named query Product.findProductByCategory
2024-08-14T15:46:46.624+01:00 DEBUG 12624 --- [Auth-ClientSide-service] [           main] o.s.d.jpa.repository.query.NamedQuery    : Did not find named query Product.findProductByCategory
2024-08-14T15:46:46.625+01:00 DEBUG 12624 --- [Auth-ClientSide-service] [           main] tor$SharedEntityManagerInvocationHandler : Creating new EntityManager for shared EntityManager invocation
2024-08-14T15:46:46.631+01:00 DEBUG 12624 --- [Auth-ClientSide-service] [           main] o.s.d.r.c.s.RepositoryFactorySupport     : Finished creation of repository instance for com.wholesaled.clientsideservice.Repository.ProductRepository.
2024-08-14T15:46:46.633+01:00 DEBUG 12624 --- [Auth-ClientSide-service] [           main] o.s.b.f.s.DefaultListableBeanFactory     : Creating shared instance of singleton bean 'jpaSharedEM_AWC_entityManagerFactory'
2024-08-14T15:46:46.637+01:00 DEBUG 12624 --- [Auth-ClientSide-service] [           main] o.s.b.f.s.DefaultListableBeanFactory     : Autowiring by type from bean name 'cartService' via constructor to bean named 'cartElementService'
2024-08-14T15:46:46.637+01:00 DEBUG 12624 --- [Auth-ClientSide-service] [           main] o.s.b.f.s.DefaultListableBeanFactory     : Autowiring by type from bean name 'cartService' via constructor to bean named 'CartRepository'
2024-08-14T15:46:46.637+01:00 DEBUG 12624 --- [Auth-ClientSide-service] [           main] o.s.b.f.s.DefaultListableBeanFactory     : Autowiring by type from bean name 'cartService' via constructor to bean named 'productRepository'
2024-08-14T15:46:46.637+01:00 DEBUG 12624 --- [Auth-ClientSide-service] [           main] o.s.b.f.s.DefaultListableBeanFactory     : Autowiring by type from bean name 'cartService' via constructor to bean named 'jpaSharedEM_AWC_entityManagerFactory'
2024-08-14T15:46:46.637+01:00 DEBUG 12624 --- [Auth-ClientSide-service] [           main] o.s.b.f.s.DefaultListableBeanFactory     : Autowiring by type from bean name 'cartService' via constructor to bean named 'userServiceImpl'
2024-08-14T15:46:46.650+01:00 DEBUG 12624 --- [Auth-ClientSide-service] [           main] o.s.b.f.s.DefaultListableBeanFactory     : Creating shared instance of singleton bean 'ProductService'
2024-08-14T15:46:46.655+01:00 DEBUG 12624 --- [Auth-ClientSide-service] [           main] o.s.b.f.s.DefaultListableBeanFactory     : Autowiring by type from bean name 'ProductService' via constructor to bean named 'userRepository'
2024-08-14T15:46:46.655+01:00 DEBUG 12624 --- [Auth-ClientSide-service] [           main] o.s.b.f.s.DefaultListableBeanFactory     : Autowiring by type from bean name 'ProductService' via constructor to bean named 'brokerMessagingTemplate'
2024-08-14T15:46:46.655+01:00 DEBUG 12624 --- [Auth-ClientSide-service] [           main] o.s.b.f.s.DefaultListableBeanFactory     : Autowiring by type from bean name 'ProductService' via constructor to bean named 'modelMapper'
2024-08-14T15:46:46.655+01:00 DEBUG 12624 --- [Auth-ClientSide-service] [           main] o.s.b.f.s.DefaultListableBeanFactory     : Autowiring by type from bean name 'ProductService' via constructor to bean named 'orderElementRepository'
2024-08-14T15:46:46.655+01:00 DEBUG 12624 --- [Auth-ClientSide-service] [           main] o.s.b.f.s.DefaultListableBeanFactory     : Autowiring by type from bean name 'ProductService' via constructor to bean named 'CommentRepository'
2024-08-14T15:46:46.655+01:00 DEBUG 12624 --- [Auth-ClientSide-service] [           main] o.s.b.f.s.DefaultListableBeanFactory     : Autowiring by type from bean name 'ProductService' via constructor to bean named 'CartElementRepository'
2024-08-14T15:46:46.655+01:00 DEBUG 12624 --- [Auth-ClientSide-service] [           main] o.s.b.f.s.DefaultListableBeanFactory     : Autowiring by type from bean name 'ProductService' via constructor to bean named 'productRepository'
2024-08-14T15:46:46.665+01:00 DEBUG 12624 --- [Auth-ClientSide-service] [           main] o.s.b.f.s.DefaultListableBeanFactory     : Autowiring by type from bean name 'cartController' via constructor to bean named 'cartService'
2024-08-14T15:46:46.665+01:00 DEBUG 12624 --- [Auth-ClientSide-service] [           main] o.s.b.f.s.DefaultListableBeanFactory     : Autowiring by type from bean name 'cartController' via constructor to bean named 'cartElementService'
2024-08-14T15:46:46.665+01:00 DEBUG 12624 --- [Auth-ClientSide-service] [           main] o.s.b.f.s.DefaultListableBeanFactory     : Autowiring by type from bean name 'cartController' via constructor to bean named 'ProductService'
2024-08-14T15:46:46.666+01:00 DEBUG 12624 --- [Auth-ClientSide-service] [           main] o.s.b.f.s.DefaultListableBeanFactory     : Creating shared instance of singleton bean 'cartElementController'
2024-08-14T15:46:46.667+01:00 DEBUG 12624 --- [Auth-ClientSide-service] [           main] o.s.b.f.s.DefaultListableBeanFactory     : Autowiring by type from bean name 'cartElementController' via constructor to bean named 'cartElementService'
2024-08-14T15:46:46.668+01:00 DEBUG 12624 --- [Auth-ClientSide-service] [           main] o.s.b.f.s.DefaultListableBeanFactory     : Creating shared instance of singleton bean 'clientController'
2024-08-14T15:46:46.676+01:00 DEBUG 12624 --- [Auth-ClientSide-service] [           main] o.s.b.f.s.DefaultListableBeanFactory     : Creating shared instance of singleton bean 'orderService'
2024-08-14T15:46:46.678+01:00 DEBUG 12624 --- [Auth-ClientSide-service] [           main] o.s.b.f.s.DefaultListableBeanFactory     : Autowiring by type from bean name 'orderService' via constructor to bean named 'orderRepository'
2024-08-14T15:46:46.678+01:00 DEBUG 12624 --- [Auth-ClientSide-service] [           main] o.s.b.f.s.DefaultListableBeanFactory     : Autowiring by type from bean name 'orderService' via constructor to bean named 'orderElementRepository'
2024-08-14T15:46:46.678+01:00 DEBUG 12624 --- [Auth-ClientSide-service] [           main] o.s.b.f.s.DefaultListableBeanFactory     : Autowiring by type from bean name 'orderService' via constructor to bean named 'CartRepository'
2024-08-14T15:46:46.678+01:00 DEBUG 12624 --- [Auth-ClientSide-service] [           main] o.s.b.f.s.DefaultListableBeanFactory     : Autowiring by type from bean name 'orderService' via constructor to bean named 'cartService'
2024-08-14T15:46:46.678+01:00 DEBUG 12624 --- [Auth-ClientSide-service] [           main] o.s.b.f.s.DefaultListableBeanFactory     : Autowiring by type from bean name 'orderService' via constructor to bean named 'productRepository'
2024-08-14T15:46:46.678+01:00 DEBUG 12624 --- [Auth-ClientSide-service] [           main] o.s.b.f.s.DefaultListableBeanFactory     : Autowiring by type from bean name 'orderService' via constructor to bean named 'jpaSharedEM_AWC_entityManagerFactory'
2024-08-14T15:46:46.678+01:00 DEBUG 12624 --- [Auth-ClientSide-service] [           main] o.s.b.f.s.DefaultListableBeanFactory     : Autowiring by type from bean name 'orderService' via constructor to bean named 'brokerMessagingTemplate'
2024-08-14T15:46:46.678+01:00 DEBUG 12624 --- [Auth-ClientSide-service] [           main] o.s.b.f.s.DefaultListableBeanFactory     : Autowiring by type from bean name 'orderService' via constructor to bean named 'userServiceImpl'
2024-08-14T15:46:46.678+01:00 DEBUG 12624 --- [Auth-ClientSide-service] [           main] o.s.b.f.s.DefaultListableBeanFactory     : Autowiring by type from bean name 'orderService' via constructor to bean named 'notificationService'
2024-08-14T15:46:46.678+01:00 DEBUG 12624 --- [Auth-ClientSide-service] [           main] o.s.b.f.s.DefaultListableBeanFactory     : Autowiring by type from bean name 'orderService' via constructor to bean named 'adminOrderService'
2024-08-14T15:46:46.690+01:00 DEBUG 12624 --- [Auth-ClientSide-service] [           main] o.s.b.f.s.DefaultListableBeanFactory     : Creating shared instance of singleton bean 'com.wholesaled.clientsideservice.Fiegn.TradeCustomerClient'
2024-08-14T15:46:46.691+01:00 DEBUG 12624 --- [Auth-ClientSide-service] [           main] o.s.c.openfeign.FeignClientFactoryBean   : Creating a FeignClientFactoryBean.
2024-08-14T15:46:46.696+01:00 DEBUG 12624 --- [Auth-ClientSide-service] [           main] o.s.b.f.s.DefaultListableBeanFactory     : Creating shared instance of singleton bean 'feignContext'
2024-08-14T15:46:46.697+01:00 DEBUG 12624 --- [Auth-ClientSide-service] [           main] o.s.b.f.s.DefaultListableBeanFactory     : Creating shared instance of singleton bean 'org.springframework.cloud.openfeign.FeignAutoConfiguration'
2024-08-14T15:46:46.697+01:00 DEBUG 12624 --- [Auth-ClientSide-service] [           main] o.s.b.f.s.DefaultListableBeanFactory     : Creating shared instance of singleton bean 'default.com.wholesaled.AuthenticationApplication.FeignClientSpecification'
2024-08-14T15:46:46.706+01:00 DEBUG 12624 --- [Auth-ClientSide-service] [           main] o.s.b.f.s.DefaultListableBeanFactory     : Creating shared instance of singleton bean 'AUTH-ADMIN-SERVICE.FeignClientSpecification'
2024-08-14T15:46:46.721+01:00 DEBUG 12624 --- [Auth-ClientSide-service] [           main] s.c.a.AnnotationConfigApplicationContext : Refreshing FeignClientFactory-AUTH-ADMIN-SERVICE
2024-08-14T15:46:46.722+01:00 DEBUG 12624 --- [Auth-ClientSide-service] [           main] o.s.b.f.s.DefaultListableBeanFactory     : Creating shared instance of singleton bean 'org.springframework.context.annotation.internalConfigurationAnnotationProcessor'
2024-08-14T15:46:46.769+01:00 DEBUG 12624 --- [Auth-ClientSide-service] [           main] o.s.b.f.s.DefaultListableBeanFactory     : Creating shared instance of singleton bean 'propertySourcesPlaceholderConfigurer'
2024-08-14T15:46:46.770+01:00 DEBUG 12624 --- [Auth-ClientSide-service] [           main] o.s.b.f.s.DefaultListableBeanFactory     : Creating shared instance of singleton bean 'org.springframework.context.event.internalEventListenerProcessor'
2024-08-14T15:46:46.771+01:00 DEBUG 12624 --- [Auth-ClientSide-service] [           main] o.s.b.f.s.DefaultListableBeanFactory     : Creating shared instance of singleton bean 'org.springframework.context.event.internalEventListenerFactory'
2024-08-14T15:46:46.771+01:00 DEBUG 12624 --- [Auth-ClientSide-service] [           main] o.s.b.f.s.DefaultListableBeanFactory     : Creating shared instance of singleton bean 'org.springframework.context.annotation.internalAutowiredAnnotationProcessor'
2024-08-14T15:46:46.772+01:00 DEBUG 12624 --- [Auth-ClientSide-service] [           main] o.s.b.f.s.DefaultListableBeanFactory     : Creating shared instance of singleton bean 'org.springframework.context.annotation.internalCommonAnnotationProcessor'
2024-08-14T15:46:46.773+01:00 DEBUG 12624 --- [Auth-ClientSide-service] [           main] o.s.b.f.s.DefaultListableBeanFactory     : Creating shared instance of singleton bean 'org.springframework.context.annotation.internalPersistenceAnnotationProcessor'
2024-08-14T15:46:46.773+01:00 DEBUG 12624 --- [Auth-ClientSide-service] [           main] o.s.b.f.s.DefaultListableBeanFactory     : Creating shared instance of singleton bean 'feignClientConfiguration'
2024-08-14T15:46:46.776+01:00 DEBUG 12624 --- [Auth-ClientSide-service] [           main] o.s.b.f.s.DefaultListableBeanFactory     : Creating shared instance of singleton bean 'propertyPlaceholderAutoConfiguration'
2024-08-14T15:46:46.776+01:00 DEBUG 12624 --- [Auth-ClientSide-service] [           main] o.s.b.f.s.DefaultListableBeanFactory     : Creating shared instance of singleton bean 'feignClientsConfiguration'
2024-08-14T15:46:46.785+01:00 DEBUG 12624 --- [Auth-ClientSide-service] [           main] o.s.b.f.s.DefaultListableBeanFactory     : Creating shared instance of singleton bean 'spring.data.web-org.springframework.boot.autoconfigure.data.web.SpringDataWebProperties'
2024-08-14T15:46:46.790+01:00 DEBUG 12624 --- [Auth-ClientSide-service] [           main] o.s.b.f.s.DefaultListableBeanFactory     : Creating shared instance of singleton bean 'spring.cloud.openfeign.client-org.springframework.cloud.openfeign.FeignClientProperties'
2024-08-14T15:46:46.793+01:00 DEBUG 12624 --- [Auth-ClientSide-service] [           main] o.s.b.f.s.DefaultListableBeanFactory     : Creating shared instance of singleton bean 'spring.cloud.openfeign.encoder-org.springframework.cloud.openfeign.support.FeignEncoderProperties'
2024-08-14T15:46:46.795+01:00 DEBUG 12624 --- [Auth-ClientSide-service] [           main] o.s.b.f.s.DefaultListableBeanFactory     : Creating shared instance of singleton bean 'requestInterceptor'
2024-08-14T15:46:46.797+01:00 DEBUG 12624 --- [Auth-ClientSide-service] [           main] o.s.b.f.s.DefaultListableBeanFactory     : Creating shared instance of singleton bean 'org.springframework.cloud.openfeign.FeignClientsConfiguration$DefaultFeignBuilderConfiguration'
2024-08-14T15:46:46.798+01:00 DEBUG 12624 --- [Auth-ClientSide-service] [           main] o.s.b.f.s.DefaultListableBeanFactory     : Creating shared instance of singleton bean 'feignDecoder'
2024-08-14T15:46:46.811+01:00 DEBUG 12624 --- [Auth-ClientSide-service] [           main] o.s.b.f.s.DefaultListableBeanFactory     : Creating shared instance of singleton bean 'feignEncoderPageable'
2024-08-14T15:46:46.837+01:00 DEBUG 12624 --- [Auth-ClientSide-service] [           main] o.s.b.f.s.DefaultListableBeanFactory     : Creating shared instance of singleton bean 'feignQueryMapEncoderPageable'
2024-08-14T15:46:46.841+01:00 DEBUG 12624 --- [Auth-ClientSide-service] [           main] o.s.b.f.s.DefaultListableBeanFactory     : Creating shared instance of singleton bean 'feignContract'
2024-08-14T15:46:46.843+01:00 DEBUG 12624 --- [Auth-ClientSide-service] [           main] o.s.b.f.s.DefaultListableBeanFactory     : Creating shared instance of singleton bean 'feignConversionService'
2024-08-14T15:46:46.846+01:00 DEBUG 12624 --- [Auth-ClientSide-service] [           main] o.s.b.f.s.DefaultListableBeanFactory     : Autowiring by type from bean name 'feignContract' via factory method to bean named 'feignConversionService'
2024-08-14T15:46:46.866+01:00 DEBUG 12624 --- [Auth-ClientSide-service] [           main] o.s.b.f.s.DefaultListableBeanFactory     : Creating shared instance of singleton bean 'feignRetryer'
2024-08-14T15:46:46.868+01:00 DEBUG 12624 --- [Auth-ClientSide-service] [           main] o.s.b.f.s.DefaultListableBeanFactory     : Creating shared instance of singleton bean 'feignLoggerFactory'
2024-08-14T15:46:46.871+01:00 DEBUG 12624 --- [Auth-ClientSide-service] [           main] o.s.b.f.s.DefaultListableBeanFactory     : Creating shared instance of singleton bean 'feignClientConfigurer'
2024-08-14T15:46:46.881+01:00 DEBUG 12624 --- [Auth-ClientSide-service] [           main] o.s.b.f.s.DefaultListableBeanFactory     : Creating shared instance of singleton bean 'delegatingApplicationListener'
2024-08-14T15:46:46.882+01:00 DEBUG 12624 --- [Auth-ClientSide-service] [           main] o.s.b.f.s.DefaultListableBeanFactory     : Creating shared instance of singleton bean 'mvcResourceUrlProvider'
2024-08-14T15:46:46.887+01:00 DEBUG 12624 --- [Auth-ClientSide-service] [           main] o.s.b.f.s.DefaultListableBeanFactory     : Creating shared instance of singleton bean 'refreshEventListener'
2024-08-14T15:46:46.888+01:00 DEBUG 12624 --- [Auth-ClientSide-service] [           main] o.s.b.f.s.DefaultListableBeanFactory     : Creating shared instance of singleton bean 'org.springframework.cloud.autoconfigure.RefreshAutoConfiguration'
2024-08-14T15:46:46.891+01:00 DEBUG 12624 --- [Auth-ClientSide-service] [           main] o.s.b.f.s.DefaultListableBeanFactory     : Creating shared instance of singleton bean 'configDataContextRefresher'
2024-08-14T15:46:46.892+01:00 DEBUG 12624 --- [Auth-ClientSide-service] [           main] o.s.b.f.s.DefaultListableBeanFactory     : Creating shared instance of singleton bean 'spring.cloud.refresh-org.springframework.cloud.autoconfigure.RefreshAutoConfiguration$RefreshProperties'
2024-08-14T15:46:46.896+01:00 DEBUG 12624 --- [Auth-ClientSide-service] [           main] o.s.b.f.s.DefaultListableBeanFactory     : Autowiring by type from bean name 'configDataContextRefresher' via factory method to bean named 'org.springframework.web.context.support.GenericWebApplicationContext@57bd802b'
2024-08-14T15:46:46.896+01:00 DEBUG 12624 --- [Auth-ClientSide-service] [           main] o.s.b.f.s.DefaultListableBeanFactory     : Autowiring by type from bean name 'configDataContextRefresher' via factory method to bean named 'refreshScope'
2024-08-14T15:46:46.896+01:00 DEBUG 12624 --- [Auth-ClientSide-service] [           main] o.s.b.f.s.DefaultListableBeanFactory     : Autowiring by type from bean name 'configDataContextRefresher' via factory method to bean named 'spring.cloud.refresh-org.springframework.cloud.autoconfigure.RefreshAutoConfiguration$RefreshProperties'
2024-08-14T15:46:46.900+01:00 DEBUG 12624 --- [Auth-ClientSide-service] [           main] o.s.b.f.s.DefaultListableBeanFactory     : Autowiring by type from bean name 'refreshEventListener' via factory method to bean named 'configDataContextRefresher'
2024-08-14T15:46:46.904+01:00 DEBUG 12624 --- [Auth-ClientSide-service] [           main] o.s.b.f.s.DefaultListableBeanFactory     : Creating shared instance of singleton bean 'eurekaAutoServiceRegistration'
2024-08-14T15:46:46.904+01:00 DEBUG 12624 --- [Auth-ClientSide-service] [           main] o.s.b.f.s.DefaultListableBeanFactory     : Creating shared instance of singleton bean 'org.springframework.cloud.netflix.eureka.EurekaClientAutoConfiguration'
2024-08-14T15:46:46.906+01:00 DEBUG 12624 --- [Auth-ClientSide-service] [           main] o.s.b.f.s.DefaultListableBeanFactory     : Autowiring by type from bean name 'org.springframework.cloud.netflix.eureka.EurekaClientAutoConfiguration' via constructor to bean named 'environment'
2024-08-14T15:46:46.907+01:00 DEBUG 12624 --- [Auth-ClientSide-service] [           main] o.s.b.f.s.DefaultListableBeanFactory     : Creating shared instance of singleton bean 'eurekaServiceRegistry'
2024-08-14T15:46:46.908+01:00 DEBUG 12624 --- [Auth-ClientSide-service] [           main] o.s.b.f.s.DefaultListableBeanFactory     : Creating shared instance of singleton bean 'eurekaInstanceConfigBean'
2024-08-14T15:46:46.909+01:00 DEBUG 12624 --- [Auth-ClientSide-service] [           main] o.s.b.f.s.DefaultListableBeanFactory     : Creating shared instance of singleton bean 'inetUtils'
2024-08-14T15:46:46.909+01:00 DEBUG 12624 --- [Auth-ClientSide-service] [           main] o.s.b.f.s.DefaultListableBeanFactory     : Creating shared instance of singleton bean 'org.springframework.cloud.commons.util.UtilAutoConfiguration'
2024-08-14T15:46:46.910+01:00 DEBUG 12624 --- [Auth-ClientSide-service] [           main] o.s.b.f.s.DefaultListableBeanFactory     : Creating shared instance of singleton bean 'inetUtilsProperties'
2024-08-14T15:46:46.915+01:00 DEBUG 12624 --- [Auth-ClientSide-service] [           main] o.s.b.f.s.DefaultListableBeanFactory     : Autowiring by type from bean name 'inetUtils' via factory method to bean named 'inetUtilsProperties'
2024-08-14T15:46:46.917+01:00 DEBUG 12624 --- [Auth-ClientSide-service] [           main] o.s.b.f.s.DefaultListableBeanFactory     : Creating shared instance of singleton bean 'serviceManagementMetadataProvider'
2024-08-14T15:46:46.918+01:00 DEBUG 12624 --- [Auth-ClientSide-service] [           main] o.s.b.f.s.DefaultListableBeanFactory     : Autowiring by type from bean name 'eurekaInstanceConfigBean' via factory method to bean named 'inetUtils'
2024-08-14T15:46:46.919+01:00 DEBUG 12624 --- [Auth-ClientSide-service] [           main] o.s.b.f.s.DefaultListableBeanFactory     : Autowiring by type from bean name 'eurekaInstanceConfigBean' via factory method to bean named 'serviceManagementMetadataProvider'
2024-08-14T15:46:46.927+01:00 DEBUG 12624 --- [Auth-ClientSide-service] [           main] .n.e.m.DefaultManagementMetadataProvider : Constructed eureka meta-data healthcheckUrl: http://DESKTOP-NMBILJD:9000/actuator/health
2024-08-14T15:46:46.927+01:00 DEBUG 12624 --- [Auth-ClientSide-service] [           main] .n.e.m.DefaultManagementMetadataProvider : Constructed eureka meta-data statusPageUrl: http://DESKTOP-NMBILJD:9000/actuator/info
2024-08-14T15:46:46.944+01:00 DEBUG 12624 --- [Auth-ClientSide-service] [           main] o.s.b.f.s.DefaultListableBeanFactory     : Autowiring by type from bean name 'eurekaServiceRegistry' via factory method to bean named 'eurekaInstanceConfigBean'
2024-08-14T15:46:46.950+01:00 DEBUG 12624 --- [Auth-ClientSide-service] [           main] o.s.b.f.s.DefaultListableBeanFactory     : Autowiring by type from bean name 'eurekaAutoServiceRegistration' via factory method to bean named 'org.springframework.web.context.support.GenericWebApplicationContext@57bd802b'
2024-08-14T15:46:46.950+01:00 DEBUG 12624 --- [Auth-ClientSide-service] [           main] o.s.b.f.s.DefaultListableBeanFactory     : Autowiring by type from bean name 'eurekaAutoServiceRegistration' via factory method to bean named 'eurekaServiceRegistry'
2024-08-14T15:46:46.950+01:00 DEBUG 12624 --- [Auth-ClientSide-service] [           main] o.s.b.f.s.DefaultListableBeanFactory     : Autowiring by type from bean name 'eurekaAutoServiceRegistration' via factory method to bean named 'eurekaRegistration'
2024-08-14T15:46:46.955+01:00 DEBUG 12624 --- [Auth-ClientSide-service] [           main] o.s.b.f.s.DefaultListableBeanFactory     : Autowiring by type from bean name 'feignBuilder' via factory method to bean named 'feignRetryer'
2024-08-14T15:46:46.968+01:00 DEBUG 12624 --- [Auth-ClientSide-service] [           main] o.s.b.f.s.DefaultListableBeanFactory     : Creating shared instance of singleton bean 'requestInterceptor'
2024-08-14T15:46:46.969+01:00 DEBUG 12624 --- [Auth-ClientSide-service] [           main] o.s.b.f.s.DefaultListableBeanFactory     : Creating shared instance of singleton bean 'feignClientConfiguration'
2024-08-14T15:46:46.971+01:00  INFO 12624 --- [Auth-ClientSide-service] [           main] o.s.c.openfeign.FeignClientFactoryBean   : For 'AUTH-ADMIN-SERVICE' URL not provided. Will try picking an instance via load-balancing.
2024-08-14T15:46:46.972+01:00 DEBUG 12624 --- [Auth-ClientSide-service] [           main] o.s.b.f.s.DefaultListableBeanFactory     : Creating shared instance of singleton bean 'feignClient'
2024-08-14T15:46:46.972+01:00 DEBUG 12624 --- [Auth-ClientSide-service] [           main] o.s.b.f.s.DefaultListableBeanFactory     : Creating shared instance of singleton bean 'org.springframework.cloud.openfeign.loadbalancer.DefaultFeignLoadBalancerConfiguration'
2024-08-14T15:46:46.974+01:00 DEBUG 12624 --- [Auth-ClientSide-service] [           main] o.s.b.f.s.DefaultListableBeanFactory     : Creating shared instance of singleton bean 'blockingLoadBalancerClient'
2024-08-14T15:46:46.974+01:00 DEBUG 12624 --- [Auth-ClientSide-service] [           main] o.s.b.f.s.DefaultListableBeanFactory     : Creating shared instance of singleton bean 'org.springframework.cloud.loadbalancer.config.BlockingLoadBalancerClientAutoConfiguration'
2024-08-14T15:46:46.974+01:00 DEBUG 12624 --- [Auth-ClientSide-service] [           main] o.s.b.f.s.DefaultListableBeanFactory     : Creating shared instance of singleton bean 'loadBalancerClientFactory'
2024-08-14T15:46:46.976+01:00 DEBUG 12624 --- [Auth-ClientSide-service] [           main] o.s.b.f.s.DefaultListableBeanFactory     : Creating shared instance of singleton bean 'org.springframework.cloud.loadbalancer.config.LoadBalancerAutoConfiguration'
2024-08-14T15:46:46.976+01:00 DEBUG 12624 --- [Auth-ClientSide-service] [           main] o.s.b.f.s.DefaultListableBeanFactory     : Creating shared instance of singleton bean 'spring.cloud.loadbalancer-org.springframework.cloud.client.loadbalancer.LoadBalancerClientsProperties'
2024-08-14T15:46:46.981+01:00 DEBUG 12624 --- [Auth-ClientSide-service] [           main] o.s.b.f.s.DefaultListableBeanFactory     : Autowiring by type from bean name 'loadBalancerClientFactory' via factory method to bean named 'spring.cloud.loadbalancer-org.springframework.cloud.client.loadbalancer.LoadBalancerClientsProperties'
2024-08-14T15:46:46.983+01:00 DEBUG 12624 --- [Auth-ClientSide-service] [           main] o.s.b.f.s.DefaultListableBeanFactory     : Creating shared instance of singleton bean 'default.org.springframework.cloud.loadbalancer.config.LoadBalancerAutoConfiguration.LoadBalancerClientSpecification'
2024-08-14T15:46:46.984+01:00 DEBUG 12624 --- [Auth-ClientSide-service] [           main] o.s.b.f.s.DefaultListableBeanFactory     : Creating shared instance of singleton bean 'default.org.springframework.cloud.loadbalancer.config.BlockingLoadBalancerClientAutoConfiguration.LoadBalancerClientSpecification'
2024-08-14T15:46:46.985+01:00 DEBUG 12624 --- [Auth-ClientSide-service] [           main] o.s.b.f.s.DefaultListableBeanFactory     : Creating shared instance of singleton bean 'default.org.springframework.cloud.netflix.eureka.loadbalancer.LoadBalancerEurekaAutoConfiguration.LoadBalancerClientSpecification'
2024-08-14T15:46:46.987+01:00 DEBUG 12624 --- [Auth-ClientSide-service] [           main] o.s.b.f.s.DefaultListableBeanFactory     : Autowiring by type from bean name 'blockingLoadBalancerClient' via factory method to bean named 'loadBalancerClientFactory'
2024-08-14T15:46:46.990+01:00 DEBUG 12624 --- [Auth-ClientSide-service] [           main] o.s.b.f.s.DefaultListableBeanFactory     : Creating shared instance of singleton bean 'xForwarderHeadersFeignTransformer'
2024-08-14T15:46:46.991+01:00 DEBUG 12624 --- [Auth-ClientSide-service] [           main] o.s.b.f.s.DefaultListableBeanFactory     : Creating shared instance of singleton bean 'org.springframework.cloud.openfeign.loadbalancer.FeignLoadBalancerAutoConfiguration'
2024-08-14T15:46:46.991+01:00 DEBUG 12624 --- [Auth-ClientSide-service] [           main] o.s.b.f.s.DefaultListableBeanFactory     : Autowiring by type from bean name 'xForwarderHeadersFeignTransformer' via factory method to bean named 'loadBalancerClientFactory'
2024-08-14T15:46:46.992+01:00 DEBUG 12624 --- [Auth-ClientSide-service] [           main] o.s.b.f.s.DefaultListableBeanFactory     : Autowiring by type from bean name 'feignClient' via factory method to bean named 'blockingLoadBalancerClient'
2024-08-14T15:46:46.992+01:00 DEBUG 12624 --- [Auth-ClientSide-service] [           main] o.s.b.f.s.DefaultListableBeanFactory     : Autowiring by type from bean name 'feignClient' via factory method to bean named 'loadBalancerClientFactory'
2024-08-14T15:46:46.992+01:00 DEBUG 12624 --- [Auth-ClientSide-service] [           main] o.s.b.f.s.DefaultListableBeanFactory     : Autowiring by type from bean name 'feignClient' via factory method to bean named 'xForwarderHeadersFeignTransformer'
2024-08-14T15:46:46.996+01:00 DEBUG 12624 --- [Auth-ClientSide-service] [           main] o.s.b.f.s.DefaultListableBeanFactory     : Creating shared instance of singleton bean 'feignTargeter'
2024-08-14T15:46:46.996+01:00 DEBUG 12624 --- [Auth-ClientSide-service] [           main] o.s.b.f.s.DefaultListableBeanFactory     : Creating shared instance of singleton bean 'org.springframework.cloud.openfeign.FeignAutoConfiguration$DefaultFeignTargeterConfiguration'
2024-08-14T15:46:47.013+01:00 DEBUG 12624 --- [Auth-ClientSide-service] [           main] o.s.b.f.s.DefaultListableBeanFactory     : Autowiring by type from bean name 'clientController' via constructor to bean named 'ProductService'
2024-08-14T15:46:47.013+01:00 DEBUG 12624 --- [Auth-ClientSide-service] [           main] o.s.b.f.s.DefaultListableBeanFactory     : Autowiring by type from bean name 'clientController' via constructor to bean named 'cartService'
2024-08-14T15:46:47.013+01:00 DEBUG 12624 --- [Auth-ClientSide-service] [           main] o.s.b.f.s.DefaultListableBeanFactory     : Autowiring by type from bean name 'clientController' via constructor to bean named 'userServiceImpl'
2024-08-14T15:46:47.013+01:00 DEBUG 12624 --- [Auth-ClientSide-service] [           main] o.s.b.f.s.DefaultListableBeanFactory     : Autowiring by type from bean name 'clientController' via constructor to bean named 'orderService'
2024-08-14T15:46:47.013+01:00 DEBUG 12624 --- [Auth-ClientSide-service] [           main] o.s.b.f.s.DefaultListableBeanFactory     : Autowiring by type from bean name 'clientController' via constructor to bean named 'com.wholesaled.clientsideservice.Fiegn.TradeCustomerClient'
2024-08-14T15:46:47.013+01:00 DEBUG 12624 --- [Auth-ClientSide-service] [           main] o.s.b.f.s.DefaultListableBeanFactory     : Autowiring by type from bean name 'clientController' via constructor to bean named 'modelMapper'
2024-08-14T15:46:47.013+01:00 DEBUG 12624 --- [Auth-ClientSide-service] [           main] o.s.b.f.s.DefaultListableBeanFactory     : Autowiring by type from bean name 'clientController' via constructor to bean named 'userRepository'
2024-08-14T15:46:47.016+01:00 DEBUG 12624 --- [Auth-ClientSide-service] [           main] o.s.b.f.s.DefaultListableBeanFactory     : Creating shared instance of singleton bean 'commentController'
2024-08-14T15:46:47.017+01:00 DEBUG 12624 --- [Auth-ClientSide-service] [           main] o.s.b.f.s.DefaultListableBeanFactory     : Creating shared instance of singleton bean 'commentService'
2024-08-14T15:46:47.018+01:00 DEBUG 12624 --- [Auth-ClientSide-service] [           main] o.s.b.f.s.DefaultListableBeanFactory     : Autowiring by type from bean name 'commentService' via constructor to bean named 'CommentRepository'
2024-08-14T15:46:47.018+01:00 DEBUG 12624 --- [Auth-ClientSide-service] [           main] o.s.b.f.s.DefaultListableBeanFactory     : Autowiring by type from bean name 'commentService' via constructor to bean named 'brokerMessagingTemplate'
2024-08-14T15:46:47.018+01:00 DEBUG 12624 --- [Auth-ClientSide-service] [           main] o.s.b.f.s.DefaultListableBeanFactory     : Autowiring by type from bean name 'commentService' via constructor to bean named 'userServiceImpl'
2024-08-14T15:46:47.018+01:00 DEBUG 12624 --- [Auth-ClientSide-service] [           main] o.s.b.f.s.DefaultListableBeanFactory     : Autowiring by type from bean name 'commentService' via constructor to bean named 'ProductService'
2024-08-14T15:46:47.018+01:00 DEBUG 12624 --- [Auth-ClientSide-service] [           main] o.s.b.f.s.DefaultListableBeanFactory     : Autowiring by type from bean name 'commentService' via constructor to bean named 'modelMapper'
2024-08-14T15:46:47.028+01:00 DEBUG 12624 --- [Auth-ClientSide-service] [           main] o.s.b.f.s.DefaultListableBeanFactory     : Autowiring by type from bean name 'commentController' via constructor to bean named 'commentService'
2024-08-14T15:46:47.030+01:00 DEBUG 12624 --- [Auth-ClientSide-service] [           main] o.s.b.f.s.DefaultListableBeanFactory     : Creating shared instance of singleton bean 'orderController'
2024-08-14T15:46:47.032+01:00 DEBUG 12624 --- [Auth-ClientSide-service] [           main] o.s.b.f.s.DefaultListableBeanFactory     : Autowiring by type from bean name 'orderController' via constructor to bean named 'orderService'
2024-08-14T15:46:47.034+01:00 DEBUG 12624 --- [Auth-ClientSide-service] [           main] o.s.b.f.s.DefaultListableBeanFactory     : Creating shared instance of singleton bean 'productController'
2024-08-14T15:46:47.035+01:00 DEBUG 12624 --- [Auth-ClientSide-service] [           main] o.s.b.f.s.DefaultListableBeanFactory     : Autowiring by type from bean name 'productController' via constructor to bean named 'ProductService'
2024-08-14T15:46:47.036+01:00 DEBUG 12624 --- [Auth-ClientSide-service] [           main] o.s.b.f.s.DefaultListableBeanFactory     : Autowiring by type from bean name 'productController' via constructor to bean named 'orderService'
2024-08-14T15:46:47.036+01:00 DEBUG 12624 --- [Auth-ClientSide-service] [           main] o.s.b.f.s.DefaultListableBeanFactory     : Creating shared instance of singleton bean 'sseController'
2024-08-14T15:46:47.040+01:00 DEBUG 12624 --- [Auth-ClientSide-service] [           main] o.s.b.f.s.DefaultListableBeanFactory     : Creating shared instance of singleton bean 'sseEmitterService'
2024-08-14T15:46:47.041+01:00 DEBUG 12624 --- [Auth-ClientSide-service] [           main] o.s.b.f.s.DefaultListableBeanFactory     : Autowiring by type from bean name 'sseController' via constructor to bean named 'sseEmitterService'
2024-08-14T15:46:47.043+01:00 DEBUG 12624 --- [Auth-ClientSide-service] [           main] o.s.b.f.s.DefaultListableBeanFactory     : Creating shared instance of singleton bean 'productMapper'
2024-08-14T15:46:47.044+01:00 DEBUG 12624 --- [Auth-ClientSide-service] [           main] o.s.b.f.s.DefaultListableBeanFactory     : Creating shared instance of singleton bean 'productUpdateService'
2024-08-14T15:46:47.044+01:00 DEBUG 12624 --- [Auth-ClientSide-service] [           main] o.s.b.f.s.DefaultListableBeanFactory     : Autowiring by type from bean name 'productUpdateService' via constructor to bean named 'ProductService'
2024-08-14T15:46:47.044+01:00 DEBUG 12624 --- [Auth-ClientSide-service] [           main] o.s.b.f.s.DefaultListableBeanFactory     : Autowiring by type from bean name 'productUpdateService' via constructor to bean named 'sseEmitterService'
2024-08-14T15:46:47.044+01:00 DEBUG 12624 --- [Auth-ClientSide-service] [           main] o.s.b.f.s.DefaultListableBeanFactory     : Autowiring by type from bean name 'productUpdateService' via constructor to bean named 'getObjectMapper'
2024-08-14T15:46:47.046+01:00 DEBUG 12624 --- [Auth-ClientSide-service] [           main] o.s.b.f.s.DefaultListableBeanFactory     : Creating shared instance of singleton bean 'webSocketService'
2024-08-14T15:46:47.048+01:00 DEBUG 12624 --- [Auth-ClientSide-service] [           main] o.s.b.f.s.DefaultListableBeanFactory     : Creating shared instance of singleton bean 'productUpdateHandler'
2024-08-14T15:46:47.055+01:00 DEBUG 12624 --- [Auth-ClientSide-service] [           main] o.s.b.f.s.DefaultListableBeanFactory     : Autowiring by type from bean name 'webSocketService' via constructor to bean named 'ProductService'
2024-08-14T15:46:47.055+01:00 DEBUG 12624 --- [Auth-ClientSide-service] [           main] o.s.b.f.s.DefaultListableBeanFactory     : Autowiring by type from bean name 'webSocketService' via constructor to bean named 'getObjectMapper'
2024-08-14T15:46:47.055+01:00 DEBUG 12624 --- [Auth-ClientSide-service] [           main] o.s.b.f.s.DefaultListableBeanFactory     : Autowiring by type from bean name 'webSocketService' via constructor to bean named 'productUpdateHandler'
2024-08-14T15:46:47.056+01:00 DEBUG 12624 --- [Auth-ClientSide-service] [           main] o.s.b.f.s.DefaultListableBeanFactory     : Creating shared instance of singleton bean 'notificationController'
2024-08-14T15:46:47.056+01:00 DEBUG 12624 --- [Auth-ClientSide-service] [           main] o.s.b.f.s.DefaultListableBeanFactory     : Autowiring by type from bean name 'notificationController' via constructor to bean named 'notificationService'
2024-08-14T15:46:47.057+01:00 DEBUG 12624 --- [Auth-ClientSide-service] [           main] o.s.b.f.s.DefaultListableBeanFactory     : Creating shared instance of singleton bean 'corsFilter'
2024-08-14T15:46:47.079+01:00 DEBUG 12624 --- [Auth-ClientSide-service] [           main] o.s.b.f.s.DefaultListableBeanFactory     : Creating shared instance of singleton bean 'stompWebSocketHandlerMapping'
2024-08-14T15:46:47.081+01:00 DEBUG 12624 --- [Auth-ClientSide-service] [           main] o.s.b.f.s.DefaultListableBeanFactory     : Creating shared instance of singleton bean 'subProtocolWebSocketHandler'
2024-08-14T15:46:47.081+01:00 DEBUG 12624 --- [Auth-ClientSide-service] [           main] o.s.b.f.s.DefaultListableBeanFactory     : Autowiring by type from bean name 'subProtocolWebSocketHandler' via factory method to bean named 'clientInboundChannel'
2024-08-14T15:46:47.081+01:00 DEBUG 12624 --- [Auth-ClientSide-service] [           main] o.s.b.f.s.DefaultListableBeanFactory     : Autowiring by type from bean name 'subProtocolWebSocketHandler' via factory method to bean named 'clientOutboundChannel'
2024-08-14T15:46:47.088+01:00 DEBUG 12624 --- [Auth-ClientSide-service] [           main] o.s.b.f.s.DefaultListableBeanFactory     : Creating shared instance of singleton bean 'messageBrokerTaskScheduler'
2024-08-14T15:46:47.090+01:00 DEBUG 12624 --- [Auth-ClientSide-service] [           main] o.s.s.c.ThreadPoolTaskScheduler          : Initializing ExecutorService 'messageBrokerTaskScheduler'
2024-08-14T15:46:47.095+01:00 DEBUG 12624 --- [Auth-ClientSide-service] [           main] o.s.b.f.s.DefaultListableBeanFactory     : Autowiring by type from bean name 'stompWebSocketHandlerMapping' via factory method to bean named 'subProtocolWebSocketHandler'
2024-08-14T15:46:47.095+01:00 DEBUG 12624 --- [Auth-ClientSide-service] [           main] o.s.b.f.s.DefaultListableBeanFactory     : Autowiring by type from bean name 'stompWebSocketHandlerMapping' via factory method to bean named 'messageBrokerTaskScheduler'
2024-08-14T15:46:47.095+01:00 DEBUG 12624 --- [Auth-ClientSide-service] [           main] o.s.b.f.s.DefaultListableBeanFactory     : Autowiring by type from bean name 'stompWebSocketHandlerMapping' via factory method to bean named 'clientInboundChannel'
2024-08-14T15:46:47.154+01:00 DEBUG 12624 --- [Auth-ClientSide-service] [           main] o.s.w.s.s.s.WebSocketHandlerMapping      : Patterns [/products/**, /notifications/**] in 'stompWebSocketHandlerMapping'
2024-08-14T15:46:47.159+01:00 DEBUG 12624 --- [Auth-ClientSide-service] [           main] o.s.b.f.s.DefaultListableBeanFactory     : Creating shared instance of singleton bean 'webSocketMessageBrokerStats'
2024-08-14T15:46:47.161+01:00 DEBUG 12624 --- [Auth-ClientSide-service] [           main] o.s.b.f.s.DefaultListableBeanFactory     : Creating shared instance of singleton bean 'stompBrokerRelayMessageHandler'
2024-08-14T15:46:47.162+01:00 DEBUG 12624 --- [Auth-ClientSide-service] [           main] o.s.b.f.s.DefaultListableBeanFactory     : Creating shared instance of singleton bean 'userDestinationMessageHandler'
2024-08-14T15:46:47.164+01:00 DEBUG 12624 --- [Auth-ClientSide-service] [           main] o.s.b.f.s.DefaultListableBeanFactory     : Creating shared instance of singleton bean 'userDestinationResolver'
2024-08-14T15:46:47.165+01:00 DEBUG 12624 --- [Auth-ClientSide-service] [           main] o.s.b.f.s.DefaultListableBeanFactory     : Creating shared instance of singleton bean 'userRegistry'
2024-08-14T15:46:47.165+01:00 DEBUG 12624 --- [Auth-ClientSide-service] [           main] o.s.b.f.s.DefaultListableBeanFactory     : Autowiring by type from bean name 'userRegistry' via factory method to bean named 'clientInboundChannel'
2024-08-14T15:46:47.166+01:00 DEBUG 12624 --- [Auth-ClientSide-service] [           main] o.s.b.f.s.DefaultListableBeanFactory     : Autowiring by type from bean name 'userRegistry' via factory method to bean named 'clientOutboundChannel'
2024-08-14T15:46:47.172+01:00 DEBUG 12624 --- [Auth-ClientSide-service] [           main] o.s.b.f.s.DefaultListableBeanFactory     : Autowiring by type from bean name 'userDestinationResolver' via factory method to bean named 'userRegistry'
2024-08-14T15:46:47.172+01:00 DEBUG 12624 --- [Auth-ClientSide-service] [           main] o.s.b.f.s.DefaultListableBeanFactory     : Autowiring by type from bean name 'userDestinationResolver' via factory method to bean named 'clientInboundChannel'
2024-08-14T15:46:47.172+01:00 DEBUG 12624 --- [Auth-ClientSide-service] [           main] o.s.b.f.s.DefaultListableBeanFactory     : Autowiring by type from bean name 'userDestinationResolver' via factory method to bean named 'clientOutboundChannel'
2024-08-14T15:46:47.180+01:00 DEBUG 12624 --- [Auth-ClientSide-service] [           main] o.s.b.f.s.DefaultListableBeanFactory     : Autowiring by type from bean name 'userDestinationMessageHandler' via factory method to bean named 'clientInboundChannel'
2024-08-14T15:46:47.180+01:00 DEBUG 12624 --- [Auth-ClientSide-service] [           main] o.s.b.f.s.DefaultListableBeanFactory     : Autowiring by type from bean name 'userDestinationMessageHandler' via factory method to bean named 'clientOutboundChannel'
2024-08-14T15:46:47.180+01:00 DEBUG 12624 --- [Auth-ClientSide-service] [           main] o.s.b.f.s.DefaultListableBeanFactory     : Autowiring by type from bean name 'userDestinationMessageHandler' via factory method to bean named 'brokerChannel'
2024-08-14T15:46:47.181+01:00 DEBUG 12624 --- [Auth-ClientSide-service] [           main] o.s.b.f.s.DefaultListableBeanFactory     : Autowiring by type from bean name 'userDestinationMessageHandler' via factory method to bean named 'userDestinationResolver'
2024-08-14T15:46:47.191+01:00 DEBUG 12624 --- [Auth-ClientSide-service] [           main] o.s.b.f.s.DefaultListableBeanFactory     : Creating shared instance of singleton bean 'userRegistryMessageHandler'
2024-08-14T15:46:47.192+01:00 DEBUG 12624 --- [Auth-ClientSide-service] [           main] o.s.b.f.s.DefaultListableBeanFactory     : Autowiring by type from bean name 'userRegistryMessageHandler' via factory method to bean named 'clientInboundChannel'
2024-08-14T15:46:47.192+01:00 DEBUG 12624 --- [Auth-ClientSide-service] [           main] o.s.b.f.s.DefaultListableBeanFactory     : Autowiring by type from bean name 'userRegistryMessageHandler' via factory method to bean named 'clientOutboundChannel'
2024-08-14T15:46:47.192+01:00 DEBUG 12624 --- [Auth-ClientSide-service] [           main] o.s.b.f.s.DefaultListableBeanFactory     : Autowiring by type from bean name 'userRegistryMessageHandler' via factory method to bean named 'userRegistry'
2024-08-14T15:46:47.192+01:00 DEBUG 12624 --- [Auth-ClientSide-service] [           main] o.s.b.f.s.DefaultListableBeanFactory     : Autowiring by type from bean name 'userRegistryMessageHandler' via factory method to bean named 'brokerMessagingTemplate'
2024-08-14T15:46:47.192+01:00 DEBUG 12624 --- [Auth-ClientSide-service] [           main] o.s.b.f.s.DefaultListableBeanFactory     : Autowiring by type from bean name 'userRegistryMessageHandler' via factory method to bean named 'messageBrokerTaskScheduler'
2024-08-14T15:46:47.195+01:00 DEBUG 12624 --- [Auth-ClientSide-service] [           main] o.s.b.f.s.DefaultListableBeanFactory     : Autowiring by type from bean name 'stompBrokerRelayMessageHandler' via factory method to bean named 'clientInboundChannel'
2024-08-14T15:46:47.196+01:00 DEBUG 12624 --- [Auth-ClientSide-service] [           main] o.s.b.f.s.DefaultListableBeanFactory     : Autowiring by type from bean name 'stompBrokerRelayMessageHandler' via factory method to bean named 'clientOutboundChannel'
2024-08-14T15:46:47.196+01:00 DEBUG 12624 --- [Auth-ClientSide-service] [           main] o.s.b.f.s.DefaultListableBeanFactory     : Autowiring by type from bean name 'stompBrokerRelayMessageHandler' via factory method to bean named 'brokerChannel'
2024-08-14T15:46:47.196+01:00 DEBUG 12624 --- [Auth-ClientSide-service] [           main] o.s.b.f.s.DefaultListableBeanFactory     : Autowiring by type from bean name 'stompBrokerRelayMessageHandler' via factory method to bean named 'userDestinationMessageHandler'
2024-08-14T15:46:47.196+01:00 DEBUG 12624 --- [Auth-ClientSide-service] [           main] o.s.b.f.s.DefaultListableBeanFactory     : Autowiring by type from bean name 'stompBrokerRelayMessageHandler' via factory method to bean named 'userRegistryMessageHandler'
2024-08-14T15:46:47.196+01:00 DEBUG 12624 --- [Auth-ClientSide-service] [           main] o.s.b.f.s.DefaultListableBeanFactory     : Autowiring by type from bean name 'stompBrokerRelayMessageHandler' via factory method to bean named 'userDestinationResolver'
2024-08-14T15:46:47.199+01:00 DEBUG 12624 --- [Auth-ClientSide-service] [           main] o.s.b.f.s.DefaultListableBeanFactory     : Autowiring by type from bean name 'webSocketMessageBrokerStats' via factory method to bean named 'stompBrokerRelayMessageHandler'
2024-08-14T15:46:47.199+01:00 DEBUG 12624 --- [Auth-ClientSide-service] [           main] o.s.b.f.s.DefaultListableBeanFactory     : Autowiring by type from bean name 'webSocketMessageBrokerStats' via factory method to bean named 'subProtocolWebSocketHandler'
2024-08-14T15:46:47.199+01:00 DEBUG 12624 --- [Auth-ClientSide-service] [           main] o.s.b.f.s.DefaultListableBeanFactory     : Autowiring by type from bean name 'webSocketMessageBrokerStats' via factory method to bean named 'clientInboundChannelExecutor'
2024-08-14T15:46:47.199+01:00 DEBUG 12624 --- [Auth-ClientSide-service] [           main] o.s.b.f.s.DefaultListableBeanFactory     : Autowiring by type from bean name 'webSocketMessageBrokerStats' via factory method to bean named 'clientOutboundChannelExecutor'
2024-08-14T15:46:47.199+01:00 DEBUG 12624 --- [Auth-ClientSide-service] [           main] o.s.b.f.s.DefaultListableBeanFactory     : Autowiring by type from bean name 'webSocketMessageBrokerStats' via factory method to bean named 'messageBrokerTaskScheduler'
2024-08-14T15:46:47.203+01:00 DEBUG 12624 --- [Auth-ClientSide-service] [           main] o.s.b.f.s.DefaultListableBeanFactory     : Creating shared instance of singleton bean 'simpAnnotationMethodMessageHandler'
2024-08-14T15:46:47.204+01:00 DEBUG 12624 --- [Auth-ClientSide-service] [           main] o.s.b.f.s.DefaultListableBeanFactory     : Autowiring by type from bean name 'simpAnnotationMethodMessageHandler' via factory method to bean named 'clientInboundChannel'
2024-08-14T15:46:47.204+01:00 DEBUG 12624 --- [Auth-ClientSide-service] [           main] o.s.b.f.s.DefaultListableBeanFactory     : Autowiring by type from bean name 'simpAnnotationMethodMessageHandler' via factory method to bean named 'clientOutboundChannel'
2024-08-14T15:46:47.204+01:00 DEBUG 12624 --- [Auth-ClientSide-service] [           main] o.s.b.f.s.DefaultListableBeanFactory     : Autowiring by type from bean name 'simpAnnotationMethodMessageHandler' via factory method to bean named 'brokerMessagingTemplate'
2024-08-14T15:46:47.204+01:00 DEBUG 12624 --- [Auth-ClientSide-service] [           main] o.s.b.f.s.DefaultListableBeanFactory     : Autowiring by type from bean name 'simpAnnotationMethodMessageHandler' via factory method to bean named 'brokerMessageConverter'
2024-08-14T15:46:47.216+01:00 DEBUG 12624 --- [Auth-ClientSide-service] [           main] o.s.b.f.s.DefaultListableBeanFactory     : Creating shared instance of singleton bean 'mvcValidator'
2024-08-14T15:46:47.220+01:00 DEBUG 12624 --- [Auth-ClientSide-service] [           main] o.s.b.f.s.DefaultListableBeanFactory     : Creating shared instance of singleton bean 'defaultValidator'
2024-08-14T15:46:47.221+01:00 DEBUG 12624 --- [Auth-ClientSide-service] [           main] o.s.b.f.s.DefaultListableBeanFactory     : Autowiring by type from bean name 'defaultValidator' via factory method to bean named 'org.springframework.web.context.support.GenericWebApplicationContext@57bd802b'
2024-08-14T15:46:47.305+01:00 DEBUG 12624 --- [Auth-ClientSide-service] [           main] .WebSocketAnnotationMethodMessageHandler : 
	c.w.a.c.AuthController:
	
2024-08-14T15:46:47.306+01:00 DEBUG 12624 --- [Auth-ClientSide-service] [           main] .WebSocketAnnotationMethodMessageHandler : 
	c.w.a.o.c.OtpController:
	
2024-08-14T15:46:47.306+01:00 DEBUG 12624 --- [Auth-ClientSide-service] [           main] .WebSocketAnnotationMethodMessageHandler : 
	c.w.c.a.AdminOrderController:
	
2024-08-14T15:46:47.306+01:00 DEBUG 12624 --- [Auth-ClientSide-service] [           main] .WebSocketAnnotationMethodMessageHandler : 
	c.w.c.C.CartController:
	
2024-08-14T15:46:47.306+01:00 DEBUG 12624 --- [Auth-ClientSide-service] [           main] .WebSocketAnnotationMethodMessageHandler : 
	c.w.c.C.CartElementController:
	
2024-08-14T15:46:47.306+01:00 DEBUG 12624 --- [Auth-ClientSide-service] [           main] .WebSocketAnnotationMethodMessageHandler : 
	c.w.c.C.ClientController:
	
2024-08-14T15:46:47.306+01:00 DEBUG 12624 --- [Auth-ClientSide-service] [           main] .WebSocketAnnotationMethodMessageHandler : 
	c.w.c.C.CommentController:
	
2024-08-14T15:46:47.306+01:00 DEBUG 12624 --- [Auth-ClientSide-service] [           main] .WebSocketAnnotationMethodMessageHandler : 
	c.w.c.C.OrderController:
	
2024-08-14T15:46:47.307+01:00 DEBUG 12624 --- [Auth-ClientSide-service] [           main] .WebSocketAnnotationMethodMessageHandler : 
	c.w.c.C.ProductController:
	
2024-08-14T15:46:47.307+01:00 DEBUG 12624 --- [Auth-ClientSide-service] [           main] .WebSocketAnnotationMethodMessageHandler : 
	c.w.c.C.SseController:
	
2024-08-14T15:46:47.307+01:00 DEBUG 12624 --- [Auth-ClientSide-service] [           main] .WebSocketAnnotationMethodMessageHandler : 
	c.w.N.NotificationController:
	
2024-08-14T15:46:47.310+01:00 DEBUG 12624 --- [Auth-ClientSide-service] [           main] .WebSocketAnnotationMethodMessageHandler : 
	o.s.b.a.w.s.e.BasicErrorController:
	
2024-08-14T15:46:47.313+01:00 DEBUG 12624 --- [Auth-ClientSide-service] [           main] o.s.b.f.s.DefaultListableBeanFactory     : Creating shared instance of singleton bean 'simpleBrokerMessageHandler'
2024-08-14T15:46:47.314+01:00 DEBUG 12624 --- [Auth-ClientSide-service] [           main] o.s.b.f.s.DefaultListableBeanFactory     : Autowiring by type from bean name 'simpleBrokerMessageHandler' via factory method to bean named 'clientInboundChannel'
2024-08-14T15:46:47.314+01:00 DEBUG 12624 --- [Auth-ClientSide-service] [           main] o.s.b.f.s.DefaultListableBeanFactory     : Autowiring by type from bean name 'simpleBrokerMessageHandler' via factory method to bean named 'clientOutboundChannel'
2024-08-14T15:46:47.314+01:00 DEBUG 12624 --- [Auth-ClientSide-service] [           main] o.s.b.f.s.DefaultListableBeanFactory     : Autowiring by type from bean name 'simpleBrokerMessageHandler' via factory method to bean named 'brokerChannel'
2024-08-14T15:46:47.314+01:00 DEBUG 12624 --- [Auth-ClientSide-service] [           main] o.s.b.f.s.DefaultListableBeanFactory     : Autowiring by type from bean name 'simpleBrokerMessageHandler' via factory method to bean named 'userDestinationResolver'
2024-08-14T15:46:47.342+01:00 DEBUG 12624 --- [Auth-ClientSide-service] [           main] o.s.b.f.s.DefaultListableBeanFactory     : Creating shared instance of singleton bean 'org.springframework.security.config.annotation.web.configuration.WebSecurityConfiguration'
2024-08-14T15:46:47.363+01:00 DEBUG 12624 --- [Auth-ClientSide-service] [           main] o.s.b.f.s.DefaultListableBeanFactory     : Creating shared instance of singleton bean 'mvcHandlerMappingIntrospectorRequestTransformer'
2024-08-14T15:46:47.364+01:00 DEBUG 12624 --- [Auth-ClientSide-service] [           main] o.s.b.f.s.DefaultListableBeanFactory     : Creating shared instance of singleton bean 'mvcHandlerMappingIntrospector'
2024-08-14T15:46:47.370+01:00 DEBUG 12624 --- [Auth-ClientSide-service] [           main] o.s.b.f.s.DefaultListableBeanFactory     : Creating shared instance of singleton bean 'welcomePageHandlerMapping'
2024-08-14T15:46:47.371+01:00 DEBUG 12624 --- [Auth-ClientSide-service] [           main] o.s.b.f.s.DefaultListableBeanFactory     : Creating shared instance of singleton bean 'mvcConversionService'
2024-08-14T15:46:47.390+01:00 DEBUG 12624 --- [Auth-ClientSide-service] [           main] o.s.b.f.s.DefaultListableBeanFactory     : Autowiring by type from bean name 'welcomePageHandlerMapping' via factory method to bean named 'org.springframework.web.context.support.GenericWebApplicationContext@57bd802b'
2024-08-14T15:46:47.390+01:00 DEBUG 12624 --- [Auth-ClientSide-service] [           main] o.s.b.f.s.DefaultListableBeanFactory     : Autowiring by type from bean name 'welcomePageHandlerMapping' via factory method to bean named 'mvcConversionService'
2024-08-14T15:46:47.390+01:00 DEBUG 12624 --- [Auth-ClientSide-service] [           main] o.s.b.f.s.DefaultListableBeanFactory     : Autowiring by type from bean name 'welcomePageHandlerMapping' via factory method to bean named 'mvcResourceUrlProvider'
2024-08-14T15:46:47.414+01:00 DEBUG 12624 --- [Auth-ClientSide-service] [           main] o.s.b.f.s.DefaultListableBeanFactory     : Creating shared instance of singleton bean 'welcomePageNotAcceptableHandlerMapping'
2024-08-14T15:46:47.414+01:00 DEBUG 12624 --- [Auth-ClientSide-service] [           main] o.s.b.f.s.DefaultListableBeanFactory     : Autowiring by type from bean name 'welcomePageNotAcceptableHandlerMapping' via factory method to bean named 'org.springframework.web.context.support.GenericWebApplicationContext@57bd802b'
2024-08-14T15:46:47.414+01:00 DEBUG 12624 --- [Auth-ClientSide-service] [           main] o.s.b.f.s.DefaultListableBeanFactory     : Autowiring by type from bean name 'welcomePageNotAcceptableHandlerMapping' via factory method to bean named 'mvcConversionService'
2024-08-14T15:46:47.415+01:00 DEBUG 12624 --- [Auth-ClientSide-service] [           main] o.s.b.f.s.DefaultListableBeanFactory     : Autowiring by type from bean name 'welcomePageNotAcceptableHandlerMapping' via factory method to bean named 'mvcResourceUrlProvider'
2024-08-14T15:46:47.420+01:00 DEBUG 12624 --- [Auth-ClientSide-service] [           main] o.s.b.f.s.DefaultListableBeanFactory     : Creating shared instance of singleton bean 'requestMappingHandlerMapping'
2024-08-14T15:46:47.422+01:00 DEBUG 12624 --- [Auth-ClientSide-service] [           main] o.s.b.f.s.DefaultListableBeanFactory     : Autowiring by type from bean name 'requestMappingHandlerMapping' via factory method to bean named 'mvcContentNegotiationManager'
2024-08-14T15:46:47.422+01:00 DEBUG 12624 --- [Auth-ClientSide-service] [           main] o.s.b.f.s.DefaultListableBeanFactory     : Autowiring by type from bean name 'requestMappingHandlerMapping' via factory method to bean named 'mvcConversionService'
2024-08-14T15:46:47.422+01:00 DEBUG 12624 --- [Auth-ClientSide-service] [           main] o.s.b.f.s.DefaultListableBeanFactory     : Autowiring by type from bean name 'requestMappingHandlerMapping' via factory method to bean named 'mvcResourceUrlProvider'
2024-08-14T15:46:47.518+01:00 DEBUG 12624 --- [Auth-ClientSide-service] [           main] s.w.s.m.m.a.RequestMappingHandlerMapping : 46 mappings in 'requestMappingHandlerMapping'
2024-08-14T15:46:47.522+01:00 DEBUG 12624 --- [Auth-ClientSide-service] [           main] o.s.b.f.s.DefaultListableBeanFactory     : Creating shared instance of singleton bean 'viewControllerHandlerMapping'
2024-08-14T15:46:47.523+01:00 DEBUG 12624 --- [Auth-ClientSide-service] [           main] o.s.b.f.s.DefaultListableBeanFactory     : Autowiring by type from bean name 'viewControllerHandlerMapping' via factory method to bean named 'mvcConversionService'
2024-08-14T15:46:47.523+01:00 DEBUG 12624 --- [Auth-ClientSide-service] [           main] o.s.b.f.s.DefaultListableBeanFactory     : Autowiring by type from bean name 'viewControllerHandlerMapping' via factory method to bean named 'mvcResourceUrlProvider'
2024-08-14T15:46:47.524+01:00 DEBUG 12624 --- [Auth-ClientSide-service] [           main] o.s.b.f.s.DefaultListableBeanFactory     : Creating shared instance of singleton bean 'beanNameHandlerMapping'
2024-08-14T15:46:47.525+01:00 DEBUG 12624 --- [Auth-ClientSide-service] [           main] o.s.b.f.s.DefaultListableBeanFactory     : Autowiring by type from bean name 'beanNameHandlerMapping' via factory method to bean named 'mvcConversionService'
2024-08-14T15:46:47.525+01:00 DEBUG 12624 --- [Auth-ClientSide-service] [           main] o.s.b.f.s.DefaultListableBeanFactory     : Autowiring by type from bean name 'beanNameHandlerMapping' via factory method to bean named 'mvcResourceUrlProvider'
2024-08-14T15:46:47.530+01:00 DEBUG 12624 --- [Auth-ClientSide-service] [           main] o.s.b.f.s.DefaultListableBeanFactory     : Creating shared instance of singleton bean 'routerFunctionMapping'
2024-08-14T15:46:47.530+01:00 DEBUG 12624 --- [Auth-ClientSide-service] [           main] o.s.b.f.s.DefaultListableBeanFactory     : Autowiring by type from bean name 'routerFunctionMapping' via factory method to bean named 'mvcConversionService'
2024-08-14T15:46:47.530+01:00 DEBUG 12624 --- [Auth-ClientSide-service] [           main] o.s.b.f.s.DefaultListableBeanFactory     : Autowiring by type from bean name 'routerFunctionMapping' via factory method to bean named 'mvcResourceUrlProvider'
2024-08-14T15:46:47.534+01:00 DEBUG 12624 --- [Auth-ClientSide-service] [           main] o.s.b.f.s.DefaultListableBeanFactory     : Creating shared instance of singleton bean 'messageConverters'
2024-08-14T15:46:47.534+01:00 DEBUG 12624 --- [Auth-ClientSide-service] [           main] o.s.b.f.s.DefaultListableBeanFactory     : Creating shared instance of singleton bean 'org.springframework.boot.autoconfigure.http.HttpMessageConvertersAutoConfiguration'
2024-08-14T15:46:47.543+01:00 DEBUG 12624 --- [Auth-ClientSide-service] [           main] o.s.b.f.s.DefaultListableBeanFactory     : Creating shared instance of singleton bean 'stringHttpMessageConverter'
2024-08-14T15:46:47.543+01:00 DEBUG 12624 --- [Auth-ClientSide-service] [           main] o.s.b.f.s.DefaultListableBeanFactory     : Creating shared instance of singleton bean 'org.springframework.boot.autoconfigure.http.HttpMessageConvertersAutoConfiguration$StringHttpMessageConverterConfiguration'
2024-08-14T15:46:47.544+01:00 DEBUG 12624 --- [Auth-ClientSide-service] [           main] o.s.b.f.s.DefaultListableBeanFactory     : Autowiring by type from bean name 'stringHttpMessageConverter' via factory method to bean named 'environment'
2024-08-14T15:46:47.550+01:00 DEBUG 12624 --- [Auth-ClientSide-service] [           main] o.s.b.f.s.DefaultListableBeanFactory     : Creating shared instance of singleton bean 'mappingJackson2HttpMessageConverter'
2024-08-14T15:46:47.550+01:00 DEBUG 12624 --- [Auth-ClientSide-service] [           main] o.s.b.f.s.DefaultListableBeanFactory     : Creating shared instance of singleton bean 'org.springframework.boot.autoconfigure.http.JacksonHttpMessageConvertersConfiguration$MappingJackson2HttpMessageConverterConfiguration'
2024-08-14T15:46:47.552+01:00 DEBUG 12624 --- [Auth-ClientSide-service] [           main] o.s.b.f.s.DefaultListableBeanFactory     : Autowiring by type from bean name 'mappingJackson2HttpMessageConverter' via factory method to bean named 'getObjectMapper'
2024-08-14T15:46:47.629+01:00 DEBUG 12624 --- [Auth-ClientSide-service] [           main] o.s.b.f.s.DefaultListableBeanFactory     : Creating shared instance of singleton bean 'resourceHandlerMapping'
2024-08-14T15:46:47.630+01:00 DEBUG 12624 --- [Auth-ClientSide-service] [           main] o.s.b.f.s.DefaultListableBeanFactory     : Autowiring by type from bean name 'resourceHandlerMapping' via factory method to bean named 'mvcContentNegotiationManager'
2024-08-14T15:46:47.630+01:00 DEBUG 12624 --- [Auth-ClientSide-service] [           main] o.s.b.f.s.DefaultListableBeanFactory     : Autowiring by type from bean name 'resourceHandlerMapping' via factory method to bean named 'mvcConversionService'
2024-08-14T15:46:47.630+01:00 DEBUG 12624 --- [Auth-ClientSide-service] [           main] o.s.b.f.s.DefaultListableBeanFactory     : Autowiring by type from bean name 'resourceHandlerMapping' via factory method to bean named 'mvcResourceUrlProvider'
2024-08-14T15:46:47.649+01:00 DEBUG 12624 --- [Auth-ClientSide-service] [           main] o.s.w.s.handler.SimpleUrlHandlerMapping  : Patterns [/webjars/**, /**] in 'resourceHandlerMapping'
2024-08-14T15:46:47.651+01:00 DEBUG 12624 --- [Auth-ClientSide-service] [           main] o.s.b.f.s.DefaultListableBeanFactory     : Creating shared instance of singleton bean 'defaultServletHandlerMapping'
2024-08-14T15:46:47.661+01:00 DEBUG 12624 --- [Auth-ClientSide-service] [           main] o.s.b.f.s.DefaultListableBeanFactory     : Creating shared instance of singleton bean 'applicationSecurity'
2024-08-14T15:46:47.662+01:00 DEBUG 12624 --- [Auth-ClientSide-service] [           main] o.s.b.f.s.DefaultListableBeanFactory     : Autowiring by type from bean name 'applicationSecurity' via factory method to bean named 'org.springframework.security.config.annotation.web.configuration.HttpSecurityConfiguration.httpSecurity'
2024-08-14T15:46:47.740+01:00 DEBUG 12624 --- [Auth-ClientSide-service] [           main] o.s.s.web.DefaultSecurityFilterChain     : Will secure Or [Mvc [pattern='/**']] with filters: DisableEncodeUrlFilter, WebAsyncManagerIntegrationFilter, SecurityContextHolderFilter, HeaderWriterFilter, LogoutFilter, JwtAuthenticationFilter, RequestCacheAwareFilter, SecurityContextHolderAwareRequestFilter, AnonymousAuthenticationFilter, SessionManagementFilter, ExceptionTranslationFilter, AuthorizationFilter
2024-08-14T15:46:47.744+01:00 DEBUG 12624 --- [Auth-ClientSide-service] [           main] o.s.b.f.s.DefaultListableBeanFactory     : Creating shared instance of singleton bean 'springSecurityFilterChain'
2024-08-14T15:46:47.764+01:00 DEBUG 12624 --- [Auth-ClientSide-service] [           main] o.s.b.f.s.DefaultListableBeanFactory     : Creating shared instance of singleton bean 'webSecurityExpressionHandler'
2024-08-14T15:46:47.766+01:00 DEBUG 12624 --- [Auth-ClientSide-service] [           main] o.s.b.f.s.DefaultListableBeanFactory     : Creating shared instance of singleton bean 'privilegeEvaluator'
2024-08-14T15:46:47.767+01:00 DEBUG 12624 --- [Auth-ClientSide-service] [           main] o.s.b.f.s.DefaultListableBeanFactory     : Creating shared instance of singleton bean 'requestDataValueProcessor'
2024-08-14T15:46:47.768+01:00 DEBUG 12624 --- [Auth-ClientSide-service] [           main] o.s.b.f.s.DefaultListableBeanFactory     : Creating shared instance of singleton bean 'org.springframework.cloud.client.serviceregistry.AutoServiceRegistrationConfiguration'
2024-08-14T15:46:47.769+01:00 DEBUG 12624 --- [Auth-ClientSide-service] [           main] o.s.b.f.s.DefaultListableBeanFactory     : Creating shared instance of singleton bean 'spring.cloud.service-registry.auto-registration-org.springframework.cloud.client.serviceregistry.AutoServiceRegistrationProperties'
2024-08-14T15:46:47.771+01:00 DEBUG 12624 --- [Auth-ClientSide-service] [           main] o.s.b.f.s.DefaultListableBeanFactory     : Creating shared instance of singleton bean 'org.springframework.boot.autoconfigure.context.PropertyPlaceholderAutoConfiguration'
2024-08-14T15:46:47.771+01:00 DEBUG 12624 --- [Auth-ClientSide-service] [           main] o.s.b.f.s.DefaultListableBeanFactory     : Creating shared instance of singleton bean 'org.springframework.boot.autoconfigure.ssl.SslAutoConfiguration'
2024-08-14T15:46:47.772+01:00 DEBUG 12624 --- [Auth-ClientSide-service] [           main] o.s.b.f.s.DefaultListableBeanFactory     : Creating shared instance of singleton bean 'spring.ssl-org.springframework.boot.autoconfigure.ssl.SslProperties'
2024-08-14T15:46:47.774+01:00 DEBUG 12624 --- [Auth-ClientSide-service] [           main] o.s.b.f.s.DefaultListableBeanFactory     : Autowiring by type from bean name 'org.springframework.boot.autoconfigure.ssl.SslAutoConfiguration' via constructor to bean named 'spring.ssl-org.springframework.boot.autoconfigure.ssl.SslProperties'
2024-08-14T15:46:47.775+01:00 DEBUG 12624 --- [Auth-ClientSide-service] [           main] o.s.b.f.s.DefaultListableBeanFactory     : Creating shared instance of singleton bean 'fileWatcher'
2024-08-14T15:46:47.781+01:00 DEBUG 12624 --- [Auth-ClientSide-service] [           main] o.s.b.f.s.DefaultListableBeanFactory     : Creating shared instance of singleton bean 'sslPropertiesSslBundleRegistrar'
2024-08-14T15:46:47.782+01:00 DEBUG 12624 --- [Auth-ClientSide-service] [           main] o.s.b.f.s.DefaultListableBeanFactory     : Autowiring by type from bean name 'sslPropertiesSslBundleRegistrar' via factory method to bean named 'fileWatcher'
2024-08-14T15:46:47.786+01:00 DEBUG 12624 --- [Auth-ClientSide-service] [           main] o.s.b.f.s.DefaultListableBeanFactory     : Creating shared instance of singleton bean 'sslBundleRegistry'
2024-08-14T15:46:47.796+01:00 DEBUG 12624 --- [Auth-ClientSide-service] [           main] o.s.b.f.s.DefaultListableBeanFactory     : Creating shared instance of singleton bean 'org.springframework.boot.autoconfigure.websocket.servlet.WebSocketServletAutoConfiguration$TomcatWebSocketConfiguration'
2024-08-14T15:46:47.797+01:00 DEBUG 12624 --- [Auth-ClientSide-service] [           main] o.s.b.f.s.DefaultListableBeanFactory     : Creating shared instance of singleton bean 'websocketServletWebServerCustomizer'
2024-08-14T15:46:47.800+01:00 DEBUG 12624 --- [Auth-ClientSide-service] [           main] o.s.b.f.s.DefaultListableBeanFactory     : Creating shared instance of singleton bean 'org.springframework.boot.autoconfigure.websocket.servlet.WebSocketServletAutoConfiguration'
2024-08-14T15:46:47.801+01:00 DEBUG 12624 --- [Auth-ClientSide-service] [           main] o.s.b.f.s.DefaultListableBeanFactory     : Creating shared instance of singleton bean 'org.springframework.boot.autoconfigure.web.servlet.ServletWebServerFactoryConfiguration$EmbeddedTomcat'
2024-08-14T15:46:47.802+01:00 DEBUG 12624 --- [Auth-ClientSide-service] [           main] o.s.b.f.s.DefaultListableBeanFactory     : Creating shared instance of singleton bean 'tomcatServletWebServerFactory'
2024-08-14T15:46:47.867+01:00 DEBUG 12624 --- [Auth-ClientSide-service] [           main] o.s.b.f.s.DefaultListableBeanFactory     : Creating shared instance of singleton bean 'servletWebServerFactoryCustomizer'
2024-08-14T15:46:47.867+01:00 DEBUG 12624 --- [Auth-ClientSide-service] [           main] o.s.b.f.s.DefaultListableBeanFactory     : Creating shared instance of singleton bean 'org.springframework.boot.autoconfigure.web.servlet.ServletWebServerFactoryAutoConfiguration'
2024-08-14T15:46:47.869+01:00 DEBUG 12624 --- [Auth-ClientSide-service] [           main] o.s.b.f.s.DefaultListableBeanFactory     : Creating shared instance of singleton bean 'server-org.springframework.boot.autoconfigure.web.ServerProperties'
2024-08-14T15:46:47.886+01:00 DEBUG 12624 --- [Auth-ClientSide-service] [           main] o.s.b.f.s.DefaultListableBeanFactory     : Autowiring by type from bean name 'servletWebServerFactoryCustomizer' via factory method to bean named 'server-org.springframework.boot.autoconfigure.web.ServerProperties'
2024-08-14T15:46:47.890+01:00 DEBUG 12624 --- [Auth-ClientSide-service] [           main] o.s.b.f.s.DefaultListableBeanFactory     : Creating shared instance of singleton bean 'tomcatServletWebServerFactoryCustomizer'
2024-08-14T15:46:47.890+01:00 DEBUG 12624 --- [Auth-ClientSide-service] [           main] o.s.b.f.s.DefaultListableBeanFactory     : Autowiring by type from bean name 'tomcatServletWebServerFactoryCustomizer' via factory method to bean named 'server-org.springframework.boot.autoconfigure.web.ServerProperties'
2024-08-14T15:46:47.891+01:00 DEBUG 12624 --- [Auth-ClientSide-service] [           main] o.s.b.f.s.DefaultListableBeanFactory     : Creating shared instance of singleton bean 'localeCharsetMappingsCustomizer'
2024-08-14T15:46:47.891+01:00 DEBUG 12624 --- [Auth-ClientSide-service] [           main] o.s.b.f.s.DefaultListableBeanFactory     : Creating shared instance of singleton bean 'org.springframework.boot.autoconfigure.web.servlet.HttpEncodingAutoConfiguration'
2024-08-14T15:46:47.891+01:00 DEBUG 12624 --- [Auth-ClientSide-service] [           main] o.s.b.f.s.DefaultListableBeanFactory     : Autowiring by type from bean name 'org.springframework.boot.autoconfigure.web.servlet.HttpEncodingAutoConfiguration' via constructor to bean named 'server-org.springframework.boot.autoconfigure.web.ServerProperties'
2024-08-14T15:46:47.912+01:00 DEBUG 12624 --- [Auth-ClientSide-service] [           main] o.s.b.f.s.DefaultListableBeanFactory     : Creating shared instance of singleton bean 'errorPageCustomizer'
2024-08-14T15:46:47.912+01:00 DEBUG 12624 --- [Auth-ClientSide-service] [           main] o.s.b.f.s.DefaultListableBeanFactory     : Creating shared instance of singleton bean 'org.springframework.boot.autoconfigure.web.servlet.error.ErrorMvcAutoConfiguration'
2024-08-14T15:46:47.912+01:00 DEBUG 12624 --- [Auth-ClientSide-service] [           main] o.s.b.f.s.DefaultListableBeanFactory     : Autowiring by type from bean name 'org.springframework.boot.autoconfigure.web.servlet.error.ErrorMvcAutoConfiguration' via constructor to bean named 'server-org.springframework.boot.autoconfigure.web.ServerProperties'
2024-08-14T15:46:47.913+01:00 DEBUG 12624 --- [Auth-ClientSide-service] [           main] o.s.b.f.s.DefaultListableBeanFactory     : Creating shared instance of singleton bean 'dispatcherServletRegistration'
2024-08-14T15:46:47.913+01:00 DEBUG 12624 --- [Auth-ClientSide-service] [           main] o.s.b.f.s.DefaultListableBeanFactory     : Creating shared instance of singleton bean 'org.springframework.boot.autoconfigure.web.servlet.DispatcherServletAutoConfiguration$DispatcherServletRegistrationConfiguration'
2024-08-14T15:46:47.914+01:00 DEBUG 12624 --- [Auth-ClientSide-service] [           main] o.s.b.f.s.DefaultListableBeanFactory     : Creating shared instance of singleton bean 'dispatcherServlet'
2024-08-14T15:46:47.915+01:00 DEBUG 12624 --- [Auth-ClientSide-service] [           main] o.s.b.f.s.DefaultListableBeanFactory     : Creating shared instance of singleton bean 'org.springframework.boot.autoconfigure.web.servlet.DispatcherServletAutoConfiguration$DispatcherServletConfiguration'
2024-08-14T15:46:47.915+01:00 DEBUG 12624 --- [Auth-ClientSide-service] [           main] o.s.b.f.s.DefaultListableBeanFactory     : Autowiring by type from bean name 'dispatcherServlet' via factory method to bean named 'spring.mvc-org.springframework.boot.autoconfigure.web.servlet.WebMvcProperties'
2024-08-14T15:46:47.927+01:00 DEBUG 12624 --- [Auth-ClientSide-service] [           main] o.s.b.f.s.DefaultListableBeanFactory     : Autowiring by type from bean name 'dispatcherServletRegistration' via factory method to bean named 'dispatcherServlet'
2024-08-14T15:46:47.927+01:00 DEBUG 12624 --- [Auth-ClientSide-service] [           main] o.s.b.f.s.DefaultListableBeanFactory     : Autowiring by type from bean name 'dispatcherServletRegistration' via factory method to bean named 'spring.mvc-org.springframework.boot.autoconfigure.web.servlet.WebMvcProperties'
2024-08-14T15:46:47.929+01:00 DEBUG 12624 --- [Auth-ClientSide-service] [           main] o.s.b.f.s.DefaultListableBeanFactory     : Creating shared instance of singleton bean 'multipartConfigElement'
2024-08-14T15:46:47.930+01:00 DEBUG 12624 --- [Auth-ClientSide-service] [           main] o.s.b.f.s.DefaultListableBeanFactory     : Creating shared instance of singleton bean 'org.springframework.boot.autoconfigure.web.servlet.MultipartAutoConfiguration'
2024-08-14T15:46:47.930+01:00 DEBUG 12624 --- [Auth-ClientSide-service] [           main] o.s.b.f.s.DefaultListableBeanFactory     : Creating shared instance of singleton bean 'spring.servlet.multipart-org.springframework.boot.autoconfigure.web.servlet.MultipartProperties'
2024-08-14T15:46:47.934+01:00 DEBUG 12624 --- [Auth-ClientSide-service] [           main] o.s.b.f.s.DefaultListableBeanFactory     : Autowiring by type from bean name 'org.springframework.boot.autoconfigure.web.servlet.MultipartAutoConfiguration' via constructor to bean named 'spring.servlet.multipart-org.springframework.boot.autoconfigure.web.servlet.MultipartProperties'
2024-08-14T15:46:47.938+01:00 DEBUG 12624 --- [Auth-ClientSide-service] [           main] o.s.b.f.s.DefaultListableBeanFactory     : Autowiring by type from bean name 'errorPageCustomizer' via factory method to bean named 'dispatcherServletRegistration'
2024-08-14T15:46:47.941+01:00 DEBUG 12624 --- [Auth-ClientSide-service] [           main] o.s.b.f.s.DefaultListableBeanFactory     : Creating shared instance of singleton bean 'org.springframework.boot.autoconfigure.web.servlet.DispatcherServletAutoConfiguration'
2024-08-14T15:46:47.942+01:00 DEBUG 12624 --- [Auth-ClientSide-service] [           main] o.s.b.f.s.DefaultListableBeanFactory     : Creating shared instance of singleton bean 'org.springframework.boot.autoconfigure.task.TaskExecutorConfigurations$ThreadPoolTaskExecutorBuilderConfiguration'
2024-08-14T15:46:47.942+01:00 DEBUG 12624 --- [Auth-ClientSide-service] [           main] o.s.b.f.s.DefaultListableBeanFactory     : Creating shared instance of singleton bean 'threadPoolTaskExecutorBuilder'
2024-08-14T15:46:47.944+01:00 DEBUG 12624 --- [Auth-ClientSide-service] [           main] o.s.b.f.s.DefaultListableBeanFactory     : Creating shared instance of singleton bean 'spring.task.execution-org.springframework.boot.autoconfigure.task.TaskExecutionProperties'
2024-08-14T15:46:47.946+01:00 DEBUG 12624 --- [Auth-ClientSide-service] [           main] o.s.b.f.s.DefaultListableBeanFactory     : Autowiring by type from bean name 'threadPoolTaskExecutorBuilder' via factory method to bean named 'spring.task.execution-org.springframework.boot.autoconfigure.task.TaskExecutionProperties'
2024-08-14T15:46:47.950+01:00 DEBUG 12624 --- [Auth-ClientSide-service] [           main] o.s.b.f.s.DefaultListableBeanFactory     : Creating shared instance of singleton bean 'org.springframework.boot.autoconfigure.task.TaskExecutorConfigurations$TaskExecutorBuilderConfiguration'
2024-08-14T15:46:47.950+01:00 DEBUG 12624 --- [Auth-ClientSide-service] [           main] o.s.b.f.s.DefaultListableBeanFactory     : Creating shared instance of singleton bean 'taskExecutorBuilder'
2024-08-14T15:46:47.950+01:00 DEBUG 12624 --- [Auth-ClientSide-service] [           main] o.s.b.f.s.DefaultListableBeanFactory     : Autowiring by type from bean name 'taskExecutorBuilder' via factory method to bean named 'spring.task.execution-org.springframework.boot.autoconfigure.task.TaskExecutionProperties'
2024-08-14T15:46:47.952+01:00 DEBUG 12624 --- [Auth-ClientSide-service] [           main] o.s.b.f.s.DefaultListableBeanFactory     : Creating shared instance of singleton bean 'org.springframework.boot.autoconfigure.task.TaskExecutorConfigurations$SimpleAsyncTaskExecutorBuilderConfiguration'
2024-08-14T15:46:47.953+01:00 DEBUG 12624 --- [Auth-ClientSide-service] [           main] o.s.b.f.s.DefaultListableBeanFactory     : Autowiring by type from bean name 'org.springframework.boot.autoconfigure.task.TaskExecutorConfigurations$SimpleAsyncTaskExecutorBuilderConfiguration' via constructor to bean named 'spring.task.execution-org.springframework.boot.autoconfigure.task.TaskExecutionProperties'
2024-08-14T15:46:47.954+01:00 DEBUG 12624 --- [Auth-ClientSide-service] [           main] o.s.b.f.s.DefaultListableBeanFactory     : Creating shared instance of singleton bean 'simpleAsyncTaskExecutorBuilder'
2024-08-14T15:46:47.956+01:00 DEBUG 12624 --- [Auth-ClientSide-service] [           main] o.s.b.f.s.DefaultListableBeanFactory     : Creating shared instance of singleton bean 'org.springframework.boot.autoconfigure.task.TaskExecutionAutoConfiguration'
2024-08-14T15:46:47.958+01:00 DEBUG 12624 --- [Auth-ClientSide-service] [           main] o.s.b.f.s.DefaultListableBeanFactory     : Creating shared instance of singleton bean 'org.springframework.boot.autoconfigure.validation.ValidationAutoConfiguration'
2024-08-14T15:46:47.959+01:00 DEBUG 12624 --- [Auth-ClientSide-service] [           main] o.s.b.f.s.DefaultListableBeanFactory     : Creating shared instance of singleton bean 'org.springframework.boot.autoconfigure.web.servlet.error.ErrorMvcAutoConfiguration$WhitelabelErrorViewConfiguration'
2024-08-14T15:46:47.959+01:00 DEBUG 12624 --- [Auth-ClientSide-service] [           main] o.s.b.f.s.DefaultListableBeanFactory     : Creating shared instance of singleton bean 'error'
2024-08-14T15:46:47.960+01:00 DEBUG 12624 --- [Auth-ClientSide-service] [           main] o.s.b.f.s.DefaultListableBeanFactory     : Creating shared instance of singleton bean 'beanNameViewResolver'
2024-08-14T15:46:47.960+01:00 DEBUG 12624 --- [Auth-ClientSide-service] [           main] o.s.b.f.s.DefaultListableBeanFactory     : Creating shared instance of singleton bean 'org.springframework.boot.autoconfigure.web.servlet.error.ErrorMvcAutoConfiguration$DefaultErrorViewResolverConfiguration'
2024-08-14T15:46:47.961+01:00 DEBUG 12624 --- [Auth-ClientSide-service] [           main] o.s.b.f.s.DefaultListableBeanFactory     : Autowiring by type from bean name 'org.springframework.boot.autoconfigure.web.servlet.error.ErrorMvcAutoConfiguration$DefaultErrorViewResolverConfiguration' via constructor to bean named 'org.springframework.web.context.support.GenericWebApplicationContext@57bd802b'
2024-08-14T15:46:47.961+01:00 DEBUG 12624 --- [Auth-ClientSide-service] [           main] o.s.b.f.s.DefaultListableBeanFactory     : Autowiring by type from bean name 'org.springframework.boot.autoconfigure.web.servlet.error.ErrorMvcAutoConfiguration$DefaultErrorViewResolverConfiguration' via constructor to bean named 'spring.web-org.springframework.boot.autoconfigure.web.WebProperties'
2024-08-14T15:46:47.961+01:00 DEBUG 12624 --- [Auth-ClientSide-service] [           main] o.s.b.f.s.DefaultListableBeanFactory     : Creating shared instance of singleton bean 'conventionErrorViewResolver'
2024-08-14T15:46:47.962+01:00 DEBUG 12624 --- [Auth-ClientSide-service] [           main] o.s.b.f.s.DefaultListableBeanFactory     : Creating shared instance of singleton bean 'errorAttributes'
2024-08-14T15:46:47.964+01:00 DEBUG 12624 --- [Auth-ClientSide-service] [           main] o.s.b.f.s.DefaultListableBeanFactory     : Creating shared instance of singleton bean 'basicErrorController'
2024-08-14T15:46:47.964+01:00 DEBUG 12624 --- [Auth-ClientSide-service] [           main] o.s.b.f.s.DefaultListableBeanFactory     : Autowiring by type from bean name 'basicErrorController' via factory method to bean named 'errorAttributes'
2024-08-14T15:46:47.966+01:00 DEBUG 12624 --- [Auth-ClientSide-service] [           main] o.s.b.f.s.DefaultListableBeanFactory     : Creating shared instance of singleton bean 'localeResolver'
2024-08-14T15:46:47.970+01:00 DEBUG 12624 --- [Auth-ClientSide-service] [           main] o.s.b.f.s.DefaultListableBeanFactory     : Creating shared instance of singleton bean 'themeResolver'
2024-08-14T15:46:47.972+01:00 DEBUG 12624 --- [Auth-ClientSide-service] [           main] o.s.b.f.s.DefaultListableBeanFactory     : Creating shared instance of singleton bean 'flashMapManager'
2024-08-14T15:46:47.981+01:00 DEBUG 12624 --- [Auth-ClientSide-service] [           main] o.s.b.f.s.DefaultListableBeanFactory     : Creating shared instance of singleton bean 'mvcPatternParser'
2024-08-14T15:46:47.982+01:00 DEBUG 12624 --- [Auth-ClientSide-service] [           main] o.s.b.f.s.DefaultListableBeanFactory     : Creating shared instance of singleton bean 'mvcUrlPathHelper'
2024-08-14T15:46:47.982+01:00 DEBUG 12624 --- [Auth-ClientSide-service] [           main] o.s.b.f.s.DefaultListableBeanFactory     : Creating shared instance of singleton bean 'mvcPathMatcher'
2024-08-14T15:46:47.983+01:00 DEBUG 12624 --- [Auth-ClientSide-service] [           main] o.s.b.f.s.DefaultListableBeanFactory     : Creating shared instance of singleton bean 'requestMappingHandlerAdapter'
2024-08-14T15:46:47.984+01:00 DEBUG 12624 --- [Auth-ClientSide-service] [           main] o.s.b.f.s.DefaultListableBeanFactory     : Autowiring by type from bean name 'requestMappingHandlerAdapter' via factory method to bean named 'mvcContentNegotiationManager'
2024-08-14T15:46:47.984+01:00 DEBUG 12624 --- [Auth-ClientSide-service] [           main] o.s.b.f.s.DefaultListableBeanFactory     : Autowiring by type from bean name 'requestMappingHandlerAdapter' via factory method to bean named 'mvcConversionService'
2024-08-14T15:46:47.984+01:00 DEBUG 12624 --- [Auth-ClientSide-service] [           main] o.s.b.f.s.DefaultListableBeanFactory     : Autowiring by type from bean name 'requestMappingHandlerAdapter' via factory method to bean named 'mvcValidator'
2024-08-14T15:46:47.996+01:00 DEBUG 12624 --- [Auth-ClientSide-service] [           main] o.s.b.f.s.DefaultListableBeanFactory     : Creating shared instance of singleton bean 'sortResolver'
2024-08-14T15:46:47.997+01:00 DEBUG 12624 --- [Auth-ClientSide-service] [           main] o.s.b.f.s.DefaultListableBeanFactory     : Creating shared instance of singleton bean 'sortCustomizer'
2024-08-14T15:46:47.998+01:00 DEBUG 12624 --- [Auth-ClientSide-service] [           main] o.s.b.f.s.DefaultListableBeanFactory     : Creating shared instance of singleton bean 'org.springframework.boot.autoconfigure.data.web.SpringDataWebAutoConfiguration'
2024-08-14T15:46:47.998+01:00 DEBUG 12624 --- [Auth-ClientSide-service] [           main] o.s.b.f.s.DefaultListableBeanFactory     : Autowiring by type from bean name 'org.springframework.boot.autoconfigure.data.web.SpringDataWebAutoConfiguration' via constructor to bean named 'spring.data.web-org.springframework.boot.autoconfigure.data.web.SpringDataWebProperties'
2024-08-14T15:46:48.001+01:00 DEBUG 12624 --- [Auth-ClientSide-service] [           main] o.s.b.f.s.DefaultListableBeanFactory     : Creating shared instance of singleton bean 'pageableResolver'
2024-08-14T15:46:48.005+01:00 DEBUG 12624 --- [Auth-ClientSide-service] [           main] o.s.b.f.s.DefaultListableBeanFactory     : Creating shared instance of singleton bean 'pageableCustomizer'
2024-08-14T15:46:48.056+01:00 DEBUG 12624 --- [Auth-ClientSide-service] [           main] s.w.s.m.m.a.RequestMappingHandlerAdapter : ControllerAdvice beans: 0 @ModelAttribute, 0 @InitBinder, 1 RequestBodyAdvice, 1 ResponseBodyAdvice
2024-08-14T15:46:48.109+01:00 DEBUG 12624 --- [Auth-ClientSide-service] [           main] o.s.b.f.s.DefaultListableBeanFactory     : Creating shared instance of singleton bean 'handlerFunctionAdapter'
2024-08-14T15:46:48.110+01:00 DEBUG 12624 --- [Auth-ClientSide-service] [           main] o.s.b.f.s.DefaultListableBeanFactory     : Creating shared instance of singleton bean 'mvcUriComponentsContributor'
2024-08-14T15:46:48.112+01:00 DEBUG 12624 --- [Auth-ClientSide-service] [           main] o.s.b.f.s.DefaultListableBeanFactory     : Autowiring by type from bean name 'mvcUriComponentsContributor' via factory method to bean named 'mvcConversionService'
2024-08-14T15:46:48.112+01:00 DEBUG 12624 --- [Auth-ClientSide-service] [           main] o.s.b.f.s.DefaultListableBeanFactory     : Autowiring by type from bean name 'mvcUriComponentsContributor' via factory method to bean named 'requestMappingHandlerAdapter'
2024-08-14T15:46:48.115+01:00 DEBUG 12624 --- [Auth-ClientSide-service] [           main] o.s.b.f.s.DefaultListableBeanFactory     : Creating shared instance of singleton bean 'httpRequestHandlerAdapter'
2024-08-14T15:46:48.116+01:00 DEBUG 12624 --- [Auth-ClientSide-service] [           main] o.s.b.f.s.DefaultListableBeanFactory     : Creating shared instance of singleton bean 'simpleControllerHandlerAdapter'
2024-08-14T15:46:48.116+01:00 DEBUG 12624 --- [Auth-ClientSide-service] [           main] o.s.b.f.s.DefaultListableBeanFactory     : Creating shared instance of singleton bean 'handlerExceptionResolver'
2024-08-14T15:46:48.117+01:00 DEBUG 12624 --- [Auth-ClientSide-service] [           main] o.s.b.f.s.DefaultListableBeanFactory     : Autowiring by type from bean name 'handlerExceptionResolver' via factory method to bean named 'mvcContentNegotiationManager'
2024-08-14T15:46:48.123+01:00 DEBUG 12624 --- [Auth-ClientSide-service] [           main] .m.m.a.ExceptionHandlerExceptionResolver : ControllerAdvice beans: 1 @ExceptionHandler, 1 ResponseBodyAdvice
2024-08-14T15:46:48.128+01:00 DEBUG 12624 --- [Auth-ClientSide-service] [           main] o.s.b.f.s.DefaultListableBeanFactory     : Creating shared instance of singleton bean 'mvcViewResolver'
2024-08-14T15:46:48.129+01:00 DEBUG 12624 --- [Auth-ClientSide-service] [           main] o.s.b.f.s.DefaultListableBeanFactory     : Autowiring by type from bean name 'mvcViewResolver' via factory method to bean named 'mvcContentNegotiationManager'
2024-08-14T15:46:48.131+01:00 DEBUG 12624 --- [Auth-ClientSide-service] [           main] o.s.b.f.s.DefaultListableBeanFactory     : Creating shared instance of singleton bean 'viewNameTranslator'
2024-08-14T15:46:48.133+01:00 DEBUG 12624 --- [Auth-ClientSide-service] [           main] o.s.b.f.s.DefaultListableBeanFactory     : Creating shared instance of singleton bean 'defaultViewResolver'
2024-08-14T15:46:48.146+01:00 DEBUG 12624 --- [Auth-ClientSide-service] [           main] o.s.b.f.s.DefaultListableBeanFactory     : Creating shared instance of singleton bean 'viewResolver'
2024-08-14T15:46:48.146+01:00 DEBUG 12624 --- [Auth-ClientSide-service] [           main] o.s.b.f.s.DefaultListableBeanFactory     : Autowiring by type from bean name 'viewResolver' via factory method to bean named 'org.springframework.beans.factory.support.DefaultListableBeanFactory@57ce634f'
2024-08-14T15:46:48.149+01:00 DEBUG 12624 --- [Auth-ClientSide-service] [           main] o.s.b.f.s.DefaultListableBeanFactory     : Creating shared instance of singleton bean 'viewResolver'
2024-08-14T15:46:48.151+01:00 DEBUG 12624 --- [Auth-ClientSide-service] [           main] o.s.b.f.s.DefaultListableBeanFactory     : Creating shared instance of singleton bean 'requestContextFilter'
2024-08-14T15:46:48.152+01:00 DEBUG 12624 --- [Auth-ClientSide-service] [           main] o.s.b.f.s.DefaultListableBeanFactory     : Creating shared instance of singleton bean 'org.springframework.boot.autoconfigure.web.servlet.WebMvcAutoConfiguration'
2024-08-14T15:46:48.153+01:00 DEBUG 12624 --- [Auth-ClientSide-service] [           main] o.s.b.f.s.DefaultListableBeanFactory     : Creating shared instance of singleton bean 'formContentFilter'
2024-08-14T15:46:48.155+01:00 DEBUG 12624 --- [Auth-ClientSide-service] [           main] o.s.b.f.s.DefaultListableBeanFactory     : Creating shared instance of singleton bean 'org.springframework.boot.autoconfigure.aop.AopAutoConfiguration$AspectJAutoProxyingConfiguration$CglibAutoProxyConfiguration'
2024-08-14T15:46:48.155+01:00 DEBUG 12624 --- [Auth-ClientSide-service] [           main] o.s.b.f.s.DefaultListableBeanFactory     : Creating shared instance of singleton bean 'org.springframework.boot.autoconfigure.aop.AopAutoConfiguration$AspectJAutoProxyingConfiguration'
2024-08-14T15:46:48.156+01:00 DEBUG 12624 --- [Auth-ClientSide-service] [           main] o.s.b.f.s.DefaultListableBeanFactory     : Creating shared instance of singleton bean 'org.springframework.boot.autoconfigure.aop.AopAutoConfiguration'
2024-08-14T15:46:48.156+01:00 DEBUG 12624 --- [Auth-ClientSide-service] [           main] o.s.b.f.s.DefaultListableBeanFactory     : Creating shared instance of singleton bean 'org.springframework.boot.autoconfigure.availability.ApplicationAvailabilityAutoConfiguration'
2024-08-14T15:46:48.157+01:00 DEBUG 12624 --- [Auth-ClientSide-service] [           main] o.s.b.f.s.DefaultListableBeanFactory     : Creating shared instance of singleton bean 'applicationAvailability'
2024-08-14T15:46:48.158+01:00 DEBUG 12624 --- [Auth-ClientSide-service] [           main] o.s.b.f.s.DefaultListableBeanFactory     : Creating shared instance of singleton bean 'org.springframework.boot.autoconfigure.transaction.jta.JtaAutoConfiguration'
2024-08-14T15:46:48.158+01:00 DEBUG 12624 --- [Auth-ClientSide-service] [           main] o.s.b.f.s.DefaultListableBeanFactory     : Creating shared instance of singleton bean 'org.springframework.boot.autoconfigure.jdbc.metadata.DataSourcePoolMetadataProvidersConfiguration'
2024-08-14T15:46:48.160+01:00 DEBUG 12624 --- [Auth-ClientSide-service] [           main] o.s.b.f.s.DefaultListableBeanFactory     : Creating shared instance of singleton bean 'org.springframework.boot.autoconfigure.jdbc.DataSourceAutoConfiguration'
2024-08-14T15:46:48.160+01:00 DEBUG 12624 --- [Auth-ClientSide-service] [           main] o.s.b.f.s.DefaultListableBeanFactory     : Creating shared instance of singleton bean 'org.springframework.boot.autoconfigure.transaction.TransactionManagerCustomizationAutoConfiguration'
2024-08-14T15:46:48.161+01:00 DEBUG 12624 --- [Auth-ClientSide-service] [           main] o.s.b.f.s.DefaultListableBeanFactory     : Creating shared instance of singleton bean 'platformTransactionManagerCustomizers'
2024-08-14T15:46:48.162+01:00 DEBUG 12624 --- [Auth-ClientSide-service] [           main] o.s.b.f.s.DefaultListableBeanFactory     : Creating shared instance of singleton bean 'transactionExecutionListeners'
2024-08-14T15:46:48.164+01:00 DEBUG 12624 --- [Auth-ClientSide-service] [           main] o.s.b.f.s.DefaultListableBeanFactory     : Creating shared instance of singleton bean 'spring.transaction-org.springframework.boot.autoconfigure.transaction.TransactionProperties'
2024-08-14T15:46:48.168+01:00 DEBUG 12624 --- [Auth-ClientSide-service] [           main] o.s.b.f.s.DefaultListableBeanFactory     : Creating shared instance of singleton bean 'loggingRebinder'
2024-08-14T15:46:48.169+01:00 DEBUG 12624 --- [Auth-ClientSide-service] [           main] o.s.b.f.s.DefaultListableBeanFactory     : Creating shared instance of singleton bean 'refreshScopeLifecycle'
2024-08-14T15:46:48.169+01:00 DEBUG 12624 --- [Auth-ClientSide-service] [           main] o.s.b.f.s.DefaultListableBeanFactory     : Autowiring by type from bean name 'refreshScopeLifecycle' via factory method to bean named 'configDataContextRefresher'
2024-08-14T15:46:48.169+01:00 DEBUG 12624 --- [Auth-ClientSide-service] [           main] o.s.b.f.s.DefaultListableBeanFactory     : Creating shared instance of singleton bean 'org.springframework.boot.autoconfigure.orm.jpa.JpaBaseConfiguration$PersistenceManagedTypesConfiguration'
2024-08-14T15:46:48.169+01:00 DEBUG 12624 --- [Auth-ClientSide-service] [           main] o.s.b.f.s.DefaultListableBeanFactory     : Creating shared instance of singleton bean 'transactionManager'
2024-08-14T15:46:48.179+01:00 DEBUG 12624 --- [Auth-ClientSide-service] [           main] o.s.b.f.s.DefaultListableBeanFactory     : Creating shared instance of singleton bean 'org.springframework.boot.autoconfigure.orm.jpa.HibernateJpaAutoConfiguration'
2024-08-14T15:46:48.180+01:00 DEBUG 12624 --- [Auth-ClientSide-service] [           main] o.s.b.f.s.DefaultListableBeanFactory     : Creating shared instance of singleton bean 'org.springframework.boot.autoconfigure.jackson.JacksonAutoConfiguration$Jackson2ObjectMapperBuilderCustomizerConfiguration'
2024-08-14T15:46:48.180+01:00 DEBUG 12624 --- [Auth-ClientSide-service] [           main] o.s.b.f.s.DefaultListableBeanFactory     : Creating shared instance of singleton bean 'standardJacksonObjectMapperBuilderCustomizer'
2024-08-14T15:46:48.181+01:00 DEBUG 12624 --- [Auth-ClientSide-service] [           main] o.s.b.f.s.DefaultListableBeanFactory     : Creating shared instance of singleton bean 'spring.jackson-org.springframework.boot.autoconfigure.jackson.JacksonProperties'
2024-08-14T15:46:48.184+01:00 DEBUG 12624 --- [Auth-ClientSide-service] [           main] o.s.b.f.s.DefaultListableBeanFactory     : Autowiring by type from bean name 'standardJacksonObjectMapperBuilderCustomizer' via factory method to bean named 'spring.jackson-org.springframework.boot.autoconfigure.jackson.JacksonProperties'
2024-08-14T15:46:48.186+01:00 DEBUG 12624 --- [Auth-ClientSide-service] [           main] o.s.b.f.s.DefaultListableBeanFactory     : Creating shared instance of singleton bean 'parameterNamesModule'
2024-08-14T15:46:48.186+01:00 DEBUG 12624 --- [Auth-ClientSide-service] [           main] o.s.b.f.s.DefaultListableBeanFactory     : Creating shared instance of singleton bean 'org.springframework.boot.autoconfigure.jackson.JacksonAutoConfiguration$ParameterNamesModuleConfiguration'
2024-08-14T15:46:48.188+01:00 DEBUG 12624 --- [Auth-ClientSide-service] [           main] o.s.b.f.s.DefaultListableBeanFactory     : Creating shared instance of singleton bean 'jsonMixinModule'
2024-08-14T15:46:48.188+01:00 DEBUG 12624 --- [Auth-ClientSide-service] [           main] o.s.b.f.s.DefaultListableBeanFactory     : Creating shared instance of singleton bean 'org.springframework.boot.autoconfigure.jackson.JacksonAutoConfiguration$JacksonMixinConfiguration'
2024-08-14T15:46:48.190+01:00 DEBUG 12624 --- [Auth-ClientSide-service] [           main] o.s.b.f.s.DefaultListableBeanFactory     : Creating shared instance of singleton bean 'jsonMixinModuleEntries'
2024-08-14T15:46:48.190+01:00 DEBUG 12624 --- [Auth-ClientSide-service] [           main] o.s.b.f.s.DefaultListableBeanFactory     : Autowiring by type from bean name 'jsonMixinModuleEntries' via factory method to bean named 'org.springframework.web.context.support.GenericWebApplicationContext@57bd802b'
2024-08-14T15:46:48.200+01:00 DEBUG 12624 --- [Auth-ClientSide-service] [           main] o.s.b.f.s.DefaultListableBeanFactory     : Autowiring by type from bean name 'jsonMixinModule' via factory method to bean named 'org.springframework.web.context.support.GenericWebApplicationContext@57bd802b'
2024-08-14T15:46:48.201+01:00 DEBUG 12624 --- [Auth-ClientSide-service] [           main] o.s.b.f.s.DefaultListableBeanFactory     : Autowiring by type from bean name 'jsonMixinModule' via factory method to bean named 'jsonMixinModuleEntries'
2024-08-14T15:46:48.202+01:00 DEBUG 12624 --- [Auth-ClientSide-service] [           main] o.s.b.f.s.DefaultListableBeanFactory     : Creating shared instance of singleton bean 'jsonComponentModule'
2024-08-14T15:46:48.202+01:00 DEBUG 12624 --- [Auth-ClientSide-service] [           main] o.s.b.f.s.DefaultListableBeanFactory     : Creating shared instance of singleton bean 'org.springframework.boot.autoconfigure.jackson.JacksonAutoConfiguration'
2024-08-14T15:46:48.208+01:00 DEBUG 12624 --- [Auth-ClientSide-service] [           main] o.s.b.f.s.DefaultListableBeanFactory     : Creating shared instance of singleton bean 'jacksonGeoModule'
2024-08-14T15:46:48.208+01:00 DEBUG 12624 --- [Auth-ClientSide-service] [           main] o.s.b.f.s.DefaultListableBeanFactory     : Creating shared instance of singleton bean 'org.springframework.data.web.config.SpringDataJacksonConfiguration'
2024-08-14T15:46:48.209+01:00 DEBUG 12624 --- [Auth-ClientSide-service] [           main] o.s.b.f.s.DefaultListableBeanFactory     : Creating shared instance of singleton bean 'org.springframework.data.web.config.SpringDataWebSettings'
2024-08-14T15:46:48.217+01:00 DEBUG 12624 --- [Auth-ClientSide-service] [           main] o.s.b.f.s.DefaultListableBeanFactory     : Creating shared instance of singleton bean 'pageModule'
2024-08-14T15:46:48.221+01:00 DEBUG 12624 --- [Auth-ClientSide-service] [           main] o.s.b.f.s.DefaultListableBeanFactory     : Creating shared instance of singleton bean 'pageJacksonModule'
2024-08-14T15:46:48.222+01:00 DEBUG 12624 --- [Auth-ClientSide-service] [           main] o.s.b.f.s.DefaultListableBeanFactory     : Creating shared instance of singleton bean 'org.springframework.cloud.openfeign.FeignAutoConfiguration$FeignJacksonConfiguration'
2024-08-14T15:46:48.225+01:00 DEBUG 12624 --- [Auth-ClientSide-service] [           main] o.s.b.f.s.DefaultListableBeanFactory     : Creating shared instance of singleton bean 'sortModule'
2024-08-14T15:46:48.228+01:00 DEBUG 12624 --- [Auth-ClientSide-service] [           main] o.s.b.f.s.DefaultListableBeanFactory     : Creating shared instance of singleton bean 'org.springframework.boot.autoconfigure.jackson.JacksonAutoConfiguration$JacksonObjectMapperBuilderConfiguration'
2024-08-14T15:46:48.229+01:00 DEBUG 12624 --- [Auth-ClientSide-service] [           main] o.s.b.f.s.DefaultListableBeanFactory     : Creating shared instance of singleton bean 'org.springframework.boot.autoconfigure.jackson.JacksonAutoConfiguration$JacksonObjectMapperConfiguration'
2024-08-14T15:46:48.230+01:00 DEBUG 12624 --- [Auth-ClientSide-service] [           main] o.s.b.f.s.DefaultListableBeanFactory     : Creating shared instance of singleton bean 'org.springframework.boot.autoconfigure.context.ConfigurationPropertiesAutoConfiguration'
2024-08-14T15:46:48.231+01:00 DEBUG 12624 --- [Auth-ClientSide-service] [           main] o.s.b.f.s.DefaultListableBeanFactory     : Creating shared instance of singleton bean 'org.springframework.boot.autoconfigure.context.LifecycleAutoConfiguration'
2024-08-14T15:46:48.231+01:00 DEBUG 12624 --- [Auth-ClientSide-service] [           main] o.s.b.f.s.DefaultListableBeanFactory     : Creating shared instance of singleton bean 'lifecycleProcessor'
2024-08-14T15:46:48.232+01:00 DEBUG 12624 --- [Auth-ClientSide-service] [           main] o.s.b.f.s.DefaultListableBeanFactory     : Creating shared instance of singleton bean 'spring.lifecycle-org.springframework.boot.autoconfigure.context.LifecycleProperties'
2024-08-14T15:46:48.233+01:00 DEBUG 12624 --- [Auth-ClientSide-service] [           main] o.s.b.f.s.DefaultListableBeanFactory     : Autowiring by type from bean name 'lifecycleProcessor' via factory method to bean named 'spring.lifecycle-org.springframework.boot.autoconfigure.context.LifecycleProperties'
2024-08-14T15:46:48.237+01:00 DEBUG 12624 --- [Auth-ClientSide-service] [           main] o.s.b.f.s.DefaultListableBeanFactory     : Creating shared instance of singleton bean 'org.springframework.boot.autoconfigure.dao.PersistenceExceptionTranslationAutoConfiguration'
2024-08-14T15:46:48.237+01:00 DEBUG 12624 --- [Auth-ClientSide-service] [           main] o.s.b.f.s.DefaultListableBeanFactory     : Creating shared instance of singleton bean 'org.springframework.boot.autoconfigure.data.jpa.JpaRepositoriesAutoConfiguration'
2024-08-14T15:46:48.238+01:00 DEBUG 12624 --- [Auth-ClientSide-service] [           main] o.s.b.f.s.DefaultListableBeanFactory     : Creating shared instance of singleton bean 'org.springframework.data.jpa.util.JpaMetamodelCacheCleanup'
2024-08-14T15:46:48.239+01:00 DEBUG 12624 --- [Auth-ClientSide-service] [           main] o.s.b.f.s.DefaultListableBeanFactory     : Creating shared instance of singleton bean 'org.springframework.data.jpa.repository.support.JpaEvaluationContextExtension'
2024-08-14T15:46:48.243+01:00 DEBUG 12624 --- [Auth-ClientSide-service] [           main] o.s.b.f.s.DefaultListableBeanFactory     : Creating shared instance of singleton bean 'jpa.named-queries#0'
2024-08-14T15:46:48.244+01:00 DEBUG 12624 --- [Auth-ClientSide-service] [           main] o.s.b.f.s.DefaultListableBeanFactory     : Creating shared instance of singleton bean 'jpa.ImagesRepository.fragments#0'
2024-08-14T15:46:48.246+01:00 DEBUG 12624 --- [Auth-ClientSide-service] [           main] o.s.b.f.s.DefaultListableBeanFactory     : Creating shared instance of singleton bean 'imagesRepository'
2024-08-14T15:46:48.251+01:00 DEBUG 12624 --- [Auth-ClientSide-service] [           main] tor$SharedEntityManagerInvocationHandler : Creating new EntityManager for shared EntityManager invocation
2024-08-14T15:46:48.252+01:00 DEBUG 12624 --- [Auth-ClientSide-service] [           main] o.s.d.r.c.s.RepositoryFactorySupport     : Initializing repository instance for com.wholesaled.clientsideservice.Repository.ImagesRepository…
2024-08-14T15:46:48.253+01:00 DEBUG 12624 --- [Auth-ClientSide-service] [           main] tor$SharedEntityManagerInvocationHandler : Creating new EntityManager for shared EntityManager invocation
2024-08-14T15:46:48.259+01:00 DEBUG 12624 --- [Auth-ClientSide-service] [           main] o.s.d.r.c.s.RepositoryFactorySupport     : Finished creation of repository instance for com.wholesaled.clientsideservice.Repository.ImagesRepository.
2024-08-14T15:46:48.259+01:00 DEBUG 12624 --- [Auth-ClientSide-service] [           main] o.s.b.f.s.DefaultListableBeanFactory     : Creating shared instance of singleton bean 'jpa.named-queries#5'
2024-08-14T15:46:48.261+01:00 DEBUG 12624 --- [Auth-ClientSide-service] [           main] o.s.b.f.s.DefaultListableBeanFactory     : Creating shared instance of singleton bean 'jpa.CategoryRepository.fragments#0'
2024-08-14T15:46:48.261+01:00 DEBUG 12624 --- [Auth-ClientSide-service] [           main] o.s.b.f.s.DefaultListableBeanFactory     : Creating shared instance of singleton bean 'CategoryRepository'
2024-08-14T15:46:48.263+01:00 DEBUG 12624 --- [Auth-ClientSide-service] [           main] tor$SharedEntityManagerInvocationHandler : Creating new EntityManager for shared EntityManager invocation
2024-08-14T15:46:48.267+01:00 DEBUG 12624 --- [Auth-ClientSide-service] [           main] o.s.d.r.c.s.RepositoryFactorySupport     : Initializing repository instance for com.wholesaled.clientsideservice.Repository.CategoryRepository…
2024-08-14T15:46:48.267+01:00 DEBUG 12624 --- [Auth-ClientSide-service] [           main] tor$SharedEntityManagerInvocationHandler : Creating new EntityManager for shared EntityManager invocation
2024-08-14T15:46:48.270+01:00 DEBUG 12624 --- [Auth-ClientSide-service] [           main] o.s.d.jpa.repository.query.NamedQuery    : Looking up named query Category.findByName
2024-08-14T15:46:48.270+01:00 DEBUG 12624 --- [Auth-ClientSide-service] [           main] o.s.d.jpa.repository.query.NamedQuery    : Did not find named query Category.findByName
2024-08-14T15:46:48.270+01:00 DEBUG 12624 --- [Auth-ClientSide-service] [           main] tor$SharedEntityManagerInvocationHandler : Creating new EntityManager for shared EntityManager invocation
2024-08-14T15:46:48.275+01:00 DEBUG 12624 --- [Auth-ClientSide-service] [           main] o.s.d.r.c.s.RepositoryFactorySupport     : Finished creation of repository instance for com.wholesaled.clientsideservice.Repository.CategoryRepository.
2024-08-14T15:46:48.275+01:00 DEBUG 12624 --- [Auth-ClientSide-service] [           main] o.s.b.f.s.DefaultListableBeanFactory     : Creating shared instance of singleton bean 'data-jpa.repository-aot-processor#0'
2024-08-14T15:46:48.284+01:00 DEBUG 12624 --- [Auth-ClientSide-service] [           main] o.s.b.f.s.DefaultListableBeanFactory     : Creating shared instance of singleton bean 'org.springframework.boot.autoconfigure.gson.GsonAutoConfiguration'
2024-08-14T15:46:48.285+01:00 DEBUG 12624 --- [Auth-ClientSide-service] [           main] o.s.b.f.s.DefaultListableBeanFactory     : Creating shared instance of singleton bean 'gsonBuilder'
2024-08-14T15:46:48.286+01:00 DEBUG 12624 --- [Auth-ClientSide-service] [           main] o.s.b.f.s.DefaultListableBeanFactory     : Creating shared instance of singleton bean 'standardGsonBuilderCustomizer'
2024-08-14T15:46:48.286+01:00 DEBUG 12624 --- [Auth-ClientSide-service] [           main] o.s.b.f.s.DefaultListableBeanFactory     : Creating shared instance of singleton bean 'spring.gson-org.springframework.boot.autoconfigure.gson.GsonProperties'
2024-08-14T15:46:48.289+01:00 DEBUG 12624 --- [Auth-ClientSide-service] [           main] o.s.b.f.s.DefaultListableBeanFactory     : Autowiring by type from bean name 'standardGsonBuilderCustomizer' via factory method to bean named 'spring.gson-org.springframework.boot.autoconfigure.gson.GsonProperties'
2024-08-14T15:46:48.291+01:00 DEBUG 12624 --- [Auth-ClientSide-service] [           main] o.s.b.f.s.DefaultListableBeanFactory     : Autowiring by type from bean name 'gsonBuilder' via factory method to bean named 'standardGsonBuilderCustomizer'
2024-08-14T15:46:48.319+01:00 DEBUG 12624 --- [Auth-ClientSide-service] [           main] o.s.b.f.s.DefaultListableBeanFactory     : Creating shared instance of singleton bean 'gson'
2024-08-14T15:46:48.319+01:00 DEBUG 12624 --- [Auth-ClientSide-service] [           main] o.s.b.f.s.DefaultListableBeanFactory     : Autowiring by type from bean name 'gson' via factory method to bean named 'gsonBuilder'
2024-08-14T15:46:48.372+01:00 DEBUG 12624 --- [Auth-ClientSide-service] [           main] o.s.b.f.s.DefaultListableBeanFactory     : Creating shared instance of singleton bean 'org.springframework.boot.autoconfigure.http.JacksonHttpMessageConvertersConfiguration'
2024-08-14T15:46:48.374+01:00 DEBUG 12624 --- [Auth-ClientSide-service] [           main] o.s.b.f.s.DefaultListableBeanFactory     : Creating shared instance of singleton bean 'org.springframework.boot.autoconfigure.http.GsonHttpMessageConvertersConfiguration'
2024-08-14T15:46:48.375+01:00 DEBUG 12624 --- [Auth-ClientSide-service] [           main] o.s.b.f.s.DefaultListableBeanFactory     : Creating shared instance of singleton bean 'org.springframework.data.web.config.ProjectingArgumentResolverRegistrar'
2024-08-14T15:46:48.376+01:00 DEBUG 12624 --- [Auth-ClientSide-service] [           main] o.s.b.f.s.DefaultListableBeanFactory     : Creating shared instance of singleton bean 'offsetResolver'
2024-08-14T15:46:48.380+01:00 DEBUG 12624 --- [Auth-ClientSide-service] [           main] o.s.b.f.s.DefaultListableBeanFactory     : Creating shared instance of singleton bean 'org.springframework.boot.autoconfigure.info.ProjectInfoAutoConfiguration'
2024-08-14T15:46:48.384+01:00 DEBUG 12624 --- [Auth-ClientSide-service] [           main] o.s.b.f.s.DefaultListableBeanFactory     : Creating shared instance of singleton bean 'spring.info-org.springframework.boot.autoconfigure.info.ProjectInfoProperties'
2024-08-14T15:46:48.386+01:00 DEBUG 12624 --- [Auth-ClientSide-service] [           main] o.s.b.f.s.DefaultListableBeanFactory     : Autowiring by type from bean name 'org.springframework.boot.autoconfigure.info.ProjectInfoAutoConfiguration' via constructor to bean named 'spring.info-org.springframework.boot.autoconfigure.info.ProjectInfoProperties'
2024-08-14T15:46:48.386+01:00 DEBUG 12624 --- [Auth-ClientSide-service] [           main] o.s.b.f.s.DefaultListableBeanFactory     : Creating shared instance of singleton bean 'org.springframework.boot.autoconfigure.jdbc.JdbcTemplateConfiguration'
2024-08-14T15:46:48.387+01:00 DEBUG 12624 --- [Auth-ClientSide-service] [           main] o.s.b.f.s.DefaultListableBeanFactory     : Creating shared instance of singleton bean 'jdbcTemplate'
2024-08-14T15:46:48.388+01:00 DEBUG 12624 --- [Auth-ClientSide-service] [           main] o.s.b.f.s.DefaultListableBeanFactory     : Creating shared instance of singleton bean 'spring.jdbc-org.springframework.boot.autoconfigure.jdbc.JdbcProperties'
2024-08-14T15:46:48.389+01:00 DEBUG 12624 --- [Auth-ClientSide-service] [           main] o.s.b.f.s.DefaultListableBeanFactory     : Autowiring by type from bean name 'jdbcTemplate' via factory method to bean named 'dataSource'
2024-08-14T15:46:48.389+01:00 DEBUG 12624 --- [Auth-ClientSide-service] [           main] o.s.b.f.s.DefaultListableBeanFactory     : Autowiring by type from bean name 'jdbcTemplate' via factory method to bean named 'spring.jdbc-org.springframework.boot.autoconfigure.jdbc.JdbcProperties'
2024-08-14T15:46:48.403+01:00 DEBUG 12624 --- [Auth-ClientSide-service] [           main] o.s.b.f.s.DefaultListableBeanFactory     : Creating shared instance of singleton bean 'org.springframework.boot.autoconfigure.jdbc.NamedParameterJdbcTemplateConfiguration'
2024-08-14T15:46:48.403+01:00 DEBUG 12624 --- [Auth-ClientSide-service] [           main] o.s.b.f.s.DefaultListableBeanFactory     : Creating shared instance of singleton bean 'namedParameterJdbcTemplate'
2024-08-14T15:46:48.405+01:00 DEBUG 12624 --- [Auth-ClientSide-service] [           main] o.s.b.f.s.DefaultListableBeanFactory     : Autowiring by type from bean name 'namedParameterJdbcTemplate' via factory method to bean named 'jdbcTemplate'
2024-08-14T15:46:48.415+01:00 DEBUG 12624 --- [Auth-ClientSide-service] [           main] o.s.b.f.s.DefaultListableBeanFactory     : Creating shared instance of singleton bean 'org.springframework.boot.autoconfigure.jdbc.JdbcTemplateAutoConfiguration'
2024-08-14T15:46:48.415+01:00 DEBUG 12624 --- [Auth-ClientSide-service] [           main] o.s.b.f.s.DefaultListableBeanFactory     : Creating shared instance of singleton bean 'org.springframework.boot.autoconfigure.jdbc.JdbcClientAutoConfiguration'
2024-08-14T15:46:48.415+01:00 DEBUG 12624 --- [Auth-ClientSide-service] [           main] o.s.b.f.s.DefaultListableBeanFactory     : Creating shared instance of singleton bean 'jdbcClient'
2024-08-14T15:46:48.416+01:00 DEBUG 12624 --- [Auth-ClientSide-service] [           main] o.s.b.f.s.DefaultListableBeanFactory     : Autowiring by type from bean name 'jdbcClient' via factory method to bean named 'namedParameterJdbcTemplate'
2024-08-14T15:46:48.418+01:00 DEBUG 12624 --- [Auth-ClientSide-service] [           main] o.s.b.f.s.DefaultListableBeanFactory     : Creating shared instance of singleton bean 'org.springframework.boot.autoconfigure.mail.MailSenderAutoConfiguration'
2024-08-14T15:46:48.418+01:00 DEBUG 12624 --- [Auth-ClientSide-service] [           main] o.s.b.f.s.DefaultListableBeanFactory     : Creating shared instance of singleton bean 'org.springframework.boot.autoconfigure.reactor.ReactorAutoConfiguration'
2024-08-14T15:46:48.419+01:00 DEBUG 12624 --- [Auth-ClientSide-service] [           main] o.s.b.f.s.DefaultListableBeanFactory     : Creating shared instance of singleton bean 'spring.reactor-org.springframework.boot.autoconfigure.reactor.ReactorProperties'
2024-08-14T15:46:48.421+01:00 DEBUG 12624 --- [Auth-ClientSide-service] [           main] o.s.b.f.s.DefaultListableBeanFactory     : Autowiring by type from bean name 'org.springframework.boot.autoconfigure.reactor.ReactorAutoConfiguration' via constructor to bean named 'spring.reactor-org.springframework.boot.autoconfigure.reactor.ReactorProperties'
2024-08-14T15:46:48.421+01:00 DEBUG 12624 --- [Auth-ClientSide-service] [           main] o.s.b.f.s.DefaultListableBeanFactory     : Creating shared instance of singleton bean 'org.springframework.boot.autoconfigure.security.servlet.SpringBootWebSecurityConfiguration'
2024-08-14T15:46:48.422+01:00 DEBUG 12624 --- [Auth-ClientSide-service] [           main] o.s.b.f.s.DefaultListableBeanFactory     : Creating shared instance of singleton bean 'spring.security-org.springframework.boot.autoconfigure.security.SecurityProperties'
2024-08-14T15:46:48.424+01:00 DEBUG 12624 --- [Auth-ClientSide-service] [           main] o.s.b.f.s.DefaultListableBeanFactory     : Creating shared instance of singleton bean 'org.springframework.boot.autoconfigure.security.servlet.SecurityFilterAutoConfiguration'
2024-08-14T15:46:48.424+01:00 DEBUG 12624 --- [Auth-ClientSide-service] [           main] o.s.b.f.s.DefaultListableBeanFactory     : Creating shared instance of singleton bean 'securityFilterChainRegistration'
2024-08-14T15:46:48.425+01:00 DEBUG 12624 --- [Auth-ClientSide-service] [           main] o.s.b.f.s.DefaultListableBeanFactory     : Autowiring by type from bean name 'securityFilterChainRegistration' via factory method to bean named 'spring.security-org.springframework.boot.autoconfigure.security.SecurityProperties'
2024-08-14T15:46:48.429+01:00 DEBUG 12624 --- [Auth-ClientSide-service] [           main] o.s.b.f.s.DefaultListableBeanFactory     : Creating shared instance of singleton bean 'org.springframework.boot.autoconfigure.session.SessionAutoConfiguration$ServletSessionConfiguration$ServletSessionRepositoryConfiguration'
2024-08-14T15:46:48.430+01:00 DEBUG 12624 --- [Auth-ClientSide-service] [           main] o.s.b.f.s.DefaultListableBeanFactory     : Creating shared instance of singleton bean 'org.springframework.boot.autoconfigure.session.SessionAutoConfiguration$ServletSessionConfiguration$RememberMeServicesConfiguration'
2024-08-14T15:46:48.430+01:00 DEBUG 12624 --- [Auth-ClientSide-service] [           main] o.s.b.f.s.DefaultListableBeanFactory     : Creating shared instance of singleton bean 'rememberMeServicesCookieSerializerCustomizer'
2024-08-14T15:46:48.432+01:00 DEBUG 12624 --- [Auth-ClientSide-service] [           main] o.s.b.f.s.DefaultListableBeanFactory     : Creating shared instance of singleton bean 'org.springframework.boot.autoconfigure.session.SessionAutoConfiguration$ServletSessionConfiguration'
2024-08-14T15:46:48.432+01:00 DEBUG 12624 --- [Auth-ClientSide-service] [           main] o.s.b.f.s.DefaultListableBeanFactory     : Creating shared instance of singleton bean 'cookieSerializer'
2024-08-14T15:46:48.432+01:00 DEBUG 12624 --- [Auth-ClientSide-service] [           main] o.s.b.f.s.DefaultListableBeanFactory     : Autowiring by type from bean name 'cookieSerializer' via factory method to bean named 'server-org.springframework.boot.autoconfigure.web.ServerProperties'
2024-08-14T15:46:48.452+01:00 DEBUG 12624 --- [Auth-ClientSide-service] [           main] o.s.b.f.s.DefaultListableBeanFactory     : Creating shared instance of singleton bean 'org.springframework.boot.autoconfigure.session.SessionAutoConfiguration'
2024-08-14T15:46:48.453+01:00 DEBUG 12624 --- [Auth-ClientSide-service] [           main] o.s.b.f.s.DefaultListableBeanFactory     : Creating shared instance of singleton bean 'spring.webflux-org.springframework.boot.autoconfigure.web.reactive.WebFluxProperties'
2024-08-14T15:46:48.456+01:00 DEBUG 12624 --- [Auth-ClientSide-service] [           main] o.s.b.f.s.DefaultListableBeanFactory     : Creating shared instance of singleton bean 'spring.session-org.springframework.boot.autoconfigure.session.SessionProperties'
2024-08-14T15:46:48.457+01:00 DEBUG 12624 --- [Auth-ClientSide-service] [           main] o.s.b.f.s.DefaultListableBeanFactory     : Creating shared instance of singleton bean 'org.springframework.boot.autoconfigure.sql.init.SqlInitializationAutoConfiguration'
2024-08-14T15:46:48.459+01:00 DEBUG 12624 --- [Auth-ClientSide-service] [           main] o.s.b.f.s.DefaultListableBeanFactory     : Creating shared instance of singleton bean 'org.springframework.boot.autoconfigure.task.TaskSchedulingConfigurations$ThreadPoolTaskSchedulerBuilderConfiguration'
2024-08-14T15:46:48.459+01:00 DEBUG 12624 --- [Auth-ClientSide-service] [           main] o.s.b.f.s.DefaultListableBeanFactory     : Creating shared instance of singleton bean 'threadPoolTaskSchedulerBuilder'
2024-08-14T15:46:48.460+01:00 DEBUG 12624 --- [Auth-ClientSide-service] [           main] o.s.b.f.s.DefaultListableBeanFactory     : Creating shared instance of singleton bean 'spring.task.scheduling-org.springframework.boot.autoconfigure.task.TaskSchedulingProperties'
2024-08-14T15:46:48.462+01:00 DEBUG 12624 --- [Auth-ClientSide-service] [           main] o.s.b.f.s.DefaultListableBeanFactory     : Autowiring by type from bean name 'threadPoolTaskSchedulerBuilder' via factory method to bean named 'spring.task.scheduling-org.springframework.boot.autoconfigure.task.TaskSchedulingProperties'
2024-08-14T15:46:48.467+01:00 DEBUG 12624 --- [Auth-ClientSide-service] [           main] o.s.b.f.s.DefaultListableBeanFactory     : Creating shared instance of singleton bean 'org.springframework.boot.autoconfigure.task.TaskSchedulingConfigurations$TaskSchedulerBuilderConfiguration'
2024-08-14T15:46:48.470+01:00 DEBUG 12624 --- [Auth-ClientSide-service] [           main] o.s.b.f.s.DefaultListableBeanFactory     : Creating shared instance of singleton bean 'taskSchedulerBuilder'
2024-08-14T15:46:48.471+01:00 DEBUG 12624 --- [Auth-ClientSide-service] [           main] o.s.b.f.s.DefaultListableBeanFactory     : Autowiring by type from bean name 'taskSchedulerBuilder' via factory method to bean named 'spring.task.scheduling-org.springframework.boot.autoconfigure.task.TaskSchedulingProperties'
2024-08-14T15:46:48.473+01:00 DEBUG 12624 --- [Auth-ClientSide-service] [           main] o.s.b.f.s.DefaultListableBeanFactory     : Creating shared instance of singleton bean 'org.springframework.boot.autoconfigure.task.TaskSchedulingConfigurations$SimpleAsyncTaskSchedulerBuilderConfiguration'
2024-08-14T15:46:48.475+01:00 DEBUG 12624 --- [Auth-ClientSide-service] [           main] o.s.b.f.s.DefaultListableBeanFactory     : Autowiring by type from bean name 'org.springframework.boot.autoconfigure.task.TaskSchedulingConfigurations$SimpleAsyncTaskSchedulerBuilderConfiguration' via constructor to bean named 'spring.task.scheduling-org.springframework.boot.autoconfigure.task.TaskSchedulingProperties'
2024-08-14T15:46:48.475+01:00 DEBUG 12624 --- [Auth-ClientSide-service] [           main] o.s.b.f.s.DefaultListableBeanFactory     : Creating shared instance of singleton bean 'simpleAsyncTaskSchedulerBuilder'
2024-08-14T15:46:48.482+01:00 DEBUG 12624 --- [Auth-ClientSide-service] [           main] o.s.b.f.s.DefaultListableBeanFactory     : Creating shared instance of singleton bean 'org.springframework.boot.autoconfigure.task.TaskSchedulingAutoConfiguration'
2024-08-14T15:46:48.483+01:00 DEBUG 12624 --- [Auth-ClientSide-service] [           main] o.s.b.f.s.DefaultListableBeanFactory     : Creating shared instance of singleton bean 'org.springframework.boot.autoconfigure.jdbc.DataSourceTransactionManagerAutoConfiguration$JdbcTransactionManagerConfiguration'
2024-08-14T15:46:48.484+01:00 DEBUG 12624 --- [Auth-ClientSide-service] [           main] o.s.b.f.s.DefaultListableBeanFactory     : Creating shared instance of singleton bean 'org.springframework.boot.autoconfigure.jdbc.DataSourceTransactionManagerAutoConfiguration'
2024-08-14T15:46:48.485+01:00 DEBUG 12624 --- [Auth-ClientSide-service] [           main] o.s.b.f.s.DefaultListableBeanFactory     : Creating shared instance of singleton bean 'org.springframework.boot.autoconfigure.transaction.TransactionAutoConfiguration$EnableTransactionManagementConfiguration$CglibAutoProxyConfiguration'
2024-08-14T15:46:48.486+01:00 DEBUG 12624 --- [Auth-ClientSide-service] [           main] o.s.b.f.s.DefaultListableBeanFactory     : Creating shared instance of singleton bean 'org.springframework.boot.autoconfigure.transaction.TransactionAutoConfiguration$EnableTransactionManagementConfiguration'
2024-08-14T15:46:48.487+01:00 DEBUG 12624 --- [Auth-ClientSide-service] [           main] o.s.b.f.s.DefaultListableBeanFactory     : Creating shared instance of singleton bean 'org.springframework.boot.autoconfigure.transaction.TransactionAutoConfiguration$TransactionTemplateConfiguration'
2024-08-14T15:46:48.488+01:00 DEBUG 12624 --- [Auth-ClientSide-service] [           main] o.s.b.f.s.DefaultListableBeanFactory     : Creating shared instance of singleton bean 'transactionTemplate'
2024-08-14T15:46:48.489+01:00 DEBUG 12624 --- [Auth-ClientSide-service] [           main] o.s.b.f.s.DefaultListableBeanFactory     : Autowiring by type from bean name 'transactionTemplate' via factory method to bean named 'transactionManager'
2024-08-14T15:46:48.492+01:00 DEBUG 12624 --- [Auth-ClientSide-service] [           main] o.s.b.f.s.DefaultListableBeanFactory     : Creating shared instance of singleton bean 'org.springframework.boot.autoconfigure.transaction.TransactionAutoConfiguration'
2024-08-14T15:46:48.494+01:00 DEBUG 12624 --- [Auth-ClientSide-service] [           main] o.s.b.f.s.DefaultListableBeanFactory     : Creating shared instance of singleton bean 'org.springframework.boot.autoconfigure.web.client.RestClientAutoConfiguration'
2024-08-14T15:46:48.495+01:00 DEBUG 12624 --- [Auth-ClientSide-service] [           main] o.s.b.f.s.DefaultListableBeanFactory     : Creating shared instance of singleton bean 'httpMessageConvertersRestClientCustomizer'
2024-08-14T15:46:48.497+01:00 DEBUG 12624 --- [Auth-ClientSide-service] [           main] o.s.b.f.s.DefaultListableBeanFactory     : Creating shared instance of singleton bean 'restClientSsl'
2024-08-14T15:46:48.497+01:00 DEBUG 12624 --- [Auth-ClientSide-service] [           main] o.s.b.f.s.DefaultListableBeanFactory     : Autowiring by type from bean name 'restClientSsl' via factory method to bean named 'sslBundleRegistry'
2024-08-14T15:46:48.498+01:00 DEBUG 12624 --- [Auth-ClientSide-service] [           main] o.s.b.f.s.DefaultListableBeanFactory     : Creating shared instance of singleton bean 'restClientBuilderConfigurer'
2024-08-14T15:46:48.500+01:00 DEBUG 12624 --- [Auth-ClientSide-service] [           main] o.s.b.f.s.DefaultListableBeanFactory     : Creating shared instance of singleton bean 'org.springframework.boot.autoconfigure.web.client.RestTemplateAutoConfiguration'
2024-08-14T15:46:48.502+01:00 DEBUG 12624 --- [Auth-ClientSide-service] [           main] o.s.b.f.s.DefaultListableBeanFactory     : Creating shared instance of singleton bean 'characterEncodingFilter'
2024-08-14T15:46:48.504+01:00 DEBUG 12624 --- [Auth-ClientSide-service] [           main] o.s.b.f.s.DefaultListableBeanFactory     : Creating shared instance of singleton bean 'multipartResolver'
2024-08-14T15:46:48.506+01:00 DEBUG 12624 --- [Auth-ClientSide-service] [           main] o.s.b.f.s.DefaultListableBeanFactory     : Creating shared instance of singleton bean 'eagerStompWebSocketHandlerMapping'
2024-08-14T15:46:48.507+01:00 DEBUG 12624 --- [Auth-ClientSide-service] [           main] o.s.b.f.s.DefaultListableBeanFactory     : Creating shared instance of singleton bean 'org.springframework.boot.autoconfigure.websocket.servlet.WebSocketMessagingAutoConfiguration'
2024-08-14T15:46:48.508+01:00 DEBUG 12624 --- [Auth-ClientSide-service] [           main] o.s.b.f.s.DefaultListableBeanFactory     : Creating shared instance of singleton bean 'org.springframework.cloud.autoconfigure.ConfigurationPropertiesRebinderAutoConfiguration'
2024-08-14T15:46:48.509+01:00 DEBUG 12624 --- [Auth-ClientSide-service] [           main] o.s.b.f.s.DefaultListableBeanFactory     : Creating shared instance of singleton bean 'configurationPropertiesRebinder'
2024-08-14T15:46:48.512+01:00 DEBUG 12624 --- [Auth-ClientSide-service] [           main] o.s.b.f.s.DefaultListableBeanFactory     : Autowiring by type from bean name 'configurationPropertiesRebinder' via factory method to bean named 'configurationPropertiesBeans'
2024-08-14T15:46:48.518+01:00 DEBUG 12624 --- [Auth-ClientSide-service] [           main] o.s.b.f.s.DefaultListableBeanFactory     : Creating shared instance of singleton bean 'org.springframework.cloud.autoconfigure.LifecycleMvcEndpointAutoConfiguration'
2024-08-14T15:46:48.519+01:00 DEBUG 12624 --- [Auth-ClientSide-service] [           main] o.s.b.f.s.DefaultListableBeanFactory     : Creating shared instance of singleton bean 'environmentManager'
2024-08-14T15:46:48.519+01:00 DEBUG 12624 --- [Auth-ClientSide-service] [           main] o.s.b.f.s.DefaultListableBeanFactory     : Autowiring by type from bean name 'environmentManager' via factory method to bean named 'environment'
2024-08-14T15:46:48.521+01:00 DEBUG 12624 --- [Auth-ClientSide-service] [           main] o.s.b.f.s.DefaultListableBeanFactory     : Creating shared instance of singleton bean 'org.springframework.cloud.client.discovery.composite.CompositeDiscoveryClientAutoConfiguration'
2024-08-14T15:46:48.521+01:00 DEBUG 12624 --- [Auth-ClientSide-service] [           main] o.s.b.f.s.DefaultListableBeanFactory     : Creating shared instance of singleton bean 'compositeDiscoveryClient'
2024-08-14T15:46:48.524+01:00 DEBUG 12624 --- [Auth-ClientSide-service] [           main] o.s.b.f.s.DefaultListableBeanFactory     : Creating shared instance of singleton bean 'simpleDiscoveryClient'
2024-08-14T15:46:48.524+01:00 DEBUG 12624 --- [Auth-ClientSide-service] [           main] o.s.b.f.s.DefaultListableBeanFactory     : Creating shared instance of singleton bean 'org.springframework.cloud.client.discovery.simple.SimpleDiscoveryClientAutoConfiguration'
2024-08-14T15:46:48.530+01:00 DEBUG 12624 --- [Auth-ClientSide-service] [           main] o.s.b.f.s.DefaultListableBeanFactory     : Creating shared instance of singleton bean 'simpleDiscoveryProperties'
2024-08-14T15:46:48.532+01:00 DEBUG 12624 --- [Auth-ClientSide-service] [           main] o.s.c.e.PropertySourcesPropertyResolver  : Found key 'spring.application.name' in PropertySource 'environmentProperties' with value of type String
2024-08-14T15:46:48.542+01:00 DEBUG 12624 --- [Auth-ClientSide-service] [           main] o.s.b.f.s.DefaultListableBeanFactory     : Autowiring by type from bean name 'simpleDiscoveryClient' via factory method to bean named 'simpleDiscoveryProperties'
2024-08-14T15:46:48.545+01:00 DEBUG 12624 --- [Auth-ClientSide-service] [           main] o.s.b.f.s.DefaultListableBeanFactory     : Creating shared instance of singleton bean 'discoveryClient'
2024-08-14T15:46:48.545+01:00 DEBUG 12624 --- [Auth-ClientSide-service] [           main] o.s.b.f.s.DefaultListableBeanFactory     : Creating shared instance of singleton bean 'org.springframework.cloud.netflix.eureka.EurekaDiscoveryClientConfiguration'
2024-08-14T15:46:48.548+01:00 DEBUG 12624 --- [Auth-ClientSide-service] [           main] o.s.b.f.s.DefaultListableBeanFactory     : Creating shared instance of singleton bean 'eurekaClientConfigBean'
2024-08-14T15:46:48.548+01:00 DEBUG 12624 --- [Auth-ClientSide-service] [           main] o.s.b.f.s.DefaultListableBeanFactory     : Autowiring by type from bean name 'eurekaClientConfigBean' via factory method to bean named 'environment'
2024-08-14T15:46:48.575+01:00 DEBUG 12624 --- [Auth-ClientSide-service] [           main] o.s.b.f.s.DefaultListableBeanFactory     : Autowiring by type from bean name 'discoveryClient' via factory method to bean named 'eurekaClient'
2024-08-14T15:46:48.575+01:00 DEBUG 12624 --- [Auth-ClientSide-service] [           main] o.s.b.f.s.DefaultListableBeanFactory     : Autowiring by type from bean name 'discoveryClient' via factory method to bean named 'eurekaClientConfigBean'
2024-08-14T15:46:48.576+01:00 DEBUG 12624 --- [Auth-ClientSide-service] [           main] o.s.b.f.s.DefaultListableBeanFactory     : Autowiring by type from bean name 'compositeDiscoveryClient' via factory method to bean named 'simpleDiscoveryClient'
2024-08-14T15:46:48.576+01:00 DEBUG 12624 --- [Auth-ClientSide-service] [           main] o.s.b.f.s.DefaultListableBeanFactory     : Autowiring by type from bean name 'compositeDiscoveryClient' via factory method to bean named 'discoveryClient'
2024-08-14T15:46:48.576+01:00 DEBUG 12624 --- [Auth-ClientSide-service] [           main] o.s.b.f.s.DefaultListableBeanFactory     : Creating shared instance of singleton bean 'org.springframework.cloud.client.serviceregistry.AutoServiceRegistrationAutoConfiguration'
2024-08-14T15:46:48.579+01:00 DEBUG 12624 --- [Auth-ClientSide-service] [           main] o.s.b.f.s.DefaultListableBeanFactory     : Creating shared instance of singleton bean 'org.springframework.cloud.netflix.eureka.EurekaDiscoveryClientConfiguration$EurekaClientConfigurationRefresher'
2024-08-14T15:46:48.580+01:00 DEBUG 12624 --- [Auth-ClientSide-service] [           main] o.s.b.f.s.DefaultListableBeanFactory     : Creating shared instance of singleton bean 'org.springframework.cloud.netflix.eureka.config.DiscoveryClientOptionalArgsConfiguration'
2024-08-14T15:46:48.581+01:00 DEBUG 12624 --- [Auth-ClientSide-service] [           main] o.s.b.f.s.DefaultListableBeanFactory     : Creating shared instance of singleton bean 'tlsProperties'
2024-08-14T15:46:48.583+01:00 DEBUG 12624 --- [Auth-ClientSide-service] [           main] o.s.b.f.s.DefaultListableBeanFactory     : Creating shared instance of singleton bean 'restTemplateDiscoveryClientOptionalArgs'
2024-08-14T15:46:48.584+01:00 DEBUG 12624 --- [Auth-ClientSide-service] [           main] o.s.b.f.s.DefaultListableBeanFactory     : Creating shared instance of singleton bean 'defaultEurekaClientHttpRequestFactorySupplier'
2024-08-14T15:46:48.584+01:00 DEBUG 12624 --- [Auth-ClientSide-service] [           main] o.s.b.f.s.DefaultListableBeanFactory     : Creating shared instance of singleton bean 'eureka.client.rest-template-timeout-org.springframework.cloud.netflix.eureka.RestTemplateTimeoutProperties'
2024-08-14T15:46:48.585+01:00 DEBUG 12624 --- [Auth-ClientSide-service] [           main] o.s.b.f.s.DefaultListableBeanFactory     : Autowiring by type from bean name 'defaultEurekaClientHttpRequestFactorySupplier' via factory method to bean named 'eureka.client.rest-template-timeout-org.springframework.cloud.netflix.eureka.RestTemplateTimeoutProperties'
2024-08-14T15:46:48.592+01:00 DEBUG 12624 --- [Auth-ClientSide-service] [           main] o.s.b.f.s.DefaultListableBeanFactory     : Autowiring by type from bean name 'restTemplateDiscoveryClientOptionalArgs' via factory method to bean named 'tlsProperties'
2024-08-14T15:46:48.592+01:00 DEBUG 12624 --- [Auth-ClientSide-service] [           main] o.s.b.f.s.DefaultListableBeanFactory     : Autowiring by type from bean name 'restTemplateDiscoveryClientOptionalArgs' via factory method to bean named 'defaultEurekaClientHttpRequestFactorySupplier'
2024-08-14T15:46:48.594+01:00  INFO 12624 --- [Auth-ClientSide-service] [           main] DiscoveryClientOptionalArgsConfiguration : Eureka HTTP Client uses RestTemplate.
2024-08-14T15:46:48.598+01:00 DEBUG 12624 --- [Auth-ClientSide-service] [           main] o.s.b.f.s.DefaultListableBeanFactory     : Creating shared instance of singleton bean 'restTemplateTransportClientFactories'
2024-08-14T15:46:48.599+01:00 DEBUG 12624 --- [Auth-ClientSide-service] [           main] o.s.b.f.s.DefaultListableBeanFactory     : Autowiring by type from bean name 'restTemplateTransportClientFactories' via factory method to bean named 'restTemplateDiscoveryClientOptionalArgs'
2024-08-14T15:46:48.600+01:00 DEBUG 12624 --- [Auth-ClientSide-service] [           main] o.s.b.f.s.DefaultListableBeanFactory     : Creating shared instance of singleton bean 'org.springframework.cloud.netflix.eureka.EurekaClientAutoConfiguration$RefreshableEurekaClientConfiguration'
2024-08-14T15:46:48.602+01:00 DEBUG 12624 --- [Auth-ClientSide-service] [           main] o.s.b.f.s.DefaultListableBeanFactory     : Creating shared instance of singleton bean 'eurekaFeature'
2024-08-14T15:46:48.604+01:00 DEBUG 12624 --- [Auth-ClientSide-service] [           main] o.s.b.f.s.DefaultListableBeanFactory     : Creating shared instance of singleton bean 'org.springframework.cloud.client.CommonsClientAutoConfiguration'
2024-08-14T15:46:48.604+01:00 DEBUG 12624 --- [Auth-ClientSide-service] [           main] o.s.b.f.s.DefaultListableBeanFactory     : Creating shared instance of singleton bean 'org.springframework.cloud.client.ReactiveCommonsClientAutoConfiguration'
2024-08-14T15:46:48.604+01:00 DEBUG 12624 --- [Auth-ClientSide-service] [           main] o.s.b.f.s.DefaultListableBeanFactory     : Creating shared instance of singleton bean 'zoneConfig'
2024-08-14T15:46:48.605+01:00 DEBUG 12624 --- [Auth-ClientSide-service] [           main] o.s.b.f.s.DefaultListableBeanFactory     : Autowiring by type from bean name 'zoneConfig' via factory method to bean named 'environment'
2024-08-14T15:46:48.605+01:00 DEBUG 12624 --- [Auth-ClientSide-service] [           main] o.s.b.f.s.DefaultListableBeanFactory     : Creating shared instance of singleton bean 'loadBalancerEagerContextInitializer'
2024-08-14T15:46:48.606+01:00 DEBUG 12624 --- [Auth-ClientSide-service] [           main] o.s.b.f.s.DefaultListableBeanFactory     : Creating shared instance of singleton bean 'spring.cloud.loadbalancer.eager-load-org.springframework.cloud.client.loadbalancer.LoadBalancerEagerLoadProperties'
2024-08-14T15:46:48.607+01:00 DEBUG 12624 --- [Auth-ClientSide-service] [           main] o.s.b.f.s.DefaultListableBeanFactory     : Autowiring by type from bean name 'loadBalancerEagerContextInitializer' via factory method to bean named 'loadBalancerClientFactory'
2024-08-14T15:46:48.607+01:00 DEBUG 12624 --- [Auth-ClientSide-service] [           main] o.s.b.f.s.DefaultListableBeanFactory     : Autowiring by type from bean name 'loadBalancerEagerContextInitializer' via factory method to bean named 'spring.cloud.loadbalancer.eager-load-org.springframework.cloud.client.loadbalancer.LoadBalancerEagerLoadProperties'
2024-08-14T15:46:48.608+01:00 DEBUG 12624 --- [Auth-ClientSide-service] [           main] o.s.b.f.s.DefaultListableBeanFactory     : Creating shared instance of singleton bean 'loadBalancerChildContextInitializer'
2024-08-14T15:46:48.608+01:00 DEBUG 12624 --- [Auth-ClientSide-service] [           main] o.s.b.f.s.DefaultListableBeanFactory     : Autowiring by type from bean name 'loadBalancerChildContextInitializer' via factory method to bean named 'loadBalancerClientFactory'
2024-08-14T15:46:48.608+01:00 DEBUG 12624 --- [Auth-ClientSide-service] [           main] o.s.b.f.s.DefaultListableBeanFactory     : Autowiring by type from bean name 'loadBalancerChildContextInitializer' via factory method to bean named 'org.springframework.web.context.support.GenericWebApplicationContext@57bd802b'
2024-08-14T15:46:48.609+01:00 DEBUG 12624 --- [Auth-ClientSide-service] [           main] o.s.b.f.s.DefaultListableBeanFactory     : Creating shared instance of singleton bean 'loadBalancerServiceInstanceCookieTransformer'
2024-08-14T15:46:48.609+01:00 DEBUG 12624 --- [Auth-ClientSide-service] [           main] o.s.b.f.s.DefaultListableBeanFactory     : Autowiring by type from bean name 'loadBalancerServiceInstanceCookieTransformer' via factory method to bean named 'loadBalancerClientFactory'
2024-08-14T15:46:48.611+01:00 DEBUG 12624 --- [Auth-ClientSide-service] [           main] o.s.b.f.s.DefaultListableBeanFactory     : Creating shared instance of singleton bean 'xForwarderHeadersTransformer'
2024-08-14T15:46:48.611+01:00 DEBUG 12624 --- [Auth-ClientSide-service] [           main] o.s.b.f.s.DefaultListableBeanFactory     : Autowiring by type from bean name 'xForwarderHeadersTransformer' via factory method to bean named 'loadBalancerClientFactory'
2024-08-14T15:46:48.612+01:00 DEBUG 12624 --- [Auth-ClientSide-service] [           main] o.s.b.f.s.DefaultListableBeanFactory     : Creating shared instance of singleton bean 'org.springframework.cloud.client.loadbalancer.LoadBalancerAutoConfiguration$LoadBalancerInterceptorConfig'
2024-08-14T15:46:48.612+01:00 DEBUG 12624 --- [Auth-ClientSide-service] [           main] o.s.b.f.s.DefaultListableBeanFactory     : Creating shared instance of singleton bean 'loadBalancerInterceptor'
2024-08-14T15:46:48.613+01:00 DEBUG 12624 --- [Auth-ClientSide-service] [           main] o.s.b.f.s.DefaultListableBeanFactory     : Creating shared instance of singleton bean 'loadBalancerRequestFactory'
2024-08-14T15:46:48.613+01:00 DEBUG 12624 --- [Auth-ClientSide-service] [           main] o.s.b.f.s.DefaultListableBeanFactory     : Creating shared instance of singleton bean 'org.springframework.cloud.client.loadbalancer.LoadBalancerAutoConfiguration'
2024-08-14T15:46:48.616+01:00 DEBUG 12624 --- [Auth-ClientSide-service] [           main] o.s.b.f.s.DefaultListableBeanFactory     : Autowiring by type from bean name 'loadBalancerRequestFactory' via factory method to bean named 'blockingLoadBalancerClient'
2024-08-14T15:46:48.617+01:00 DEBUG 12624 --- [Auth-ClientSide-service] [           main] o.s.b.f.s.DefaultListableBeanFactory     : Autowiring by type from bean name 'loadBalancerInterceptor' via factory method to bean named 'blockingLoadBalancerClient'
2024-08-14T15:46:48.617+01:00 DEBUG 12624 --- [Auth-ClientSide-service] [           main] o.s.b.f.s.DefaultListableBeanFactory     : Autowiring by type from bean name 'loadBalancerInterceptor' via factory method to bean named 'loadBalancerRequestFactory'
2024-08-14T15:46:48.617+01:00 DEBUG 12624 --- [Auth-ClientSide-service] [           main] o.s.b.f.s.DefaultListableBeanFactory     : Creating shared instance of singleton bean 'restTemplateCustomizer'
2024-08-14T15:46:48.618+01:00 DEBUG 12624 --- [Auth-ClientSide-service] [           main] o.s.b.f.s.DefaultListableBeanFactory     : Autowiring by type from bean name 'restTemplateCustomizer' via factory method to bean named 'loadBalancerInterceptor'
2024-08-14T15:46:48.619+01:00 DEBUG 12624 --- [Auth-ClientSide-service] [           main] o.s.b.f.s.DefaultListableBeanFactory     : Creating shared instance of singleton bean 'loadBalancedRestTemplateInitializerDeprecated'
2024-08-14T15:46:48.621+01:00 DEBUG 12624 --- [Auth-ClientSide-service] [           main] o.s.b.f.s.DefaultListableBeanFactory     : Creating shared instance of singleton bean 'org.springframework.cloud.client.serviceregistry.ServiceRegistryAutoConfiguration'
2024-08-14T15:46:48.621+01:00 DEBUG 12624 --- [Auth-ClientSide-service] [           main] o.s.b.f.s.DefaultListableBeanFactory     : Creating shared instance of singleton bean 'org.springframework.cloud.commons.security.ResourceServerTokenRelayAutoConfiguration'
2024-08-14T15:46:48.622+01:00 DEBUG 12624 --- [Auth-ClientSide-service] [           main] o.s.b.f.s.DefaultListableBeanFactory     : Creating shared instance of singleton bean 'org.springframework.cloud.configuration.CompatibilityVerifierAutoConfiguration'
2024-08-14T15:46:48.622+01:00 DEBUG 12624 --- [Auth-ClientSide-service] [           main] o.s.b.f.s.DefaultListableBeanFactory     : Creating shared instance of singleton bean 'compositeCompatibilityVerifier'
2024-08-14T15:46:48.623+01:00 DEBUG 12624 --- [Auth-ClientSide-service] [           main] o.s.b.f.s.DefaultListableBeanFactory     : Creating shared instance of singleton bean 'springBootVersionVerifier'
2024-08-14T15:46:48.624+01:00 DEBUG 12624 --- [Auth-ClientSide-service] [           main] o.s.b.f.s.DefaultListableBeanFactory     : Creating shared instance of singleton bean 'spring.cloud.compatibility-verifier-org.springframework.cloud.configuration.CompatibilityVerifierProperties'
2024-08-14T15:46:48.625+01:00 DEBUG 12624 --- [Auth-ClientSide-service] [           main] o.s.b.f.s.DefaultListableBeanFactory     : Autowiring by type from bean name 'springBootVersionVerifier' via factory method to bean named 'spring.cloud.compatibility-verifier-org.springframework.cloud.configuration.CompatibilityVerifierProperties'
2024-08-14T15:46:48.631+01:00 DEBUG 12624 --- [Auth-ClientSide-service] [           main] o.s.b.f.s.DefaultListableBeanFactory     : Creating shared instance of singleton bean 'sleuthPresentVerifier'
2024-08-14T15:46:48.632+01:00 DEBUG 12624 --- [Auth-ClientSide-service] [           main] o.s.b.f.s.DefaultListableBeanFactory     : Autowiring by type from bean name 'compositeCompatibilityVerifier' via factory method to bean named 'springBootVersionVerifier'
2024-08-14T15:46:48.632+01:00 DEBUG 12624 --- [Auth-ClientSide-service] [           main] o.s.b.f.s.DefaultListableBeanFactory     : Autowiring by type from bean name 'compositeCompatibilityVerifier' via factory method to bean named 'sleuthPresentVerifier'
2024-08-14T15:46:48.633+01:00 DEBUG 12624 --- [Auth-ClientSide-service] [           main] o.s.c.c.SpringBootVersionVerifier        : Version found in Boot manifest [3.3.2-SNAPSHOT]
2024-08-14T15:46:48.633+01:00 DEBUG 12624 --- [Auth-ClientSide-service] [           main] o.s.c.c.SpringBootVersionVerifier        : Version found in Boot manifest [3.3.2-SNAPSHOT]
2024-08-14T15:46:48.633+01:00 DEBUG 12624 --- [Auth-ClientSide-service] [           main] o.s.c.c.CompositeCompatibilityVerifier   : All conditions are passing
2024-08-14T15:46:48.634+01:00 DEBUG 12624 --- [Auth-ClientSide-service] [           main] o.s.b.f.s.DefaultListableBeanFactory     : Creating shared instance of singleton bean 'org.springframework.cloud.loadbalancer.config.LoadBalancerCacheAutoConfiguration$DefaultLoadBalancerCacheManagerConfiguration'
2024-08-14T15:46:48.634+01:00 DEBUG 12624 --- [Auth-ClientSide-service] [           main] o.s.b.f.s.DefaultListableBeanFactory     : Creating shared instance of singleton bean 'defaultLoadBalancerCacheManager'
2024-08-14T15:46:48.635+01:00 DEBUG 12624 --- [Auth-ClientSide-service] [           main] o.s.b.f.s.DefaultListableBeanFactory     : Creating shared instance of singleton bean 'spring.cloud.loadbalancer.cache-org.springframework.cloud.loadbalancer.cache.LoadBalancerCacheProperties'
2024-08-14T15:46:48.636+01:00 DEBUG 12624 --- [Auth-ClientSide-service] [           main] o.s.b.f.s.DefaultListableBeanFactory     : Autowiring by type from bean name 'defaultLoadBalancerCacheManager' via factory method to bean named 'spring.cloud.loadbalancer.cache-org.springframework.cloud.loadbalancer.cache.LoadBalancerCacheProperties'
2024-08-14T15:46:48.646+01:00 DEBUG 12624 --- [Auth-ClientSide-service] [           main] o.s.b.f.s.DefaultListableBeanFactory     : Creating shared instance of singleton bean 'org.springframework.cloud.loadbalancer.config.LoadBalancerCacheAutoConfiguration$LoadBalancerCacheManagerWarnConfiguration'
2024-08-14T15:46:48.647+01:00 DEBUG 12624 --- [Auth-ClientSide-service] [           main] o.s.b.f.s.DefaultListableBeanFactory     : Creating shared instance of singleton bean 'caffeineWarnLogger'
2024-08-14T15:46:48.647+01:00  WARN 12624 --- [Auth-ClientSide-service] [           main] iguration$LoadBalancerCaffeineWarnLogger : Spring Cloud LoadBalancer is currently working with the default cache. While this cache implementation is useful for development and tests, it's recommended to use Caffeine cache in production.You can switch to using Caffeine cache, by adding it and org.springframework.cache.caffeine.CaffeineCacheManager to the classpath.
2024-08-14T15:46:48.647+01:00 DEBUG 12624 --- [Auth-ClientSide-service] [           main] o.s.b.f.s.DefaultListableBeanFactory     : Creating shared instance of singleton bean 'org.springframework.cloud.loadbalancer.config.LoadBalancerCacheAutoConfiguration'
2024-08-14T15:46:48.647+01:00 DEBUG 12624 --- [Auth-ClientSide-service] [           main] o.s.b.f.s.DefaultListableBeanFactory     : Creating shared instance of singleton bean 'org.springframework.cloud.netflix.eureka.loadbalancer.LoadBalancerEurekaAutoConfiguration'
2024-08-14T15:46:48.648+01:00 DEBUG 12624 --- [Auth-ClientSide-service] [           main] o.s.b.f.s.DefaultListableBeanFactory     : Creating shared instance of singleton bean 'eurekaLoadBalancerProperties'
2024-08-14T15:46:48.649+01:00 DEBUG 12624 --- [Auth-ClientSide-service] [           main] o.s.b.f.s.DefaultListableBeanFactory     : Creating shared instance of singleton bean 'spring.cloud.openfeign.httpclient-org.springframework.cloud.openfeign.support.FeignHttpClientProperties'
2024-08-14T15:46:48.653+01:00 DEBUG 12624 --- [Auth-ClientSide-service] [           main] o.s.b.f.s.DefaultListableBeanFactory     : Creating shared instance of singleton bean 'feignFeature'
2024-08-14T15:46:48.654+01:00 DEBUG 12624 --- [Auth-ClientSide-service] [           main] o.s.b.f.s.DefaultListableBeanFactory     : Creating shared instance of singleton bean 'feignChildContextInitializer'
2024-08-14T15:46:48.655+01:00 DEBUG 12624 --- [Auth-ClientSide-service] [           main] o.s.b.f.s.DefaultListableBeanFactory     : Autowiring by type from bean name 'feignChildContextInitializer' via factory method to bean named 'org.springframework.web.context.support.GenericWebApplicationContext@57bd802b'
2024-08-14T15:46:48.655+01:00 DEBUG 12624 --- [Auth-ClientSide-service] [           main] o.s.b.f.s.DefaultListableBeanFactory     : Autowiring by type from bean name 'feignChildContextInitializer' via factory method to bean named 'feignContext'
2024-08-14T15:46:48.656+01:00 DEBUG 12624 --- [Auth-ClientSide-service] [           main] o.s.b.f.s.DefaultListableBeanFactory     : Creating shared instance of singleton bean 'feignClientBeanFactoryInitializationCodeGenerator'
2024-08-14T15:46:48.657+01:00 DEBUG 12624 --- [Auth-ClientSide-service] [           main] o.s.b.f.s.DefaultListableBeanFactory     : Autowiring by type from bean name 'feignClientBeanFactoryInitializationCodeGenerator' via factory method to bean named 'org.springframework.web.context.support.GenericWebApplicationContext@57bd802b'
2024-08-14T15:46:48.657+01:00 DEBUG 12624 --- [Auth-ClientSide-service] [           main] o.s.b.f.s.DefaultListableBeanFactory     : Autowiring by type from bean name 'feignClientBeanFactoryInitializationCodeGenerator' via factory method to bean named 'feignContext'
2024-08-14T15:46:48.694+01:00 DEBUG 12624 --- [Auth-ClientSide-service] [           main] o.s.c.support.DefaultLifecycleProcessor  : Starting beans in phase -2147483647
2024-08-14T15:46:48.694+01:00 DEBUG 12624 --- [Auth-ClientSide-service] [           main] o.s.c.support.DefaultLifecycleProcessor  : Successfully started bean 'springBootLoggingLifecycle'
2024-08-14T15:46:48.695+01:00 DEBUG 12624 --- [Auth-ClientSide-service] [           main] o.s.c.support.DefaultLifecycleProcessor  : Starting beans in phase 0
2024-08-14T15:46:48.698+01:00 DEBUG 12624 --- [Auth-ClientSide-service] [           main] o.s.b.f.s.DefaultListableBeanFactory     : Autowiring by type from bean name 'scopedTarget.eurekaRegistration' via factory method to bean named 'eurekaClient'
2024-08-14T15:46:48.698+01:00 DEBUG 12624 --- [Auth-ClientSide-service] [           main] o.s.b.f.s.DefaultListableBeanFactory     : Autowiring by type from bean name 'scopedTarget.eurekaRegistration' via factory method to bean named 'eurekaInstanceConfigBean'
2024-08-14T15:46:48.698+01:00 DEBUG 12624 --- [Auth-ClientSide-service] [           main] o.s.b.f.s.DefaultListableBeanFactory     : Autowiring by type from bean name 'scopedTarget.eurekaRegistration' via factory method to bean named 'eurekaApplicationInfoManager'
2024-08-14T15:46:48.708+01:00 DEBUG 12624 --- [Auth-ClientSide-service] [           main] o.s.b.f.s.DefaultListableBeanFactory     : Autowiring by type from bean name 'scopedTarget.eurekaApplicationInfoManager' via factory method to bean named 'eurekaInstanceConfigBean'
2024-08-14T15:46:48.724+01:00  INFO 12624 --- [Auth-ClientSide-service] [           main] o.s.c.n.eureka.InstanceInfoFactory       : Setting initial instance status as: STARTING
2024-08-14T15:46:48.728+01:00 DEBUG 12624 --- [Auth-ClientSide-service] [           main] o.s.b.f.s.DefaultListableBeanFactory     : Autowiring by type from bean name 'scopedTarget.eurekaClient' via factory method to bean named 'eurekaApplicationInfoManager'
2024-08-14T15:46:48.728+01:00 DEBUG 12624 --- [Auth-ClientSide-service] [           main] o.s.b.f.s.DefaultListableBeanFactory     : Autowiring by type from bean name 'scopedTarget.eurekaClient' via factory method to bean named 'eurekaClientConfigBean'
2024-08-14T15:46:48.728+01:00 DEBUG 12624 --- [Auth-ClientSide-service] [           main] o.s.b.f.s.DefaultListableBeanFactory     : Autowiring by type from bean name 'scopedTarget.eurekaClient' via factory method to bean named 'eurekaInstanceConfigBean'
2024-08-14T15:46:48.728+01:00 DEBUG 12624 --- [Auth-ClientSide-service] [           main] o.s.b.f.s.DefaultListableBeanFactory     : Autowiring by type from bean name 'scopedTarget.eurekaClient' via factory method to bean named 'restTemplateTransportClientFactories'
2024-08-14T15:46:48.962+01:00  INFO 12624 --- [Auth-ClientSide-service] [           main] com.netflix.discovery.DiscoveryClient    : Initializing Eureka in region us-east-1
2024-08-14T15:46:48.971+01:00  INFO 12624 --- [Auth-ClientSide-service] [           main] c.n.d.s.r.aws.ConfigClusterResolver      : Resolving eureka endpoints via configuration
2024-08-14T15:46:49.008+01:00  INFO 12624 --- [Auth-ClientSide-service] [           main] com.netflix.discovery.DiscoveryClient    : Disable delta property : false
2024-08-14T15:46:49.008+01:00  INFO 12624 --- [Auth-ClientSide-service] [           main] com.netflix.discovery.DiscoveryClient    : Single vip registry refresh property : null
2024-08-14T15:46:49.008+01:00  INFO 12624 --- [Auth-ClientSide-service] [           main] com.netflix.discovery.DiscoveryClient    : Force full registry fetch : false
2024-08-14T15:46:49.008+01:00  INFO 12624 --- [Auth-ClientSide-service] [           main] com.netflix.discovery.DiscoveryClient    : Application is null : false
2024-08-14T15:46:49.008+01:00  INFO 12624 --- [Auth-ClientSide-service] [           main] com.netflix.discovery.DiscoveryClient    : Registered Applications size is zero : true
2024-08-14T15:46:49.008+01:00  INFO 12624 --- [Auth-ClientSide-service] [           main] com.netflix.discovery.DiscoveryClient    : Application version is -1: true
2024-08-14T15:46:49.008+01:00  INFO 12624 --- [Auth-ClientSide-service] [           main] com.netflix.discovery.DiscoveryClient    : Getting all instance registry info from the eureka server
2024-08-14T15:46:49.182+01:00 DEBUG 12624 --- [Auth-ClientSide-service] [           main] o.s.b.f.s.DefaultListableBeanFactory     : Creating shared instance of singleton bean 'restTemplateBuilder'
2024-08-14T15:46:49.182+01:00 DEBUG 12624 --- [Auth-ClientSide-service] [           main] o.s.b.f.s.DefaultListableBeanFactory     : Creating shared instance of singleton bean 'restTemplateBuilderConfigurer'
2024-08-14T15:46:49.185+01:00 DEBUG 12624 --- [Auth-ClientSide-service] [           main] o.s.b.f.s.DefaultListableBeanFactory     : Autowiring by type from bean name 'restTemplateBuilder' via factory method to bean named 'restTemplateBuilderConfigurer'
2024-08-14T15:46:49.232+01:00 DEBUG 12624 --- [Auth-ClientSide-service] [           main] o.s.web.client.RestTemplate              : HTTP GET https://discovery-blzv.onrender.com/eureka/apps/
2024-08-14T15:46:49.358+01:00 DEBUG 12624 --- [Auth-ClientSide-service] [           main] o.s.web.client.RestTemplate              : Accept=[application/json, application/*+json]
2024-08-14T15:46:49.844+01:00 DEBUG 12624 --- [Auth-ClientSide-service] [           main] o.s.web.client.RestTemplate              : Response 200 OK
2024-08-14T15:46:49.847+01:00 DEBUG 12624 --- [Auth-ClientSide-service] [           main] o.s.web.client.RestTemplate              : Reading to [org.springframework.cloud.netflix.eureka.http.EurekaApplications]
2024-08-14T15:46:49.870+01:00  INFO 12624 --- [Auth-ClientSide-service] [           main] com.netflix.discovery.DiscoveryClient    : The response status is 200
2024-08-14T15:46:49.873+01:00  INFO 12624 --- [Auth-ClientSide-service] [           main] com.netflix.discovery.DiscoveryClient    : Starting heartbeat executor: renew interval is: 30
2024-08-14T15:46:49.877+01:00  INFO 12624 --- [Auth-ClientSide-service] [           main] c.n.discovery.InstanceInfoReplicator     : InstanceInfoReplicator onDemand update allowed rate per min is 4
2024-08-14T15:46:49.882+01:00  INFO 12624 --- [Auth-ClientSide-service] [           main] com.netflix.discovery.DiscoveryClient    : Discovery Client initialized at timestamp 1723646809880 with initial instances count: 0
2024-08-14T15:46:49.886+01:00  INFO 12624 --- [Auth-ClientSide-service] [           main] o.s.c.n.e.s.EurekaServiceRegistry        : Registering application AUTH-CLIENTSIDE-SERVICE with eureka with status UP
2024-08-14T15:46:49.886+01:00  INFO 12624 --- [Auth-ClientSide-service] [           main] com.netflix.discovery.DiscoveryClient    : Saw local status change event StatusChangeEvent [timestamp=1723646809886, current=UP, previous=STARTING]
2024-08-14T15:46:49.889+01:00 DEBUG 12624 --- [Auth-ClientSide-service] [           main] o.s.c.support.DefaultLifecycleProcessor  : Successfully started bean 'eurekaAutoServiceRegistration'
2024-08-14T15:46:49.890+01:00 DEBUG 12624 --- [Auth-ClientSide-service] [           main] o.s.c.support.DefaultLifecycleProcessor  : Starting beans in phase 2147483647
2024-08-14T15:46:49.890+01:00 DEBUG 12624 --- [Auth-ClientSide-service] [           main] o.s.m.s.ExecutorSubscribableChannel      : clientOutboundChannel added SubProtocolWebSocketHandler[StompSubProtocolHandler[v10.stomp, v11.stomp, v12.stomp]]
2024-08-14T15:46:49.890+01:00 DEBUG 12624 --- [Auth-ClientSide-service] [           main] o.s.c.support.DefaultLifecycleProcessor  : Successfully started bean 'subProtocolWebSocketHandler'
2024-08-14T15:46:49.890+01:00  INFO 12624 --- [Auth-ClientSide-service] [nfoReplicator-0] com.netflix.discovery.DiscoveryClient    : DiscoveryClient_AUTH-CLIENTSIDE-SERVICE/DESKTOP-NMBILJD:Auth-ClientSide-service:9000: registering service...
2024-08-14T15:46:49.890+01:00 DEBUG 12624 --- [Auth-ClientSide-service] [           main] o.s.c.support.DefaultLifecycleProcessor  : Successfully started bean 'stompWebSocketHandlerMapping'
2024-08-14T15:46:49.890+01:00 DEBUG 12624 --- [Auth-ClientSide-service] [           main] o.s.m.s.ExecutorSubscribableChannel      : clientInboundChannel added WebSocketAnnotationMethodMessageHandler[prefixes=[/app/]]
2024-08-14T15:46:49.890+01:00 DEBUG 12624 --- [Auth-ClientSide-service] [           main] o.s.c.support.DefaultLifecycleProcessor  : Successfully started bean 'simpAnnotationMethodMessageHandler'
2024-08-14T15:46:49.891+01:00  INFO 12624 --- [Auth-ClientSide-service] [           main] o.s.m.s.b.SimpleBrokerMessageHandler     : Starting...
2024-08-14T15:46:49.891+01:00 DEBUG 12624 --- [Auth-ClientSide-service] [           main] o.s.m.s.ExecutorSubscribableChannel      : clientInboundChannel added SimpleBrokerMessageHandler [org.springframework.messaging.simp.broker.DefaultSubscriptionRegistry@153d5d5b]
2024-08-14T15:46:49.891+01:00 DEBUG 12624 --- [Auth-ClientSide-service] [           main] o.s.m.s.ExecutorSubscribableChannel      : brokerChannel added SimpleBrokerMessageHandler [org.springframework.messaging.simp.broker.DefaultSubscriptionRegistry@153d5d5b]
2024-08-14T15:46:49.892+01:00  INFO 12624 --- [Auth-ClientSide-service] [           main] o.s.m.s.b.SimpleBrokerMessageHandler     : BrokerAvailabilityEvent[available=true, SimpleBrokerMessageHandler [org.springframework.messaging.simp.broker.DefaultSubscriptionRegistry@153d5d5b]]
2024-08-14T15:46:49.892+01:00  INFO 12624 --- [Auth-ClientSide-service] [           main] o.s.m.s.b.SimpleBrokerMessageHandler     : Started.
2024-08-14T15:46:49.892+01:00 DEBUG 12624 --- [Auth-ClientSide-service] [           main] o.s.c.support.DefaultLifecycleProcessor  : Successfully started bean 'simpleBrokerMessageHandler'
2024-08-14T15:46:49.892+01:00 DEBUG 12624 --- [Auth-ClientSide-service] [           main] o.s.m.s.ExecutorSubscribableChannel      : clientInboundChannel added UserDestinationMessageHandler[DefaultUserDestinationResolver[prefix=/user/]]
2024-08-14T15:46:49.892+01:00 DEBUG 12624 --- [Auth-ClientSide-service] [           main] o.s.m.s.ExecutorSubscribableChannel      : brokerChannel added UserDestinationMessageHandler[DefaultUserDestinationResolver[prefix=/user/]]
2024-08-14T15:46:49.892+01:00 DEBUG 12624 --- [Auth-ClientSide-service] [           main] o.s.c.support.DefaultLifecycleProcessor  : Successfully started bean 'userDestinationMessageHandler'
2024-08-14T15:46:49.898+01:00 DEBUG 12624 --- [Auth-ClientSide-service] [nfoReplicator-0] o.s.web.client.RestTemplate              : HTTP POST https://discovery-blzv.onrender.com/eureka/apps/AUTH-CLIENTSIDE-SERVICE
2024-08-14T15:46:49.901+01:00 DEBUG 12624 --- [Auth-ClientSide-service] [nfoReplicator-0] o.s.web.client.RestTemplate              : Accept=[application/json, application/*+json]
2024-08-14T15:46:49.915+01:00 DEBUG 12624 --- [Auth-ClientSide-service] [           main] .s.b.a.l.ConditionEvaluationReportLogger : 


============================
CONDITIONS EVALUATION REPORT
============================


Positive matches:
-----------------

   AopAutoConfiguration matched:
      - @ConditionalOnProperty (spring.aop.auto=true) matched (OnPropertyCondition)

   AopAutoConfiguration.AspectJAutoProxyingConfiguration matched:
      - @ConditionalOnClass found required class 'org.aspectj.weaver.Advice' (OnClassCondition)

   AopAutoConfiguration.AspectJAutoProxyingConfiguration.CglibAutoProxyConfiguration matched:
      - @ConditionalOnProperty (spring.aop.proxy-target-class=true) matched (OnPropertyCondition)

   ApplicationAvailabilityAutoConfiguration#applicationAvailability matched:
      - @ConditionalOnMissingBean (types: org.springframework.boot.availability.ApplicationAvailability; SearchStrategy: all) did not find any beans (OnBeanCondition)

   AutoServiceRegistrationAutoConfiguration matched:
      - @ConditionalOnProperty (spring.cloud.service-registry.auto-registration.enabled) matched (OnPropertyCondition)

   AutoServiceRegistrationConfiguration matched:
      - @ConditionalOnProperty (spring.cloud.service-registry.auto-registration.enabled) matched (OnPropertyCondition)

   BlockingLoadBalancerClientAutoConfiguration matched:
      - @ConditionalOnProperty (spring.cloud.loadbalancer.enabled=true) matched (OnPropertyCondition)
      - AnyNestedCondition 2 matched 0 did not; NestedCondition on BlockingRestClassesPresentCondition.RestClientPresent @ConditionalOnClass found required class 'org.springframework.web.client.RestClient'; NestedCondition on BlockingRestClassesPresentCondition.RestTemplatePresent @ConditionalOnClass found required class 'org.springframework.web.client.RestTemplate' (BlockingRestClassesPresentCondition)

   BlockingLoadBalancerClientAutoConfiguration#blockingLoadBalancerClient matched:
      - @ConditionalOnBean (types: org.springframework.cloud.loadbalancer.support.LoadBalancerClientFactory; SearchStrategy: all) found bean 'loadBalancerClientFactory'; @ConditionalOnMissingBean (types: org.springframework.cloud.client.loadbalancer.LoadBalancerClient; SearchStrategy: all) did not find any beans (OnBeanCondition)

   BlockingLoadBalancerClientAutoConfiguration#loadBalancerServiceInstanceCookieTransformer matched:
      - @ConditionalOnBean (types: org.springframework.cloud.loadbalancer.support.LoadBalancerClientFactory; SearchStrategy: all) found bean 'loadBalancerClientFactory'; @ConditionalOnMissingBean (types: org.springframework.cloud.loadbalancer.core.LoadBalancerServiceInstanceCookieTransformer; SearchStrategy: all) did not find any beans (OnBeanCondition)

   BlockingLoadBalancerClientAutoConfiguration#xForwarderHeadersTransformer matched:
      - @ConditionalOnBean (types: org.springframework.cloud.loadbalancer.support.LoadBalancerClientFactory; SearchStrategy: all) found bean 'loadBalancerClientFactory'; @ConditionalOnMissingBean (types: org.springframework.cloud.loadbalancer.blocking.XForwardedHeadersTransformer; SearchStrategy: all) did not find any beans (OnBeanCondition)

   CompatibilityVerifierAutoConfiguration matched:
      - @ConditionalOnProperty (spring.cloud.compatibility-verifier.enabled) matched (OnPropertyCondition)

   ConfigurationPropertiesRebinderAutoConfiguration matched:
      - @ConditionalOnBean (types: org.springframework.boot.context.properties.ConfigurationPropertiesBindingPostProcessor; SearchStrategy: all) found bean 'org.springframework.boot.context.properties.ConfigurationPropertiesBindingPostProcessor' (OnBeanCondition)

   ConfigurationPropertiesRebinderAutoConfiguration#configurationPropertiesBeans matched:
      - @ConditionalOnMissingBean (types: org.springframework.cloud.context.properties.ConfigurationPropertiesBeans; SearchStrategy: current) did not find any beans (OnBeanCondition)

   ConfigurationPropertiesRebinderAutoConfiguration#configurationPropertiesRebinder matched:
      - @ConditionalOnMissingBean (types: org.springframework.cloud.context.properties.ConfigurationPropertiesRebinder; SearchStrategy: current) did not find any beans (OnBeanCondition)

   DataSourceAutoConfiguration matched:
      - @ConditionalOnClass found required classes 'javax.sql.DataSource', 'org.springframework.jdbc.datasource.embedded.EmbeddedDatabaseType' (OnClassCondition)
      - @ConditionalOnMissingBean (types: io.r2dbc.spi.ConnectionFactory; SearchStrategy: all) did not find any beans (OnBeanCondition)

   DataSourceAutoConfiguration.PooledDataSourceConfiguration matched:
      - AnyNestedCondition 1 matched 1 did not; NestedCondition on DataSourceAutoConfiguration.PooledDataSourceCondition.PooledDataSourceAvailable PooledDataSource found supported DataSource; NestedCondition on DataSourceAutoConfiguration.PooledDataSourceCondition.ExplicitType @ConditionalOnProperty (spring.datasource.type) did not find property 'type' (DataSourceAutoConfiguration.PooledDataSourceCondition)
      - @ConditionalOnMissingBean (types: javax.sql.DataSource,javax.sql.XADataSource; SearchStrategy: all) did not find any beans (OnBeanCondition)

   DataSourceAutoConfiguration.PooledDataSourceConfiguration#jdbcConnectionDetails matched:
      - @ConditionalOnMissingBean (types: org.springframework.boot.autoconfigure.jdbc.JdbcConnectionDetails; SearchStrategy: all) did not find any beans (OnBeanCondition)

   DataSourceConfiguration.Hikari matched:
      - @ConditionalOnClass found required class 'com.zaxxer.hikari.HikariDataSource' (OnClassCondition)
      - @ConditionalOnProperty (spring.datasource.type=com.zaxxer.hikari.HikariDataSource) matched (OnPropertyCondition)
      - @ConditionalOnMissingBean (types: javax.sql.DataSource; SearchStrategy: all) did not find any beans (OnBeanCondition)

   DataSourceInitializationConfiguration matched:
      - @ConditionalOnClass found required class 'org.springframework.jdbc.datasource.init.DatabasePopulator' (OnClassCondition)
      - @ConditionalOnSingleCandidate (types: javax.sql.DataSource; SearchStrategy: all) found a single bean 'dataSource'; @ConditionalOnMissingBean (types: org.springframework.boot.autoconfigure.sql.init.SqlDataSourceScriptDatabaseInitializer,org.springframework.boot.autoconfigure.sql.init.SqlR2dbcScriptDatabaseInitializer; SearchStrategy: all) did not find any beans (OnBeanCondition)

   DataSourcePoolMetadataProvidersConfiguration.HikariPoolDataSourceMetadataProviderConfiguration matched:
      - @ConditionalOnClass found required class 'com.zaxxer.hikari.HikariDataSource' (OnClassCondition)

   DataSourceTransactionManagerAutoConfiguration matched:
      - @ConditionalOnClass found required classes 'javax.sql.DataSource', 'org.springframework.jdbc.core.JdbcTemplate', 'org.springframework.transaction.TransactionManager' (OnClassCondition)

   DataSourceTransactionManagerAutoConfiguration.JdbcTransactionManagerConfiguration matched:
      - @ConditionalOnSingleCandidate (types: javax.sql.DataSource; SearchStrategy: all) found a single bean 'dataSource' (OnBeanCondition)

   DefaultFeignLoadBalancerConfiguration#feignClient matched:
      - AnyNestedCondition 2 matched 1 did not; NestedCondition on OnRetryNotEnabledCondition.OnLoadBalancerRetryEnabledCondition @ConditionalOnProperty (spring.cloud.loadbalancer.retry.enabled=false) did not find property 'spring.cloud.loadbalancer.retry.enabled'; NestedCondition on OnRetryNotEnabledCondition.OnRetryFactoryCondition @ConditionalOnMissingBean (types: org.springframework.cloud.client.loadbalancer.LoadBalancedRetryFactory; SearchStrategy: all) did not find any beans; NestedCondition on OnRetryNotEnabledCondition.OnNoRetryTemplateCondition @ConditionalOnMissingClass did not find unwanted class 'org.springframework.retry.support.RetryTemplate' (OnRetryNotEnabledCondition)
      - @ConditionalOnMissingBean (types: feign.Client; SearchStrategy: all) did not find any beans (OnBeanCondition)

   DiscoveryClientOptionalArgsConfiguration#defaultEurekaClientHttpRequestFactorySupplier matched:
      - @ConditionalOnClass found required class 'org.springframework.web.client.RestTemplate' (OnClassCondition)
      - @ConditionalOnMissingBean (types: org.springframework.cloud.netflix.eureka.http.EurekaClientHttpRequestFactorySupplier; SearchStrategy: all) did not find any beans (OnBeanCondition)

   DiscoveryClientOptionalArgsConfiguration#restTemplateDiscoveryClientOptionalArgs matched:
      - @ConditionalOnClass found required class 'org.springframework.web.client.RestTemplate'; @ConditionalOnMissingClass did not find unwanted class 'org.glassfish.jersey.client.JerseyClient' (OnClassCondition)
      - @ConditionalOnProperty (eureka.client.webclient.enabled=false) matched (OnPropertyCondition)
      - @ConditionalOnMissingBean (types: com.netflix.discovery.AbstractDiscoveryClientOptionalArgs; SearchStrategy: current) did not find any beans (OnBeanCondition)

   DiscoveryClientOptionalArgsConfiguration#restTemplateTransportClientFactories matched:
      - @ConditionalOnClass found required class 'org.springframework.web.client.RestTemplate'; @ConditionalOnMissingClass did not find unwanted class 'org.glassfish.jersey.client.JerseyClient' (OnClassCondition)
      - @ConditionalOnProperty (eureka.client.webclient.enabled=false) matched (OnPropertyCondition)
      - @ConditionalOnMissingBean (types: com.netflix.discovery.shared.transport.jersey.TransportClientFactories; SearchStrategy: current) did not find any beans (OnBeanCondition)

   DispatcherServletAutoConfiguration matched:
      - @ConditionalOnClass found required class 'org.springframework.web.servlet.DispatcherServlet' (OnClassCondition)
      - found 'session' scope (OnWebApplicationCondition)

   DispatcherServletAutoConfiguration.DispatcherServletConfiguration matched:
      - @ConditionalOnClass found required class 'jakarta.servlet.ServletRegistration' (OnClassCondition)
      - Default DispatcherServlet did not find dispatcher servlet beans (DispatcherServletAutoConfiguration.DefaultDispatcherServletCondition)

   DispatcherServletAutoConfiguration.DispatcherServletRegistrationConfiguration matched:
      - @ConditionalOnClass found required class 'jakarta.servlet.ServletRegistration' (OnClassCondition)
      - DispatcherServlet Registration did not find servlet registration bean (DispatcherServletAutoConfiguration.DispatcherServletRegistrationCondition)

   DispatcherServletAutoConfiguration.DispatcherServletRegistrationConfiguration#dispatcherServletRegistration matched:
      - @ConditionalOnBean (names: dispatcherServlet types: org.springframework.web.servlet.DispatcherServlet; SearchStrategy: all) found bean 'dispatcherServlet' (OnBeanCondition)

   ErrorMvcAutoConfiguration matched:
      - @ConditionalOnClass found required classes 'jakarta.servlet.Servlet', 'org.springframework.web.servlet.DispatcherServlet' (OnClassCondition)
      - found 'session' scope (OnWebApplicationCondition)

   ErrorMvcAutoConfiguration#basicErrorController matched:
      - @ConditionalOnMissingBean (types: org.springframework.boot.web.servlet.error.ErrorController; SearchStrategy: current) did not find any beans (OnBeanCondition)

   ErrorMvcAutoConfiguration#errorAttributes matched:
      - @ConditionalOnMissingBean (types: org.springframework.boot.web.servlet.error.ErrorAttributes; SearchStrategy: current) did not find any beans (OnBeanCondition)

   ErrorMvcAutoConfiguration.DefaultErrorViewResolverConfiguration#conventionErrorViewResolver matched:
      - @ConditionalOnBean (types: org.springframework.web.servlet.DispatcherServlet; SearchStrategy: all) found bean 'dispatcherServlet'; @ConditionalOnMissingBean (types: org.springframework.boot.autoconfigure.web.servlet.error.ErrorViewResolver; SearchStrategy: all) did not find any beans (OnBeanCondition)

   ErrorMvcAutoConfiguration.WhitelabelErrorViewConfiguration matched:
      - @ConditionalOnProperty (server.error.whitelabel.enabled) matched (OnPropertyCondition)
      - ErrorTemplate Missing did not find error template view (ErrorMvcAutoConfiguration.ErrorTemplateMissingCondition)

   ErrorMvcAutoConfiguration.WhitelabelErrorViewConfiguration#beanNameViewResolver matched:
      - @ConditionalOnMissingBean (types: org.springframework.web.servlet.view.BeanNameViewResolver; SearchStrategy: all) did not find any beans (OnBeanCondition)

   ErrorMvcAutoConfiguration.WhitelabelErrorViewConfiguration#defaultErrorView matched:
      - @ConditionalOnMissingBean (names: error; SearchStrategy: all) did not find any beans (OnBeanCondition)

   EurekaClientAutoConfiguration matched:
      - @ConditionalOnClass found required class 'com.netflix.discovery.EurekaClientConfig' (OnClassCondition)
      - @ConditionalOnProperty (eureka.client.enabled) matched; @ConditionalOnProperty (spring.cloud.discovery.enabled) matched (OnPropertyCondition)

   EurekaClientAutoConfiguration#eurekaAutoServiceRegistration matched:
      - @ConditionalOnProperty (spring.cloud.service-registry.auto-registration.enabled) matched (OnPropertyCondition)
      - @ConditionalOnBean (types: org.springframework.cloud.client.serviceregistry.AutoServiceRegistrationProperties; SearchStrategy: all) found bean 'spring.cloud.service-registry.auto-registration-org.springframework.cloud.client.serviceregistry.AutoServiceRegistrationProperties' (OnBeanCondition)

   EurekaClientAutoConfiguration#eurekaClientConfigBean matched:
      - @ConditionalOnMissingBean (types: com.netflix.discovery.EurekaClientConfig; SearchStrategy: current) did not find any beans (OnBeanCondition)

   EurekaClientAutoConfiguration#eurekaInstanceConfigBean matched:
      - @ConditionalOnMissingBean (types: com.netflix.appinfo.EurekaInstanceConfig; SearchStrategy: current) did not find any beans (OnBeanCondition)

   EurekaClientAutoConfiguration#serviceManagementMetadataProvider matched:
      - @ConditionalOnMissingBean (types: org.springframework.cloud.netflix.eureka.metadata.ManagementMetadataProvider; SearchStrategy: all) did not find any beans (OnBeanCondition)

   EurekaClientAutoConfiguration.RefreshableEurekaClientConfiguration matched:
      - @ConditionalOnClass found required class 'org.springframework.cloud.context.scope.refresh.RefreshScope' (OnClassCondition)
      - @ConditionalOnProperty (eureka.client.refresh.enable=true) matched (OnPropertyCondition)
      - @ConditionalOnBean (types: org.springframework.cloud.autoconfigure.RefreshAutoConfiguration; SearchStrategy: all) found bean 'org.springframework.cloud.autoconfigure.RefreshAutoConfiguration' (OnBeanCondition)

   EurekaClientAutoConfiguration.RefreshableEurekaClientConfiguration#eurekaApplicationInfoManager matched:
      - @ConditionalOnMissingBean (types: com.netflix.appinfo.ApplicationInfoManager; SearchStrategy: current) did not find any beans (OnBeanCondition)

   EurekaClientAutoConfiguration.RefreshableEurekaClientConfiguration#eurekaClient matched:
      - @ConditionalOnMissingBean (types: com.netflix.discovery.EurekaClient; SearchStrategy: current) did not find any beans (OnBeanCondition)

   EurekaClientAutoConfiguration.RefreshableEurekaClientConfiguration#eurekaRegistration matched:
      - @ConditionalOnProperty (spring.cloud.service-registry.auto-registration.enabled) matched (OnPropertyCondition)
      - @ConditionalOnBean (types: org.springframework.cloud.client.serviceregistry.AutoServiceRegistrationProperties; SearchStrategy: all) found bean 'spring.cloud.service-registry.auto-registration-org.springframework.cloud.client.serviceregistry.AutoServiceRegistrationProperties' (OnBeanCondition)

   EurekaDiscoveryClientConfiguration matched:
      - @ConditionalOnClass found required class 'com.netflix.discovery.EurekaClientConfig' (OnClassCondition)
      - @ConditionalOnProperty (eureka.client.enabled) matched; @ConditionalOnProperty (spring.cloud.discovery.enabled) matched; @ConditionalOnProperty (spring.cloud.discovery.blocking.enabled) matched (OnPropertyCondition)

   EurekaDiscoveryClientConfiguration#discoveryClient matched:
      - @ConditionalOnMissingBean (types: org.springframework.cloud.netflix.eureka.EurekaDiscoveryClient; SearchStrategy: all) did not find any beans (OnBeanCondition)

   EurekaDiscoveryClientConfiguration.EurekaClientConfigurationRefresher matched:
      - @ConditionalOnClass found required class 'org.springframework.cloud.context.scope.refresh.RefreshScopeRefreshedEvent' (OnClassCondition)

   FeignAutoConfiguration matched:
      - @ConditionalOnClass found required class 'feign.Feign' (OnClassCondition)

   FeignAutoConfiguration.DefaultFeignTargeterConfiguration matched:
      - AnyNestedCondition 1 matched 1 did not; NestedCondition on FeignCircuitBreakerDisabledConditions.CircuitBreakerDisabled @ConditionalOnProperty (spring.cloud.openfeign.circuitbreaker.enabled=false) matched; NestedCondition on FeignCircuitBreakerDisabledConditions.CircuitBreakerClassMissing @ConditionalOnMissingClass found unwanted class 'org.springframework.cloud.client.circuitbreaker.CircuitBreaker' (FeignCircuitBreakerDisabledConditions)

   FeignAutoConfiguration.DefaultFeignTargeterConfiguration#feignTargeter matched:
      - @ConditionalOnMissingBean (types: org.springframework.cloud.openfeign.Targeter; SearchStrategy: all) did not find any beans (OnBeanCondition)

   FeignAutoConfiguration.FeignJacksonConfiguration matched:
      - @ConditionalOnClass found required classes 'com.fasterxml.jackson.databind.Module', 'org.springframework.data.domain.Page', 'org.springframework.data.domain.Sort' (OnClassCondition)
      - @ConditionalOnProperty (spring.cloud.openfeign.autoconfiguration.jackson.enabled=true) matched (OnPropertyCondition)

   FeignAutoConfiguration.FeignJacksonConfiguration#pageJacksonModule matched:
      - @ConditionalOnMissingBean (types: org.springframework.cloud.openfeign.support.PageJacksonModule; SearchStrategy: all) did not find any beans (OnBeanCondition)

   FeignAutoConfiguration.FeignJacksonConfiguration#sortModule matched:
      - @ConditionalOnMissingBean (types: org.springframework.cloud.openfeign.support.SortJacksonModule; SearchStrategy: all) did not find any beans (OnBeanCondition)

   FeignLoadBalancerAutoConfiguration matched:
      - @ConditionalOnClass found required class 'feign.Feign' (OnClassCondition)
      - @ConditionalOnBean (types: org.springframework.cloud.client.loadbalancer.LoadBalancerClient,org.springframework.cloud.loadbalancer.support.LoadBalancerClientFactory; SearchStrategy: all) found beans 'blockingLoadBalancerClient', 'loadBalancerClientFactory' (OnBeanCondition)

   FeignLoadBalancerAutoConfiguration#xForwarderHeadersFeignTransformer matched:
      - @ConditionalOnBean (types: org.springframework.cloud.loadbalancer.support.LoadBalancerClientFactory; SearchStrategy: all) found bean 'loadBalancerClientFactory'; @ConditionalOnMissingBean (types: org.springframework.cloud.openfeign.loadbalancer.XForwardedHeadersTransformer; SearchStrategy: all) did not find any beans (OnBeanCondition)

   GenericCacheConfiguration matched:
      - Cache org.springframework.boot.autoconfigure.cache.GenericCacheConfiguration automatic cache type (CacheCondition)

   GsonAutoConfiguration matched:
      - @ConditionalOnClass found required class 'com.google.gson.Gson' (OnClassCondition)

   GsonAutoConfiguration#gson matched:
      - @ConditionalOnMissingBean (types: com.google.gson.Gson; SearchStrategy: all) did not find any beans (OnBeanCondition)

   GsonAutoConfiguration#gsonBuilder matched:
      - @ConditionalOnMissingBean (types: com.google.gson.GsonBuilder; SearchStrategy: all) did not find any beans (OnBeanCondition)

   GsonHttpMessageConvertersConfiguration matched:
      - @ConditionalOnClass found required class 'com.google.gson.Gson' (OnClassCondition)

   HibernateJpaAutoConfiguration matched:
      - @ConditionalOnClass found required classes 'org.springframework.orm.jpa.LocalContainerEntityManagerFactoryBean', 'jakarta.persistence.EntityManager', 'org.hibernate.engine.spi.SessionImplementor' (OnClassCondition)

   HibernateJpaConfiguration matched:
      - @ConditionalOnSingleCandidate (types: javax.sql.DataSource; SearchStrategy: all) found a single bean 'dataSource' (OnBeanCondition)

   HttpEncodingAutoConfiguration matched:
      - @ConditionalOnClass found required class 'org.springframework.web.filter.CharacterEncodingFilter' (OnClassCondition)
      - found 'session' scope (OnWebApplicationCondition)
      - @ConditionalOnProperty (server.servlet.encoding.enabled) matched (OnPropertyCondition)

   HttpEncodingAutoConfiguration#characterEncodingFilter matched:
      - @ConditionalOnMissingBean (types: org.springframework.web.filter.CharacterEncodingFilter; SearchStrategy: all) did not find any beans (OnBeanCondition)

   HttpMessageConvertersAutoConfiguration matched:
      - @ConditionalOnClass found required class 'org.springframework.http.converter.HttpMessageConverter' (OnClassCondition)
      - NoneNestedConditions 0 matched 1 did not; NestedCondition on HttpMessageConvertersAutoConfiguration.NotReactiveWebApplicationCondition.ReactiveWebApplication did not find reactive web application classes (HttpMessageConvertersAutoConfiguration.NotReactiveWebApplicationCondition)

   HttpMessageConvertersAutoConfiguration#messageConverters matched:
      - @ConditionalOnMissingBean (types: org.springframework.boot.autoconfigure.http.HttpMessageConverters; SearchStrategy: all) did not find any beans (OnBeanCondition)

   HttpMessageConvertersAutoConfiguration.StringHttpMessageConverterConfiguration matched:
      - @ConditionalOnClass found required class 'org.springframework.http.converter.StringHttpMessageConverter' (OnClassCondition)

   HttpMessageConvertersAutoConfiguration.StringHttpMessageConverterConfiguration#stringHttpMessageConverter matched:
      - @ConditionalOnMissingBean (types: org.springframework.http.converter.StringHttpMessageConverter; SearchStrategy: all) did not find any beans (OnBeanCondition)

   JacksonAutoConfiguration matched:
      - @ConditionalOnClass found required class 'com.fasterxml.jackson.databind.ObjectMapper' (OnClassCondition)

   JacksonAutoConfiguration.Jackson2ObjectMapperBuilderCustomizerConfiguration matched:
      - @ConditionalOnClass found required class 'org.springframework.http.converter.json.Jackson2ObjectMapperBuilder' (OnClassCondition)

   JacksonAutoConfiguration.JacksonObjectMapperBuilderConfiguration matched:
      - @ConditionalOnClass found required class 'org.springframework.http.converter.json.Jackson2ObjectMapperBuilder' (OnClassCondition)

   JacksonAutoConfiguration.JacksonObjectMapperBuilderConfiguration#jacksonObjectMapperBuilder matched:
      - @ConditionalOnMissingBean (types: org.springframework.http.converter.json.Jackson2ObjectMapperBuilder; SearchStrategy: all) did not find any beans (OnBeanCondition)

   JacksonAutoConfiguration.JacksonObjectMapperConfiguration matched:
      - @ConditionalOnClass found required class 'org.springframework.http.converter.json.Jackson2ObjectMapperBuilder' (OnClassCondition)

   JacksonAutoConfiguration.ParameterNamesModuleConfiguration matched:
      - @ConditionalOnClass found required class 'com.fasterxml.jackson.module.paramnames.ParameterNamesModule' (OnClassCondition)

   JacksonAutoConfiguration.ParameterNamesModuleConfiguration#parameterNamesModule matched:
      - @ConditionalOnMissingBean (types: com.fasterxml.jackson.module.paramnames.ParameterNamesModule; SearchStrategy: all) did not find any beans (OnBeanCondition)

   JacksonHttpMessageConvertersConfiguration.MappingJackson2HttpMessageConverterConfiguration matched:
      - @ConditionalOnClass found required class 'com.fasterxml.jackson.databind.ObjectMapper' (OnClassCondition)
      - @ConditionalOnProperty (spring.mvc.converters.preferred-json-mapper=jackson) matched (OnPropertyCondition)
      - @ConditionalOnBean (types: com.fasterxml.jackson.databind.ObjectMapper; SearchStrategy: all) found bean 'getObjectMapper' (OnBeanCondition)

   JacksonHttpMessageConvertersConfiguration.MappingJackson2HttpMessageConverterConfiguration#mappingJackson2HttpMessageConverter matched:
      - @ConditionalOnMissingBean (types: org.springframework.http.converter.json.MappingJackson2HttpMessageConverter ignored: org.springframework.hateoas.server.mvc.TypeConstrainedMappingJackson2HttpMessageConverter,org.springframework.data.rest.webmvc.alps.AlpsJsonHttpMessageConverter; SearchStrategy: all) did not find any beans (OnBeanCondition)

   JdbcClientAutoConfiguration matched:
      - @ConditionalOnSingleCandidate (types: org.springframework.jdbc.core.namedparam.NamedParameterJdbcTemplate; SearchStrategy: all) found a single bean 'namedParameterJdbcTemplate'; @ConditionalOnMissingBean (types: org.springframework.jdbc.core.simple.JdbcClient; SearchStrategy: all) did not find any beans (OnBeanCondition)

   JdbcTemplateAutoConfiguration matched:
      - @ConditionalOnClass found required classes 'javax.sql.DataSource', 'org.springframework.jdbc.core.JdbcTemplate' (OnClassCondition)
      - @ConditionalOnSingleCandidate (types: javax.sql.DataSource; SearchStrategy: all) found a single bean 'dataSource' (OnBeanCondition)

   JdbcTemplateConfiguration matched:
      - @ConditionalOnMissingBean (types: org.springframework.jdbc.core.JdbcOperations; SearchStrategy: all) did not find any beans (OnBeanCondition)

   JpaBaseConfiguration#entityManagerFactory matched:
      - @ConditionalOnMissingBean (types: org.springframework.orm.jpa.LocalContainerEntityManagerFactoryBean,jakarta.persistence.EntityManagerFactory; SearchStrategy: all) did not find any beans (OnBeanCondition)

   JpaBaseConfiguration#entityManagerFactoryBuilder matched:
      - @ConditionalOnMissingBean (types: org.springframework.boot.orm.jpa.EntityManagerFactoryBuilder; SearchStrategy: all) did not find any beans (OnBeanCondition)

   JpaBaseConfiguration#jpaVendorAdapter matched:
      - @ConditionalOnMissingBean (types: org.springframework.orm.jpa.JpaVendorAdapter; SearchStrategy: all) did not find any beans (OnBeanCondition)

   JpaBaseConfiguration#transactionManager matched:
      - @ConditionalOnMissingBean (types: org.springframework.transaction.TransactionManager; SearchStrategy: all) did not find any beans (OnBeanCondition)

   JpaBaseConfiguration.JpaWebConfiguration matched:
      - @ConditionalOnClass found required class 'org.springframework.web.servlet.config.annotation.WebMvcConfigurer' (OnClassCondition)
      - found 'session' scope (OnWebApplicationCondition)
      - @ConditionalOnProperty (spring.jpa.open-in-view=true) matched (OnPropertyCondition)
      - @ConditionalOnMissingBean (types: org.springframework.orm.jpa.support.OpenEntityManagerInViewInterceptor,org.springframework.orm.jpa.support.OpenEntityManagerInViewFilter; SearchStrategy: all) did not find any beans (OnBeanCondition)

   JpaBaseConfiguration.PersistenceManagedTypesConfiguration matched:
      - @ConditionalOnMissingBean (types: org.springframework.orm.jpa.LocalContainerEntityManagerFactoryBean,jakarta.persistence.EntityManagerFactory; SearchStrategy: all) did not find any beans (OnBeanCondition)

   JpaBaseConfiguration.PersistenceManagedTypesConfiguration#persistenceManagedTypes matched:
      - @ConditionalOnMissingBean (types: org.springframework.orm.jpa.persistenceunit.PersistenceManagedTypes; SearchStrategy: all) did not find any beans (OnBeanCondition)

   JpaRepositoriesAutoConfiguration matched:
      - @ConditionalOnClass found required class 'org.springframework.data.jpa.repository.JpaRepository' (OnClassCondition)
      - @ConditionalOnProperty (spring.data.jpa.repositories.enabled=true) matched (OnPropertyCondition)
      - @ConditionalOnBean (types: javax.sql.DataSource; SearchStrategy: all) found bean 'dataSource'; @ConditionalOnMissingBean (types: org.springframework.data.jpa.repository.support.JpaRepositoryFactoryBean,org.springframework.data.jpa.repository.config.JpaRepositoryConfigExtension; SearchStrategy: all) did not find any beans (OnBeanCondition)

   JtaAutoConfiguration matched:
      - @ConditionalOnClass found required class 'jakarta.transaction.Transaction' (OnClassCondition)
      - @ConditionalOnProperty (spring.jta.enabled) matched (OnPropertyCondition)

   LifecycleAutoConfiguration#defaultLifecycleProcessor matched:
      - @ConditionalOnMissingBean (names: lifecycleProcessor; SearchStrategy: current) did not find any beans (OnBeanCondition)

   LifecycleMvcEndpointAutoConfiguration#environmentManager matched:
      - @ConditionalOnMissingBean (types: org.springframework.cloud.context.environment.EnvironmentManager; SearchStrategy: all) did not find any beans (OnBeanCondition)

   org.springframework.cloud.client.loadbalancer.LoadBalancerAutoConfiguration matched:
      - AnyNestedCondition 2 matched 0 did not; NestedCondition on BlockingRestClassesPresentCondition.RestClientPresent @ConditionalOnClass found required class 'org.springframework.web.client.RestClient'; NestedCondition on BlockingRestClassesPresentCondition.RestTemplatePresent @ConditionalOnClass found required class 'org.springframework.web.client.RestTemplate' (BlockingRestClassesPresentCondition)
      - @ConditionalOnBean (types: org.springframework.cloud.client.loadbalancer.LoadBalancerClient; SearchStrategy: all) found bean 'blockingLoadBalancerClient' (OnBeanCondition)

   org.springframework.cloud.loadbalancer.config.LoadBalancerAutoConfiguration matched:
      - @ConditionalOnProperty (spring.cloud.loadbalancer.enabled=true) matched (OnPropertyCondition)

   LoadBalancerAutoConfiguration#loadBalancerClientFactory matched:
      - @ConditionalOnMissingBean (types: org.springframework.cloud.loadbalancer.support.LoadBalancerClientFactory; SearchStrategy: all) did not find any beans (OnBeanCondition)

   LoadBalancerAutoConfiguration#loadBalancerRequestFactory matched:
      - @ConditionalOnMissingBean (types: org.springframework.cloud.client.loadbalancer.LoadBalancerRequestFactory; SearchStrategy: all) did not find any beans (OnBeanCondition)

   LoadBalancerAutoConfiguration#zoneConfig matched:
      - @ConditionalOnMissingBean (types: org.springframework.cloud.loadbalancer.config.LoadBalancerZoneConfig; SearchStrategy: all) did not find any beans (OnBeanCondition)

   LoadBalancerAutoConfiguration.DeferringLoadBalancerInterceptorConfig#deferringLoadBalancerInterceptor matched:
      - @ConditionalOnMissingBean (types: org.springframework.cloud.client.loadbalancer.DeferringLoadBalancerInterceptor; SearchStrategy: all) did not find any beans (OnBeanCondition)

   LoadBalancerAutoConfiguration.DeferringLoadBalancerInterceptorConfig#lbRestClientPostProcessor matched:
      - @ConditionalOnBean (types: org.springframework.cloud.client.loadbalancer.DeferringLoadBalancerInterceptor; SearchStrategy: all) found bean 'deferringLoadBalancerInterceptor'; @ConditionalOnMissingBean (types: org.springframework.cloud.client.loadbalancer.LoadBalancerRestClientBuilderBeanPostProcessor; SearchStrategy: all) did not find any beans (OnBeanCondition)

   LoadBalancerAutoConfiguration.LoadBalancerInterceptorConfig matched:
      - AnyNestedCondition 1 matched 1 did not; NestedCondition on LoadBalancerAutoConfiguration.RetryMissingOrDisabledCondition.RetryDisabled @ConditionalOnProperty (spring.cloud.loadbalancer.retry.enabled=false) did not find property 'spring.cloud.loadbalancer.retry.enabled'; NestedCondition on LoadBalancerAutoConfiguration.RetryMissingOrDisabledCondition.RetryTemplateMissing @ConditionalOnMissingClass did not find unwanted class 'org.springframework.retry.support.RetryTemplate' (LoadBalancerAutoConfiguration.RetryMissingOrDisabledCondition)

   LoadBalancerAutoConfiguration.LoadBalancerInterceptorConfig#restTemplateCustomizer matched:
      - @ConditionalOnMissingBean (types: org.springframework.cloud.client.loadbalancer.RestTemplateCustomizer; SearchStrategy: all) did not find any beans (OnBeanCondition)

   LoadBalancerCacheAutoConfiguration matched:
      - @ConditionalOnClass found required classes 'org.springframework.cache.CacheManager', 'org.springframework.boot.autoconfigure.cache.CacheAutoConfiguration' (OnClassCondition)
      - AllNestedConditions 2 matched 0 did not; NestedCondition on LoadBalancerCacheAutoConfiguration.OnLoadBalancerCachingEnabledCondition.LoadBalancerCacheEnabled @ConditionalOnProperty (spring.cloud.loadbalancer.cache.enabled) matched; NestedCondition on LoadBalancerCacheAutoConfiguration.OnLoadBalancerCachingEnabledCondition.LoadBalancerEnabled @ConditionalOnProperty (spring.cloud.loadbalancer.enabled=true) matched (LoadBalancerCacheAutoConfiguration.OnLoadBalancerCachingEnabledCondition)

   LoadBalancerCacheAutoConfiguration.DefaultLoadBalancerCacheManagerConfiguration matched:
      - @ConditionalOnClass found required class 'com.stoyanr.evictor.ConcurrentMapWithTimedEviction' (OnClassCondition)
      - AnyNestedCondition 1 matched 1 did not; NestedCondition on LoadBalancerCacheAutoConfiguration.OnCaffeineCacheMissingCondition.CaffeineCacheManagerClassMissing @ConditionalOnMissingClass found unwanted class 'org.springframework.cache.caffeine.CaffeineCacheManager'; NestedCondition on LoadBalancerCacheAutoConfiguration.OnCaffeineCacheMissingCondition.CaffeineClassMissing @ConditionalOnMissingClass did not find unwanted class 'com.github.benmanes.caffeine.cache.Caffeine' (LoadBalancerCacheAutoConfiguration.OnCaffeineCacheMissingCondition)

   LoadBalancerCacheAutoConfiguration.DefaultLoadBalancerCacheManagerConfiguration#defaultLoadBalancerCacheManager matched:
      - @ConditionalOnMissingBean (types: org.springframework.cloud.loadbalancer.cache.LoadBalancerCacheManager; SearchStrategy: all) did not find any beans (OnBeanCondition)

   LoadBalancerCacheAutoConfiguration.LoadBalancerCacheManagerWarnConfiguration matched:
      - AnyNestedCondition 1 matched 1 did not; NestedCondition on LoadBalancerCacheAutoConfiguration.OnCaffeineCacheMissingCondition.CaffeineCacheManagerClassMissing @ConditionalOnMissingClass found unwanted class 'org.springframework.cache.caffeine.CaffeineCacheManager'; NestedCondition on LoadBalancerCacheAutoConfiguration.OnCaffeineCacheMissingCondition.CaffeineClassMissing @ConditionalOnMissingClass did not find unwanted class 'com.github.benmanes.caffeine.cache.Caffeine' (LoadBalancerCacheAutoConfiguration.OnCaffeineCacheMissingCondition)

   LoadBalancerEurekaAutoConfiguration matched:
      - @ConditionalOnClass found required class 'org.springframework.cloud.loadbalancer.annotation.LoadBalancerClientConfigurationRegistrar' (OnClassCondition)
      - @ConditionalOnProperty (eureka.client.enabled) matched (OnPropertyCondition)

   LoadBalancerEurekaAutoConfiguration#eurekaLoadBalancerProperties matched:
      - @ConditionalOnMissingBean (types: org.springframework.cloud.netflix.eureka.loadbalancer.EurekaLoadBalancerProperties; SearchStrategy: all) did not find any beans (OnBeanCondition)

   MailSenderAutoConfiguration matched:
      - @ConditionalOnClass found required classes 'jakarta.mail.internet.MimeMessage', 'jakarta.activation.MimeType', 'org.springframework.mail.MailSender' (OnClassCondition)
      - AnyNestedCondition 1 matched 1 did not; NestedCondition on MailSenderAutoConfiguration.MailSenderCondition.JndiNameProperty @ConditionalOnProperty (spring.mail.jndi-name) did not find property 'jndi-name'; NestedCondition on MailSenderAutoConfiguration.MailSenderCondition.HostProperty @ConditionalOnProperty (spring.mail.host) matched (MailSenderAutoConfiguration.MailSenderCondition)
      - @ConditionalOnMissingBean (types: org.springframework.mail.MailSender; SearchStrategy: all) did not find any beans (OnBeanCondition)

   MailSenderPropertiesConfiguration matched:
      - @ConditionalOnProperty (spring.mail.host) matched (OnPropertyCondition)

   MailSenderPropertiesConfiguration#mailSender matched:
      - @ConditionalOnMissingBean (types: org.springframework.mail.javamail.JavaMailSender; SearchStrategy: all) did not find any beans (OnBeanCondition)

   MultipartAutoConfiguration matched:
      - @ConditionalOnClass found required classes 'jakarta.servlet.Servlet', 'org.springframework.web.multipart.support.StandardServletMultipartResolver', 'jakarta.servlet.MultipartConfigElement' (OnClassCondition)
      - found 'session' scope (OnWebApplicationCondition)
      - @ConditionalOnProperty (spring.servlet.multipart.enabled) matched (OnPropertyCondition)

   MultipartAutoConfiguration#multipartConfigElement matched:
      - @ConditionalOnMissingBean (types: jakarta.servlet.MultipartConfigElement; SearchStrategy: all) did not find any beans (OnBeanCondition)

   MultipartAutoConfiguration#multipartResolver matched:
      - @ConditionalOnMissingBean (types: org.springframework.web.multipart.MultipartResolver; SearchStrategy: all) did not find any beans (OnBeanCondition)

   NamedParameterJdbcTemplateConfiguration matched:
      - @ConditionalOnSingleCandidate (types: org.springframework.jdbc.core.JdbcTemplate; SearchStrategy: all) found a single bean 'jdbcTemplate'; @ConditionalOnMissingBean (types: org.springframework.jdbc.core.namedparam.NamedParameterJdbcOperations; SearchStrategy: all) did not find any beans (OnBeanCondition)

   NoOpCacheConfiguration matched:
      - Cache org.springframework.boot.autoconfigure.cache.NoOpCacheConfiguration automatic cache type (CacheCondition)

   PersistenceExceptionTranslationAutoConfiguration matched:
      - @ConditionalOnClass found required class 'org.springframework.dao.annotation.PersistenceExceptionTranslationPostProcessor' (OnClassCondition)

   PersistenceExceptionTranslationAutoConfiguration#persistenceExceptionTranslationPostProcessor matched:
      - @ConditionalOnProperty (spring.dao.exceptiontranslation.enabled) matched (OnPropertyCondition)
      - @ConditionalOnMissingBean (types: org.springframework.dao.annotation.PersistenceExceptionTranslationPostProcessor; SearchStrategy: all) did not find any beans (OnBeanCondition)

   PropertyPlaceholderAutoConfiguration#propertySourcesPlaceholderConfigurer matched:
      - @ConditionalOnMissingBean (types: org.springframework.context.support.PropertySourcesPlaceholderConfigurer; SearchStrategy: current) did not find any beans (OnBeanCondition)

   ReactorAutoConfiguration matched:
      - @ConditionalOnClass found required class 'reactor.core.publisher.Hooks' (OnClassCondition)

   RefreshAutoConfiguration matched:
      - @ConditionalOnClass found required class 'org.springframework.cloud.context.scope.refresh.RefreshScope' (OnClassCondition)
      - @ConditionalOnProperty (spring.cloud.refresh.enabled) matched (OnPropertyCondition)

   RefreshAutoConfiguration#configDataContextRefresher matched:
      - @ConditionalOnMissingBean (types: org.springframework.cloud.context.refresh.ConfigDataContextRefresher; SearchStrategy: all) did not find any beans (OnBeanCondition)
      - NoneNestedConditions 0 matched 3 did not; NestedCondition on ConditionalOnBootstrapDisabled.OnBootstrapDisabledCondition.OnBootstrapEnabled @ConditionalOnProperty (spring.cloud.bootstrap.enabled) did not find property 'spring.cloud.bootstrap.enabled'; NestedCondition on ConditionalOnBootstrapDisabled.OnBootstrapDisabledCondition.OnUseLegacyProcessingEnabled @ConditionalOnProperty (spring.config.use-legacy-processing) did not find property 'spring.config.use-legacy-processing'; NestedCondition on ConditionalOnBootstrapDisabled.OnBootstrapDisabledCondition.OnBootstrapMarkerClassPresent @ConditionalOnClass did not find required class 'org.springframework.cloud.bootstrap.marker.Marker' (ConditionalOnBootstrapDisabled.OnBootstrapDisabledCondition)

   RefreshAutoConfiguration#loggingRebinder matched:
      - @ConditionalOnMissingBean (types: org.springframework.cloud.logging.LoggingRebinder; SearchStrategy: all) did not find any beans (OnBeanCondition)

   RefreshAutoConfiguration#refreshScope matched:
      - @ConditionalOnMissingBean (types: org.springframework.cloud.context.scope.refresh.RefreshScope; SearchStrategy: all) did not find any beans (OnBeanCondition)

   RefreshAutoConfiguration#refreshScopeLifecycle matched:
      - @ConditionalOnProperty (spring.cloud.refresh.on-restart.enabled) matched (OnPropertyCondition)

   ResourceServerTokenRelayAutoConfiguration matched:
      - @ConditionalOnClass found required class 'org.springframework.web.servlet.config.annotation.WebMvcConfigurer' (OnClassCondition)
      - found 'session' scope (OnWebApplicationCondition)
      - @ConditionalOnProperty (spring.cloud.mvc.token-relay.enabled) matched (OnPropertyCondition)

   RestClientAutoConfiguration matched:
      - @ConditionalOnClass found required class 'org.springframework.web.client.RestClient' (OnClassCondition)
      - NoneNestedConditions 0 matched 1 did not; NestedCondition on NotReactiveWebApplicationCondition.ReactiveWebApplication did not find reactive web application classes (NotReactiveWebApplicationCondition)

   RestClientAutoConfiguration#httpMessageConvertersRestClientCustomizer matched:
      - @ConditionalOnMissingBean (types: org.springframework.boot.autoconfigure.web.client.HttpMessageConvertersRestClientCustomizer; SearchStrategy: all) did not find any beans (OnBeanCondition)

   RestClientAutoConfiguration#restClientBuilder matched:
      - @ConditionalOnMissingBean (types: org.springframework.web.client.RestClient$Builder; SearchStrategy: all) did not find any beans (OnBeanCondition)

   RestClientAutoConfiguration#restClientBuilderConfigurer matched:
      - @ConditionalOnMissingBean (types: org.springframework.boot.autoconfigure.web.client.RestClientBuilderConfigurer; SearchStrategy: all) did not find any beans (OnBeanCondition)

   RestClientAutoConfiguration#restClientSsl matched:
      - @ConditionalOnBean (types: org.springframework.boot.ssl.SslBundles; SearchStrategy: all) found bean 'sslBundleRegistry'; @ConditionalOnMissingBean (types: org.springframework.boot.autoconfigure.web.client.RestClientSsl; SearchStrategy: all) did not find any beans (OnBeanCondition)

   RestTemplateAutoConfiguration matched:
      - @ConditionalOnClass found required class 'org.springframework.web.client.RestTemplate' (OnClassCondition)
      - NoneNestedConditions 0 matched 1 did not; NestedCondition on NotReactiveWebApplicationCondition.ReactiveWebApplication did not find reactive web application classes (NotReactiveWebApplicationCondition)

   RestTemplateAutoConfiguration#restTemplateBuilder matched:
      - @ConditionalOnMissingBean (types: org.springframework.boot.web.client.RestTemplateBuilder; SearchStrategy: all) did not find any beans (OnBeanCondition)

   SecurityAutoConfiguration matched:
      - @ConditionalOnClass found required class 'org.springframework.security.authentication.DefaultAuthenticationEventPublisher' (OnClassCondition)

   SecurityAutoConfiguration#authenticationEventPublisher matched:
      - @ConditionalOnMissingBean (types: org.springframework.security.authentication.AuthenticationEventPublisher; SearchStrategy: all) did not find any beans (OnBeanCondition)

   SecurityFilterAutoConfiguration matched:
      - @ConditionalOnClass found required classes 'org.springframework.security.web.context.AbstractSecurityWebApplicationInitializer', 'org.springframework.security.config.http.SessionCreationPolicy' (OnClassCondition)
      - found 'session' scope (OnWebApplicationCondition)

   SecurityFilterAutoConfiguration#securityFilterChainRegistration matched:
      - @ConditionalOnBean (names: springSecurityFilterChain; SearchStrategy: all) found bean 'springSecurityFilterChain' (OnBeanCondition)

   ServletWebServerFactoryAutoConfiguration matched:
      - @ConditionalOnClass found required class 'jakarta.servlet.ServletRequest' (OnClassCondition)
      - found 'session' scope (OnWebApplicationCondition)

   ServletWebServerFactoryAutoConfiguration#tomcatServletWebServerFactoryCustomizer matched:
      - @ConditionalOnClass found required class 'org.apache.catalina.startup.Tomcat' (OnClassCondition)

   ServletWebServerFactoryConfiguration.EmbeddedTomcat matched:
      - @ConditionalOnClass found required classes 'jakarta.servlet.Servlet', 'org.apache.catalina.startup.Tomcat', 'org.apache.coyote.UpgradeProtocol' (OnClassCondition)
      - @ConditionalOnMissingBean (types: org.springframework.boot.web.servlet.server.ServletWebServerFactory; SearchStrategy: current) did not find any beans (OnBeanCondition)

   SessionAutoConfiguration matched:
      - @ConditionalOnClass found required class 'org.springframework.session.Session' (OnClassCondition)
      - @ConditionalOnWebApplication (required) found 'session' scope (OnWebApplicationCondition)

   SessionAutoConfiguration.ServletSessionConfiguration matched:
      - found 'session' scope (OnWebApplicationCondition)

   SessionAutoConfiguration.ServletSessionConfiguration#cookieSerializer matched:
      - AnyNestedCondition 1 matched 1 did not; NestedCondition on SessionAutoConfiguration.DefaultCookieSerializerCondition.CookieHttpSessionIdResolverAvailable found non-matching nested conditions @ConditionalOnBean (types: org.springframework.session.web.http.CookieHttpSessionIdResolver; SearchStrategy: all) did not find any beans of type org.springframework.session.web.http.CookieHttpSessionIdResolver, @ConditionalOnBean (types: org.springframework.session.web.http.CookieHttpSessionIdResolver; SearchStrategy: all) did not find any beans of type org.springframework.session.web.http.CookieHttpSessionIdResolver; NestedCondition on SessionAutoConfiguration.DefaultCookieSerializerCondition.NoComponentsAvailable @ConditionalOnMissingBean (types: org.springframework.session.web.http.HttpSessionIdResolver,org.springframework.session.web.http.CookieSerializer; SearchStrategy: all) did not find any beans (SessionAutoConfiguration.DefaultCookieSerializerCondition)

   SessionAutoConfiguration.ServletSessionConfiguration.RememberMeServicesConfiguration matched:
      - @ConditionalOnClass found required class 'org.springframework.security.web.authentication.RememberMeServices' (OnClassCondition)

   SessionAutoConfiguration.ServletSessionConfiguration.ServletSessionRepositoryConfiguration matched:
      - @ConditionalOnMissingBean (types: org.springframework.session.SessionRepository; SearchStrategy: all) did not find any beans (OnBeanCondition)

   SimpleCacheConfiguration matched:
      - Cache org.springframework.boot.autoconfigure.cache.SimpleCacheConfiguration automatic cache type (CacheCondition)

   SimpleDiscoveryClientAutoConfiguration#simpleDiscoveryProperties matched:
      - @ConditionalOnMissingBean (types: org.springframework.cloud.client.discovery.simple.SimpleDiscoveryProperties; SearchStrategy: all) did not find any beans (OnBeanCondition)

   SpringBootWebSecurityConfiguration matched:
      - found 'session' scope (OnWebApplicationCondition)

   SpringDataWebAutoConfiguration matched:
      - @ConditionalOnClass found required classes 'org.springframework.data.web.PageableHandlerMethodArgumentResolver', 'org.springframework.web.servlet.config.annotation.WebMvcConfigurer' (OnClassCondition)
      - found 'session' scope (OnWebApplicationCondition)
      - @ConditionalOnMissingBean (types: org.springframework.data.web.PageableHandlerMethodArgumentResolver; SearchStrategy: all) did not find any beans (OnBeanCondition)

   SpringDataWebAutoConfiguration#pageableCustomizer matched:
      - @ConditionalOnMissingBean (types: org.springframework.data.web.config.PageableHandlerMethodArgumentResolverCustomizer; SearchStrategy: all) did not find any beans (OnBeanCondition)

   SpringDataWebAutoConfiguration#sortCustomizer matched:
      - @ConditionalOnMissingBean (types: org.springframework.data.web.config.SortHandlerMethodArgumentResolverCustomizer; SearchStrategy: all) did not find any beans (OnBeanCondition)

   SqlInitializationAutoConfiguration matched:
      - @ConditionalOnProperty (spring.sql.init.enabled) matched (OnPropertyCondition)
      - NoneNestedConditions 0 matched 1 did not; NestedCondition on SqlInitializationAutoConfiguration.SqlInitializationModeCondition.ModeIsNever @ConditionalOnProperty (spring.sql.init.mode=never) did not find property 'mode' (SqlInitializationAutoConfiguration.SqlInitializationModeCondition)

   SslAutoConfiguration#sslBundleRegistry matched:
      - @ConditionalOnMissingBean (types: org.springframework.boot.ssl.SslBundleRegistry,org.springframework.boot.ssl.SslBundles; SearchStrategy: all) did not find any beans (OnBeanCondition)

   TaskExecutionAutoConfiguration matched:
      - @ConditionalOnClass found required class 'org.springframework.scheduling.concurrent.ThreadPoolTaskExecutor' (OnClassCondition)

   TaskExecutorConfigurations.SimpleAsyncTaskExecutorBuilderConfiguration#simpleAsyncTaskExecutorBuilder matched:
      - @ConditionalOnMissingBean (types: org.springframework.boot.task.SimpleAsyncTaskExecutorBuilder; SearchStrategy: all) did not find any beans (OnBeanCondition)
      - @ConditionalOnThreading found PLATFORM (OnThreadingCondition)

   TaskExecutorConfigurations.TaskExecutorBuilderConfiguration#taskExecutorBuilder matched:
      - @ConditionalOnMissingBean (types: org.springframework.boot.task.TaskExecutorBuilder; SearchStrategy: all) did not find any beans (OnBeanCondition)

   TaskExecutorConfigurations.ThreadPoolTaskExecutorBuilderConfiguration#threadPoolTaskExecutorBuilder matched:
      - @ConditionalOnMissingBean (types: org.springframework.boot.task.TaskExecutorBuilder,org.springframework.boot.task.ThreadPoolTaskExecutorBuilder; SearchStrategy: all) did not find any beans (OnBeanCondition)

   TaskSchedulingAutoConfiguration matched:
      - @ConditionalOnClass found required class 'org.springframework.scheduling.concurrent.ThreadPoolTaskScheduler' (OnClassCondition)

   TaskSchedulingConfigurations.SimpleAsyncTaskSchedulerBuilderConfiguration#simpleAsyncTaskSchedulerBuilder matched:
      - @ConditionalOnMissingBean (types: org.springframework.boot.task.SimpleAsyncTaskSchedulerBuilder; SearchStrategy: all) did not find any beans (OnBeanCondition)
      - @ConditionalOnThreading found PLATFORM (OnThreadingCondition)

   TaskSchedulingConfigurations.TaskSchedulerBuilderConfiguration#taskSchedulerBuilder matched:
      - @ConditionalOnMissingBean (types: org.springframework.boot.task.TaskSchedulerBuilder; SearchStrategy: all) did not find any beans (OnBeanCondition)

   TaskSchedulingConfigurations.ThreadPoolTaskSchedulerBuilderConfiguration#threadPoolTaskSchedulerBuilder matched:
      - @ConditionalOnMissingBean (types: org.springframework.boot.task.TaskSchedulerBuilder,org.springframework.boot.task.ThreadPoolTaskSchedulerBuilder; SearchStrategy: all) did not find any beans (OnBeanCondition)

   TransactionAutoConfiguration matched:
      - @ConditionalOnClass found required class 'org.springframework.transaction.PlatformTransactionManager' (OnClassCondition)

   TransactionAutoConfiguration.EnableTransactionManagementConfiguration matched:
      - @ConditionalOnBean (types: org.springframework.transaction.TransactionManager; SearchStrategy: all) found bean 'transactionManager'; @ConditionalOnMissingBean (types: org.springframework.transaction.annotation.AbstractTransactionManagementConfiguration; SearchStrategy: all) did not find any beans (OnBeanCondition)

   TransactionAutoConfiguration.EnableTransactionManagementConfiguration.CglibAutoProxyConfiguration matched:
      - @ConditionalOnProperty (spring.aop.proxy-target-class=true) matched (OnPropertyCondition)

   TransactionAutoConfiguration.TransactionTemplateConfiguration matched:
      - @ConditionalOnSingleCandidate (types: org.springframework.transaction.PlatformTransactionManager; SearchStrategy: all) found a single bean 'transactionManager' (OnBeanCondition)

   TransactionAutoConfiguration.TransactionTemplateConfiguration#transactionTemplate matched:
      - @ConditionalOnMissingBean (types: org.springframework.transaction.support.TransactionOperations; SearchStrategy: all) did not find any beans (OnBeanCondition)

   TransactionManagerCustomizationAutoConfiguration matched:
      - @ConditionalOnClass found required class 'org.springframework.transaction.PlatformTransactionManager' (OnClassCondition)

   TransactionManagerCustomizationAutoConfiguration#platformTransactionManagerCustomizers matched:
      - @ConditionalOnMissingBean (types: org.springframework.boot.autoconfigure.transaction.TransactionManagerCustomizers; SearchStrategy: all) did not find any beans (OnBeanCondition)

   UtilAutoConfiguration matched:
      - @ConditionalOnProperty (spring.cloud.util.enabled) matched (OnPropertyCondition)

   UtilAutoConfiguration#inetUtils matched:
      - @ConditionalOnMissingBean (types: org.springframework.cloud.commons.util.InetUtils; SearchStrategy: all) did not find any beans (OnBeanCondition)

   ValidationAutoConfiguration matched:
      - @ConditionalOnClass found required class 'jakarta.validation.executable.ExecutableValidator' (OnClassCondition)
      - @ConditionalOnResource found location classpath:META-INF/services/jakarta.validation.spi.ValidationProvider (OnResourceCondition)

   ValidationAutoConfiguration#defaultValidator matched:
      - @ConditionalOnMissingBean (types: jakarta.validation.Validator; SearchStrategy: all) did not find any beans (OnBeanCondition)

   ValidationAutoConfiguration#methodValidationPostProcessor matched:
      - @ConditionalOnMissingBean (types: org.springframework.validation.beanvalidation.MethodValidationPostProcessor; SearchStrategy: current) did not find any beans (OnBeanCondition)

   WebMvcAutoConfiguration matched:
      - @ConditionalOnClass found required classes 'jakarta.servlet.Servlet', 'org.springframework.web.servlet.DispatcherServlet', 'org.springframework.web.servlet.config.annotation.WebMvcConfigurer' (OnClassCondition)
      - found 'session' scope (OnWebApplicationCondition)
      - @ConditionalOnMissingBean (types: org.springframework.web.servlet.config.annotation.WebMvcConfigurationSupport; SearchStrategy: all) did not find any beans (OnBeanCondition)

   WebMvcAutoConfiguration#formContentFilter matched:
      - @ConditionalOnProperty (spring.mvc.formcontent.filter.enabled) matched (OnPropertyCondition)
      - @ConditionalOnMissingBean (types: org.springframework.web.filter.FormContentFilter; SearchStrategy: all) did not find any beans (OnBeanCondition)

   WebMvcAutoConfiguration.EnableWebMvcConfiguration#flashMapManager matched:
      - @ConditionalOnMissingBean (names: flashMapManager; SearchStrategy: all) did not find any beans (OnBeanCondition)

   WebMvcAutoConfiguration.EnableWebMvcConfiguration#localeResolver matched:
      - @ConditionalOnMissingBean (names: localeResolver; SearchStrategy: all) did not find any beans (OnBeanCondition)

   WebMvcAutoConfiguration.EnableWebMvcConfiguration#themeResolver matched:
      - @ConditionalOnMissingBean (names: themeResolver; SearchStrategy: all) did not find any beans (OnBeanCondition)

   WebMvcAutoConfiguration.WebMvcAutoConfigurationAdapter#defaultViewResolver matched:
      - @ConditionalOnMissingBean (types: org.springframework.web.servlet.view.InternalResourceViewResolver; SearchStrategy: all) did not find any beans (OnBeanCondition)

   WebMvcAutoConfiguration.WebMvcAutoConfigurationAdapter#requestContextFilter matched:
      - @ConditionalOnMissingBean (types: org.springframework.web.context.request.RequestContextListener,org.springframework.web.filter.RequestContextFilter; SearchStrategy: all) did not find any beans (OnBeanCondition)

   WebMvcAutoConfiguration.WebMvcAutoConfigurationAdapter#viewResolver matched:
      - @ConditionalOnBean (types: org.springframework.web.servlet.ViewResolver; SearchStrategy: all) found beans 'defaultViewResolver', 'beanNameViewResolver', 'mvcViewResolver'; @ConditionalOnMissingBean (names: viewResolver types: org.springframework.web.servlet.view.ContentNegotiatingViewResolver; SearchStrategy: all) did not find any beans (OnBeanCondition)

   WebSocketMessagingAutoConfiguration matched:
      - @ConditionalOnClass found required class 'org.springframework.web.socket.config.annotation.WebSocketMessageBrokerConfigurer' (OnClassCondition)
      - found 'session' scope (OnWebApplicationCondition)

   WebSocketMessagingAutoConfiguration.WebSocketMessageConverterConfiguration matched:
      - @ConditionalOnClass found required classes 'com.fasterxml.jackson.databind.ObjectMapper', 'org.springframework.messaging.simp.config.AbstractMessageBrokerConfiguration' (OnClassCondition)
      - @ConditionalOnBean (types: org.springframework.web.socket.config.annotation.DelegatingWebSocketMessageBrokerConfiguration,com.fasterxml.jackson.databind.ObjectMapper; SearchStrategy: all) found beans 'getObjectMapper', 'org.springframework.web.socket.config.annotation.DelegatingWebSocketMessageBrokerConfiguration' (OnBeanCondition)

   WebSocketServletAutoConfiguration matched:
      - @ConditionalOnClass found required classes 'jakarta.servlet.Servlet', 'jakarta.websocket.server.ServerContainer' (OnClassCondition)
      - found 'session' scope (OnWebApplicationCondition)

   WebSocketServletAutoConfiguration.TomcatWebSocketConfiguration matched:
      - @ConditionalOnClass found required classes 'org.apache.catalina.startup.Tomcat', 'org.apache.tomcat.websocket.server.WsSci' (OnClassCondition)

   WebSocketServletAutoConfiguration.TomcatWebSocketConfiguration#websocketServletWebServerCustomizer matched:
      - @ConditionalOnMissingBean (names: websocketServletWebServerCustomizer; SearchStrategy: all) did not find any beans (OnBeanCondition)


Negative matches:
-----------------

   ActiveMQAutoConfiguration:
      Did not match:
         - @ConditionalOnClass did not find required class 'jakarta.jms.ConnectionFactory' (OnClassCondition)

   AopAutoConfiguration.AspectJAutoProxyingConfiguration.JdkDynamicAutoProxyConfiguration:
      Did not match:
         - @ConditionalOnProperty (spring.aop.proxy-target-class=false) did not find property 'proxy-target-class' (OnPropertyCondition)

   AopAutoConfiguration.ClassProxyingConfiguration:
      Did not match:
         - @ConditionalOnMissingClass found unwanted class 'org.aspectj.weaver.Advice' (OnClassCondition)

   ArtemisAutoConfiguration:
      Did not match:
         - @ConditionalOnClass did not find required class 'jakarta.jms.ConnectionFactory' (OnClassCondition)

   BatchAutoConfiguration:
      Did not match:
         - @ConditionalOnClass did not find required class 'org.springframework.batch.core.launch.JobLauncher' (OnClassCondition)

   BlockingLoadBalancerClientAutoConfiguration.BlockingLoadBalancerRetryConfig:
      Did not match:
         - @ConditionalOnClass did not find required class 'org.springframework.retry.support.RetryTemplate' (OnClassCondition)

   Cache2kCacheConfiguration:
      Did not match:
         - @ConditionalOnClass did not find required class 'org.cache2k.Cache2kBuilder' (OnClassCondition)

   CacheAutoConfiguration:
      Did not match:
         - @ConditionalOnBean (types: org.springframework.cache.interceptor.CacheAspectSupport; SearchStrategy: all) did not find any beans of type org.springframework.cache.interceptor.CacheAspectSupport (OnBeanCondition)
      Matched:
         - @ConditionalOnClass found required class 'org.springframework.cache.CacheManager' (OnClassCondition)

   CacheAutoConfiguration.CacheManagerEntityManagerFactoryDependsOnPostProcessor:
      Did not match:
         - Ancestor org.springframework.boot.autoconfigure.cache.CacheAutoConfiguration did not match (ConditionEvaluationReport.AncestorsMatchedCondition)
      Matched:
         - @ConditionalOnClass found required class 'org.springframework.orm.jpa.LocalContainerEntityManagerFactoryBean' (OnClassCondition)

   CaffeineCacheConfiguration:
      Did not match:
         - @ConditionalOnClass did not find required class 'com.github.benmanes.caffeine.cache.Caffeine' (OnClassCondition)

   CassandraAutoConfiguration:
      Did not match:
         - @ConditionalOnClass did not find required class 'com.datastax.oss.driver.api.core.CqlSession' (OnClassCondition)

   CassandraDataAutoConfiguration:
      Did not match:
         - @ConditionalOnClass did not find required class 'com.datastax.oss.driver.api.core.CqlSession' (OnClassCondition)

   CassandraReactiveDataAutoConfiguration:
      Did not match:
         - @ConditionalOnClass did not find required class 'com.datastax.oss.driver.api.core.CqlSession' (OnClassCondition)

   CassandraReactiveRepositoriesAutoConfiguration:
      Did not match:
         - @ConditionalOnClass did not find required class 'org.springframework.data.cassandra.ReactiveSession' (OnClassCondition)

   CassandraRepositoriesAutoConfiguration:
      Did not match:
         - @ConditionalOnClass did not find required class 'com.datastax.oss.driver.api.core.CqlSession' (OnClassCondition)

   ClientHttpConnectorAutoConfiguration:
      Did not match:
         - @ConditionalOnClass did not find required class 'org.springframework.web.reactive.function.client.WebClient' (OnClassCondition)

   CloudHypermediaAutoConfiguration:
      Did not match:
         - @ConditionalOnClass did not find required class 'org.springframework.hateoas.Link' (OnClassCondition)

   CodecsAutoConfiguration:
      Did not match:
         - @ConditionalOnClass did not find required class 'org.springframework.web.reactive.function.client.WebClient' (OnClassCondition)

   CommonsClientAutoConfiguration.ActuatorConfiguration:
      Did not match:
         - @ConditionalOnClass did not find required class 'org.springframework.boot.actuate.endpoint.annotation.Endpoint' (OnClassCondition)

   CommonsClientAutoConfiguration.DiscoveryLoadBalancerConfiguration:
      Did not match:
         - @ConditionalOnClass did not find required class 'org.springframework.boot.actuate.health.HealthIndicator' (OnClassCondition)

   CouchbaseAutoConfiguration:
      Did not match:
         - @ConditionalOnClass did not find required class 'com.couchbase.client.java.Cluster' (OnClassCondition)

   CouchbaseCacheConfiguration:
      Did not match:
         - @ConditionalOnClass did not find required class 'com.couchbase.client.java.Cluster' (OnClassCondition)

   CouchbaseDataAutoConfiguration:
      Did not match:
         - @ConditionalOnClass did not find required class 'com.couchbase.client.java.Bucket' (OnClassCondition)

   CouchbaseReactiveDataAutoConfiguration:
      Did not match:
         - @ConditionalOnClass did not find required class 'com.couchbase.client.java.Cluster' (OnClassCondition)

   CouchbaseReactiveRepositoriesAutoConfiguration:
      Did not match:
         - @ConditionalOnClass did not find required class 'com.couchbase.client.java.Cluster' (OnClassCondition)

   CouchbaseRepositoriesAutoConfiguration:
      Did not match:
         - @ConditionalOnClass did not find required class 'com.couchbase.client.java.Bucket' (OnClassCondition)

   DataSourceAutoConfiguration.EmbeddedDatabaseConfiguration:
      Did not match:
         - EmbeddedDataSource spring.datasource.url is set (DataSourceAutoConfiguration.EmbeddedDatabaseCondition)

   DataSourceCheckpointRestoreConfiguration:
      Did not match:
         - @ConditionalOnClass did not find required class 'org.crac.Resource' (OnClassCondition)

   DataSourceConfiguration.Dbcp2:
      Did not match:
         - @ConditionalOnClass did not find required class 'org.apache.commons.dbcp2.BasicDataSource' (OnClassCondition)

   DataSourceConfiguration.Generic:
      Did not match:
         - @ConditionalOnProperty (spring.datasource.type) did not find property 'spring.datasource.type' (OnPropertyCondition)

   DataSourceConfiguration.OracleUcp:
      Did not match:
         - @ConditionalOnClass did not find required classes 'oracle.ucp.jdbc.PoolDataSourceImpl', 'oracle.jdbc.OracleConnection' (OnClassCondition)

   DataSourceConfiguration.Tomcat:
      Did not match:
         - @ConditionalOnClass did not find required class 'org.apache.tomcat.jdbc.pool.DataSource' (OnClassCondition)

   DataSourceJmxConfiguration:
      Did not match:
         - @ConditionalOnProperty (spring.jmx.enabled=true) found different value in property 'enabled' (OnPropertyCondition)

   DataSourcePoolMetadataProvidersConfiguration.CommonsDbcp2PoolDataSourceMetadataProviderConfiguration:
      Did not match:
         - @ConditionalOnClass did not find required class 'org.apache.commons.dbcp2.BasicDataSource' (OnClassCondition)

   DataSourcePoolMetadataProvidersConfiguration.OracleUcpPoolDataSourceMetadataProviderConfiguration:
      Did not match:
         - @ConditionalOnClass did not find required classes 'oracle.ucp.jdbc.PoolDataSource', 'oracle.jdbc.OracleConnection' (OnClassCondition)

   DataSourcePoolMetadataProvidersConfiguration.TomcatDataSourcePoolMetadataProviderConfiguration:
      Did not match:
         - @ConditionalOnClass did not find required class 'org.apache.tomcat.jdbc.pool.DataSource' (OnClassCondition)

   DataSourceTransactionManagerAutoConfiguration.JdbcTransactionManagerConfiguration#transactionManager:
      Did not match:
         - @ConditionalOnMissingBean (types: org.springframework.transaction.TransactionManager; SearchStrategy: all) found beans of type 'org.springframework.transaction.TransactionManager' transactionManager (OnBeanCondition)

   DefaultFeignLoadBalancerConfiguration#feignRetryClient:
      Did not match:
         - @ConditionalOnClass did not find required class 'org.springframework.retry.support.RetryTemplate' (OnClassCondition)

   DiscoveryClientOptionalArgsConfiguration.DiscoveryClientOptionalArgsTlsConfiguration:
      Did not match:
         - @ConditionalOnClass did not find required class 'org.glassfish.jersey.client.JerseyClient' (OnClassCondition)

   DiscoveryClientOptionalArgsConfiguration.WebClientConfiguration:
      Did not match:
         - @ConditionalOnClass did not find required class 'org.springframework.web.reactive.function.client.WebClient' (OnClassCondition)

   DiscoveryClientOptionalArgsConfiguration.WebClientNotFoundConfiguration:
      Did not match:
         - @ConditionalOnProperty (eureka.client.webclient.enabled=true) did not find property 'webclient.enabled' (OnPropertyCondition)
      Matched:
         - @ConditionalOnMissingClass did not find unwanted classes 'org.glassfish.jersey.client.JerseyClient', 'org.springframework.web.reactive.function.client.WebClient' (OnClassCondition)

   DispatcherServletAutoConfiguration.DispatcherServletConfiguration#multipartResolver:
      Did not match:
         - @ConditionalOnBean (types: org.springframework.web.multipart.MultipartResolver; SearchStrategy: all) did not find any beans of type org.springframework.web.multipart.MultipartResolver (OnBeanCondition)

   ElasticsearchClientAutoConfiguration:
      Did not match:
         - @ConditionalOnClass did not find required class 'co.elastic.clients.elasticsearch.ElasticsearchClient' (OnClassCondition)

   ElasticsearchDataAutoConfiguration:
      Did not match:
         - @ConditionalOnClass did not find required class 'org.springframework.data.elasticsearch.client.elc.ElasticsearchTemplate' (OnClassCondition)

   ElasticsearchRepositoriesAutoConfiguration:
      Did not match:
         - @ConditionalOnClass did not find required class 'org.springframework.data.elasticsearch.repository.ElasticsearchRepository' (OnClassCondition)

   ElasticsearchRestClientAutoConfiguration:
      Did not match:
         - @ConditionalOnClass did not find required class 'org.elasticsearch.client.RestClientBuilder' (OnClassCondition)

   EmbeddedLdapAutoConfiguration:
      Did not match:
         - @ConditionalOnClass did not find required class 'com.unboundid.ldap.listener.InMemoryDirectoryServer' (OnClassCondition)

   EmbeddedWebServerFactoryCustomizerAutoConfiguration:
      Did not match:
         - Application is deployed as a WAR file. (OnWarDeploymentCondition)
      Matched:
         - @ConditionalOnWebApplication (required) found 'session' scope (OnWebApplicationCondition)

   ErrorWebFluxAutoConfiguration:
      Did not match:
         - @ConditionalOnClass did not find required class 'org.springframework.web.reactive.config.WebFluxConfigurer' (OnClassCondition)

   EurekaClientAutoConfiguration.EurekaClientConfiguration:
      Did not match:
         - AnyNestedCondition 0 matched 3 did not; NestedCondition on EurekaClientAutoConfiguration.OnMissingRefreshScopeCondition.OnPropertyDisabled @ConditionalOnProperty (eureka.client.refresh.enable=false) did not find property 'eureka.client.refresh.enable'; NestedCondition on EurekaClientAutoConfiguration.OnMissingRefreshScopeCondition.MissingScope @ConditionalOnMissingBean (types: org.springframework.cloud.autoconfigure.RefreshAutoConfiguration; SearchStrategy: all) found beans of type 'org.springframework.cloud.autoconfigure.RefreshAutoConfiguration' org.springframework.cloud.autoconfigure.RefreshAutoConfiguration; NestedCondition on EurekaClientAutoConfiguration.OnMissingRefreshScopeCondition.MissingClass @ConditionalOnMissingClass found unwanted class 'org.springframework.cloud.context.scope.refresh.RefreshScope' (EurekaClientAutoConfiguration.OnMissingRefreshScopeCondition)

   EurekaClientAutoConfiguration.EurekaHealthIndicatorConfiguration:
      Did not match:
         - @ConditionalOnClass did not find required class 'org.springframework.boot.actuate.health.Health' (OnClassCondition)

   EurekaClientConfigServerAutoConfiguration:
      Did not match:
         - @ConditionalOnClass did not find required class 'org.springframework.cloud.config.server.config.ConfigServerProperties' (OnClassCondition)

   EurekaDiscoveryClientConfiguration.EurekaHealthCheckHandlerConfiguration:
      Did not match:
         - @ConditionalOnProperty (eureka.client.healthcheck.enabled) did not find property 'eureka.client.healthcheck.enabled' (OnPropertyCondition)

   EurekaReactiveDiscoveryClientConfiguration:
      Did not match:
         - @ConditionalOnClass did not find required class 'org.springframework.web.reactive.function.client.WebClient' (OnClassCondition)

   FeignAcceptGzipEncodingAutoConfiguration:
      Did not match:
         - @ConditionalOnProperty (spring.cloud.openfeign.compression.response.enabled) did not find property 'spring.cloud.openfeign.compression.response.enabled' (OnPropertyCondition)
      Matched:
         - @ConditionalOnClass found required class 'feign.Feign' (OnClassCondition)

   FeignAutoConfiguration#cachingCapability:
      Did not match:
         - @ConditionalOnBean (types: org.springframework.cache.interceptor.CacheInterceptor; SearchStrategy: all) did not find any beans of type org.springframework.cache.interceptor.CacheInterceptor (OnBeanCondition)
      Matched:
         - @ConditionalOnProperty (spring.cloud.openfeign.cache.enabled) matched (OnPropertyCondition)

   FeignAutoConfiguration.CircuitBreakerPresentFeignTargeterConfiguration:
      Did not match:
         - @ConditionalOnProperty (spring.cloud.openfeign.circuitbreaker.enabled=true) did not find property 'spring.cloud.openfeign.circuitbreaker.enabled' (OnPropertyCondition)
      Matched:
         - @ConditionalOnClass found required class 'org.springframework.cloud.client.circuitbreaker.CircuitBreaker' (OnClassCondition)

   FeignAutoConfiguration.Http2ClientFeignConfiguration:
      Did not match:
         - @ConditionalOnClass did not find required class 'feign.http2client.Http2Client' (OnClassCondition)

   FeignAutoConfiguration.HttpClient5FeignConfiguration:
      Did not match:
         - @ConditionalOnClass did not find required class 'feign.hc5.ApacheHttp5Client' (OnClassCondition)

   FeignAutoConfiguration.Oauth2FeignConfiguration:
      Did not match:
         - @ConditionalOnClass did not find required class 'org.springframework.security.oauth2.client.OAuth2AuthorizedClientManager' (OnClassCondition)

   FeignAutoConfiguration.OkHttpFeignConfiguration:
      Did not match:
         - @ConditionalOnClass did not find required class 'feign.okhttp.OkHttpClient' (OnClassCondition)

   FeignContentGzipEncodingAutoConfiguration:
      Did not match:
         - @ConditionalOnProperty (spring.cloud.openfeign.compression.request.enabled) did not find property 'spring.cloud.openfeign.compression.request.enabled' (OnPropertyCondition)
      Matched:
         - @ConditionalOnClass found required class 'feign.Feign' (OnClassCondition)

   FeignHalAutoConfiguration:
      Did not match:
         - @ConditionalOnClass did not find required class 'org.springframework.hateoas.config.WebConverters' (OnClassCondition)

   FlywayAutoConfiguration:
      Did not match:
         - @ConditionalOnClass did not find required class 'org.flywaydb.core.Flyway' (OnClassCondition)

   FreeMarkerAutoConfiguration:
      Did not match:
         - @ConditionalOnClass did not find required class 'freemarker.template.Configuration' (OnClassCondition)

   GraphQlAutoConfiguration:
      Did not match:
         - @ConditionalOnClass did not find required class 'graphql.GraphQL' (OnClassCondition)

   GraphQlQueryByExampleAutoConfiguration:
      Did not match:
         - @ConditionalOnClass did not find required class 'graphql.GraphQL' (OnClassCondition)

   GraphQlQuerydslAutoConfiguration:
      Did not match:
         - @ConditionalOnClass did not find required class 'com.querydsl.core.Query' (OnClassCondition)

   GraphQlRSocketAutoConfiguration:
      Did not match:
         - @ConditionalOnClass did not find required class 'graphql.GraphQL' (OnClassCondition)

   GraphQlReactiveQueryByExampleAutoConfiguration:
      Did not match:
         - @ConditionalOnClass did not find required class 'graphql.GraphQL' (OnClassCondition)

   GraphQlReactiveQuerydslAutoConfiguration:
      Did not match:
         - @ConditionalOnClass did not find required class 'com.querydsl.core.Query' (OnClassCondition)

   GraphQlWebFluxAutoConfiguration:
      Did not match:
         - @ConditionalOnClass did not find required class 'graphql.GraphQL' (OnClassCondition)

   GraphQlWebFluxSecurityAutoConfiguration:
      Did not match:
         - @ConditionalOnClass did not find required class 'graphql.GraphQL' (OnClassCondition)

   GraphQlWebMvcAutoConfiguration:
      Did not match:
         - @ConditionalOnClass did not find required class 'graphql.GraphQL' (OnClassCondition)

   GraphQlWebMvcSecurityAutoConfiguration:
      Did not match:
         - @ConditionalOnClass did not find required class 'graphql.GraphQL' (OnClassCondition)

   GroovyTemplateAutoConfiguration:
      Did not match:
         - @ConditionalOnClass did not find required class 'groovy.text.markup.MarkupTemplateEngine' (OnClassCondition)

   GsonHttpMessageConvertersConfiguration.GsonHttpMessageConverterConfiguration:
      Did not match:
         - AnyNestedCondition 0 matched 2 did not; NestedCondition on GsonHttpMessageConvertersConfiguration.PreferGsonOrJacksonAndJsonbUnavailableCondition.JacksonJsonbUnavailable NoneNestedConditions 1 matched 1 did not; NestedCondition on GsonHttpMessageConvertersConfiguration.JacksonAndJsonbUnavailableCondition.JsonbPreferred @ConditionalOnProperty (spring.mvc.converters.preferred-json-mapper=jsonb) did not find property 'spring.mvc.converters.preferred-json-mapper'; NestedCondition on GsonHttpMessageConvertersConfiguration.JacksonAndJsonbUnavailableCondition.JacksonAvailable @ConditionalOnBean (types: org.springframework.http.converter.json.MappingJackson2HttpMessageConverter; SearchStrategy: all) found bean 'mappingJackson2HttpMessageConverter'; NestedCondition on GsonHttpMessageConvertersConfiguration.PreferGsonOrJacksonAndJsonbUnavailableCondition.GsonPreferred @ConditionalOnProperty (spring.mvc.converters.preferred-json-mapper=gson) did not find property 'spring.mvc.converters.preferred-json-mapper' (GsonHttpMessageConvertersConfiguration.PreferGsonOrJacksonAndJsonbUnavailableCondition)

   H2ConsoleAutoConfiguration:
      Did not match:
         - @ConditionalOnClass did not find required class 'org.h2.server.web.JakartaWebServlet' (OnClassCondition)

   HazelcastAutoConfiguration:
      Did not match:
         - @ConditionalOnClass did not find required class 'com.hazelcast.core.HazelcastInstance' (OnClassCondition)

   HazelcastCacheConfiguration:
      Did not match:
         - @ConditionalOnClass did not find required class 'com.hazelcast.core.HazelcastInstance' (OnClassCondition)

   HazelcastJpaDependencyAutoConfiguration:
      Did not match:
         - @ConditionalOnClass did not find required class 'com.hazelcast.core.HazelcastInstance' (OnClassCondition)

   HazelcastSessionConfiguration:
      Did not match:
         - @ConditionalOnClass did not find required class 'org.springframework.session.hazelcast.HazelcastIndexedSessionRepository' (OnClassCondition)

   Http2ClientFeignLoadBalancerConfiguration:
      Did not match:
         - @ConditionalOnClass did not find required class 'feign.http2client.Http2Client' (OnClassCondition)

   HttpClient5FeignLoadBalancerConfiguration:
      Did not match:
         - @ConditionalOnClass did not find required class 'feign.hc5.ApacheHttp5Client' (OnClassCondition)

   HttpHandlerAutoConfiguration:
      Did not match:
         - @ConditionalOnClass did not find required class 'org.springframework.web.reactive.DispatcherHandler' (OnClassCondition)

   HypermediaAutoConfiguration:
      Did not match:
         - @ConditionalOnClass did not find required class 'org.springframework.hateoas.EntityModel' (OnClassCondition)

   InfinispanCacheConfiguration:
      Did not match:
         - @ConditionalOnClass did not find required class 'org.infinispan.spring.embedded.provider.SpringEmbeddedCacheManager' (OnClassCondition)

   InfluxDbAutoConfiguration:
      Did not match:
         - @ConditionalOnClass did not find required class 'org.influxdb.InfluxDB' (OnClassCondition)

   IntegrationAutoConfiguration:
      Did not match:
         - @ConditionalOnClass did not find required class 'org.springframework.integration.config.EnableIntegration' (OnClassCondition)

   JCacheCacheConfiguration:
      Did not match:
         - @ConditionalOnClass did not find required class 'javax.cache.Caching' (OnClassCondition)

   JacksonAutoConfiguration.JacksonObjectMapperConfiguration#jacksonObjectMapper:
      Did not match:
         - @ConditionalOnMissingBean (types: com.fasterxml.jackson.databind.ObjectMapper; SearchStrategy: all) found beans of type 'com.fasterxml.jackson.databind.ObjectMapper' getObjectMapper (OnBeanCondition)

   JacksonHttpMessageConvertersConfiguration.MappingJackson2XmlHttpMessageConverterConfiguration:
      Did not match:
         - @ConditionalOnClass did not find required class 'com.fasterxml.jackson.dataformat.xml.XmlMapper' (OnClassCondition)

   JdbcRepositoriesAutoConfiguration:
      Did not match:
         - @ConditionalOnClass did not find required class 'org.springframework.data.jdbc.repository.config.AbstractJdbcConfiguration' (OnClassCondition)

   JdbcSessionConfiguration:
      Did not match:
         - @ConditionalOnClass did not find required class 'org.springframework.session.jdbc.JdbcIndexedSessionRepository' (OnClassCondition)

   JerseyAutoConfiguration:
      Did not match:
         - @ConditionalOnClass did not find required class 'org.glassfish.jersey.server.spring.SpringComponentProvider' (OnClassCondition)

   JmsAutoConfiguration:
      Did not match:
         - @ConditionalOnClass did not find required class 'jakarta.jms.Message' (OnClassCondition)

   JmxAutoConfiguration:
      Did not match:
         - @ConditionalOnProperty (spring.jmx.enabled=true) found different value in property 'enabled' (OnPropertyCondition)
      Matched:
         - @ConditionalOnClass found required class 'org.springframework.jmx.export.MBeanExporter' (OnClassCondition)

   JndiConnectionFactoryAutoConfiguration:
      Did not match:
         - @ConditionalOnClass did not find required class 'org.springframework.jms.core.JmsTemplate' (OnClassCondition)

   JndiDataSourceAutoConfiguration:
      Did not match:
         - @ConditionalOnProperty (spring.datasource.jndi-name) did not find property 'jndi-name' (OnPropertyCondition)
      Matched:
         - @ConditionalOnClass found required classes 'javax.sql.DataSource', 'org.springframework.jdbc.datasource.embedded.EmbeddedDatabaseType' (OnClassCondition)

   JndiJtaConfiguration:
      Did not match:
         - @ConditionalOnJndi JNDI environment is not available (OnJndiCondition)
      Matched:
         - @ConditionalOnClass found required class 'org.springframework.transaction.jta.JtaTransactionManager' (OnClassCondition)

   JooqAutoConfiguration:
      Did not match:
         - @ConditionalOnClass did not find required class 'org.jooq.DSLContext' (OnClassCondition)

   JpaRepositoriesAutoConfiguration#entityManagerFactoryBootstrapExecutorCustomizer:
      Did not match:
         - AnyNestedCondition 0 matched 2 did not; NestedCondition on JpaRepositoriesAutoConfiguration.BootstrapExecutorCondition.LazyBootstrapMode @ConditionalOnProperty (spring.data.jpa.repositories.bootstrap-mode=lazy) did not find property 'bootstrap-mode'; NestedCondition on JpaRepositoriesAutoConfiguration.BootstrapExecutorCondition.DeferredBootstrapMode @ConditionalOnProperty (spring.data.jpa.repositories.bootstrap-mode=deferred) did not find property 'bootstrap-mode' (JpaRepositoriesAutoConfiguration.BootstrapExecutorCondition)

   JsonbAutoConfiguration:
      Did not match:
         - @ConditionalOnClass did not find required class 'jakarta.json.bind.Jsonb' (OnClassCondition)

   JsonbHttpMessageConvertersConfiguration:
      Did not match:
         - @ConditionalOnClass did not find required class 'jakarta.json.bind.Jsonb' (OnClassCondition)

   KafkaAutoConfiguration:
      Did not match:
         - @ConditionalOnClass did not find required class 'org.springframework.kafka.core.KafkaTemplate' (OnClassCondition)

   LdapAutoConfiguration:
      Did not match:
         - @ConditionalOnClass did not find required class 'org.springframework.ldap.core.ContextSource' (OnClassCondition)

   LdapRepositoriesAutoConfiguration:
      Did not match:
         - @ConditionalOnClass did not find required class 'org.springframework.data.ldap.repository.LdapRepository' (OnClassCondition)

   LiquibaseAutoConfiguration:
      Did not match:
         - @ConditionalOnClass did not find required class 'liquibase.change.DatabaseChange' (OnClassCondition)

   LoadBalancerAutoConfiguration.RetryAutoConfiguration:
      Did not match:
         - @ConditionalOnClass did not find required class 'org.springframework.retry.support.RetryTemplate' (OnClassCondition)

   LoadBalancerAutoConfiguration.RetryInterceptorAutoConfiguration:
      Did not match:
         - @ConditionalOnClass did not find required class 'org.springframework.retry.support.RetryTemplate' (OnClassCondition)

   LoadBalancerBeanPostProcessorAutoConfiguration:
      Did not match:
         - @ConditionalOnClass did not find required class 'org.springframework.web.reactive.function.client.WebClient' (OnClassCondition)

   LoadBalancerCacheAutoConfiguration.CaffeineLoadBalancerCacheManagerConfiguration:
      Did not match:
         - @ConditionalOnClass did not find required class 'com.github.benmanes.caffeine.cache.Caffeine' (OnClassCondition)

   LoadBalancerEurekaAutoConfiguration#zoneConfig:
      Did not match:
         - @ConditionalOnMissingBean (types: org.springframework.cloud.loadbalancer.config.LoadBalancerZoneConfig; SearchStrategy: all) found beans of type 'org.springframework.cloud.loadbalancer.config.LoadBalancerZoneConfig' zoneConfig (OnBeanCondition)

   LoadBalancerStatsAutoConfiguration:
      Did not match:
         - @ConditionalOnClass did not find required class 'io.micrometer.core.instrument.MeterRegistry' (OnClassCondition)

   MailSenderJndiConfiguration:
      Did not match:
         - @ConditionalOnProperty (spring.mail.jndi-name) did not find property 'jndi-name' (OnPropertyCondition)
      Matched:
         - @ConditionalOnClass found required class 'jakarta.mail.Session' (OnClassCondition)

   MailSenderValidatorAutoConfiguration:
      Did not match:
         - @ConditionalOnProperty (spring.mail.test-connection) did not find property 'test-connection' (OnPropertyCondition)

   MessageSourceAutoConfiguration:
      Did not match:
         - ResourceBundle did not find bundle with basename messages (MessageSourceAutoConfiguration.ResourceBundleCondition)

   MongoAutoConfiguration:
      Did not match:
         - @ConditionalOnClass did not find required class 'com.mongodb.client.MongoClient' (OnClassCondition)

   MongoDataAutoConfiguration:
      Did not match:
         - @ConditionalOnClass did not find required class 'com.mongodb.client.MongoClient' (OnClassCondition)

   MongoReactiveAutoConfiguration:
      Did not match:
         - @ConditionalOnClass did not find required class 'com.mongodb.reactivestreams.client.MongoClient' (OnClassCondition)

   MongoReactiveDataAutoConfiguration:
      Did not match:
         - @ConditionalOnClass did not find required class 'com.mongodb.reactivestreams.client.MongoClient' (OnClassCondition)

   MongoReactiveRepositoriesAutoConfiguration:
      Did not match:
         - @ConditionalOnClass did not find required class 'com.mongodb.reactivestreams.client.MongoClient' (OnClassCondition)

   MongoRepositoriesAutoConfiguration:
      Did not match:
         - @ConditionalOnClass did not find required class 'com.mongodb.client.MongoClient' (OnClassCondition)

   MongoSessionConfiguration:
      Did not match:
         - @ConditionalOnClass did not find required classes 'org.springframework.data.mongodb.core.MongoOperations', 'org.springframework.session.data.mongo.MongoIndexedSessionRepository' (OnClassCondition)

   MustacheAutoConfiguration:
      Did not match:
         - @ConditionalOnClass did not find required class 'com.samskivert.mustache.Mustache' (OnClassCondition)

   Neo4jAutoConfiguration:
      Did not match:
         - @ConditionalOnClass did not find required class 'org.neo4j.driver.Driver' (OnClassCondition)

   Neo4jDataAutoConfiguration:
      Did not match:
         - @ConditionalOnClass did not find required class 'org.neo4j.driver.Driver' (OnClassCondition)

   Neo4jReactiveDataAutoConfiguration:
      Did not match:
         - @ConditionalOnClass did not find required class 'org.neo4j.driver.Driver' (OnClassCondition)

   Neo4jReactiveRepositoriesAutoConfiguration:
      Did not match:
         - @ConditionalOnClass did not find required class 'org.neo4j.driver.Driver' (OnClassCondition)

   Neo4jRepositoriesAutoConfiguration:
      Did not match:
         - @ConditionalOnClass did not find required class 'org.neo4j.driver.Driver' (OnClassCondition)

   NettyAutoConfiguration:
      Did not match:
         - @ConditionalOnClass did not find required class 'io.netty.util.NettyRuntime' (OnClassCondition)

   OAuth2AuthorizationServerAutoConfiguration:
      Did not match:
         - @ConditionalOnClass did not find required class 'org.springframework.security.oauth2.server.authorization.OAuth2Authorization' (OnClassCondition)

   OAuth2AuthorizationServerJwtAutoConfiguration:
      Did not match:
         - @ConditionalOnClass did not find required class 'org.springframework.security.oauth2.server.authorization.OAuth2Authorization' (OnClassCondition)

   OAuth2ClientAutoConfiguration:
      Did not match:
         - @ConditionalOnClass did not find required class 'org.springframework.security.oauth2.client.registration.ClientRegistration' (OnClassCondition)

   OAuth2LoadBalancerClientAutoConfiguration:
      Did not match:
         - @ConditionalOnProperty (spring.cloud.oauth2.load-balanced.enabled) did not find property 'spring.cloud.oauth2.load-balanced.enabled' (OnPropertyCondition)

   OAuth2ResourceServerAutoConfiguration:
      Did not match:
         - @ConditionalOnClass did not find required class 'org.springframework.security.oauth2.server.resource.authentication.BearerTokenAuthenticationToken' (OnClassCondition)

   OkHttpFeignLoadBalancerConfiguration:
      Did not match:
         - @ConditionalOnClass did not find required class 'feign.okhttp.OkHttpClient' (OnClassCondition)

   ProjectInfoAutoConfiguration#buildProperties:
      Did not match:
         - @ConditionalOnResource did not find resource '${spring.info.build.location:classpath:META-INF/build-info.properties}' (OnResourceCondition)

   ProjectInfoAutoConfiguration#gitProperties:
      Did not match:
         - GitResource did not find git info at classpath:git.properties (ProjectInfoAutoConfiguration.GitResourceAvailableCondition)

   PulsarAutoConfiguration:
      Did not match:
         - @ConditionalOnClass did not find required class 'org.apache.pulsar.client.api.PulsarClient' (OnClassCondition)

   PulsarReactiveAutoConfiguration:
      Did not match:
         - @ConditionalOnClass did not find required class 'org.apache.pulsar.client.api.PulsarClient' (OnClassCondition)

   QuartzAutoConfiguration:
      Did not match:
         - @ConditionalOnClass did not find required class 'org.quartz.Scheduler' (OnClassCondition)

   R2dbcAutoConfiguration:
      Did not match:
         - @ConditionalOnClass did not find required class 'io.r2dbc.spi.ConnectionFactory' (OnClassCondition)

   R2dbcDataAutoConfiguration:
      Did not match:
         - @ConditionalOnClass did not find required class 'org.springframework.data.r2dbc.core.R2dbcEntityTemplate' (OnClassCondition)

   R2dbcInitializationConfiguration:
      Did not match:
         - @ConditionalOnClass did not find required classes 'io.r2dbc.spi.ConnectionFactory', 'org.springframework.r2dbc.connection.init.DatabasePopulator' (OnClassCondition)

   R2dbcRepositoriesAutoConfiguration:
      Did not match:
         - @ConditionalOnClass did not find required class 'io.r2dbc.spi.ConnectionFactory' (OnClassCondition)

   R2dbcTransactionManagerAutoConfiguration:
      Did not match:
         - @ConditionalOnClass did not find required class 'org.springframework.r2dbc.connection.R2dbcTransactionManager' (OnClassCondition)

   RSocketGraphQlClientAutoConfiguration:
      Did not match:
         - @ConditionalOnClass did not find required class 'graphql.GraphQL' (OnClassCondition)

   RSocketMessagingAutoConfiguration:
      Did not match:
         - @ConditionalOnClass did not find required class 'io.rsocket.RSocket' (OnClassCondition)

   RSocketRequesterAutoConfiguration:
      Did not match:
         - @ConditionalOnClass did not find required class 'io.rsocket.RSocket' (OnClassCondition)

   RSocketSecurityAutoConfiguration:
      Did not match:
         - @ConditionalOnClass did not find required class 'org.springframework.security.rsocket.core.SecuritySocketAcceptorInterceptor' (OnClassCondition)

   RSocketServerAutoConfiguration:
      Did not match:
         - @ConditionalOnClass did not find required class 'io.rsocket.core.RSocketServer' (OnClassCondition)

   RSocketStrategiesAutoConfiguration:
      Did not match:
         - @ConditionalOnClass did not find required class 'io.netty.buffer.PooledByteBufAllocator' (OnClassCondition)

   RabbitAutoConfiguration:
      Did not match:
         - @ConditionalOnClass did not find required class 'com.rabbitmq.client.Channel' (OnClassCondition)

   ReactiveCommonsClientAutoConfiguration.ReactiveDiscoveryLoadBalancerConfiguration:
      Did not match:
         - @ConditionalOnClass did not find required classes 'org.springframework.boot.actuate.health.ReactiveHealthIndicator', 'org.springframework.web.reactive.function.client.WebClient' (OnClassCondition)

   ReactiveCompositeDiscoveryClientAutoConfiguration:
      Did not match:
         - @ConditionalOnClass did not find required class 'org.springframework.web.reactive.function.client.WebClient' (OnClassCondition)

   ReactiveElasticsearchClientAutoConfiguration:
      Did not match:
         - @ConditionalOnClass did not find required class 'co.elastic.clients.transport.ElasticsearchTransport' (OnClassCondition)

   ReactiveElasticsearchRepositoriesAutoConfiguration:
      Did not match:
         - @ConditionalOnClass did not find required class 'org.springframework.data.elasticsearch.client.elc.ReactiveElasticsearchClient' (OnClassCondition)

   ReactiveMultipartAutoConfiguration:
      Did not match:
         - @ConditionalOnClass did not find required class 'org.springframework.web.reactive.config.WebFluxConfigurer' (OnClassCondition)

   ReactiveOAuth2ClientAutoConfiguration:
      Did not match:
         - @ConditionalOnClass did not find required class 'org.springframework.security.oauth2.client.registration.ClientRegistration' (OnClassCondition)

   ReactiveOAuth2ResourceServerAutoConfiguration:
      Did not match:
         - @ConditionalOnWebApplication did not find reactive web application classes (OnWebApplicationCondition)

   ReactiveSecurityAutoConfiguration:
      Did not match:
         - @ConditionalOnClass did not find required class 'org.springframework.web.reactive.config.WebFluxConfigurer' (OnClassCondition)

   ReactiveUserDetailsServiceAutoConfiguration:
      Did not match:
         - AnyNestedCondition 0 matched 2 did not; NestedCondition on ReactiveUserDetailsServiceAutoConfiguration.RSocketEnabledOrReactiveWebApplication.ReactiveWebApplicationCondition did not find reactive web application classes; NestedCondition on ReactiveUserDetailsServiceAutoConfiguration.RSocketEnabledOrReactiveWebApplication.RSocketSecurityEnabledCondition @ConditionalOnBean (types: org.springframework.messaging.rsocket.annotation.support.RSocketMessageHandler; SearchStrategy: all) did not find any beans of type org.springframework.messaging.rsocket.annotation.support.RSocketMessageHandler (ReactiveUserDetailsServiceAutoConfiguration.RSocketEnabledOrReactiveWebApplication)
      Matched:
         - @ConditionalOnClass found required class 'org.springframework.security.authentication.ReactiveAuthenticationManager' (OnClassCondition)
         - AnyNestedCondition 1 matched 2 did not; NestedCondition on ReactiveUserDetailsServiceAutoConfiguration.MissingAlternativeOrUserPropertiesConfigured.PasswordConfigured @ConditionalOnProperty (spring.security.user.password) did not find property 'password'; NestedCondition on ReactiveUserDetailsServiceAutoConfiguration.MissingAlternativeOrUserPropertiesConfigured.NameConfigured @ConditionalOnProperty (spring.security.user.name) did not find property 'name'; NestedCondition on ReactiveUserDetailsServiceAutoConfiguration.MissingAlternativeOrUserPropertiesConfigured.MissingAlternative @ConditionalOnMissingClass did not find unwanted classes 'org.springframework.security.oauth2.client.registration.ClientRegistrationRepository', 'org.springframework.security.oauth2.server.resource.introspection.ReactiveOpaqueTokenIntrospector' (ReactiveUserDetailsServiceAutoConfiguration.MissingAlternativeOrUserPropertiesConfigured)

   ReactiveWebServerFactoryAutoConfiguration:
      Did not match:
         - @ConditionalOnWebApplication did not find reactive web application classes (OnWebApplicationCondition)

   ReactorLoadBalancerClientAutoConfiguration:
      Did not match:
         - @ConditionalOnClass did not find required class 'org.springframework.web.reactive.function.client.WebClient' (OnClassCondition)

   RedisAutoConfiguration:
      Did not match:
         - @ConditionalOnClass did not find required class 'org.springframework.data.redis.core.RedisOperations' (OnClassCondition)

   RedisCacheConfiguration:
      Did not match:
         - @ConditionalOnClass did not find required class 'org.springframework.data.redis.connection.RedisConnectionFactory' (OnClassCondition)

   RedisReactiveAutoConfiguration:
      Did not match:
         - @ConditionalOnClass did not find required class 'org.springframework.data.redis.connection.ReactiveRedisConnectionFactory' (OnClassCondition)

   RedisRepositoriesAutoConfiguration:
      Did not match:
         - @ConditionalOnClass did not find required class 'org.springframework.data.redis.repository.configuration.EnableRedisRepositories' (OnClassCondition)

   RedisSessionConfiguration:
      Did not match:
         - @ConditionalOnClass did not find required classes 'org.springframework.data.redis.core.RedisTemplate', 'org.springframework.session.data.redis.RedisIndexedSessionRepository' (OnClassCondition)

   RefreshAutoConfiguration#legacyContextRefresher:
      Did not match:
         - AnyNestedCondition 0 matched 3 did not; NestedCondition on ConditionalOnBootstrapEnabled.OnBootstrapEnabledCondition.OnBootstrapEnabled @ConditionalOnProperty (spring.cloud.bootstrap.enabled) did not find property 'spring.cloud.bootstrap.enabled'; NestedCondition on ConditionalOnBootstrapEnabled.OnBootstrapEnabledCondition.OnUseLegacyProcessingEnabled @ConditionalOnProperty (spring.config.use-legacy-processing) did not find property 'spring.config.use-legacy-processing'; NestedCondition on ConditionalOnBootstrapEnabled.OnBootstrapEnabledCondition.OnBootstrapMarkerClassPresent @ConditionalOnClass did not find required class 'org.springframework.cloud.bootstrap.marker.Marker' (ConditionalOnBootstrapEnabled.OnBootstrapEnabledCondition)

   RefreshAutoConfiguration.JpaInvokerConfiguration:
      Did not match:
         - @ConditionalOnClass did not find required class 'javax.persistence.EntityManagerFactory' (OnClassCondition)

   RefreshEndpointAutoConfiguration:
      Did not match:
         - @ConditionalOnClass did not find required class 'org.springframework.boot.actuate.autoconfigure.endpoint.EndpointAutoConfiguration' (OnClassCondition)

   RepositoryRestMvcAutoConfiguration:
      Did not match:
         - @ConditionalOnClass did not find required class 'org.springframework.data.rest.webmvc.config.RepositoryRestMvcConfiguration' (OnClassCondition)

   Saml2RelyingPartyAutoConfiguration:
      Did not match:
         - @ConditionalOnClass did not find required class 'org.springframework.security.saml2.provider.service.registration.RelyingPartyRegistrationRepository' (OnClassCondition)

   SecurityDataConfiguration:
      Did not match:
         - @ConditionalOnClass did not find required class 'org.springframework.security.data.repository.query.SecurityEvaluationContextExtension' (OnClassCondition)

   SendGridAutoConfiguration:
      Did not match:
         - @ConditionalOnClass did not find required class 'com.sendgrid.SendGrid' (OnClassCondition)

   ServiceRegistryAutoConfiguration.ServiceRegistryEndpointConfiguration:
      Did not match:
         - @ConditionalOnClass did not find required class 'org.springframework.boot.actuate.endpoint.annotation.Endpoint' (OnClassCondition)

   ServletWebServerFactoryAutoConfiguration.ForwardedHeaderFilterConfiguration:
      Did not match:
         - @ConditionalOnProperty (server.forward-headers-strategy=framework) did not find property 'server.forward-headers-strategy' (OnPropertyCondition)

   ServletWebServerFactoryConfiguration.EmbeddedJetty:
      Did not match:
         - @ConditionalOnClass did not find required classes 'org.eclipse.jetty.server.Server', 'org.eclipse.jetty.util.Loader', 'org.eclipse.jetty.ee10.webapp.WebAppContext' (OnClassCondition)

   ServletWebServerFactoryConfiguration.EmbeddedUndertow:
      Did not match:
         - @ConditionalOnClass did not find required classes 'io.undertow.Undertow', 'org.xnio.SslClientAuthMode' (OnClassCondition)

   SessionAutoConfiguration.ReactiveSessionConfiguration:
      Did not match:
         - did not find reactive web application classes (OnWebApplicationCondition)

   SessionRepositoryFilterConfiguration:
      Did not match:
         - @ConditionalOnBean (types: org.springframework.session.web.http.SessionRepositoryFilter; SearchStrategy: all) did not find any beans of type org.springframework.session.web.http.SessionRepositoryFilter (OnBeanCondition)

   SimpleReactiveDiscoveryClientAutoConfiguration:
      Did not match:
         - @ConditionalOnClass did not find required class 'org.springframework.web.reactive.function.client.WebClient' (OnClassCondition)

   SpringApplicationAdminJmxAutoConfiguration:
      Did not match:
         - @ConditionalOnProperty (spring.application.admin.enabled=true) did not find property 'enabled' (OnPropertyCondition)

   SpringBootWebSecurityConfiguration.SecurityFilterChainConfiguration:
      Did not match:
         - AllNestedConditions 1 matched 1 did not; NestedCondition on DefaultWebSecurityCondition.Beans @ConditionalOnMissingBean (types: org.springframework.security.web.SecurityFilterChain; SearchStrategy: all) found beans of type 'org.springframework.security.web.SecurityFilterChain' applicationSecurity; NestedCondition on DefaultWebSecurityCondition.Classes @ConditionalOnClass found required classes 'org.springframework.security.web.SecurityFilterChain', 'org.springframework.security.config.annotation.web.builders.HttpSecurity' (DefaultWebSecurityCondition)

   SpringBootWebSecurityConfiguration.WebSecurityEnablerConfiguration:
      Did not match:
         - @ConditionalOnMissingBean (names: springSecurityFilterChain; SearchStrategy: all) found beans named springSecurityFilterChain (OnBeanCondition)
      Matched:
         - @ConditionalOnClass found required class 'org.springframework.security.config.annotation.web.configuration.EnableWebSecurity' (OnClassCondition)

   TaskExecutorConfigurations.SimpleAsyncTaskExecutorBuilderConfiguration#simpleAsyncTaskExecutorBuilderVirtualThreads:
      Did not match:
         - @ConditionalOnMissingBean (types: org.springframework.boot.task.SimpleAsyncTaskExecutorBuilder; SearchStrategy: all) found beans of type 'org.springframework.boot.task.SimpleAsyncTaskExecutorBuilder' simpleAsyncTaskExecutorBuilder (OnBeanCondition)

   TaskExecutorConfigurations.TaskExecutorConfiguration:
      Did not match:
         - @ConditionalOnMissingBean (types: java.util.concurrent.Executor; SearchStrategy: all) found beans of type 'java.util.concurrent.Executor' clientInboundChannelExecutor, clientOutboundChannelExecutor, brokerChannelExecutor (OnBeanCondition)

   TaskSchedulingAutoConfiguration#scheduledBeanLazyInitializationExcludeFilter:
      Did not match:
         - @ConditionalOnBean (names: org.springframework.context.annotation.internalScheduledAnnotationProcessor; SearchStrategy: all) did not find any beans named org.springframework.context.annotation.internalScheduledAnnotationProcessor (OnBeanCondition)

   TaskSchedulingConfigurations.SimpleAsyncTaskSchedulerBuilderConfiguration#simpleAsyncTaskSchedulerBuilderVirtualThreads:
      Did not match:
         - @ConditionalOnMissingBean (types: org.springframework.boot.task.SimpleAsyncTaskSchedulerBuilder; SearchStrategy: all) found beans of type 'org.springframework.boot.task.SimpleAsyncTaskSchedulerBuilder' simpleAsyncTaskSchedulerBuilder (OnBeanCondition)

   TaskSchedulingConfigurations.TaskSchedulerConfiguration:
      Did not match:
         - @ConditionalOnBean (names: org.springframework.context.annotation.internalScheduledAnnotationProcessor; SearchStrategy: all) did not find any beans named org.springframework.context.annotation.internalScheduledAnnotationProcessor (OnBeanCondition)

   ThymeleafAutoConfiguration:
      Did not match:
         - @ConditionalOnClass did not find required class 'org.thymeleaf.spring6.SpringTemplateEngine' (OnClassCondition)

   TransactionAutoConfiguration#transactionalOperator:
      Did not match:
         - @ConditionalOnSingleCandidate (types: org.springframework.transaction.ReactiveTransactionManager; SearchStrategy: all) did not find any beans (OnBeanCondition)

   TransactionAutoConfiguration.AspectJTransactionManagementConfiguration:
      Did not match:
         - @ConditionalOnBean (types: org.springframework.transaction.aspectj.AbstractTransactionAspect; SearchStrategy: all) did not find any beans of type org.springframework.transaction.aspectj.AbstractTransactionAspect (OnBeanCondition)

   TransactionAutoConfiguration.EnableTransactionManagementConfiguration.JdkDynamicAutoProxyConfiguration:
      Did not match:
         - @ConditionalOnProperty (spring.aop.proxy-target-class=false) did not find property 'proxy-target-class' (OnPropertyCondition)

   UserDetailsServiceAutoConfiguration:
      Did not match:
         - @ConditionalOnMissingBean (types: org.springframework.security.authentication.AuthenticationManager,org.springframework.security.authentication.AuthenticationProvider,org.springframework.security.core.userdetails.UserDetailsService,org.springframework.security.authentication.AuthenticationManagerResolver,org.springframework.security.oauth2.jwt.JwtDecoder; SearchStrategy: all) found beans of type 'org.springframework.security.authentication.AuthenticationManager' authenticationManager and found beans of type 'org.springframework.security.core.userdetails.UserDetailsService' customUserDetailService (OnBeanCondition)
      Matched:
         - @ConditionalOnClass found required class 'org.springframework.security.authentication.AuthenticationManager' (OnClassCondition)
         - AnyNestedCondition 1 matched 2 did not; NestedCondition on UserDetailsServiceAutoConfiguration.MissingAlternativeOrUserPropertiesConfigured.PasswordConfigured @ConditionalOnProperty (spring.security.user.password) did not find property 'password'; NestedCondition on UserDetailsServiceAutoConfiguration.MissingAlternativeOrUserPropertiesConfigured.NameConfigured @ConditionalOnProperty (spring.security.user.name) did not find property 'name'; NestedCondition on UserDetailsServiceAutoConfiguration.MissingAlternativeOrUserPropertiesConfigured.MissingAlternative @ConditionalOnMissingClass did not find unwanted classes 'org.springframework.security.oauth2.client.registration.ClientRegistrationRepository', 'org.springframework.security.oauth2.server.resource.introspection.OpaqueTokenIntrospector', 'org.springframework.security.saml2.provider.service.registration.RelyingPartyRegistrationRepository' (UserDetailsServiceAutoConfiguration.MissingAlternativeOrUserPropertiesConfigured)

   WebClientAutoConfiguration:
      Did not match:
         - @ConditionalOnClass did not find required class 'org.springframework.web.reactive.function.client.WebClient' (OnClassCondition)

   WebFluxAutoConfiguration:
      Did not match:
         - @ConditionalOnClass did not find required class 'org.springframework.web.reactive.config.WebFluxConfigurer' (OnClassCondition)

   WebMvcAutoConfiguration#hiddenHttpMethodFilter:
      Did not match:
         - @ConditionalOnProperty (spring.mvc.hiddenmethod.filter.enabled) did not find property 'enabled' (OnPropertyCondition)

   WebMvcAutoConfiguration.ProblemDetailsErrorHandlingConfiguration:
      Did not match:
         - @ConditionalOnProperty (spring.mvc.problemdetails.enabled=true) did not find property 'enabled' (OnPropertyCondition)

   WebMvcAutoConfiguration.ResourceChainCustomizerConfiguration:
      Did not match:
         - @ConditionalOnEnabledResourceChain did not find class org.webjars.WebJarAssetLocator (OnEnabledResourceChainCondition)

   WebMvcAutoConfiguration.WebMvcAutoConfigurationAdapter#beanNameViewResolver:
      Did not match:
         - @ConditionalOnMissingBean (types: org.springframework.web.servlet.view.BeanNameViewResolver; SearchStrategy: all) found beans of type 'org.springframework.web.servlet.view.BeanNameViewResolver' beanNameViewResolver (OnBeanCondition)

   WebServiceTemplateAutoConfiguration:
      Did not match:
         - @ConditionalOnClass did not find required class 'org.springframework.oxm.Marshaller' (OnClassCondition)

   WebServicesAutoConfiguration:
      Did not match:
         - @ConditionalOnClass did not find required class 'org.springframework.ws.transport.http.MessageDispatcherServlet' (OnClassCondition)

   WebSessionIdResolverAutoConfiguration:
      Did not match:
         - @ConditionalOnWebApplication did not find reactive web application classes (OnWebApplicationCondition)

   WebSocketReactiveAutoConfiguration:
      Did not match:
         - @ConditionalOnWebApplication did not find reactive web application classes (OnWebApplicationCondition)

   WebSocketServletAutoConfiguration.JettyWebSocketConfiguration:
      Did not match:
         - @ConditionalOnClass did not find required class 'org.eclipse.jetty.ee10.websocket.jakarta.server.config.JakartaWebSocketServletContainerInitializer' (OnClassCondition)

   WebSocketServletAutoConfiguration.UndertowWebSocketConfiguration:
      Did not match:
         - @ConditionalOnClass did not find required class 'io.undertow.websockets.jsr.Bootstrap' (OnClassCondition)

   WritableEnvironmentEndpointAutoConfiguration:
      Did not match:
         - @ConditionalOnClass did not find required class 'org.springframework.boot.actuate.autoconfigure.env.EnvironmentEndpointProperties' (OnClassCondition)

   XADataSourceAutoConfiguration:
      Did not match:
         - @ConditionalOnBean (types: org.springframework.boot.jdbc.XADataSourceWrapper; SearchStrategy: all) did not find any beans of type org.springframework.boot.jdbc.XADataSourceWrapper (OnBeanCondition)
      Matched:
         - @ConditionalOnClass found required classes 'javax.sql.DataSource', 'jakarta.transaction.TransactionManager', 'org.springframework.jdbc.datasource.embedded.EmbeddedDatabaseType' (OnClassCondition)


Exclusions:
-----------

    None


Unconditional classes:
----------------------

    org.springframework.boot.autoconfigure.context.ConfigurationPropertiesAutoConfiguration

    org.springframework.cloud.client.ReactiveCommonsClientAutoConfiguration

    org.springframework.boot.autoconfigure.ssl.SslAutoConfiguration

    org.springframework.boot.autoconfigure.context.PropertyPlaceholderAutoConfiguration

    org.springframework.cloud.client.discovery.simple.SimpleDiscoveryClientAutoConfiguration

    org.springframework.boot.autoconfigure.context.LifecycleAutoConfiguration

    org.springframework.cloud.client.CommonsClientAutoConfiguration

    org.springframework.cloud.commons.config.CommonsConfigAutoConfiguration

    org.springframework.cloud.netflix.eureka.config.DiscoveryClientOptionalArgsConfiguration

    org.springframework.cloud.client.loadbalancer.LoadBalancerDefaultMappingsProviderAutoConfiguration

    org.springframework.cloud.client.discovery.composite.CompositeDiscoveryClientAutoConfiguration

    org.springframework.cloud.client.serviceregistry.ServiceRegistryAutoConfiguration

    org.springframework.cloud.autoconfigure.LifecycleMvcEndpointAutoConfiguration

    org.springframework.boot.autoconfigure.availability.ApplicationAvailabilityAutoConfiguration

    org.springframework.boot.autoconfigure.info.ProjectInfoAutoConfiguration



2024-08-14T15:46:49.922+01:00  INFO 12624 --- [Auth-ClientSide-service] [           main] c.w.AuthentificationApplicationTests     : Started AuthentificationApplicationTests in 32.561 seconds (process running for 34.172)
2024-08-14T15:46:49.924+01:00 DEBUG 12624 --- [Auth-ClientSide-service] [           main] o.s.b.a.ApplicationAvailabilityBean      : Application availability state LivenessState changed to CORRECT
2024-08-14T15:46:49.930+01:00 DEBUG 12624 --- [Auth-ClientSide-service] [           main] o.s.b.a.ApplicationAvailabilityBean      : Application availability state ReadinessState changed to ACCEPTING_TRAFFIC
2024-08-14T15:46:49.934+01:00 DEBUG 12624 --- [Auth-ClientSide-service] [           main] org.springframework.test.context.cache   : Spring test ApplicationContext cache statistics: [DefaultContextCache@202001a4 size = 1, maxSize = 32, parentContextCount = 0, hitCount = 0, missCount = 1, failureCount = 0]
2024-08-14T15:46:49.935+01:00 DEBUG 12624 --- [Auth-ClientSide-service] [           main] o.s.t.c.w.ServletTestExecutionListener   : Setting up MockHttpServletRequest, MockHttpServletResponse, ServletWebRequest, and RequestContextHolder for test class com.wholesaled.AuthentificationApplicationTests
2024-08-14T15:46:49.939+01:00 DEBUG 12624 --- [Auth-ClientSide-service] [nfoReplicator-0] o.s.web.client.RestTemplate              : Writing [InstanceInfo [instanceId = DESKTOP-NMBILJD:Auth-ClientSide-service:9000, appName = AUTH-CLIENTSIDE-SERVICE, hostName = DESKTOP-NMBILJD, status = UP, ipAddr = 172.28.128.1, port = 9000, securePort = 443, dataCenterInfo = com.netflix.appinfo.MyDataCenterInfo@2182cd7c] as "application/json"
2024-08-14T15:46:49.951+01:00 DEBUG 12624 --- [Auth-ClientSide-service] [           main] DependencyInjectionTestExecutionListener : Performing dependency injection for test class com.wholesaled.AuthentificationApplicationTests
2024-08-14T15:46:49.951+01:00 DEBUG 12624 --- [Auth-ClientSide-service] [           main] org.springframework.test.context.cache   : Spring test ApplicationContext cache statistics: [DefaultContextCache@202001a4 size = 1, maxSize = 32, parentContextCount = 0, hitCount = 1, missCount = 1, failureCount = 0]
2024-08-14T15:46:49.952+01:00 DEBUG 12624 --- [Auth-ClientSide-service] [           main] org.springframework.test.context.cache   : Spring test ApplicationContext cache statistics: [DefaultContextCache@202001a4 size = 1, maxSize = 32, parentContextCount = 0, hitCount = 2, missCount = 1, failureCount = 0]
2024-08-14T15:46:49.960+01:00 DEBUG 12624 --- [Auth-ClientSide-service] [           main] sContextBeforeModesTestExecutionListener : Before test method: class [AuthentificationApplicationTests], method [contextLoads], class annotated with @DirtiesContext [false] with mode [null], method annotated with @DirtiesContext [false] with mode [null]
2024-08-14T15:46:49.963+01:00 DEBUG 12624 --- [Auth-ClientSide-service] [           main] org.springframework.test.context.cache   : Spring test ApplicationContext cache statistics: [DefaultContextCache@202001a4 size = 1, maxSize = 32, parentContextCount = 0, hitCount = 3, missCount = 1, failureCount = 0]
2024-08-14T15:46:49.974+01:00 DEBUG 12624 --- [Auth-ClientSide-service] [           main] org.springframework.test.context.cache   : Spring test ApplicationContext cache statistics: [DefaultContextCache@202001a4 size = 1, maxSize = 32, parentContextCount = 0, hitCount = 4, missCount = 1, failureCount = 0]
2024-08-14T15:46:50.295+01:00 DEBUG 12624 --- [Auth-ClientSide-service] [nfoReplicator-0] o.s.web.client.RestTemplate              : Response 204 NO_CONTENT
2024-08-14T15:46:50.295+01:00  INFO 12624 --- [Auth-ClientSide-service] [nfoReplicator-0] com.netflix.discovery.DiscoveryClient    : DiscoveryClient_AUTH-CLIENTSIDE-SERVICE/DESKTOP-NMBILJD:Auth-ClientSide-service:9000 - registration status: 204
2024-08-14T15:46:50.499+01:00 DEBUG 12624 --- [Auth-ClientSide-service] [           main] org.springframework.test.context.cache   : Spring test ApplicationContext cache statistics: [DefaultContextCache@202001a4 size = 1, maxSize = 32, parentContextCount = 0, hitCount = 5, missCount = 1, failureCount = 0]
2024-08-14T15:46:50.505+01:00 DEBUG 12624 --- [Auth-ClientSide-service] [           main] org.springframework.test.context.cache   : Spring test ApplicationContext cache statistics: [DefaultContextCache@202001a4 size = 1, maxSize = 32, parentContextCount = 0, hitCount = 6, missCount = 1, failureCount = 0]
2024-08-14T15:46:50.507+01:00 DEBUG 12624 --- [Auth-ClientSide-service] [           main] org.springframework.test.context.cache   : Spring test ApplicationContext cache statistics: [DefaultContextCache@202001a4 size = 1, maxSize = 32, parentContextCount = 0, hitCount = 7, missCount = 1, failureCount = 0]
2024-08-14T15:46:50.507+01:00 DEBUG 12624 --- [Auth-ClientSide-service] [           main] org.springframework.test.context.cache   : Spring test ApplicationContext cache statistics: [DefaultContextCache@202001a4 size = 1, maxSize = 32, parentContextCount = 0, hitCount = 8, missCount = 1, failureCount = 0]
2024-08-14T15:46:50.508+01:00 DEBUG 12624 --- [Auth-ClientSide-service] [           main] org.springframework.test.context.cache   : Spring test ApplicationContext cache statistics: [DefaultContextCache@202001a4 size = 1, maxSize = 32, parentContextCount = 0, hitCount = 9, missCount = 1, failureCount = 0]
2024-08-14T15:46:50.509+01:00 DEBUG 12624 --- [Auth-ClientSide-service] [           main] org.springframework.test.context.cache   : Spring test ApplicationContext cache statistics: [DefaultContextCache@202001a4 size = 1, maxSize = 32, parentContextCount = 0, hitCount = 10, missCount = 1, failureCount = 0]
2024-08-14T15:46:50.512+01:00 DEBUG 12624 --- [Auth-ClientSide-service] [           main] org.springframework.test.context.cache   : Spring test ApplicationContext cache statistics: [DefaultContextCache@202001a4 size = 1, maxSize = 32, parentContextCount = 0, hitCount = 11, missCount = 1, failureCount = 0]
2024-08-14T15:46:50.513+01:00 DEBUG 12624 --- [Auth-ClientSide-service] [           main] org.springframework.test.context.cache   : Spring test ApplicationContext cache statistics: [DefaultContextCache@202001a4 size = 1, maxSize = 32, parentContextCount = 0, hitCount = 12, missCount = 1, failureCount = 0]
2024-08-14T15:46:50.514+01:00 DEBUG 12624 --- [Auth-ClientSide-service] [           main] .c.s.DirtiesContextTestExecutionListener : After test method: class [AuthentificationApplicationTests], method [contextLoads], class annotated with @DirtiesContext [false] with mode [null], method annotated with @DirtiesContext [false] with mode [null]
2024-08-14T15:46:50.514+01:00 DEBUG 12624 --- [Auth-ClientSide-service] [           main] o.s.t.c.w.ServletTestExecutionListener   : Resetting RequestContextHolder for test class com.wholesaled.AuthentificationApplicationTests
]]></system-out>
    <system-err><![CDATA[WARNING: A Java agent has been loaded dynamically (C:\Users\HP\.m2\repository\net\bytebuddy\byte-buddy-agent\1.14.18\byte-buddy-agent-1.14.18.jar)
WARNING: If a serviceability tool is in use, please run with -XX:+EnableDynamicAgentLoading to hide this warning
WARNING: If a serviceability tool is not in use, please run with -Djdk.instrument.traceUsage for more information
WARNING: Dynamic loading of agents will be disallowed by default in a future release
]]></system-err>
  </testcase>
</testsuite>